2026-02-28 07:56:00,878 [INFO] __main__: ****************************************************************
2026-02-28 07:56:00,879 [INFO] __main__: *               Démarrage de Task Coach                          *
2026-02-28 07:56:00,879 [INFO] __main__: ****************************************************************
2026-02-28 07:56:00,879 [INFO] __main__: Environnement non frozen détecté (mode développement)
2026-02-28 07:56:00,879 [INFO] __main__: Lancement du programme Task Coach via taskcoach.py et les arguments d'ArgumentParser.
2026-02-28 07:56:01,005 [INFO] taskcoachlib.application: application avec wx
2026-02-28 07:56:01,237 [DEBUG] taskcoachlib.filesystem: filesystem : _system=Linux
2026-02-28 07:56:01,696 [INFO] __main__: Arguments analysés : options={'profile': False, 'skipstart': False, 'inifile': None, 'language': None, 'pofile': None, 'gui_name': 'wx'}, args=[]
2026-02-28 07:56:01,696 [DEBUG] taskcoachlib.config.settings: --- Settings.__init__ entrée ---
2026-02-28 07:56:01,696 [DEBUG] taskcoachlib.config.settings:   load: True
2026-02-28 07:56:01,696 [DEBUG] taskcoachlib.config.settings:   iniFile (reçu par Settings): None
2026-02-28 07:56:01,696 [DEBUG] taskcoachlib.config.settings:   *args (reçus par Settings): ()
2026-02-28 07:56:01,696 [DEBUG] taskcoachlib.config.settings:   **kwargs (reçus par Settings): {}
2026-02-28 07:56:01,698 [INFO] taskcoachlib.config.settings: Settings.__init__ avec wx.
2026-02-28 07:56:01,704 [INFO] taskcoachlib.config.settings: Settings.__init__ terminé avec succès !
2026-02-28 07:56:01,777 [INFO] taskcoachlib.application.application: Application.init: Initialisation des composants de l'application.
2026-02-28 07:56:01,777 [DEBUG] taskcoachlib.application.application: Application.__check_file_lock_early : Checking lock for last file: /home/sylvain/Documents/TaskCoach/Test.tsk
2026-02-28 07:56:01,777 [DEBUG] taskcoachlib.application.application: Application.__check_file_lock_early : filename to check for lock: /home/sylvain/Documents/TaskCoach/Test.tsk
2026-02-28 07:56:01,777 [DEBUG] taskcoachlib.application.application: Application.__check_file_lock_early : Lock file path: /home/sylvain/Documents/TaskCoach/Test.tsk.lock, acquired: True
2026-02-28 07:56:01,777 [DEBUG] taskcoachlib.application.application: Application.__check_file_lock_early : User chose to skip the lock.
2026-02-28 07:56:01,777 [DEBUG] taskcoachlib.application.application: Application.__check_file_lock_early : Final early lock result: ok
2026-02-28 07:56:01,784 [INFO] taskcoachlib.persistence.taskfile: Initialisation de TaskFile avec des arguments : (), {'poll': False}
2026-02-28 07:56:01,785 [INFO] taskcoachlib.persistence.taskfile: TaskFile : self.__tasks = TaskList()
2026-02-28 07:56:01,786 [DEBUG] taskcoachlib.filesystem.fs_inotify: FilesystemNotifier.__init__ : initialisation du notificateur utilisant inotify
2026-02-28 07:56:01,872 [DEBUG] taskcoachlib.filesystem.fs_inotify: FilesystemNotifier initialisé !
2026-02-28 07:56:01,876 [INFO] taskcoachlib.persistence.taskfile: TaskFile : TaskFile initialisé avec filename='', guid='ba214529-961f-4157-a344-5c0fc964a54f' et syncMLConfig='None'.
2026-02-28 07:56:01,876 [INFO] taskcoachlib.persistence.taskfile: TaskFile : Tâche de base initialisée : 
2026-02-28 07:56:01,877 [INFO] taskcoachlib.persistence.taskfile: TaskFile : Tâches initiales : TaskList()
2026-02-28 07:56:01,877 [INFO] taskcoachlib.persistence.taskfile: TaskFile : Notes initiales : NoteContainer()
2026-02-28 07:56:01,877 [INFO] taskcoachlib.persistence.taskfile: TaskFile initialisé.
2026-02-28 07:56:01,877 [DEBUG] taskcoachlib.application.application: Application.init: le fichier à ouvrir est self.taskfile = .
2026-02-28 07:56:01,878 [WARNING] taskcoachlib.application.application: Application.init:  id(self.taskFile) : 140278498736320
2026-02-28 07:56:01,878 [WARNING] taskcoachlib.application.application: Application.init: Nb tâches viewer: 0
2026-02-28 07:56:01,878 [INFO] taskcoachlib.application.application: Application.init : loadTaskFile est coché ?
2026-02-28 07:56:01,878 [INFO] taskcoachlib.application.application: Ouverture automatique du dernier fichier : /home/sylvain/Documents/TaskCoach/Test.tsk
2026-02-28 07:56:01,878 [INFO] taskcoachlib.gui.iocontroller: IOController.openAfterStart : Ouvre le fichier spécifié en ligne de commande ou le dernier fichier ouvert par l'utilisateur, ou aucun fichier du tout.
2026-02-28 07:56:01,878 [INFO] taskcoachlib.gui.iocontroller: IOController.openAfterStart : commandLineArgs=['/home/sylvain/Documents/TaskCoach/Test.tsk']
2026-02-28 07:56:01,878 [INFO] taskcoachlib.gui.iocontroller: IOController.openAfterStart : Enregistre /home/sylvain/Documents/TaskCoach/Test.tsk comme nom de fichier.
2026-02-28 07:56:01,878 [INFO] taskcoachlib.gui.iocontroller: IOController.openAfterStart : Appelle CallAfter avec la méthode self.open=<class 'method'> et filename=/home/sylvain/Documents/TaskCoach/Test.tsk
2026-02-28 07:56:01,878 [INFO] taskcoachlib.gui.iocontroller: IOController.openAfterStart : Appelle CallAfter réussi. Terminé.
2026-02-28 07:56:01,878 [WARNING] taskcoachlib.gui.iocontroller: IOController.openAfterStart : TaskViewer model id(self.__taskFile): 140278498736320
2026-02-28 07:56:01,878 [WARNING] taskcoachlib.gui.iocontroller: IOController.openAfterStart : Real taskfile id(filename): 140278490400016
2026-02-28 07:56:01,878 [WARNING] taskcoachlib.gui.iocontroller: IOController.openAfterStart : Nb tâches : 0
2026-02-28 07:56:01,878 [WARNING] taskcoachlib.application.application: Application.taskFile id = 140278498736320
2026-02-28 07:56:01,878 [WARNING] taskcoachlib.application.application: Application.taskFile.tasks id = 140278490513488
2026-02-28 07:56:01,878 [INFO] taskcoachlib.application.application: Application.init: Initialisation de la fenêtre principale.
2026-02-28 07:56:01,878 [INFO] taskcoachlib.gui.mainwindow: Début d'initialisation de MainWindow
2026-02-28 07:56:01,881 [INFO] taskcoachlib.gui.mainwindow: MainWindow : self.GetId() id=-31962
2026-02-28 07:56:01,882 [DEBUG] taskcoachlib.gui.windowdimensionstracker: Running on Wayland - window positioning blocked by compositor
2026-02-28 07:56:01,882 [DEBUG] taskcoachlib.gui.windowdimensionstracker: LOAD: pos=(0, 0) size=(1753, 744) maximized=True
2026-02-28 07:56:01,882 [DEBUG] taskcoachlib.gui.windowdimensionstracker: _validate_geometry: checking pos=(0, 0) size=(1753, 744) against 1 monitors
2026-02-28 07:56:01,882 [DEBUG] taskcoachlib.gui.windowdimensionstracker: Monitor 0: geometry=1920x1080 work_area=1920x1080
2026-02-28 07:56:01,882 [DEBUG] taskcoachlib.gui.windowdimensionstracker:   Geometry valid for monitor 0
2026-02-28 07:56:01,883 [DEBUG] taskcoachlib.gui.windowdimensionstracker: Set desired: pos=(0, 0) size=(1753, 744) maximized=True
2026-02-28 07:56:01,883 [DEBUG] taskcoachlib.gui.windowdimensionstracker: _log_position_tick: ready=False
2026-02-28 07:56:01,883 [DEBUG] taskcoachlib.gui.windowdimensionstracker: POS_LOG [0.00s]: pos=(0, 0) size=(1753, 744) max=False
2026-02-28 07:56:01,883 [DEBUG] taskcoachlib.gui.windowdimensionstracker: _log_position_tick: scheduled next tick in 50ms
2026-02-28 07:56:01,883 [INFO] taskcoachlib.gui.mainwindow: MainWindow : Initialisation de WindowDimensionsTracker pour la gestion de la taille et de la position de la fenêtre.
2026-02-28 07:56:01,883 [INFO] taskcoachlib.gui.mainwindow: MainWindow : Création et initialisation des composants de la fenêtre :
2026-02-28 07:56:01,883 [DEBUG] taskcoachlib.gui.mainwindow: MainWindow._create_window_components : création du conteneur pour les visionneuses.
2026-02-28 07:56:01,883 [DEBUG] taskcoachlib.gui.mainwindow: MainWindow._create_viewer_container : utilise viewer.container.ViewerContainer pour créer le conteneur de visionneuses.
2026-02-28 07:56:01,883 [DEBUG] taskcoachlib.gui.mainwindow: MainWindow._create_viewer_container : conteneur de visionneuses créé !
2026-02-28 07:56:01,883 [DEBUG] taskcoachlib.gui.mainwindow: MainWindow._create_window_components : Lance une classe-méthode pour ajouter des viewers.
2026-02-28 07:56:01,884 [DEBUG] taskcoachlib.gui.viewer.factory: addViewers.__add_viewers : Adding viewer of class <class 'taskcoachlib.gui.viewer.task.TaskViewer'>
2026-02-28 07:56:01,884 [WARNING] taskcoachlib.gui.viewer.factory: addViewers.__add_viewers : viewer_instance = TaskViewer((<taskcoachlib.gui.mainwindow.MainWindow object at 0x7f9521220200>, <taskcoachlib.persistence.taskfile.LockedTaskFile object at 0x7f95221638c0>, <taskcoachlib.config.settings.Settings object at 0x7f9522163230>), {})
2026-02-28 07:56:01,884 [DEBUG] taskcoachlib.gui.viewer.task: TaskViewer.__init__ : Initialisation, Création du Visualiseur de tâches standard.
2026-02-28 07:56:01,884 [DEBUG] taskcoachlib.gui.viewer.mixin: ManualOrderingMixin.__init__ : initialisation de l'ordre manuel.
2026-02-28 07:56:01,884 [DEBUG] taskcoachlib.gui.viewer.mixin: ManualOrderingMixin.__init__ : ajoute 'sort' à la liste des icones visibles pour le tri manuel.
2026-02-28 07:56:01,884 [DEBUG] taskcoachlib.gui.viewer.mixin: SortableViewerMixin.__init__ : initialisation d'une visionneuse triable.
2026-02-28 07:56:01,884 [DEBUG] taskcoachlib.gui.viewer.base: ViewerWithColumns : Initialisation Création de la visionneuse avec des colonnes.
2026-02-28 07:56:01,884 [DEBUG] taskcoachlib.gui.viewer.task: BaseTaskTreeViewer : Création du Visualiseur de tâches sous forme d'arborescence avec rafraîchissement automatique.
2026-02-28 07:56:01,884 [DEBUG] taskcoachlib.gui.viewer.task: BaseTaskViewer : Création du Visualiseur de base pour les tâches.
2026-02-28 07:56:01,884 [DEBUG] taskcoachlib.gui.viewer.mixin: FilterableViewerMixin.__init__ : initialisation d'une visionneuse filtrable.
2026-02-28 07:56:01,884 [DEBUG] taskcoachlib.gui.viewer.base: TreeViewer : Initialisation avec args=(<taskcoachlib.gui.mainwindow.MainWindow object at 0x7f9521220200>, <taskcoachlib.persistence.taskfile.LockedTaskFile object at 0x7f95221638c0>, <taskcoachlib.config.settings.Settings object at 0x7f9522163230>) et kwargs={'instanceNumber': 0, 'settingsSection': 'taskviewer'}.
2026-02-28 07:56:01,884 [DEBUG] taskcoachlib.gui.viewer.base: Viewer : Initialisation d'une nouvelle visionneuse self=TaskViewer.
2026-02-28 07:56:01,884 [DEBUG] taskcoachlib.gui.viewer.base: Viewer : parent=MainWindow
2026-02-28 07:56:01,884 [DEBUG] taskcoachlib.gui.viewer.task: BaseTaskViewer.domainObjectsToView : Nombre total d'objets dans la TaskList : 0
2026-02-28 07:56:01,884 [WARNING] taskcoachlib.gui.viewer.task: BaseTaskViewer.domainObjectsToView : ALERTE : Aucune tâche n'est présente dans le modèle après le chargement.
2026-02-28 07:56:01,884 [DEBUG] taskcoachlib.gui.viewer.task: BaseTaskViewer.domainObjectsToView : Retourne les tâches à visualiser : self.taskFile.tasks()=TaskList().
2026-02-28 07:56:01,885 [DEBUG] taskcoachlib.domain.base.filter: Filter.treeMode : renvoie le mode d'arborescence actuel de DeletedFilter: False.
2026-02-28 07:56:01,885 [DEBUG] taskcoachlib.gui.viewer.task: TaskViewer.isTreeViewer : La présentation n'est pas encore créée, utilisation des paramètres. self.settings=<taskcoachlib.config.settings.Settings object at 0x7f9522163230>.
2026-02-28 07:56:01,885 [DEBUG] taskcoachlib.domain.base.filter: Filter.treeMode : renvoie le mode d'arborescence actuel de CategoryFilter: True.
2026-02-28 07:56:01,885 [DEBUG] taskcoachlib.gui.viewer.task: TaskViewer.isTreeViewer : La présentation n'est pas encore créée, utilisation des paramètres. self.settings=<taskcoachlib.config.settings.Settings object at 0x7f9522163230>.
2026-02-28 07:56:01,886 [DEBUG] taskcoachlib.domain.base.filter: Filter.treeMode : renvoie le mode d'arborescence actuel de ViewFilter: True.
2026-02-28 07:56:01,886 [DEBUG] taskcoachlib.domain.base.filter: Filter.treeMode : renvoie le mode d'arborescence actuel de ViewFilter: True.
2026-02-28 07:56:01,886 [DEBUG] taskcoachlib.gui.viewer.task: TaskViewer.isTreeViewer : La présentation n'est pas encore créée, utilisation des paramètres. self.settings=<taskcoachlib.config.settings.Settings object at 0x7f9522163230>.
2026-02-28 07:56:01,886 [DEBUG] taskcoachlib.domain.base.filter: Filter.treeMode : renvoie le mode d'arborescence actuel de SearchFilter: True.
2026-02-28 07:56:01,886 [DEBUG] taskcoachlib.gui.viewer.task: TaskViewer.isTreeViewer : La présentation n'est pas encore créée, utilisation des paramètres. self.settings=<taskcoachlib.config.settings.Settings object at 0x7f9522163230>.
2026-02-28 07:56:01,887 [DEBUG] taskcoachlib.gui.viewer.task: TaskViewer.createWidget : Crée le widget de l'arborescence des tâches avec des menus contextuels. self=TaskViewer. 
2026-02-28 07:56:01,895 [DEBUG] taskcoachlib.gui.viewer.task: TaskViewer._createColumns retourne columns [<taskcoachlib.widgets.itemctrl.Column object at 0x7f95213f57f0>, <taskcoachlib.widgets.itemctrl.Column object at 0x7f9521342850>, <taskcoachlib.widgets.itemctrl.Column object at 0x7f9521342990>, <taskcoachlib.widgets.itemctrl.Column object at 0x7f9521342ad0>, <taskcoachlib.widgets.itemctrl.Column object at 0x7f9521342c10>, <taskcoachlib.widgets.itemctrl.Column object at 0x7f9521342d50>, <taskcoachlib.widgets.itemctrl.Column object at 0x7f9521342e90>, <taskcoachlib.widgets.itemctrl.Column object at 0x7f9521342fd0>, <taskcoachlib.widgets.itemctrl.Column object at 0x7f9521343110>, <taskcoachlib.widgets.itemctrl.Column object at 0x7f9521343250>, <taskcoachlib.widgets.itemctrl.Column object at 0x7f9521343390>, <taskcoachlib.widgets.itemctrl.Column object at 0x7f95213434d0>, <taskcoachlib.widgets.itemctrl.Column object at 0x7f9521343610>, <taskcoachlib.widgets.itemctrl.Column object at 0x7f9521343750>, <taskcoachlib.widgets.itemctrl.Column object at 0x7f9521343890>, <taskcoachlib.widgets.itemctrl.Column object at 0x7f95213439d0>, <taskcoachlib.widgets.itemctrl.Column object at 0x7f9521343b10>, <taskcoachlib.widgets.itemctrl.Column object at 0x7f9521343c50>, <taskcoachlib.widgets.itemctrl.Column object at 0x7f9521343d90>, <taskcoachlib.widgets.itemctrl.Column object at 0x7f9521343ed0>, <taskcoachlib.widgets.itemctrl.Column object at 0x7f952125c050>, <taskcoachlib.widgets.itemctrl.Column object at 0x7f952125c190>, <taskcoachlib.widgets.itemctrl.Column object at 0x7f952125c2d0>, <taskcoachlib.widgets.itemctrl.Column object at 0x7f952125c410>, <taskcoachlib.widgets.itemctrl.Column object at 0x7f952125c550>, <taskcoachlib.widgets.itemctrl.Column object at 0x7f952125c690>, <taskcoachlib.widgets.itemctrl.Column object at 0x7f952125c7d0>, <taskcoachlib.widgets.itemctrl.Column object at 0x7f952125c910>, <taskcoachlib.widgets.itemctrl.Column object at 0x7f952125ca50>].
2026-02-28 07:56:01,895 [DEBUG] taskcoachlib.gui.viewer.task: BaseTaskTreeViewer.createTaskPopupMenu : Création du menu contextuel.
2026-02-28 07:56:01,895 [DEBUG] taskcoachlib.gui.viewer.base: Viewer.presentation : Retour de la présentation de TaskViewer avec 0 éléments.
2026-02-28 07:56:01,895 [DEBUG] taskcoachlib.gui.viewer.base: Viewer.presentation : Les éléments de la présentation sont : Sorter(<class 'taskcoachlib.domain.task.sorter.Sorter'>([])).
2026-02-28 07:56:01,895 [INFO] taskcoachlib.gui.menu: TaskPopupMenu : Création du menu Popup de Tâche.
2026-02-28 07:56:01,895 [INFO] taskcoachlib.gui.menu: Menu : Création du menu de base. Initialisation du menu contextuel : TaskPopupMenu
2026-02-28 07:56:01,896 [DEBUG] taskcoachlib.gui.menu: Menu : self._window=<taskcoachlib.gui.mainwindow.MainWindow object at 0x7f9521220200>
2026-02-28 07:56:01,896 [INFO] taskcoachlib.gui.menu: Menu : window est une instance valide de wx.Window.
2026-02-28 07:56:01,896 [INFO] taskcoachlib.gui.menu: Menu : Fin d'Initialisation de Menu ! (self est TaskPopupMenu, window est MainWindow)
2026-02-28 07:56:01,896 [DEBUG] taskcoachlib.gui.menu: Menu.appendUICommand Essaie d'ajouter EditCut au menu TaskPopupMenu dans la classe wxFrame MainWindow winId=-31962
2026-02-28 07:56:01,896 [DEBUG] taskcoachlib.gui.uicommand.base_uicommand: UICommand.__getBitmap() appelé avec self=<taskcoachlib.gui.uicommand.uicommand.EditCut object at 0x7f95213f5940>, self.uniqueName=EditCut bitmapName=cut, bitmapType=b'wxART_MENU_C' et bitmapSize=(16, 16)
2026-02-28 07:56:01,898 [DEBUG] taskcoachlib.gui.menu: Menu.appendUICommand Essaie d'ajouter EditCopy au menu TaskPopupMenu dans la classe wxFrame MainWindow winId=-31962
2026-02-28 07:56:01,898 [DEBUG] taskcoachlib.gui.uicommand.base_uicommand: UICommand.__getBitmap() appelé avec self=<taskcoachlib.gui.uicommand.uicommand.EditCopy object at 0x7f95213f5a90>, self.uniqueName=EditCopy bitmapName=copy, bitmapType=b'wxART_MENU_C' et bitmapSize=(16, 16)
2026-02-28 07:56:01,899 [DEBUG] taskcoachlib.gui.menu: Menu.appendUICommand Essaie d'ajouter EditPaste au menu TaskPopupMenu dans la classe wxFrame MainWindow winId=-31962
2026-02-28 07:56:01,899 [DEBUG] taskcoachlib.gui.uicommand.base_uicommand: UICommand.__getBitmap() appelé avec self=<taskcoachlib.gui.uicommand.uicommand.EditPaste object at 0x7f95213f5be0>, self.uniqueName=EditPaste bitmapName=paste, bitmapType=b'wxART_MENU_C' et bitmapSize=(16, 16)
2026-02-28 07:56:01,899 [DEBUG] taskcoachlib.gui.menu: Menu.appendUICommand Essaie d'ajouter EditPasteAsSubItem au menu TaskPopupMenu dans la classe wxFrame MainWindow winId=-31962
2026-02-28 07:56:01,899 [DEBUG] taskcoachlib.gui.uicommand.base_uicommand: UICommand.__getBitmap() appelé avec self=<taskcoachlib.gui.uicommand.uicommand.EditPasteAsSubItem object at 0x7f95213f5d30>, self.uniqueName=EditPasteAsSubItem bitmapName=pasteintotask, bitmapType=b'wxART_MENU_C' et bitmapSize=(16, 16)
2026-02-28 07:56:01,907 [DEBUG] taskcoachlib.gui.menu: Menu.appendUICommand Essaie d'ajouter Edit au menu TaskPopupMenu dans la classe wxFrame MainWindow winId=-31962
2026-02-28 07:56:01,907 [DEBUG] taskcoachlib.gui.uicommand.base_uicommand: UICommand.__getBitmap() appelé avec self=<taskcoachlib.gui.uicommand.uicommand.Edit object at 0x7f95213f5e80>, self.uniqueName=Edit bitmapName=edit, bitmapType=b'wxART_MENU_C' et bitmapSize=(16, 16)
2026-02-28 07:56:01,908 [DEBUG] taskcoachlib.gui.menu: Menu.appendUICommand Essaie d'ajouter Delete au menu TaskPopupMenu dans la classe wxFrame MainWindow winId=-31962
2026-02-28 07:56:01,908 [DEBUG] taskcoachlib.gui.uicommand.base_uicommand: UICommand.__getBitmap() appelé avec self=<taskcoachlib.gui.uicommand.uicommand.Delete object at 0x7f95213f5fd0>, self.uniqueName=Delete bitmapName=delete, bitmapType=b'wxART_MENU_C' et bitmapSize=(16, 16)
2026-02-28 07:56:01,908 [DEBUG] taskcoachlib.gui.menu: Menu.appendUICommand Essaie d'ajouter AddAttachment au menu TaskPopupMenu dans la classe wxFrame MainWindow winId=-31962
2026-02-28 07:56:01,908 [DEBUG] taskcoachlib.gui.uicommand.base_uicommand: UICommand.__getBitmap() appelé avec self=<taskcoachlib.gui.uicommand.uicommand.AddAttachment object at 0x7f95213f6120>, self.uniqueName=AddAttachment bitmapName=paperclip_icon, bitmapType=b'wxART_MENU_C' et bitmapSize=(16, 16)
2026-02-28 07:56:01,909 [DEBUG] taskcoachlib.gui.menu: Menu.appendUICommand Essaie d'ajouter OpenAllAttachments au menu TaskPopupMenu dans la classe wxFrame MainWindow winId=-31962
2026-02-28 07:56:01,909 [DEBUG] taskcoachlib.gui.uicommand.base_uicommand: UICommand.__getBitmap() appelé avec self=<taskcoachlib.gui.uicommand.uicommand.OpenAllAttachments object at 0x7f95213f6270>, self.uniqueName=OpenAllAttachments bitmapName=paperclip_icon, bitmapType=b'wxART_MENU_C' et bitmapSize=(16, 16)
2026-02-28 07:56:01,909 [DEBUG] taskcoachlib.gui.menu: Menu.appendUICommand Essaie d'ajouter AddNote au menu TaskPopupMenu dans la classe wxFrame MainWindow winId=-31962
2026-02-28 07:56:01,909 [DEBUG] taskcoachlib.gui.uicommand.base_uicommand: UICommand.__getBitmap() appelé avec self=<taskcoachlib.gui.uicommand.uicommand.AddNote object at 0x7f95213f63c0>, self.uniqueName=AddNote bitmapName=note_icon, bitmapType=b'wxART_MENU_C' et bitmapSize=(16, 16)
2026-02-28 07:56:01,909 [DEBUG] taskcoachlib.gui.menu: Menu.appendUICommand Essaie d'ajouter OpenAllNotes au menu TaskPopupMenu dans la classe wxFrame MainWindow winId=-31962
2026-02-28 07:56:01,909 [DEBUG] taskcoachlib.gui.uicommand.base_uicommand: UICommand.__getBitmap() appelé avec self=<taskcoachlib.gui.uicommand.uicommand.OpenAllNotes object at 0x7f95213f6510>, self.uniqueName=OpenAllNotes bitmapName=edit, bitmapType=b'wxART_MENU_C' et bitmapSize=(16, 16)
2026-02-28 07:56:01,909 [DEBUG] taskcoachlib.gui.menu: Menu.appendUICommand Essaie d'ajouter Mail au menu TaskPopupMenu dans la classe wxFrame MainWindow winId=-31962
2026-02-28 07:56:01,909 [DEBUG] taskcoachlib.gui.uicommand.base_uicommand: UICommand.__getBitmap() appelé avec self=<taskcoachlib.gui.uicommand.uicommand.Mail object at 0x7f95213f6660>, self.uniqueName=Mail bitmapName=envelope_icon, bitmapType=b'wxART_MENU_C' et bitmapSize=(16, 16)
2026-02-28 07:56:01,909 [DEBUG] taskcoachlib.gui.uicommand.uicommandcontainer: UICommandContainerMixin.appendUICommands a terminé d'ajouter les uiCommands !
2026-02-28 07:56:01,909 [INFO] taskcoachlib.gui.menu: Création du menu Toggle Catégorie.
2026-02-28 07:56:01,909 [INFO] taskcoachlib.gui.menu: DynamicMenu : Création du menu Dynamique. Initialisation du menu contextuel : ToggleCategoryMenu
2026-02-28 07:56:01,910 [INFO] taskcoachlib.gui.menu: Menu : Création du menu de base. Initialisation du menu contextuel : ToggleCategoryMenu
2026-02-28 07:56:01,910 [DEBUG] taskcoachlib.gui.menu: Menu : self._window=<taskcoachlib.gui.mainwindow.MainWindow object at 0x7f9521220200>
2026-02-28 07:56:01,910 [INFO] taskcoachlib.gui.menu: Menu : window est une instance valide de wx.Window.
2026-02-28 07:56:01,910 [INFO] taskcoachlib.gui.menu: Menu : Fin d'Initialisation de Menu ! (self est ToggleCategoryMenu, window est MainWindow)
2026-02-28 07:56:01,910 [INFO] taskcoachlib.gui.menu: DynamicMenu : menu Dynamique ToggleCategoryMenu créé.
2026-02-28 07:56:01,910 [INFO] taskcoachlib.gui.menu: Toggle Catégorie initialisé.
2026-02-28 07:56:01,910 [DEBUG] taskcoachlib.gui.menu: Menu.appendMenu : Ajout du sous-menu MenuItem à self=TaskPopupMenu.
2026-02-28 07:56:01,910 [DEBUG] taskcoachlib.gui.menu: Menu.appendUICommand Essaie d'ajouter TaskMarkInactive au menu TaskPopupMenu dans la classe wxFrame MainWindow winId=-31962
2026-02-28 07:56:01,911 [DEBUG] taskcoachlib.gui.uicommand.base_uicommand: UICommand.__getBitmap() appelé avec self=<taskcoachlib.gui.uicommand.uicommand.TaskMarkInactive object at 0x7f95213f67b0>, self.uniqueName=TaskMarkInactive bitmapName=led_grey_icon, bitmapType=b'wxART_MENU_C' et bitmapSize=(16, 16)
2026-02-28 07:56:01,911 [DEBUG] taskcoachlib.gui.menu: Menu.appendUICommand Essaie d'ajouter TaskMarkActive au menu TaskPopupMenu dans la classe wxFrame MainWindow winId=-31962
2026-02-28 07:56:01,911 [DEBUG] taskcoachlib.gui.uicommand.base_uicommand: UICommand.__getBitmap() appelé avec self=<taskcoachlib.gui.uicommand.uicommand.TaskMarkActive object at 0x7f95213f6a50>, self.uniqueName=TaskMarkActive bitmapName=led_blue_icon, bitmapType=b'wxART_MENU_C' et bitmapSize=(16, 16)
2026-02-28 07:56:01,911 [DEBUG] taskcoachlib.gui.menu: Menu.appendUICommand Essaie d'ajouter TaskMarkCompleted au menu TaskPopupMenu dans la classe wxFrame MainWindow winId=-31962
2026-02-28 07:56:01,911 [DEBUG] taskcoachlib.gui.uicommand.base_uicommand: UICommand.__getBitmap() appelé avec self=<taskcoachlib.gui.uicommand.uicommand.TaskMarkCompleted object at 0x7f95213f6ba0>, self.uniqueName=TaskMarkCompleted bitmapName=checkmark_green_icon, bitmapType=b'wxART_MENU_C' et bitmapSize=(16, 16)
2026-02-28 07:56:01,911 [DEBUG] taskcoachlib.gui.uicommand.uicommandcontainer: UICommandContainerMixin.appendUICommands a terminé d'ajouter les uiCommands !
2026-02-28 07:56:01,911 [INFO] taskcoachlib.gui.menu: Création du menu Priorité de Tâche.
2026-02-28 07:56:01,911 [INFO] taskcoachlib.gui.menu: Menu : Création du menu de base. Initialisation du menu contextuel : TaskPriorityMenu
2026-02-28 07:56:01,911 [DEBUG] taskcoachlib.gui.menu: Menu : self._window=<taskcoachlib.gui.mainwindow.MainWindow object at 0x7f9521220200>
2026-02-28 07:56:01,911 [INFO] taskcoachlib.gui.menu: Menu : window est une instance valide de wx.Window.
2026-02-28 07:56:01,912 [INFO] taskcoachlib.gui.menu: Menu : Fin d'Initialisation de Menu ! (self est TaskPriorityMenu, window est MainWindow)
2026-02-28 07:56:01,912 [DEBUG] taskcoachlib.gui.menu: Menu.appendUICommand Essaie d'ajouter TaskIncPriority au menu TaskPriorityMenu dans la classe wxFrame MainWindow winId=-31962
2026-02-28 07:56:01,912 [DEBUG] taskcoachlib.gui.uicommand.base_uicommand: UICommand.__getBitmap() appelé avec self=<taskcoachlib.gui.uicommand.uicommand.TaskIncPriority object at 0x7f95213f6cf0>, self.uniqueName=TaskIncPriority bitmapName=incpriority, bitmapType=b'wxART_MENU_C' et bitmapSize=(16, 16)
2026-02-28 07:56:01,912 [DEBUG] taskcoachlib.gui.menu: Menu.appendUICommand Essaie d'ajouter TaskDecPriority au menu TaskPriorityMenu dans la classe wxFrame MainWindow winId=-31962
2026-02-28 07:56:01,912 [DEBUG] taskcoachlib.gui.uicommand.base_uicommand: UICommand.__getBitmap() appelé avec self=<taskcoachlib.gui.uicommand.uicommand.TaskDecPriority object at 0x7f95213f6e40>, self.uniqueName=TaskDecPriority bitmapName=decpriority, bitmapType=b'wxART_MENU_C' et bitmapSize=(16, 16)
2026-02-28 07:56:01,913 [DEBUG] taskcoachlib.gui.menu: Menu.appendUICommand Essaie d'ajouter TaskMaxPriority au menu TaskPriorityMenu dans la classe wxFrame MainWindow winId=-31962
2026-02-28 07:56:01,913 [DEBUG] taskcoachlib.gui.uicommand.base_uicommand: UICommand.__getBitmap() appelé avec self=<taskcoachlib.gui.uicommand.uicommand.TaskMaxPriority object at 0x7f95213f6f90>, self.uniqueName=TaskMaxPriority bitmapName=maxpriority, bitmapType=b'wxART_MENU_C' et bitmapSize=(16, 16)
2026-02-28 07:56:01,913 [DEBUG] taskcoachlib.gui.menu: Menu.appendUICommand Essaie d'ajouter TaskMinPriority au menu TaskPriorityMenu dans la classe wxFrame MainWindow winId=-31962
2026-02-28 07:56:01,913 [DEBUG] taskcoachlib.gui.uicommand.base_uicommand: UICommand.__getBitmap() appelé avec self=<taskcoachlib.gui.uicommand.uicommand.TaskMinPriority object at 0x7f95213f70e0>, self.uniqueName=TaskMinPriority bitmapName=minpriority, bitmapType=b'wxART_MENU_C' et bitmapSize=(16, 16)
2026-02-28 07:56:01,913 [DEBUG] taskcoachlib.gui.uicommand.uicommandcontainer: UICommandContainerMixin.appendUICommands a terminé d'ajouter les uiCommands !
2026-02-28 07:56:01,913 [DEBUG] taskcoachlib.gui.menu: Menu.appendMenu : Ajout du sous-menu MenuItem à self=TaskPopupMenu.
2026-02-28 07:56:01,915 [DEBUG] taskcoachlib.gui.menu: Menu.appendUICommand Essaie d'ajouter EffortNew au menu TaskPopupMenu dans la classe wxFrame MainWindow winId=-31962
2026-02-28 07:56:01,915 [DEBUG] taskcoachlib.gui.uicommand.base_uicommand: UICommand.__getBitmap() appelé avec self=<taskcoachlib.gui.uicommand.uicommand.EffortNew object at 0x7f95213f7230>, self.uniqueName=EffortNew bitmapName=new, bitmapType=b'wxART_MENU_C' et bitmapSize=(16, 16)
2026-02-28 07:56:01,916 [DEBUG] taskcoachlib.gui.menu: Menu.appendUICommand Essaie d'ajouter EffortStart au menu TaskPopupMenu dans la classe wxFrame MainWindow winId=-31962
2026-02-28 07:56:01,916 [DEBUG] taskcoachlib.gui.uicommand.base_uicommand: UICommand.__getBitmap() appelé avec self=<taskcoachlib.gui.uicommand.uicommand.EffortStart object at 0x7f95213f7380>, self.uniqueName=EffortStart bitmapName=clock_icon, bitmapType=b'wxART_MENU_C' et bitmapSize=(16, 16)
2026-02-28 07:56:01,916 [DEBUG] taskcoachlib.gui.menu: Menu.appendUICommand Essaie d'ajouter EffortStop au menu TaskPopupMenu dans la classe wxFrame MainWindow winId=-31962
2026-02-28 07:56:01,916 [DEBUG] taskcoachlib.gui.menu: Menu.appendUICommand Essaie d'ajouter TaskNew au menu TaskPopupMenu dans la classe wxFrame MainWindow winId=-31962
2026-02-28 07:56:01,916 [DEBUG] taskcoachlib.gui.uicommand.base_uicommand: UICommand.__getBitmap() appelé avec self=<taskcoachlib.gui.uicommand.uicommand.TaskNew object at 0x7f95213f7770>, self.uniqueName=TaskNew bitmapName=new, bitmapType=b'wxART_MENU_C' et bitmapSize=(16, 16)
2026-02-28 07:56:01,917 [DEBUG] taskcoachlib.gui.menu: Menu.appendUICommand Essaie d'ajouter NewSubItem au menu TaskPopupMenu dans la classe wxFrame MainWindow winId=-31962
2026-02-28 07:56:01,917 [DEBUG] taskcoachlib.gui.uicommand.base_uicommand: UICommand.__getBitmap() appelé avec self=<taskcoachlib.gui.uicommand.uicommand.NewSubItem object at 0x7f95213f78c0>, self.uniqueName=NewSubItem bitmapName=newsub, bitmapType=b'wxART_MENU_C' et bitmapSize=(16, 16)
2026-02-28 07:56:01,917 [DEBUG] taskcoachlib.gui.uicommand.uicommandcontainer: UICommandContainerMixin.appendUICommands a terminé d'ajouter les uiCommands !
2026-02-28 07:56:01,917 [INFO] taskcoachlib.gui.menu: TaskPopupMenu : Terminé - Menu Popup de Tâche créé !
2026-02-28 07:56:01,917 [INFO] taskcoachlib.gui.menu: Création du menu Popup Colonne.
2026-02-28 07:56:01,917 [INFO] taskcoachlib.gui.menu: Menu : Création du menu de base. Initialisation du menu contextuel : ColumnPopupMenu
2026-02-28 07:56:01,917 [DEBUG] taskcoachlib.gui.menu: Menu : self._window=<taskcoachlib.gui.viewer.task.TaskViewer object at 0x7f9521222570>
2026-02-28 07:56:01,917 [INFO] taskcoachlib.gui.menu: Menu : window est une instance valide de wx.Window.
2026-02-28 07:56:01,918 [INFO] taskcoachlib.gui.menu: Menu : Fin d'Initialisation de Menu ! (self est ColumnPopupMenu, window est TaskViewer)
2026-02-28 07:56:01,918 [DEBUG] taskcoachlib.gui.menu: ColumnPopupMenu : Appel de CallAfter.
2026-02-28 07:56:01,919 [DEBUG] taskcoachlib.gui.menu: ColumnPopupMenu : CallAfter passé avec succès. Menu Popup Colonne terminé !
2026-02-28 07:56:01,919 [DEBUG] taskcoachlib.gui.viewer.task: TaskViewer.createWidget : definit le widget TreeListCtrl.
2026-02-28 07:56:01,920 [DEBUG] taskcoachlib.gui.viewer.base: Viewer.presentation : Retour de la présentation de TaskViewer avec 0 éléments.
2026-02-28 07:56:01,920 [DEBUG] taskcoachlib.gui.viewer.base: Viewer.presentation : Les éléments de la présentation sont : Sorter(<class 'taskcoachlib.domain.task.sorter.Sorter'>([])).
2026-02-28 07:56:01,920 [DEBUG] taskcoachlib.widgets.treectrl: TreeListCtrl.__init__ : initialisation du contrôle de liste en arbre.
2026-02-28 07:56:01,920 [DEBUG] taskcoachlib.widgets.treectrl: TreeListCtrl.__init__ : parent=<taskcoachlib.gui.viewer.task.TaskViewer object at 0x7f9521222570>, self.__adapter=<taskcoachlib.gui.viewer.task.TaskViewer object at 0x7f9521222570>
