2026-03-05 21:32:05,281 [INFO] taskcoachlib.gui.menu: DynamicMenu.myId : item=MenuItem  dans MenuItemList: [<wx._core.MenuItem object at 0x7f3fb04f29f0>, <wx._core.MenuItem object at 0x7f3fb04f2ba0>, <wx._core.MenuItem object at 0x7f3fb04f3bf0>, <wx._core.MenuItem object at 0x7f3fb04f2b10>, <wx._core.MenuItem object at 0x7f3fb04f2c30>, <wx._core.MenuItem object at 0x7f3fb04f2cc0>, <wx._core.MenuItem object at 0x7f3fb04f0290>, <wx._core.MenuItem object at 0x7f3fb04f3020>, <wx._core.MenuItem object at 0x7f3fb04f3380>, <wx._core.MenuItem object at 0x7f3fb04f3a40>, <wx._core.MenuItem object at 0x7f3fb04f3410>, <wx._core.MenuItem object at 0x7f3fb04f35c0>]
2026-03-05 21:32:05,284 [DEBUG] taskcoachlib.gui.menu: New note...	Ctrl-J comparé à Start tracking effort
2026-03-05 21:32:05,284 [INFO] taskcoachlib.gui.menu: DynamicMenu.myId : item=MenuItem  dans MenuItemList: [<wx._core.MenuItem object at 0x7f3fb04f29f0>, <wx._core.MenuItem object at 0x7f3fb04f2ba0>, <wx._core.MenuItem object at 0x7f3fb04f3a40>, <wx._core.MenuItem object at 0x7f3fb04f2b10>, <wx._core.MenuItem object at 0x7f3fb04f2c30>, <wx._core.MenuItem object at 0x7f3fb04f2cc0>, <wx._core.MenuItem object at 0x7f3fb0421490>, <wx._core.MenuItem object at 0x7f3fb04f3020>, <wx._core.MenuItem object at 0x7f3fb04f3380>, <wx._core.MenuItem object at 0x7f3fb04f0170>, <wx._core.MenuItem object at 0x7f3fb04f3410>, <wx._core.MenuItem object at 0x7f3fb04f35c0>]
2026-03-05 21:32:05,284 [DEBUG] taskcoachlib.gui.menu:  comparé à Start tracking effort
2026-03-05 21:32:05,284 [INFO] taskcoachlib.gui.menu: DynamicMenu.myId : item=MenuItem  dans MenuItemList: [<wx._core.MenuItem object at 0x7f3fb04f29f0>, <wx._core.MenuItem object at 0x7f3fb04f2ba0>, <wx._core.MenuItem object at 0x7f3fb04f3a40>, <wx._core.MenuItem object at 0x7f3fb04f2b10>, <wx._core.MenuItem object at 0x7f3fb04f2c30>, <wx._core.MenuItem object at 0x7f3fb04f2cc0>, <wx._core.MenuItem object at 0x7f3fb04f0170>, <wx._core.MenuItem object at 0x7f3fb04f3020>, <wx._core.MenuItem object at 0x7f3fb04f3380>, <wx._core.MenuItem object at 0x7f3fb04f0290>, <wx._core.MenuItem object at 0x7f3fb04f3410>, <wx._core.MenuItem object at 0x7f3fb04f35c0>]
2026-03-05 21:32:05,284 [DEBUG] taskcoachlib.gui.menu: Start tracking effort comparé à Start tracking effort
2026-03-05 21:32:05,284 [DEBUG] taskcoachlib.gui.menu: DynamicMenu.updateMenuItemInParentMenu : Activation de l'ID=491 dans le menu parent <class 'taskcoachlib.gui.menu.TaskBarMenu'>.
2026-03-05 21:32:05,284 [DEBUG] taskcoachlib.patterns.observer: Publisher.notifyObservers : observers={MethodProxy(<bound method DynamicMenu.onUpdateMenu_Deprecated of <taskcoachlib.gui.menu.StartEffortForTaskMenu object at 0x7f3fb04f2d50>>): {("<class 'taskcoachlib.domain.base.filter.DeletedFilter'>.remove", <class 'taskcoachlib.domain.base.filter.DeletedFilter'>(DeletedFilter()))}} et observers.items=dict_items([(MethodProxy(<bound method DynamicMenu.onUpdateMenu_Deprecated of <taskcoachlib.gui.menu.StartEffortForTaskMenu object at 0x7f3fb04f2d50>>), {("<class 'taskcoachlib.domain.base.filter.DeletedFilter'>.remove", <class 'taskcoachlib.domain.base.filter.DeletedFilter'>(DeletedFilter()))})]) sont définis !
2026-03-05 21:32:05,284 [DEBUG] taskcoachlib.domain.base.filter: Filter.treeMode : renvoie le mode d'arborescence actuel de DeletedFilter: False.
2026-03-05 21:32:05,285 [DEBUG] taskcoachlib.patterns.observer: Publisher.notifyObservers : lancé par Publisher pour informer les observateurs de l'événement Event({"<class 'taskcoachlib.domain.base.filter.DeletedFilter'>.remove": {<class 'taskcoachlib.domain.base.filter.DeletedFilter'>(DeletedFilter()): (New task, Nouvelle tâche, Nouveau)}}) avec sources {<class 'taskcoachlib.domain.base.filter.DeletedFilter'>(DeletedFilter())}.
2026-03-05 21:32:05,285 [DEBUG] taskcoachlib.patterns.observer: Publisher.notifyObservers : pour chaque sources {<class 'taskcoachlib.domain.base.filter.DeletedFilter'>(DeletedFilter()), None} de chaque types {"<class 'taskcoachlib.domain.base.filter.DeletedFilter'>.remove"} récupère [("<class 'taskcoachlib.domain.base.filter.DeletedFilter'>.remove", <class 'taskcoachlib.domain.base.filter.DeletedFilter'>(DeletedFilter())), ("<class 'taskcoachlib.domain.base.filter.DeletedFilter'>.remove", None)].
2026-03-05 21:32:05,285 [DEBUG] taskcoachlib.patterns.observer: Publisher.notifyObservers : observers={} et observers.items=dict_items([]) sont définis !
2026-03-05 21:32:05,285 [DEBUG] taskcoachlib.domain.base.filter: Filter.treeMode : renvoie le mode d'arborescence actuel de DeletedFilter: False.
2026-03-05 21:32:05,285 [DEBUG] taskcoachlib.domain.base.filter: Filter.treeMode : renvoie le mode d'arborescence actuel de SelectedItemsFilter: False.
2026-03-05 21:32:05,285 [DEBUG] taskcoachlib.patterns.observer: Publisher.notifyObservers : observers={MethodProxy(<bound method TaskFile.onDomainObjectAddedOrRemoved of <taskcoachlib.persistence.taskfile.LockedTaskFile object at 0x7f3fd81a3b60>>): {("<class 'taskcoachlib.domain.task.tasklist.TaskList'>.remove", TaskList())}, MethodProxy(<bound method Filter.onRemoveItem of <class 'taskcoachlib.domain.base.filter.DeletedFilter'>(DeletedFilter())>): {("<class 'taskcoachlib.domain.task.tasklist.TaskList'>.remove", TaskList())}, MethodProxy(<bound method Filter.onRemoveItem of <class 'taskcoachlib.domain.base.filter.DeletedFilter'>(DeletedFilter())>): {("<class 'taskcoachlib.domain.task.tasklist.TaskList'>.remove", TaskList())}, MethodProxy(<bound method CollectionDecorator.onRemoveItem of <class 'taskcoachlib.domain.effort.effortlist.EffortList'>(EffortList())>): {("<class 'taskcoachlib.domain.task.tasklist.TaskList'>.remove", TaskList())}, MethodProxy(<bound method Filter.onRemoveItem of <class 'taskcoachlib.domain.base.filter.DeletedFilter'>(DeletedFilter())>): {("<class 'taskcoachlib.domain.task.tasklist.TaskList'>.remove", TaskList())}, MethodProxy(<bound method ChangeMonitor.onObjectRemoved of <taskcoachlib.changes.monitor.ChangeMonitor object at 0x7f3fd80f4050>>): {("<class 'taskcoachlib.domain.task.tasklist.TaskList'>.remove", TaskList())}, MethodProxy(<bound method ReminderController.onRemoveTask of <taskcoachlib.gui.remindercontroller.ReminderController object at 0x7f3fa7b017f0>>): {("<class 'taskcoachlib.domain.task.tasklist.TaskList'>.remove", TaskList())}, MethodProxy(<bound method Filter.onRemoveItem of <class 'taskcoachlib.domain.base.filter.DeletedFilter'>(DeletedFilter())>): {("<class 'taskcoachlib.domain.task.tasklist.TaskList'>.remove", TaskList())}, MethodProxy(<bound method TaskBarIcon.onTaskListChanged of <taskcoachlib.gui.taskbaricon.TaskBarIcon object at 0x7f3fb04f28d0>>): {("<class 'taskcoachlib.domain.task.tasklist.TaskList'>.remove", TaskList())}, MethodProxy(<bound method Filter.onRemoveItem of <class 'taskcoachlib.domain.base.filter.SelectedItemsFilter'>(SelectedItemsFilter())>): {("<class 'taskcoachlib.domain.task.tasklist.TaskList'>.remove", TaskList())}} et observers.items=dict_items([(MethodProxy(<bound method TaskFile.onDomainObjectAddedOrRemoved of <taskcoachlib.persistence.taskfile.LockedTaskFile object at 0x7f3fd81a3b60>>), {("<class 'taskcoachlib.domain.task.tasklist.TaskList'>.remove", TaskList())}), (MethodProxy(<bound method Filter.onRemoveItem of <class 'taskcoachlib.domain.base.filter.DeletedFilter'>(DeletedFilter())>), {("<class 'taskcoachlib.domain.task.tasklist.TaskList'>.remove", TaskList())}), (MethodProxy(<bound method Filter.onRemoveItem of <class 'taskcoachlib.domain.base.filter.DeletedFilter'>(DeletedFilter())>), {("<class 'taskcoachlib.domain.task.tasklist.TaskList'>.remove", TaskList())}), (MethodProxy(<bound method CollectionDecorator.onRemoveItem of <class 'taskcoachlib.domain.effort.effortlist.EffortList'>(EffortList())>), {("<class 'taskcoachlib.domain.task.tasklist.TaskList'>.remove", TaskList())}), (MethodProxy(<bound method Filter.onRemoveItem of <class 'taskcoachlib.domain.base.filter.DeletedFilter'>(DeletedFilter())>), {("<class 'taskcoachlib.domain.task.tasklist.TaskList'>.remove", TaskList())}), (MethodProxy(<bound method ChangeMonitor.onObjectRemoved of <taskcoachlib.changes.monitor.ChangeMonitor object at 0x7f3fd80f4050>>), {("<class 'taskcoachlib.domain.task.tasklist.TaskList'>.remove", TaskList())}), (MethodProxy(<bound method ReminderController.onRemoveTask of <taskcoachlib.gui.remindercontroller.ReminderController object at 0x7f3fa7b017f0>>), {("<class 'taskcoachlib.domain.task.tasklist.TaskList'>.remove", TaskList())}), (MethodProxy(<bound method Filter.onRemoveItem of <class 'taskcoachlib.domain.base.filter.DeletedFilter'>(DeletedFilter())>), {("<class 'taskcoachlib.domain.task.tasklist.TaskList'>.remove", TaskList())}), (MethodProxy(<bound method TaskBarIcon.onTaskListChanged of <taskcoachlib.gui.taskbaricon.TaskBarIcon object at 0x7f3fb04f28d0>>), {("<class 'taskcoachlib.domain.task.tasklist.TaskList'>.remove", TaskList())}), (MethodProxy(<bound method Filter.onRemoveItem of <class 'taskcoachlib.domain.base.filter.SelectedItemsFilter'>(SelectedItemsFilter())>), {("<class 'taskcoachlib.domain.task.tasklist.TaskList'>.remove", TaskList())})]) sont définis !
2026-03-05 21:32:05,285 [INFO] taskcoachlib.persistence.taskfile: TaskFile.markClean : Marque le fichier de tâches comme propre (n'ayant pas besoin d'être enregistré).
2026-03-05 21:32:05,285 [DEBUG] taskcoachlib.persistence.taskfile: Vérification de l'état 'dirty' : False
2026-03-05 21:32:05,286 [DEBUG] taskcoachlib.persistence.taskfile: TaskFile.close terminé avec succès.
2026-03-05 21:32:05,368 [DEBUG] taskcoachlib.gui.windowdimensionstracker: SAVE: pos=(0, 0) size=(1753, 744) maximized=True
2026-03-05 21:32:05,371 [INFO] taskcoachlib.persistence.taskfile: TaskFile.stop() appelé.
2026-03-05 21:32:05,372 [INFO] taskcoachlib.application.application: Avant suppression de l'icône barre de tâches
2026-03-05 21:32:05,373 [DEBUG] taskcoachlib.gui.viewer.base: Viewer.presentation : DEBUG presentation taskfile: 139912185264992
2026-03-05 21:32:05,373 [DEBUG] taskcoachlib.gui.viewer.base: Viewer.presentation : Retour de la présentation de TaskViewer avec 0 éléments.
2026-03-05 21:32:05,373 [DEBUG] taskcoachlib.gui.viewer.base: Viewer.presentation : Les éléments de la présentation sont : Sorter(<class 'taskcoachlib.domain.task.sorter.Sorter'>([])).
2026-03-05 21:32:05,374 [INFO] taskcoachlib.application.application: Avant appel à mainwindow.OnQuit
2026-03-05 21:32:05,414 [DEBUG] taskcoachlib.widgets.treectrl: TreeListCtrl.__doRefresh : exécution du rafraîchissement planifié.
2026-03-05 21:32:05,416 [DEBUG] taskcoachlib.widgets.treectrl: TreeListCtrl.__doRefresh : exécution du rafraîchissement planifié.
2026-03-05 21:32:05,417 [DEBUG] taskcoachlib.gui.viewer.base: Viewer.presentation : DEBUG presentation taskfile: 139912185264992
2026-03-05 21:32:05,418 [DEBUG] taskcoachlib.gui.viewer.base: Viewer.presentation : Retour de la présentation de TaskViewer avec 0 éléments.
2026-03-05 21:32:05,418 [DEBUG] taskcoachlib.gui.viewer.base: Viewer.presentation : Les éléments de la présentation sont : Sorter(<class 'taskcoachlib.domain.task.sorter.Sorter'>([])).
2026-03-05 21:32:05,457 [DEBUG] taskcoachlib.gui.viewer.base: Viewer.presentation : DEBUG presentation taskfile: 139912185264992
2026-03-05 21:32:05,458 [DEBUG] taskcoachlib.gui.viewer.base: Viewer.presentation : Retour de la présentation de TaskViewer avec 0 éléments.
2026-03-05 21:32:05,458 [DEBUG] taskcoachlib.gui.viewer.base: Viewer.presentation : Les éléments de la présentation sont : Sorter(<class 'taskcoachlib.domain.task.sorter.Sorter'>([])).
2026-03-05 21:32:05,568 [DEBUG] taskcoachlib.gui.viewer.base: Viewer.presentation : DEBUG presentation taskfile: 139912185264992
2026-03-05 21:32:05,569 [DEBUG] taskcoachlib.gui.viewer.base: Viewer.presentation : Retour de la présentation de TaskViewer avec 0 éléments.
2026-03-05 21:32:05,569 [DEBUG] taskcoachlib.gui.viewer.base: Viewer.presentation : Les éléments de la présentation sont : Sorter(<class 'taskcoachlib.domain.task.sorter.Sorter'>([])).
2026-03-05 21:32:05,620 [DEBUG] taskcoachlib.gui.viewer.base: Viewer.presentation : DEBUG presentation taskfile: 139912185264992
2026-03-05 21:32:05,620 [DEBUG] taskcoachlib.gui.viewer.base: Viewer.presentation : Retour de la présentation de TaskViewer avec 0 éléments.
2026-03-05 21:32:05,620 [DEBUG] taskcoachlib.gui.viewer.base: Viewer.presentation : Les éléments de la présentation sont : Sorter(<class 'taskcoachlib.domain.task.sorter.Sorter'>([])).
2026-03-05 21:32:05,665 [DEBUG] taskcoachlib.gui.viewer.base: Viewer.presentation : DEBUG presentation taskfile: 139912185264992
2026-03-05 21:32:05,666 [DEBUG] taskcoachlib.gui.viewer.base: Viewer.presentation : Retour de la présentation de TaskViewer avec 0 éléments.
2026-03-05 21:32:05,666 [DEBUG] taskcoachlib.gui.viewer.base: Viewer.presentation : Les éléments de la présentation sont : Sorter(<class 'taskcoachlib.domain.task.sorter.Sorter'>([])).
2026-03-05 21:32:05,733 [DEBUG] taskcoachlib.gui.viewer.base: Viewer.presentation : DEBUG presentation taskfile: 139912185264992
2026-03-05 21:32:05,733 [DEBUG] taskcoachlib.gui.viewer.base: Viewer.presentation : Retour de la présentation de TaskViewer avec 0 éléments.
2026-03-05 21:32:05,733 [DEBUG] taskcoachlib.gui.viewer.base: Viewer.presentation : Les éléments de la présentation sont : Sorter(<class 'taskcoachlib.domain.task.sorter.Sorter'>([])).
2026-03-05 21:32:05,807 [DEBUG] taskcoachlib.gui.viewer.base: Viewer.presentation : DEBUG presentation taskfile: 139912185264992
2026-03-05 21:32:05,807 [DEBUG] taskcoachlib.gui.viewer.base: Viewer.presentation : Retour de la présentation de TaskViewer avec 0 éléments.
2026-03-05 21:32:05,808 [DEBUG] taskcoachlib.gui.viewer.base: Viewer.presentation : Les éléments de la présentation sont : Sorter(<class 'taskcoachlib.domain.task.sorter.Sorter'>([])).
2026-03-05 21:32:05,855 [DEBUG] taskcoachlib.gui.viewer.base: Viewer.presentation : DEBUG presentation taskfile: 139912185264992
2026-03-05 21:32:05,855 [DEBUG] taskcoachlib.gui.viewer.base: Viewer.presentation : Retour de la présentation de TaskViewer avec 0 éléments.
2026-03-05 21:32:05,855 [DEBUG] taskcoachlib.gui.viewer.base: Viewer.presentation : Les éléments de la présentation sont : Sorter(<class 'taskcoachlib.domain.task.sorter.Sorter'>([])).
2026-03-05 21:32:05,862 [DEBUG] taskcoachlib.gui.viewer.base: Viewer.presentation : DEBUG presentation taskfile: 139912185264992
2026-03-05 21:32:05,862 [DEBUG] taskcoachlib.gui.viewer.base: Viewer.presentation : Retour de la présentation de TaskViewer avec 0 éléments.
2026-03-05 21:32:05,862 [DEBUG] taskcoachlib.gui.viewer.base: Viewer.presentation : Les éléments de la présentation sont : Sorter(<class 'taskcoachlib.domain.task.sorter.Sorter'>([])).
2026-03-05 21:32:05,870 [DEBUG] taskcoachlib.gui.viewer.base: Viewer.presentation : DEBUG presentation taskfile: 139912185264992
2026-03-05 21:32:05,870 [DEBUG] taskcoachlib.gui.viewer.base: Viewer.presentation : Retour de la présentation de TaskViewer avec 0 éléments.
2026-03-05 21:32:05,870 [DEBUG] taskcoachlib.gui.viewer.base: Viewer.presentation : Les éléments de la présentation sont : Sorter(<class 'taskcoachlib.domain.task.sorter.Sorter'>([])).
2026-03-05 21:32:05,878 [DEBUG] taskcoachlib.gui.viewer.base: Viewer.presentation : DEBUG presentation taskfile: 139912185264992
2026-03-05 21:32:05,878 [DEBUG] taskcoachlib.gui.viewer.base: Viewer.presentation : Retour de la présentation de TaskViewer avec 0 éléments.
2026-03-05 21:32:05,878 [DEBUG] taskcoachlib.gui.viewer.base: Viewer.presentation : Les éléments de la présentation sont : Sorter(<class 'taskcoachlib.domain.task.sorter.Sorter'>([])).
2026-03-05 21:32:05,887 [DEBUG] taskcoachlib.gui.viewer.base: Viewer.presentation : DEBUG presentation taskfile: 139912185264992
2026-03-05 21:32:05,887 [DEBUG] taskcoachlib.gui.viewer.base: Viewer.presentation : Retour de la présentation de TaskViewer avec 0 éléments.
2026-03-05 21:32:05,887 [DEBUG] taskcoachlib.gui.viewer.base: Viewer.presentation : Les éléments de la présentation sont : Sorter(<class 'taskcoachlib.domain.task.sorter.Sorter'>([])).
2026-03-05 21:32:05,908 [DEBUG] taskcoachlib.gui.viewer.base: Viewer.presentation : DEBUG presentation taskfile: 139912185264992
2026-03-05 21:32:05,908 [DEBUG] taskcoachlib.gui.viewer.base: Viewer.presentation : Retour de la présentation de TaskViewer avec 0 éléments.
2026-03-05 21:32:05,908 [DEBUG] taskcoachlib.gui.viewer.base: Viewer.presentation : Les éléments de la présentation sont : Sorter(<class 'taskcoachlib.domain.task.sorter.Sorter'>([])).
2026-03-05 21:32:05,924 [DEBUG] taskcoachlib.gui.viewer.base: Viewer.presentation : DEBUG presentation taskfile: 139912185264992
2026-03-05 21:32:05,924 [DEBUG] taskcoachlib.gui.viewer.base: Viewer.presentation : Retour de la présentation de TaskViewer avec 0 éléments.
2026-03-05 21:32:05,924 [DEBUG] taskcoachlib.gui.viewer.base: Viewer.presentation : Les éléments de la présentation sont : Sorter(<class 'taskcoachlib.domain.task.sorter.Sorter'>([])).
2026-03-05 21:32:05,931 [DEBUG] taskcoachlib.gui.viewer.base: Viewer.presentation : DEBUG presentation taskfile: 139912185264992
2026-03-05 21:32:05,931 [DEBUG] taskcoachlib.gui.viewer.base: Viewer.presentation : Retour de la présentation de TaskViewer avec 0 éléments.
2026-03-05 21:32:05,931 [DEBUG] taskcoachlib.gui.viewer.base: Viewer.presentation : Les éléments de la présentation sont : Sorter(<class 'taskcoachlib.domain.task.sorter.Sorter'>([])).
2026-03-05 21:32:05,939 [DEBUG] taskcoachlib.gui.viewer.base: Viewer.presentation : DEBUG presentation taskfile: 139912185264992
2026-03-05 21:32:05,939 [DEBUG] taskcoachlib.gui.viewer.base: Viewer.presentation : Retour de la présentation de TaskViewer avec 0 éléments.
2026-03-05 21:32:05,940 [DEBUG] taskcoachlib.gui.viewer.base: Viewer.presentation : Les éléments de la présentation sont : Sorter(<class 'taskcoachlib.domain.task.sorter.Sorter'>([])).
2026-03-05 21:32:05,947 [DEBUG] taskcoachlib.gui.viewer.base: Viewer.presentation : DEBUG presentation taskfile: 139912185264992
2026-03-05 21:32:05,947 [DEBUG] taskcoachlib.gui.viewer.base: Viewer.presentation : Retour de la présentation de TaskViewer avec 0 éléments.
2026-03-05 21:32:05,947 [DEBUG] taskcoachlib.gui.viewer.base: Viewer.presentation : Les éléments de la présentation sont : Sorter(<class 'taskcoachlib.domain.task.sorter.Sorter'>([])).
2026-03-05 21:32:05,955 [DEBUG] taskcoachlib.gui.viewer.base: Viewer.presentation : DEBUG presentation taskfile: 139912185264992
2026-03-05 21:32:05,955 [DEBUG] taskcoachlib.gui.viewer.base: Viewer.presentation : Retour de la présentation de TaskViewer avec 0 éléments.
2026-03-05 21:32:05,955 [DEBUG] taskcoachlib.gui.viewer.base: Viewer.presentation : Les éléments de la présentation sont : Sorter(<class 'taskcoachlib.domain.task.sorter.Sorter'>([])).
2026-03-05 21:32:05,962 [DEBUG] taskcoachlib.gui.viewer.base: Viewer.presentation : DEBUG presentation taskfile: 139912185264992
2026-03-05 21:32:05,962 [DEBUG] taskcoachlib.gui.viewer.base: Viewer.presentation : Retour de la présentation de TaskViewer avec 0 éléments.
2026-03-05 21:32:05,962 [DEBUG] taskcoachlib.gui.viewer.base: Viewer.presentation : Les éléments de la présentation sont : Sorter(<class 'taskcoachlib.domain.task.sorter.Sorter'>([])).
2026-03-05 21:32:05,970 [DEBUG] taskcoachlib.gui.viewer.base: Viewer.presentation : DEBUG presentation taskfile: 139912185264992
2026-03-05 21:32:05,970 [DEBUG] taskcoachlib.gui.viewer.base: Viewer.presentation : Retour de la présentation de TaskViewer avec 0 éléments.
2026-03-05 21:32:05,970 [DEBUG] taskcoachlib.gui.viewer.base: Viewer.presentation : Les éléments de la présentation sont : Sorter(<class 'taskcoachlib.domain.task.sorter.Sorter'>([])).
2026-03-05 21:32:06,201 [DEBUG] taskcoachlib.gui.viewer.base: Viewer.presentation : DEBUG presentation taskfile: 139912185264992
2026-03-05 21:32:06,201 [DEBUG] taskcoachlib.gui.viewer.base: Viewer.presentation : Retour de la présentation de TaskViewer avec 0 éléments.
2026-03-05 21:32:06,201 [DEBUG] taskcoachlib.gui.viewer.base: Viewer.presentation : Les éléments de la présentation sont : Sorter(<class 'taskcoachlib.domain.task.sorter.Sorter'>([])).
2026-03-05 21:32:06,210 [DEBUG] taskcoachlib.gui.viewer.base: Viewer.presentation : DEBUG presentation taskfile: 139912185264992
2026-03-05 21:32:06,211 [DEBUG] taskcoachlib.gui.viewer.base: Viewer.presentation : Retour de la présentation de TaskViewer avec 0 éléments.
2026-03-05 21:32:06,211 [DEBUG] taskcoachlib.gui.viewer.base: Viewer.presentation : Les éléments de la présentation sont : Sorter(<class 'taskcoachlib.domain.task.sorter.Sorter'>([])).
2026-03-05 21:32:06,224 [DEBUG] taskcoachlib.gui.viewer.base: Viewer.presentation : DEBUG presentation taskfile: 139912185264992
2026-03-05 21:32:06,224 [DEBUG] taskcoachlib.gui.viewer.base: Viewer.presentation : Retour de la présentation de TaskViewer avec 0 éléments.
2026-03-05 21:32:06,224 [DEBUG] taskcoachlib.gui.viewer.base: Viewer.presentation : Les éléments de la présentation sont : Sorter(<class 'taskcoachlib.domain.task.sorter.Sorter'>([])).
2026-03-05 21:32:06,239 [DEBUG] taskcoachlib.gui.viewer.base: Viewer.presentation : DEBUG presentation taskfile: 139912185264992
2026-03-05 21:32:06,239 [DEBUG] taskcoachlib.gui.viewer.base: Viewer.presentation : Retour de la présentation de TaskViewer avec 0 éléments.
2026-03-05 21:32:06,239 [DEBUG] taskcoachlib.gui.viewer.base: Viewer.presentation : Les éléments de la présentation sont : Sorter(<class 'taskcoachlib.domain.task.sorter.Sorter'>([])).
2026-03-05 21:32:06,258 [DEBUG] taskcoachlib.gui.viewer.base: Viewer.presentation : DEBUG presentation taskfile: 139912185264992
2026-03-05 21:32:06,258 [DEBUG] taskcoachlib.gui.viewer.base: Viewer.presentation : Retour de la présentation de TaskViewer avec 0 éléments.
2026-03-05 21:32:06,258 [DEBUG] taskcoachlib.gui.viewer.base: Viewer.presentation : Les éléments de la présentation sont : Sorter(<class 'taskcoachlib.domain.task.sorter.Sorter'>([])).
2026-03-05 21:32:06,274 [DEBUG] taskcoachlib.gui.viewer.base: Viewer.presentation : DEBUG presentation taskfile: 139912185264992
2026-03-05 21:32:06,274 [DEBUG] taskcoachlib.gui.viewer.base: Viewer.presentation : Retour de la présentation de TaskViewer avec 0 éléments.
2026-03-05 21:32:06,274 [DEBUG] taskcoachlib.gui.viewer.base: Viewer.presentation : Les éléments de la présentation sont : Sorter(<class 'taskcoachlib.domain.task.sorter.Sorter'>([])).
2026-03-05 21:32:06,290 [DEBUG] taskcoachlib.gui.viewer.base: Viewer.presentation : DEBUG presentation taskfile: 139912185264992
2026-03-05 21:32:06,291 [DEBUG] taskcoachlib.gui.viewer.base: Viewer.presentation : Retour de la présentation de TaskViewer avec 0 éléments.
2026-03-05 21:32:06,291 [DEBUG] taskcoachlib.gui.viewer.base: Viewer.presentation : Les éléments de la présentation sont : Sorter(<class 'taskcoachlib.domain.task.sorter.Sorter'>([])).
2026-03-05 21:32:06,306 [DEBUG] taskcoachlib.gui.viewer.base: Viewer.presentation : DEBUG presentation taskfile: 139912185264992
2026-03-05 21:32:06,307 [DEBUG] taskcoachlib.gui.viewer.base: Viewer.presentation : Retour de la présentation de TaskViewer avec 0 éléments.
2026-03-05 21:32:06,307 [DEBUG] taskcoachlib.gui.viewer.base: Viewer.presentation : Les éléments de la présentation sont : Sorter(<class 'taskcoachlib.domain.task.sorter.Sorter'>([])).
2026-03-05 21:32:06,325 [DEBUG] taskcoachlib.gui.viewer.base: Viewer.presentation : DEBUG presentation taskfile: 139912185264992
2026-03-05 21:32:06,325 [DEBUG] taskcoachlib.gui.viewer.base: Viewer.presentation : Retour de la présentation de TaskViewer avec 0 éléments.
2026-03-05 21:32:06,325 [DEBUG] taskcoachlib.gui.viewer.base: Viewer.presentation : Les éléments de la présentation sont : Sorter(<class 'taskcoachlib.domain.task.sorter.Sorter'>([])).
2026-03-05 21:32:06,339 [DEBUG] taskcoachlib.gui.viewer.base: Viewer.presentation : DEBUG presentation taskfile: 139912185264992
2026-03-05 21:32:06,339 [DEBUG] taskcoachlib.gui.viewer.base: Viewer.presentation : Retour de la présentation de TaskViewer avec 0 éléments.
2026-03-05 21:32:06,339 [DEBUG] taskcoachlib.gui.viewer.base: Viewer.presentation : Les éléments de la présentation sont : Sorter(<class 'taskcoachlib.domain.task.sorter.Sorter'>([])).
2026-03-05 21:32:06,358 [DEBUG] taskcoachlib.gui.viewer.base: Viewer.presentation : DEBUG presentation taskfile: 139912185264992
2026-03-05 21:32:06,359 [DEBUG] taskcoachlib.gui.viewer.base: Viewer.presentation : Retour de la présentation de TaskViewer avec 0 éléments.
2026-03-05 21:32:06,359 [DEBUG] taskcoachlib.gui.viewer.base: Viewer.presentation : Les éléments de la présentation sont : Sorter(<class 'taskcoachlib.domain.task.sorter.Sorter'>([])).
2026-03-05 21:32:06,376 [DEBUG] taskcoachlib.gui.viewer.base: Viewer.presentation : DEBUG presentation taskfile: 139912185264992
2026-03-05 21:32:06,376 [DEBUG] taskcoachlib.gui.viewer.base: Viewer.presentation : Retour de la présentation de TaskViewer avec 0 éléments.
2026-03-05 21:32:06,376 [DEBUG] taskcoachlib.gui.viewer.base: Viewer.presentation : Les éléments de la présentation sont : Sorter(<class 'taskcoachlib.domain.task.sorter.Sorter'>([])).
2026-03-05 21:32:06,391 [DEBUG] taskcoachlib.gui.viewer.base: Viewer.presentation : DEBUG presentation taskfile: 139912185264992
2026-03-05 21:32:06,391 [DEBUG] taskcoachlib.gui.viewer.base: Viewer.presentation : Retour de la présentation de TaskViewer avec 0 éléments.
2026-03-05 21:32:06,391 [DEBUG] taskcoachlib.gui.viewer.base: Viewer.presentation : Les éléments de la présentation sont : Sorter(<class 'taskcoachlib.domain.task.sorter.Sorter'>([])).
2026-03-05 21:32:06,408 [DEBUG] taskcoachlib.gui.viewer.base: Viewer.presentation : DEBUG presentation taskfile: 139912185264992
2026-03-05 21:32:06,408 [DEBUG] taskcoachlib.gui.viewer.base: Viewer.presentation : Retour de la présentation de TaskViewer avec 0 éléments.
2026-03-05 21:32:06,408 [DEBUG] taskcoachlib.gui.viewer.base: Viewer.presentation : Les éléments de la présentation sont : Sorter(<class 'taskcoachlib.domain.task.sorter.Sorter'>([])).
2026-03-05 21:32:06,424 [DEBUG] taskcoachlib.gui.viewer.base: Viewer.presentation : DEBUG presentation taskfile: 139912185264992
2026-03-05 21:32:06,425 [DEBUG] taskcoachlib.gui.viewer.base: Viewer.presentation : Retour de la présentation de TaskViewer avec 0 éléments.
2026-03-05 21:32:06,425 [DEBUG] taskcoachlib.gui.viewer.base: Viewer.presentation : Les éléments de la présentation sont : Sorter(<class 'taskcoachlib.domain.task.sorter.Sorter'>([])).
2026-03-05 21:32:06,447 [DEBUG] taskcoachlib.gui.viewer.base: Viewer.presentation : DEBUG presentation taskfile: 139912185264992
2026-03-05 21:32:06,447 [DEBUG] taskcoachlib.gui.viewer.base: Viewer.presentation : Retour de la présentation de TaskViewer avec 0 éléments.
2026-03-05 21:32:06,448 [DEBUG] taskcoachlib.gui.viewer.base: Viewer.presentation : Les éléments de la présentation sont : Sorter(<class 'taskcoachlib.domain.task.sorter.Sorter'>([])).
2026-03-05 21:32:06,478 [DEBUG] taskcoachlib.gui.viewer.base: Viewer.presentation : DEBUG presentation taskfile: 139912185264992
2026-03-05 21:32:06,478 [DEBUG] taskcoachlib.gui.viewer.base: Viewer.presentation : Retour de la présentation de TaskViewer avec 0 éléments.
2026-03-05 21:32:06,478 [DEBUG] taskcoachlib.gui.viewer.base: Viewer.presentation : Les éléments de la présentation sont : Sorter(<class 'taskcoachlib.domain.task.sorter.Sorter'>([])).
2026-03-05 21:32:06,486 [DEBUG] taskcoachlib.gui.viewer.base: Viewer.presentation : DEBUG presentation taskfile: 139912185264992
2026-03-05 21:32:06,486 [DEBUG] taskcoachlib.gui.viewer.base: Viewer.presentation : Retour de la présentation de TaskViewer avec 0 éléments.
2026-03-05 21:32:06,486 [DEBUG] taskcoachlib.gui.viewer.base: Viewer.presentation : Les éléments de la présentation sont : Sorter(<class 'taskcoachlib.domain.task.sorter.Sorter'>([])).
2026-03-05 21:32:06,801 [DEBUG] taskcoachlib.gui.viewer.base: Viewer.presentation : DEBUG presentation taskfile: 139912185264992
2026-03-05 21:32:06,801 [DEBUG] taskcoachlib.gui.viewer.base: Viewer.presentation : Retour de la présentation de TaskViewer avec 0 éléments.
2026-03-05 21:32:06,801 [DEBUG] taskcoachlib.gui.viewer.base: Viewer.presentation : Les éléments de la présentation sont : Sorter(<class 'taskcoachlib.domain.task.sorter.Sorter'>([])).
2026-03-05 21:32:06,820 [DEBUG] taskcoachlib.gui.viewer.base: Viewer.presentation : DEBUG presentation taskfile: 139912185264992
2026-03-05 21:32:06,820 [DEBUG] taskcoachlib.gui.viewer.base: Viewer.presentation : Retour de la présentation de TaskViewer avec 0 éléments.
2026-03-05 21:32:06,821 [DEBUG] taskcoachlib.gui.viewer.base: Viewer.presentation : Les éléments de la présentation sont : Sorter(<class 'taskcoachlib.domain.task.sorter.Sorter'>([])).
2026-03-05 21:32:06,827 [DEBUG] taskcoachlib.gui.viewer.base: Viewer.presentation : DEBUG presentation taskfile: 139912185264992
2026-03-05 21:32:06,827 [DEBUG] taskcoachlib.gui.viewer.base: Viewer.presentation : Retour de la présentation de TaskViewer avec 0 éléments.
2026-03-05 21:32:06,827 [DEBUG] taskcoachlib.gui.viewer.base: Viewer.presentation : Les éléments de la présentation sont : Sorter(<class 'taskcoachlib.domain.task.sorter.Sorter'>([])).
2026-03-05 21:32:06,843 [DEBUG] taskcoachlib.gui.viewer.base: Viewer.presentation : DEBUG presentation taskfile: 139912185264992
2026-03-05 21:32:06,843 [DEBUG] taskcoachlib.gui.viewer.base: Viewer.presentation : Retour de la présentation de TaskViewer avec 0 éléments.
2026-03-05 21:32:06,843 [DEBUG] taskcoachlib.gui.viewer.base: Viewer.presentation : Les éléments de la présentation sont : Sorter(<class 'taskcoachlib.domain.task.sorter.Sorter'>([])).
2026-03-05 21:32:06,859 [DEBUG] taskcoachlib.gui.viewer.base: Viewer.presentation : DEBUG presentation taskfile: 139912185264992
2026-03-05 21:32:06,859 [DEBUG] taskcoachlib.gui.viewer.base: Viewer.presentation : Retour de la présentation de TaskViewer avec 0 éléments.
2026-03-05 21:32:06,859 [DEBUG] taskcoachlib.gui.viewer.base: Viewer.presentation : Les éléments de la présentation sont : Sorter(<class 'taskcoachlib.domain.task.sorter.Sorter'>([])).
2026-03-05 21:32:06,984 [INFO] taskcoachlib.gui.mainwindow: MainWindow.setShutdownInProgress : Le processus d'arrêt de l'application est en cours. Plus aucune action durant cette phase !
2026-03-05 21:32:06,985 [INFO] taskcoachlib.gui.mainwindow: mainWindow.onClose : Fermeture de la fenêtre par l'utilisateur.
2026-03-05 21:32:06,985 [INFO] taskcoachlib.application.application: Application.quitApplication : Début de la Fermeture de l'application
2026-03-05 21:32:06,985 [DEBUG] taskcoachlib.gui.mainwindow: MainWindow.onCLose : Fermeture des éditeurs
2026-03-05 21:32:06,985 [INFO] taskcoachlib.gui.mainwindow: MainWindow.closeEditors : Fermeture de tous les éditeurs ouverts dans la fenêtre principale.
2026-03-05 21:32:06,985 [DEBUG] taskcoachlib.gui.mainwindow: MainWindow.onClose : Quitter avec event.Skip()
2026-03-05 21:32:06,985 [INFO] taskcoachlib.persistence.taskfile: TaskFile.stop() appelé.
2026-03-05 21:32:06,986 [INFO] taskcoachlib.gui.mainwindow: MainWindow.closeEditors : Fermeture de tous les éditeurs ouverts dans la fenêtre principale.
2026-03-05 21:32:06,986 [INFO] taskcoachlib.gui.mainwindow: MainWindow.onCLose : Fenêtre fermée par l'utilisateur
2026-03-05 21:32:06,986 [INFO] taskcoachlib.application.application: Avant appel sys.exit()
2026-03-05 21:32:06,986 [INFO] taskcoachlib.application.application: Fenêtre principale détruite, appel de sys.exit()
2026-03-05 21:32:06,986 [INFO] taskcoachlib.application.application: Threads actifs avant sys.exit(): [<_MainThread(MainThread, started 139912798677952)>]
2026-03-05 21:32:06,987 [DEBUG] taskcoachlib.application.application: Thread: MainThread, Daemon: False, Class: <class 'threading._MainThread'>
2026-03-05 21:32:06,988 [DEBUG] taskcoachlib.application.application: Stack for thread MainThread:
  File "/home/sylvain/Téléchargements/src/task-coach-git/taskcoach/taskcoach.py", line 305, in <module>
    start()
  File "/home/sylvain/Téléchargements/src/task-coach-git/taskcoach/taskcoach.py", line 298, in start
    app.start()
  File "/home/sylvain/Téléchargements/src/task-coach-git/taskcoach/taskcoachlib/application/application.py", line 743, in start
    self.__wx_app.MainLoop()
  File "/home/sylvain/Téléchargements/src/task-coach-git/venv/lib/python3.14/site-packages/wx/core.py", line 2254, in MainLoop
    rv = wx.PyApp.MainLoop(self)
  File "/home/sylvain/Téléchargements/src/task-coach-git/taskcoach/taskcoachlib/gui/mainwindow.py", line 1103, in onClose
    application.Application().quitApplication()
  File "/home/sylvain/Téléchargements/src/task-coach-git/taskcoach/taskcoachlib/application/application.py", line 1727, in quitApplication
    stack = _stack_for_thread(t, frames)
2026-03-05 21:32:06,989 [DEBUG] taskcoachlib.application.application: Application.quitApplication : Essaie de quitter proprement l'application avec sys.exit().
