2026-02-24 18:16:14,699 [DEBUG] taskcoachlib.gui.viewer.base: Viewer.presentation : Les éléments de la présentation sont : Sorter(<class 'taskcoachlib.domain.task.sorter.Sorter'>([])).
2026-02-24 18:16:14,706 [DEBUG] taskcoachlib.gui.viewer.base: Viewer.presentation : Retour de la présentation de TaskViewer avec 0 éléments.
2026-02-24 18:16:14,706 [DEBUG] taskcoachlib.gui.viewer.base: Viewer.presentation : Les éléments de la présentation sont : Sorter(<class 'taskcoachlib.domain.task.sorter.Sorter'>([])).
2026-02-24 18:16:14,713 [DEBUG] taskcoachlib.gui.viewer.base: Viewer.presentation : Retour de la présentation de TaskViewer avec 0 éléments.
2026-02-24 18:16:14,714 [DEBUG] taskcoachlib.gui.viewer.base: Viewer.presentation : Les éléments de la présentation sont : Sorter(<class 'taskcoachlib.domain.task.sorter.Sorter'>([])).
2026-02-24 18:16:14,721 [DEBUG] taskcoachlib.gui.viewer.base: Viewer.presentation : Retour de la présentation de TaskViewer avec 0 éléments.
2026-02-24 18:16:14,722 [DEBUG] taskcoachlib.gui.viewer.base: Viewer.presentation : Les éléments de la présentation sont : Sorter(<class 'taskcoachlib.domain.task.sorter.Sorter'>([])).
2026-02-24 18:16:14,730 [DEBUG] taskcoachlib.gui.viewer.base: Viewer.presentation : Retour de la présentation de TaskViewer avec 0 éléments.
2026-02-24 18:16:14,730 [DEBUG] taskcoachlib.gui.viewer.base: Viewer.presentation : Les éléments de la présentation sont : Sorter(<class 'taskcoachlib.domain.task.sorter.Sorter'>([])).
2026-02-24 18:16:14,736 [DEBUG] taskcoachlib.gui.viewer.base: Viewer.presentation : Retour de la présentation de TaskViewer avec 0 éléments.
2026-02-24 18:16:14,736 [DEBUG] taskcoachlib.gui.viewer.base: Viewer.presentation : Les éléments de la présentation sont : Sorter(<class 'taskcoachlib.domain.task.sorter.Sorter'>([])).
2026-02-24 18:16:14,744 [DEBUG] taskcoachlib.gui.viewer.base: Viewer.presentation : Retour de la présentation de TaskViewer avec 0 éléments.
2026-02-24 18:16:14,744 [DEBUG] taskcoachlib.gui.viewer.base: Viewer.presentation : Les éléments de la présentation sont : Sorter(<class 'taskcoachlib.domain.task.sorter.Sorter'>([])).
2026-02-24 18:16:14,752 [DEBUG] taskcoachlib.gui.viewer.base: Viewer.presentation : Retour de la présentation de TaskViewer avec 0 éléments.
2026-02-24 18:16:14,753 [DEBUG] taskcoachlib.gui.viewer.base: Viewer.presentation : Les éléments de la présentation sont : Sorter(<class 'taskcoachlib.domain.task.sorter.Sorter'>([])).
2026-02-24 18:16:14,760 [DEBUG] taskcoachlib.gui.viewer.base: Viewer.presentation : Retour de la présentation de TaskViewer avec 0 éléments.
2026-02-24 18:16:14,760 [DEBUG] taskcoachlib.gui.viewer.base: Viewer.presentation : Les éléments de la présentation sont : Sorter(<class 'taskcoachlib.domain.task.sorter.Sorter'>([])).
2026-02-24 18:16:14,768 [DEBUG] taskcoachlib.gui.viewer.base: Viewer.presentation : Retour de la présentation de TaskViewer avec 0 éléments.
2026-02-24 18:16:14,768 [DEBUG] taskcoachlib.gui.viewer.base: Viewer.presentation : Les éléments de la présentation sont : Sorter(<class 'taskcoachlib.domain.task.sorter.Sorter'>([])).
2026-02-24 18:16:14,776 [DEBUG] taskcoachlib.gui.viewer.base: Viewer.presentation : Retour de la présentation de TaskViewer avec 0 éléments.
2026-02-24 18:16:14,776 [DEBUG] taskcoachlib.gui.viewer.base: Viewer.presentation : Les éléments de la présentation sont : Sorter(<class 'taskcoachlib.domain.task.sorter.Sorter'>([])).
2026-02-24 18:16:14,783 [DEBUG] taskcoachlib.gui.viewer.base: Viewer.presentation : Retour de la présentation de TaskViewer avec 0 éléments.
2026-02-24 18:16:14,784 [DEBUG] taskcoachlib.gui.viewer.base: Viewer.presentation : Les éléments de la présentation sont : Sorter(<class 'taskcoachlib.domain.task.sorter.Sorter'>([])).
2026-02-24 18:16:14,791 [DEBUG] taskcoachlib.gui.viewer.base: Viewer.presentation : Retour de la présentation de TaskViewer avec 0 éléments.
2026-02-24 18:16:14,792 [DEBUG] taskcoachlib.gui.viewer.base: Viewer.presentation : Les éléments de la présentation sont : Sorter(<class 'taskcoachlib.domain.task.sorter.Sorter'>([])).
2026-02-24 18:16:14,798 [DEBUG] taskcoachlib.gui.viewer.base: Viewer.presentation : Retour de la présentation de TaskViewer avec 0 éléments.
2026-02-24 18:16:14,798 [DEBUG] taskcoachlib.gui.viewer.base: Viewer.presentation : Les éléments de la présentation sont : Sorter(<class 'taskcoachlib.domain.task.sorter.Sorter'>([])).
2026-02-24 18:16:14,807 [DEBUG] taskcoachlib.gui.viewer.base: Viewer.presentation : Retour de la présentation de TaskViewer avec 0 éléments.
2026-02-24 18:16:14,807 [DEBUG] taskcoachlib.gui.viewer.base: Viewer.presentation : Les éléments de la présentation sont : Sorter(<class 'taskcoachlib.domain.task.sorter.Sorter'>([])).
2026-02-24 18:16:14,814 [DEBUG] taskcoachlib.gui.viewer.base: Viewer.presentation : Retour de la présentation de TaskViewer avec 0 éléments.
2026-02-24 18:16:14,814 [DEBUG] taskcoachlib.gui.viewer.base: Viewer.presentation : Les éléments de la présentation sont : Sorter(<class 'taskcoachlib.domain.task.sorter.Sorter'>([])).
2026-02-24 18:16:14,822 [DEBUG] taskcoachlib.gui.viewer.base: Viewer.presentation : Retour de la présentation de TaskViewer avec 0 éléments.
2026-02-24 18:16:14,822 [DEBUG] taskcoachlib.gui.viewer.base: Viewer.presentation : Les éléments de la présentation sont : Sorter(<class 'taskcoachlib.domain.task.sorter.Sorter'>([])).
2026-02-24 18:16:14,830 [DEBUG] taskcoachlib.gui.viewer.base: Viewer.presentation : Retour de la présentation de TaskViewer avec 0 éléments.
2026-02-24 18:16:14,830 [DEBUG] taskcoachlib.gui.viewer.base: Viewer.presentation : Les éléments de la présentation sont : Sorter(<class 'taskcoachlib.domain.task.sorter.Sorter'>([])).
2026-02-24 18:16:14,837 [DEBUG] taskcoachlib.gui.viewer.base: Viewer.presentation : Retour de la présentation de TaskViewer avec 0 éléments.
2026-02-24 18:16:14,837 [DEBUG] taskcoachlib.gui.viewer.base: Viewer.presentation : Les éléments de la présentation sont : Sorter(<class 'taskcoachlib.domain.task.sorter.Sorter'>([])).
2026-02-24 18:16:14,845 [DEBUG] taskcoachlib.gui.viewer.base: Viewer.presentation : Retour de la présentation de TaskViewer avec 0 éléments.
2026-02-24 18:16:14,845 [DEBUG] taskcoachlib.gui.viewer.base: Viewer.presentation : Les éléments de la présentation sont : Sorter(<class 'taskcoachlib.domain.task.sorter.Sorter'>([])).
2026-02-24 18:16:14,852 [DEBUG] taskcoachlib.gui.viewer.base: Viewer.presentation : Retour de la présentation de TaskViewer avec 0 éléments.
2026-02-24 18:16:14,852 [DEBUG] taskcoachlib.gui.viewer.base: Viewer.presentation : Les éléments de la présentation sont : Sorter(<class 'taskcoachlib.domain.task.sorter.Sorter'>([])).
2026-02-24 18:16:14,860 [DEBUG] taskcoachlib.gui.viewer.base: Viewer.presentation : Retour de la présentation de TaskViewer avec 0 éléments.
2026-02-24 18:16:14,860 [DEBUG] taskcoachlib.gui.viewer.base: Viewer.presentation : Les éléments de la présentation sont : Sorter(<class 'taskcoachlib.domain.task.sorter.Sorter'>([])).
2026-02-24 18:16:14,867 [DEBUG] taskcoachlib.gui.viewer.base: Viewer.presentation : Retour de la présentation de TaskViewer avec 0 éléments.
2026-02-24 18:16:14,868 [DEBUG] taskcoachlib.gui.viewer.base: Viewer.presentation : Les éléments de la présentation sont : Sorter(<class 'taskcoachlib.domain.task.sorter.Sorter'>([])).
2026-02-24 18:16:14,875 [DEBUG] taskcoachlib.gui.viewer.base: Viewer.presentation : Retour de la présentation de TaskViewer avec 0 éléments.
2026-02-24 18:16:14,876 [DEBUG] taskcoachlib.gui.viewer.base: Viewer.presentation : Les éléments de la présentation sont : Sorter(<class 'taskcoachlib.domain.task.sorter.Sorter'>([])).
2026-02-24 18:16:14,883 [DEBUG] taskcoachlib.gui.viewer.base: Viewer.presentation : Retour de la présentation de TaskViewer avec 0 éléments.
2026-02-24 18:16:14,883 [DEBUG] taskcoachlib.gui.viewer.base: Viewer.presentation : Les éléments de la présentation sont : Sorter(<class 'taskcoachlib.domain.task.sorter.Sorter'>([])).
2026-02-24 18:16:14,890 [DEBUG] taskcoachlib.gui.viewer.base: Viewer.presentation : Retour de la présentation de TaskViewer avec 0 éléments.
2026-02-24 18:16:14,890 [DEBUG] taskcoachlib.gui.viewer.base: Viewer.presentation : Les éléments de la présentation sont : Sorter(<class 'taskcoachlib.domain.task.sorter.Sorter'>([])).
2026-02-24 18:16:14,898 [DEBUG] taskcoachlib.gui.viewer.base: Viewer.presentation : Retour de la présentation de TaskViewer avec 0 éléments.
2026-02-24 18:16:14,898 [DEBUG] taskcoachlib.gui.viewer.base: Viewer.presentation : Les éléments de la présentation sont : Sorter(<class 'taskcoachlib.domain.task.sorter.Sorter'>([])).
2026-02-24 18:16:14,906 [DEBUG] taskcoachlib.gui.viewer.base: Viewer.presentation : Retour de la présentation de TaskViewer avec 0 éléments.
2026-02-24 18:16:14,906 [DEBUG] taskcoachlib.gui.viewer.base: Viewer.presentation : Les éléments de la présentation sont : Sorter(<class 'taskcoachlib.domain.task.sorter.Sorter'>([])).
2026-02-24 18:16:14,913 [DEBUG] taskcoachlib.gui.viewer.base: Viewer.presentation : Retour de la présentation de TaskViewer avec 0 éléments.
2026-02-24 18:16:14,913 [DEBUG] taskcoachlib.gui.viewer.base: Viewer.presentation : Les éléments de la présentation sont : Sorter(<class 'taskcoachlib.domain.task.sorter.Sorter'>([])).
2026-02-24 18:16:14,921 [DEBUG] taskcoachlib.gui.viewer.base: Viewer.presentation : Retour de la présentation de TaskViewer avec 0 éléments.
2026-02-24 18:16:14,921 [DEBUG] taskcoachlib.gui.viewer.base: Viewer.presentation : Les éléments de la présentation sont : Sorter(<class 'taskcoachlib.domain.task.sorter.Sorter'>([])).
2026-02-24 18:16:14,929 [DEBUG] taskcoachlib.gui.viewer.base: Viewer.presentation : Retour de la présentation de TaskViewer avec 0 éléments.
2026-02-24 18:16:14,930 [DEBUG] taskcoachlib.gui.viewer.base: Viewer.presentation : Les éléments de la présentation sont : Sorter(<class 'taskcoachlib.domain.task.sorter.Sorter'>([])).
2026-02-24 18:16:14,936 [DEBUG] taskcoachlib.gui.viewer.base: Viewer.presentation : Retour de la présentation de TaskViewer avec 0 éléments.
2026-02-24 18:16:14,937 [DEBUG] taskcoachlib.gui.viewer.base: Viewer.presentation : Les éléments de la présentation sont : Sorter(<class 'taskcoachlib.domain.task.sorter.Sorter'>([])).
2026-02-24 18:16:14,945 [DEBUG] taskcoachlib.gui.viewer.base: Viewer.presentation : Retour de la présentation de TaskViewer avec 0 éléments.
2026-02-24 18:16:14,945 [DEBUG] taskcoachlib.gui.viewer.base: Viewer.presentation : Les éléments de la présentation sont : Sorter(<class 'taskcoachlib.domain.task.sorter.Sorter'>([])).
2026-02-24 18:16:14,964 [DEBUG] taskcoachlib.gui.viewer.base: Viewer.presentation : Retour de la présentation de TaskViewer avec 0 éléments.
2026-02-24 18:16:14,964 [DEBUG] taskcoachlib.gui.viewer.base: Viewer.presentation : Les éléments de la présentation sont : Sorter(<class 'taskcoachlib.domain.task.sorter.Sorter'>([])).
2026-02-24 18:16:14,967 [DEBUG] taskcoachlib.gui.viewer.base: Viewer.presentation : Retour de la présentation de TaskViewer avec 0 éléments.
2026-02-24 18:16:14,967 [DEBUG] taskcoachlib.gui.viewer.base: Viewer.presentation : Les éléments de la présentation sont : Sorter(<class 'taskcoachlib.domain.task.sorter.Sorter'>([])).
2026-02-24 18:16:14,975 [DEBUG] taskcoachlib.gui.viewer.base: Viewer.presentation : Retour de la présentation de TaskViewer avec 0 éléments.
2026-02-24 18:16:14,975 [DEBUG] taskcoachlib.gui.viewer.base: Viewer.presentation : Les éléments de la présentation sont : Sorter(<class 'taskcoachlib.domain.task.sorter.Sorter'>([])).
2026-02-24 18:16:14,983 [DEBUG] taskcoachlib.gui.viewer.base: Viewer.presentation : Retour de la présentation de TaskViewer avec 0 éléments.
2026-02-24 18:16:14,983 [DEBUG] taskcoachlib.gui.viewer.base: Viewer.presentation : Les éléments de la présentation sont : Sorter(<class 'taskcoachlib.domain.task.sorter.Sorter'>([])).
2026-02-24 18:16:14,993 [DEBUG] taskcoachlib.gui.viewer.base: Viewer.presentation : Retour de la présentation de TaskViewer avec 0 éléments.
2026-02-24 18:16:14,993 [DEBUG] taskcoachlib.gui.viewer.base: Viewer.presentation : Les éléments de la présentation sont : Sorter(<class 'taskcoachlib.domain.task.sorter.Sorter'>([])).
2026-02-24 18:16:15,000 [DEBUG] taskcoachlib.gui.viewer.base: Viewer.presentation : Retour de la présentation de TaskViewer avec 0 éléments.
2026-02-24 18:16:15,000 [DEBUG] taskcoachlib.gui.viewer.base: Viewer.presentation : Les éléments de la présentation sont : Sorter(<class 'taskcoachlib.domain.task.sorter.Sorter'>([])).
2026-02-24 18:16:15,016 [DEBUG] taskcoachlib.gui.viewer.base: Viewer.presentation : Retour de la présentation de TaskViewer avec 0 éléments.
2026-02-24 18:16:15,016 [DEBUG] taskcoachlib.gui.viewer.base: Viewer.presentation : Les éléments de la présentation sont : Sorter(<class 'taskcoachlib.domain.task.sorter.Sorter'>([])).
2026-02-24 18:16:15,032 [DEBUG] taskcoachlib.gui.viewer.base: Viewer.presentation : Retour de la présentation de TaskViewer avec 0 éléments.
2026-02-24 18:16:15,033 [DEBUG] taskcoachlib.gui.viewer.base: Viewer.presentation : Les éléments de la présentation sont : Sorter(<class 'taskcoachlib.domain.task.sorter.Sorter'>([])).
2026-02-24 18:16:15,050 [DEBUG] taskcoachlib.gui.viewer.base: Viewer.presentation : Retour de la présentation de TaskViewer avec 0 éléments.
2026-02-24 18:16:15,050 [DEBUG] taskcoachlib.gui.viewer.base: Viewer.presentation : Les éléments de la présentation sont : Sorter(<class 'taskcoachlib.domain.task.sorter.Sorter'>([])).
2026-02-24 18:16:15,066 [DEBUG] taskcoachlib.gui.viewer.base: Viewer.presentation : Retour de la présentation de TaskViewer avec 0 éléments.
2026-02-24 18:16:15,066 [DEBUG] taskcoachlib.gui.viewer.base: Viewer.presentation : Les éléments de la présentation sont : Sorter(<class 'taskcoachlib.domain.task.sorter.Sorter'>([])).
2026-02-24 18:16:15,082 [DEBUG] taskcoachlib.gui.viewer.base: Viewer.presentation : Retour de la présentation de TaskViewer avec 0 éléments.
2026-02-24 18:16:15,082 [DEBUG] taskcoachlib.gui.viewer.base: Viewer.presentation : Les éléments de la présentation sont : Sorter(<class 'taskcoachlib.domain.task.sorter.Sorter'>([])).
2026-02-24 18:16:15,099 [DEBUG] taskcoachlib.gui.viewer.base: Viewer.presentation : Retour de la présentation de TaskViewer avec 0 éléments.
2026-02-24 18:16:15,099 [DEBUG] taskcoachlib.gui.viewer.base: Viewer.presentation : Les éléments de la présentation sont : Sorter(<class 'taskcoachlib.domain.task.sorter.Sorter'>([])).
2026-02-24 18:16:15,117 [DEBUG] taskcoachlib.gui.viewer.base: Viewer.presentation : Retour de la présentation de TaskViewer avec 0 éléments.
2026-02-24 18:16:15,117 [DEBUG] taskcoachlib.gui.viewer.base: Viewer.presentation : Les éléments de la présentation sont : Sorter(<class 'taskcoachlib.domain.task.sorter.Sorter'>([])).
2026-02-24 18:16:15,133 [DEBUG] taskcoachlib.gui.viewer.base: Viewer.presentation : Retour de la présentation de TaskViewer avec 0 éléments.
2026-02-24 18:16:15,133 [DEBUG] taskcoachlib.gui.viewer.base: Viewer.presentation : Les éléments de la présentation sont : Sorter(<class 'taskcoachlib.domain.task.sorter.Sorter'>([])).
2026-02-24 18:16:15,149 [DEBUG] taskcoachlib.gui.viewer.base: Viewer.presentation : Retour de la présentation de TaskViewer avec 0 éléments.
2026-02-24 18:16:15,150 [DEBUG] taskcoachlib.gui.viewer.base: Viewer.presentation : Les éléments de la présentation sont : Sorter(<class 'taskcoachlib.domain.task.sorter.Sorter'>([])).
2026-02-24 18:16:15,167 [DEBUG] taskcoachlib.gui.viewer.base: Viewer.presentation : Retour de la présentation de TaskViewer avec 0 éléments.
2026-02-24 18:16:15,167 [DEBUG] taskcoachlib.gui.viewer.base: Viewer.presentation : Les éléments de la présentation sont : Sorter(<class 'taskcoachlib.domain.task.sorter.Sorter'>([])).
2026-02-24 18:16:15,183 [DEBUG] taskcoachlib.gui.viewer.base: Viewer.presentation : Retour de la présentation de TaskViewer avec 0 éléments.
2026-02-24 18:16:15,183 [DEBUG] taskcoachlib.gui.viewer.base: Viewer.presentation : Les éléments de la présentation sont : Sorter(<class 'taskcoachlib.domain.task.sorter.Sorter'>([])).
2026-02-24 18:16:15,200 [DEBUG] taskcoachlib.gui.viewer.base: Viewer.presentation : Retour de la présentation de TaskViewer avec 0 éléments.
2026-02-24 18:16:15,200 [DEBUG] taskcoachlib.gui.viewer.base: Viewer.presentation : Les éléments de la présentation sont : Sorter(<class 'taskcoachlib.domain.task.sorter.Sorter'>([])).
2026-02-24 18:16:15,543 [DEBUG] taskcoachlib.gui.viewer.base: Viewer.presentation : Retour de la présentation de TaskViewer avec 0 éléments.
2026-02-24 18:16:15,544 [DEBUG] taskcoachlib.gui.viewer.base: Viewer.presentation : Les éléments de la présentation sont : Sorter(<class 'taskcoachlib.domain.task.sorter.Sorter'>([])).
2026-02-24 18:16:15,562 [DEBUG] taskcoachlib.gui.viewer.base: Viewer.presentation : Retour de la présentation de TaskViewer avec 0 éléments.
2026-02-24 18:16:15,562 [DEBUG] taskcoachlib.gui.viewer.base: Viewer.presentation : Les éléments de la présentation sont : Sorter(<class 'taskcoachlib.domain.task.sorter.Sorter'>([])).
2026-02-24 18:16:15,567 [DEBUG] taskcoachlib.gui.viewer.base: Viewer.presentation : Retour de la présentation de TaskViewer avec 0 éléments.
2026-02-24 18:16:15,567 [DEBUG] taskcoachlib.gui.viewer.base: Viewer.presentation : Les éléments de la présentation sont : Sorter(<class 'taskcoachlib.domain.task.sorter.Sorter'>([])).
2026-02-24 18:16:15,584 [DEBUG] taskcoachlib.gui.viewer.base: Viewer.presentation : Retour de la présentation de TaskViewer avec 0 éléments.
2026-02-24 18:16:15,584 [DEBUG] taskcoachlib.gui.viewer.base: Viewer.presentation : Les éléments de la présentation sont : Sorter(<class 'taskcoachlib.domain.task.sorter.Sorter'>([])).
2026-02-24 18:16:15,600 [DEBUG] taskcoachlib.gui.viewer.base: Viewer.presentation : Retour de la présentation de TaskViewer avec 0 éléments.
2026-02-24 18:16:15,600 [DEBUG] taskcoachlib.gui.viewer.base: Viewer.presentation : Les éléments de la présentation sont : Sorter(<class 'taskcoachlib.domain.task.sorter.Sorter'>([])).
2026-02-24 18:16:15,724 [INFO] taskcoachlib.gui.mainwindow: MainWindow.setShutdownInProgress : Le processus d'arrêt de l'application est en cours. Plus aucune action durant cette phase !
2026-02-24 18:16:15,725 [INFO] taskcoachlib.gui.mainwindow: mainWindow.onClose : Fermeture de la fenêtre par l'utilisateur.
2026-02-24 18:16:15,725 [INFO] taskcoachlib.application.application: Application.quitApplication : Début de la Fermeture de l'application
2026-02-24 18:16:15,725 [DEBUG] taskcoachlib.gui.mainwindow: MainWindow.onCLose : Fermeture des éditeurs
2026-02-24 18:16:15,725 [INFO] taskcoachlib.gui.mainwindow: MainWindow.closeEditors : Fermeture de tous les éditeurs ouverts dans la fenêtre principale.
2026-02-24 18:16:15,725 [DEBUG] taskcoachlib.gui.mainwindow: MainWindow.onClose : Quitter avec event.Skip()
2026-02-24 18:16:15,725 [INFO] taskcoachlib.persistence.taskfile: TaskFile.stop() appelé.
2026-02-24 18:16:15,726 [INFO] taskcoachlib.gui.mainwindow: MainWindow.closeEditors : Fermeture de tous les éditeurs ouverts dans la fenêtre principale.
2026-02-24 18:16:15,726 [INFO] taskcoachlib.gui.mainwindow: MainWindow.onCLose : Fenêtre fermée par l'utilisateur
2026-02-24 18:16:15,726 [INFO] taskcoachlib.application.application: Avant appel sys.exit()
2026-02-24 18:16:15,726 [INFO] taskcoachlib.application.application: Fenêtre principale détruite, appel de sys.exit()
2026-02-24 18:16:15,726 [INFO] taskcoachlib.application.application: Threads actifs avant sys.exit(): [<_MainThread(MainThread, started 140277390072768)>]
2026-02-24 18:16:15,726 [DEBUG] taskcoachlib.application.application: Thread: MainThread, Daemon: False, Class: <class 'threading._MainThread'>
2026-02-24 18:16:15,727 [DEBUG] taskcoachlib.application.application: Stack for thread MainThread:
  File "/home/sylvain/Téléchargements/src/task-coach-git/taskcoach/taskcoach.py", line 305, in <module>
    start()
  File "/home/sylvain/Téléchargements/src/task-coach-git/taskcoach/taskcoach.py", line 298, in start
    app.start()
  File "/home/sylvain/Téléchargements/src/task-coach-git/taskcoach/taskcoachlib/application/application.py", line 741, in start
    self.__wx_app.MainLoop()
  File "/home/sylvain/Téléchargements/src/task-coach-git/venv/lib/python3.14/site-packages/wx/core.py", line 2254, in MainLoop
    rv = wx.PyApp.MainLoop(self)
  File "/home/sylvain/Téléchargements/src/task-coach-git/taskcoach/taskcoachlib/gui/mainwindow.py", line 1101, in onClose
    should_quit = application.Application().quitApplication()
  File "/home/sylvain/Téléchargements/src/task-coach-git/taskcoach/taskcoachlib/application/application.py", line 1668, in quitApplication
    stack = _stack_for_thread(t, frames)
2026-02-24 18:16:15,727 [DEBUG] taskcoachlib.application.application: Application.quitApplication : Essaie de quitter proprement l'application avec sys.exit().
