2026-03-02 21:51:27,486 [INFO] __main__: ****************************************************************
2026-03-02 21:51:27,487 [INFO] __main__: *               Démarrage de Task Coach                          *
2026-03-02 21:51:27,487 [INFO] __main__: ****************************************************************
2026-03-02 21:51:27,487 [INFO] __main__: Environnement non frozen détecté (mode développement)
2026-03-02 21:51:27,487 [INFO] __main__: Lancement du programme Task Coach via taskcoach.py et les arguments d'ArgumentParser.
2026-03-02 21:51:27,645 [INFO] taskcoachlib.application: application avec wx
2026-03-02 21:51:27,905 [DEBUG] taskcoachlib.filesystem: filesystem : _system=Linux
2026-03-02 21:51:28,257 [INFO] __main__: Arguments analysés : options={'profile': False, 'skipstart': False, 'inifile': None, 'language': None, 'pofile': None, 'gui_name': 'wx'}, args=[]
2026-03-02 21:51:28,257 [DEBUG] taskcoachlib.config.settings: --- Settings.__init__ entrée ---
2026-03-02 21:51:28,257 [DEBUG] taskcoachlib.config.settings:   load: True
2026-03-02 21:51:28,257 [DEBUG] taskcoachlib.config.settings:   iniFile (reçu par Settings): None
2026-03-02 21:51:28,257 [DEBUG] taskcoachlib.config.settings:   *args (reçus par Settings): ()
2026-03-02 21:51:28,257 [DEBUG] taskcoachlib.config.settings:   **kwargs (reçus par Settings): {}
2026-03-02 21:51:28,260 [INFO] taskcoachlib.config.settings: Settings.__init__ avec wx.
2026-03-02 21:51:28,265 [INFO] taskcoachlib.config.settings: Settings.__init__ terminé avec succès !
2026-03-02 21:51:28,333 [INFO] taskcoachlib.application.application: Application.init: Initialisation des composants de l'application.
2026-03-02 21:51:28,334 [DEBUG] taskcoachlib.application.application: Application.__check_file_lock_early : Checking lock for last file: /home/sylvain/Documents/TaskCoach/Test.tsk
2026-03-02 21:51:28,334 [DEBUG] taskcoachlib.application.application: Application.__check_file_lock_early : filename to check for lock: /home/sylvain/Documents/TaskCoach/Test.tsk
2026-03-02 21:51:28,334 [DEBUG] taskcoachlib.application.application: Application.__check_file_lock_early : Lock file path: /home/sylvain/Documents/TaskCoach/Test.tsk.lock, acquired: True
2026-03-02 21:51:28,334 [DEBUG] taskcoachlib.application.application: Application.__check_file_lock_early : User chose to skip the lock.
2026-03-02 21:51:28,334 [DEBUG] taskcoachlib.application.application: Application.__check_file_lock_early : Final early lock result: ok
2026-03-02 21:51:28,340 [INFO] taskcoachlib.persistence.taskfile: Initialisation de TaskFile avec des arguments : (), {'poll': False}
2026-03-02 21:51:28,341 [INFO] taskcoachlib.persistence.taskfile: TaskFile : self.__tasks = TaskList()
2026-03-02 21:51:28,342 [DEBUG] taskcoachlib.filesystem.fs_inotify: FilesystemNotifier.__init__ : initialisation du notificateur utilisant inotify
2026-03-02 21:51:28,430 [DEBUG] taskcoachlib.filesystem.fs_inotify: FilesystemNotifier initialisé !
2026-03-02 21:51:28,435 [INFO] taskcoachlib.persistence.taskfile: TaskFile : TaskFile initialisé avec filename='', guid='9d2afbc1-1225-4daa-b4c3-051f6d7c0274' et syncMLConfig='None'.
2026-03-02 21:51:28,435 [INFO] taskcoachlib.persistence.taskfile: TaskFile : Tâche de base initialisée : 
2026-03-02 21:51:28,435 [INFO] taskcoachlib.persistence.taskfile: TaskFile : Tâches initiales : TaskList()
2026-03-02 21:51:28,435 [INFO] taskcoachlib.persistence.taskfile: TaskFile : Notes initiales : NoteContainer()
2026-03-02 21:51:28,435 [INFO] taskcoachlib.persistence.taskfile: TaskFile initialisé.
2026-03-02 21:51:28,435 [DEBUG] taskcoachlib.application.application: Application.init: le fichier à ouvrir est self.taskfile = .
2026-03-02 21:51:28,436 [WARNING] taskcoachlib.application.application: Application.init:  id(self.taskFile) : 140214712173296
2026-03-02 21:51:28,436 [WARNING] taskcoachlib.application.application: Application.init: Nb tâches viewer: 0
2026-03-02 21:51:28,436 [INFO] taskcoachlib.application.application: Application.init: Initialisation de la fenêtre principale.
2026-03-02 21:51:28,436 [INFO] taskcoachlib.gui.mainwindow: Début d'initialisation de MainWindow
2026-03-02 21:51:28,440 [INFO] taskcoachlib.gui.mainwindow: MainWindow : self.GetId() id=-31962
2026-03-02 21:51:28,440 [DEBUG] taskcoachlib.gui.windowdimensionstracker: Running on Wayland - window positioning blocked by compositor
2026-03-02 21:51:28,440 [DEBUG] taskcoachlib.gui.windowdimensionstracker: LOAD: pos=(0, 0) size=(1753, 744) maximized=True
2026-03-02 21:51:28,440 [DEBUG] taskcoachlib.gui.windowdimensionstracker: _validate_geometry: checking pos=(0, 0) size=(1753, 744) against 1 monitors
2026-03-02 21:51:28,440 [DEBUG] taskcoachlib.gui.windowdimensionstracker: Monitor 0: geometry=1920x1080 work_area=1920x1080
2026-03-02 21:51:28,440 [DEBUG] taskcoachlib.gui.windowdimensionstracker:   Geometry valid for monitor 0
2026-03-02 21:51:28,441 [DEBUG] taskcoachlib.gui.windowdimensionstracker: Set desired: pos=(0, 0) size=(1753, 744) maximized=True
2026-03-02 21:51:28,441 [DEBUG] taskcoachlib.gui.windowdimensionstracker: _log_position_tick: ready=False
2026-03-02 21:51:28,441 [DEBUG] taskcoachlib.gui.windowdimensionstracker: POS_LOG [0.00s]: pos=(0, 0) size=(1753, 744) max=False
2026-03-02 21:51:28,441 [DEBUG] taskcoachlib.gui.windowdimensionstracker: _log_position_tick: scheduled next tick in 50ms
2026-03-02 21:51:28,441 [INFO] taskcoachlib.gui.mainwindow: MainWindow : Initialisation de WindowDimensionsTracker pour la gestion de la taille et de la position de la fenêtre.
2026-03-02 21:51:28,441 [INFO] taskcoachlib.gui.mainwindow: MainWindow : Création et initialisation des composants de la fenêtre :
2026-03-02 21:51:28,441 [DEBUG] taskcoachlib.gui.mainwindow: MainWindow._create_window_components : création du conteneur pour les visionneuses.
2026-03-02 21:51:28,442 [DEBUG] taskcoachlib.gui.mainwindow: MainWindow._create_viewer_container : utilise viewer.container.ViewerContainer pour créer le conteneur de visionneuses.
2026-03-02 21:51:28,442 [DEBUG] taskcoachlib.gui.mainwindow: MainWindow._create_viewer_container : conteneur de visionneuses créé !
2026-03-02 21:51:28,442 [DEBUG] taskcoachlib.gui.mainwindow: MainWindow._create_window_components : Lance une classe-méthode pour ajouter des viewers.
2026-03-02 21:51:28,442 [DEBUG] taskcoachlib.gui.viewer.factory: addViewers.__add_viewers : Adding viewer of class <class 'taskcoachlib.gui.viewer.task.TaskViewer'>
2026-03-02 21:51:28,442 [WARNING] taskcoachlib.gui.viewer.factory: addViewers.__add_viewers : viewer_instance = TaskViewer((<taskcoachlib.gui.mainwindow.MainWindow object at 0x7f861a350c20>, <taskcoachlib.persistence.taskfile.LockedTaskFile object at 0x7f86481c82f0>, <taskcoachlib.config.settings.Settings object at 0x7f8648283b60>), {})
2026-03-02 21:51:28,442 [DEBUG] taskcoachlib.gui.viewer.task: TaskViewer.__init__ : Initialisation, Création du Visualiseur de tâches standard.
2026-03-02 21:51:28,442 [DEBUG] taskcoachlib.gui.viewer.mixin: ManualOrderingMixin.__init__ : initialisation de l'ordre manuel.
2026-03-02 21:51:28,442 [DEBUG] taskcoachlib.gui.viewer.mixin: ManualOrderingMixin.__init__ : ajoute 'sort' à la liste des icones visibles pour le tri manuel.
2026-03-02 21:51:28,442 [DEBUG] taskcoachlib.gui.viewer.mixin: SortableViewerMixin.__init__ : initialisation d'une visionneuse triable.
2026-03-02 21:51:28,443 [DEBUG] taskcoachlib.gui.viewer.base: ViewerWithColumns : Initialisation Création de la visionneuse avec des colonnes.
2026-03-02 21:51:28,443 [DEBUG] taskcoachlib.gui.viewer.task: BaseTaskTreeViewer : Création du Visualiseur de tâches sous forme d'arborescence avec rafraîchissement automatique.
2026-03-02 21:51:28,443 [DEBUG] taskcoachlib.gui.viewer.task: BaseTaskViewer : Création du Visualiseur de base pour les tâches.
2026-03-02 21:51:28,443 [DEBUG] taskcoachlib.gui.viewer.mixin: FilterableViewerMixin.__init__ : initialisation d'une visionneuse filtrable.
2026-03-02 21:51:28,443 [DEBUG] taskcoachlib.gui.viewer.base: TreeViewer : Initialisation avec args=(<taskcoachlib.gui.mainwindow.MainWindow object at 0x7f861a350c20>, <taskcoachlib.persistence.taskfile.LockedTaskFile object at 0x7f86481c82f0>, <taskcoachlib.config.settings.Settings object at 0x7f8648283b60>) et kwargs={'instanceNumber': 0, 'settingsSection': 'taskviewer'}.
