2026-03-01 08:12:13,011 [INFO] __main__: ****************************************************************
2026-03-01 08:12:13,012 [INFO] __main__: *               Démarrage de Task Coach                          *
2026-03-01 08:12:13,012 [INFO] __main__: ****************************************************************
2026-03-01 08:12:13,012 [INFO] __main__: Environnement non frozen détecté (mode développement)
2026-03-01 08:12:13,012 [INFO] __main__: Lancement du programme Task Coach via taskcoach.py et les arguments d'ArgumentParser.
2026-03-01 08:12:13,139 [INFO] taskcoachlib.application: application avec wx
2026-03-01 08:12:13,352 [DEBUG] taskcoachlib.filesystem: filesystem : _system=Linux
2026-03-01 08:12:13,743 [INFO] __main__: Arguments analysés : options={'profile': False, 'skipstart': False, 'inifile': None, 'language': None, 'pofile': None, 'gui_name': 'wx'}, args=[]
2026-03-01 08:12:13,743 [DEBUG] taskcoachlib.config.settings: --- Settings.__init__ entrée ---
2026-03-01 08:12:13,743 [DEBUG] taskcoachlib.config.settings:   load: True
2026-03-01 08:12:13,743 [DEBUG] taskcoachlib.config.settings:   iniFile (reçu par Settings): None
2026-03-01 08:12:13,743 [DEBUG] taskcoachlib.config.settings:   *args (reçus par Settings): ()
2026-03-01 08:12:13,743 [DEBUG] taskcoachlib.config.settings:   **kwargs (reçus par Settings): {}
2026-03-01 08:12:13,747 [INFO] taskcoachlib.config.settings: Settings.__init__ avec wx.
2026-03-01 08:12:13,756 [INFO] taskcoachlib.config.settings: Settings.__init__ terminé avec succès !
2026-03-01 08:12:13,821 [INFO] taskcoachlib.application.application: Application.init: Initialisation des composants de l'application.
2026-03-01 08:12:13,821 [DEBUG] taskcoachlib.application.application: Application.__check_file_lock_early : Checking lock for last file: /home/sylvain/Documents/TaskCoach/Test.tsk
2026-03-01 08:12:13,821 [DEBUG] taskcoachlib.application.application: Application.__check_file_lock_early : filename to check for lock: /home/sylvain/Documents/TaskCoach/Test.tsk
2026-03-01 08:12:13,821 [DEBUG] taskcoachlib.application.application: Application.__check_file_lock_early : Lock file path: /home/sylvain/Documents/TaskCoach/Test.tsk.lock, acquired: True
2026-03-01 08:12:13,821 [DEBUG] taskcoachlib.application.application: Application.__check_file_lock_early : User chose to skip the lock.
2026-03-01 08:12:13,821 [DEBUG] taskcoachlib.application.application: Application.__check_file_lock_early : Final early lock result: ok
2026-03-01 08:12:13,829 [INFO] taskcoachlib.persistence.taskfile: Initialisation de TaskFile avec des arguments : (), {'poll': False}
2026-03-01 08:12:13,829 [INFO] taskcoachlib.persistence.taskfile: TaskFile : self.__tasks = TaskList()
2026-03-01 08:12:13,830 [DEBUG] taskcoachlib.filesystem.fs_inotify: FilesystemNotifier.__init__ : initialisation du notificateur utilisant inotify
2026-03-01 08:12:13,902 [DEBUG] taskcoachlib.filesystem.fs_inotify: FilesystemNotifier initialisé !
2026-03-01 08:12:13,905 [INFO] taskcoachlib.persistence.taskfile: TaskFile : TaskFile initialisé avec filename='', guid='34b8a1da-56bf-4a98-b9ec-c9e421be5818' et syncMLConfig='None'.
2026-03-01 08:12:13,906 [INFO] taskcoachlib.persistence.taskfile: TaskFile : Tâche de base initialisée : 
2026-03-01 08:12:13,906 [INFO] taskcoachlib.persistence.taskfile: TaskFile : Tâches initiales : TaskList()
2026-03-01 08:12:13,906 [INFO] taskcoachlib.persistence.taskfile: TaskFile : Notes initiales : NoteContainer()
2026-03-01 08:12:13,906 [INFO] taskcoachlib.persistence.taskfile: TaskFile initialisé.
2026-03-01 08:12:13,906 [DEBUG] taskcoachlib.application.application: Application.init: le fichier à ouvrir est self.taskfile = .
2026-03-01 08:12:13,907 [WARNING] taskcoachlib.application.application: Application.init:  id(self.taskFile) : 140539028208144
2026-03-01 08:12:13,907 [WARNING] taskcoachlib.application.application: Application.init: Nb tâches viewer: 0
2026-03-01 08:12:13,907 [INFO] taskcoachlib.application.application: Application.init: Initialisation de la fenêtre principale.
2026-03-01 08:12:13,907 [INFO] taskcoachlib.gui.mainwindow: Début d'initialisation de MainWindow
2026-03-01 08:12:13,910 [INFO] taskcoachlib.gui.mainwindow: MainWindow : self.GetId() id=-31962
2026-03-01 08:12:13,910 [DEBUG] taskcoachlib.gui.windowdimensionstracker: Running on Wayland - window positioning blocked by compositor
2026-03-01 08:12:13,911 [DEBUG] taskcoachlib.gui.windowdimensionstracker: LOAD: pos=(0, 0) size=(1753, 744) maximized=True
2026-03-01 08:12:13,911 [DEBUG] taskcoachlib.gui.windowdimensionstracker: _validate_geometry: checking pos=(0, 0) size=(1753, 744) against 1 monitors
2026-03-01 08:12:13,911 [DEBUG] taskcoachlib.gui.windowdimensionstracker: Monitor 0: geometry=1920x1080 work_area=1920x1080
2026-03-01 08:12:13,911 [DEBUG] taskcoachlib.gui.windowdimensionstracker:   Geometry valid for monitor 0
2026-03-01 08:12:13,911 [DEBUG] taskcoachlib.gui.windowdimensionstracker: Set desired: pos=(0, 0) size=(1753, 744) maximized=True
2026-03-01 08:12:13,911 [DEBUG] taskcoachlib.gui.windowdimensionstracker: _log_position_tick: ready=False
2026-03-01 08:12:13,911 [DEBUG] taskcoachlib.gui.windowdimensionstracker: POS_LOG [0.00s]: pos=(0, 0) size=(1753, 744) max=False
2026-03-01 08:12:13,912 [DEBUG] taskcoachlib.gui.windowdimensionstracker: _log_position_tick: scheduled next tick in 50ms
2026-03-01 08:12:13,912 [INFO] taskcoachlib.gui.mainwindow: MainWindow : Initialisation de WindowDimensionsTracker pour la gestion de la taille et de la position de la fenêtre.
2026-03-01 08:12:13,912 [INFO] taskcoachlib.gui.mainwindow: MainWindow : Création et initialisation des composants de la fenêtre :
2026-03-01 08:12:13,912 [DEBUG] taskcoachlib.gui.mainwindow: MainWindow._create_window_components : création du conteneur pour les visionneuses.
2026-03-01 08:12:13,912 [DEBUG] taskcoachlib.gui.mainwindow: MainWindow._create_viewer_container : utilise viewer.container.ViewerContainer pour créer le conteneur de visionneuses.
2026-03-01 08:12:13,912 [DEBUG] taskcoachlib.gui.mainwindow: MainWindow._create_viewer_container : conteneur de visionneuses créé !
2026-03-01 08:12:13,912 [DEBUG] taskcoachlib.gui.mainwindow: MainWindow._create_window_components : Lance une classe-méthode pour ajouter des viewers.
2026-03-01 08:12:13,912 [DEBUG] taskcoachlib.gui.viewer.factory: addViewers.__add_viewers : Adding viewer of class <class 'taskcoachlib.gui.viewer.task.TaskViewer'>
2026-03-01 08:12:13,912 [WARNING] taskcoachlib.gui.viewer.factory: addViewers.__add_viewers : viewer_instance = TaskViewer((<taskcoachlib.gui.mainwindow.MainWindow object at 0x7fd1c9954320>, <taskcoachlib.persistence.taskfile.LockedTaskFile object at 0x7fd1cada7a10>, <taskcoachlib.config.settings.Settings object at 0x7fd1cada7380>), {})
2026-03-01 08:12:13,913 [DEBUG] taskcoachlib.gui.viewer.task: TaskViewer.__init__ : Initialisation, Création du Visualiseur de tâches standard.
2026-03-01 08:12:13,913 [DEBUG] taskcoachlib.gui.viewer.mixin: ManualOrderingMixin.__init__ : initialisation de l'ordre manuel.
2026-03-01 08:12:13,913 [DEBUG] taskcoachlib.gui.viewer.mixin: ManualOrderingMixin.__init__ : ajoute 'sort' à la liste des icones visibles pour le tri manuel.
2026-03-01 08:12:13,913 [DEBUG] taskcoachlib.gui.viewer.mixin: SortableViewerMixin.__init__ : initialisation d'une visionneuse triable.
2026-03-01 08:12:13,913 [DEBUG] taskcoachlib.gui.viewer.base: ViewerWithColumns : Initialisation Création de la visionneuse avec des colonnes.
2026-03-01 08:12:13,913 [DEBUG] taskcoachlib.gui.viewer.task: BaseTaskTreeViewer : Création du Visualiseur de tâches sous forme d'arborescence avec rafraîchissement automatique.
2026-03-01 08:12:13,913 [DEBUG] taskcoachlib.gui.viewer.task: BaseTaskViewer : Création du Visualiseur de base pour les tâches.
2026-03-01 08:12:13,913 [DEBUG] taskcoachlib.gui.viewer.mixin: FilterableViewerMixin.__init__ : initialisation d'une visionneuse filtrable.
2026-03-01 08:12:13,913 [DEBUG] taskcoachlib.gui.viewer.base: TreeViewer : Initialisation avec args=(<taskcoachlib.gui.mainwindow.MainWindow object at 0x7fd1c9954320>, <taskcoachlib.persistence.taskfile.LockedTaskFile object at 0x7fd1cada7a10>, <taskcoachlib.config.settings.Settings object at 0x7fd1cada7380>) et kwargs={'instanceNumber': 0, 'settingsSection': 'taskviewer'}.
2026-03-01 08:12:13,913 [DEBUG] taskcoachlib.gui.viewer.base: Viewer : Initialisation d'une nouvelle visionneuse self=TaskViewer.
2026-03-01 08:12:13,913 [DEBUG] taskcoachlib.gui.viewer.base: Viewer : parent=MainWindow
2026-03-01 08:12:13,913 [DEBUG] taskcoachlib.gui.viewer.task: BaseTaskViewer.domainObjectsToView : Nombre total d'objets dans la TaskList : 0
2026-03-01 08:12:13,913 [WARNING] taskcoachlib.gui.viewer.task: BaseTaskViewer.domainObjectsToView : ALERTE : Aucune tâche n'est présente dans le modèle après le chargement.
2026-03-01 08:12:13,913 [DEBUG] taskcoachlib.gui.viewer.task: BaseTaskViewer.domainObjectsToView : Retourne les tâches à visualiser : self.taskFile.tasks()=TaskList().
2026-03-01 08:12:13,913 [DEBUG] taskcoachlib.domain.base.filter: Filter.treeMode : renvoie le mode d'arborescence actuel de DeletedFilter: False.
2026-03-01 08:12:13,913 [DEBUG] taskcoachlib.gui.viewer.task: TaskViewer.isTreeViewer : La présentation n'est pas encore créée, utilisation des paramètres. self.settings=<taskcoachlib.config.settings.Settings object at 0x7fd1cada7380>.
2026-03-01 08:12:13,914 [DEBUG] taskcoachlib.domain.base.filter: Filter.treeMode : renvoie le mode d'arborescence actuel de CategoryFilter: True.
2026-03-01 08:12:13,914 [DEBUG] taskcoachlib.gui.viewer.task: TaskViewer.isTreeViewer : La présentation n'est pas encore créée, utilisation des paramètres. self.settings=<taskcoachlib.config.settings.Settings object at 0x7fd1cada7380>.
2026-03-01 08:12:13,915 [DEBUG] taskcoachlib.domain.base.filter: Filter.treeMode : renvoie le mode d'arborescence actuel de ViewFilter: True.
2026-03-01 08:12:13,915 [DEBUG] taskcoachlib.domain.base.filter: Filter.treeMode : renvoie le mode d'arborescence actuel de ViewFilter: True.
2026-03-01 08:12:13,915 [DEBUG] taskcoachlib.gui.viewer.task: TaskViewer.isTreeViewer : La présentation n'est pas encore créée, utilisation des paramètres. self.settings=<taskcoachlib.config.settings.Settings object at 0x7fd1cada7380>.
2026-03-01 08:12:13,915 [DEBUG] taskcoachlib.domain.base.filter: Filter.treeMode : renvoie le mode d'arborescence actuel de SearchFilter: True.
2026-03-01 08:12:13,915 [DEBUG] taskcoachlib.gui.viewer.task: TaskViewer.isTreeViewer : La présentation n'est pas encore créée, utilisation des paramètres. self.settings=<taskcoachlib.config.settings.Settings object at 0x7fd1cada7380>.
2026-03-01 08:12:13,915 [DEBUG] taskcoachlib.gui.viewer.task: TaskViewer.createWidget : Crée le widget de l'arborescence des tâches avec des menus contextuels. self=TaskViewer. 
2026-03-01 08:12:13,924 [DEBUG] taskcoachlib.gui.viewer.task: TaskViewer._createColumns retourne columns [<taskcoachlib.widgets.itemctrl.Column object at 0x7fd1c9915940>, <taskcoachlib.widgets.itemctrl.Column object at 0x7fd1c9a56d50>, <taskcoachlib.widgets.itemctrl.Column object at 0x7fd1c9a56e90>, <taskcoachlib.widgets.itemctrl.Column object at 0x7fd1c9a56fd0>, <taskcoachlib.widgets.itemctrl.Column object at 0x7fd1c9a57110>, <taskcoachlib.widgets.itemctrl.Column object at 0x7fd1c9a57250>, <taskcoachlib.widgets.itemctrl.Column object at 0x7fd1c9a57390>, <taskcoachlib.widgets.itemctrl.Column object at 0x7fd1c9a574d0>, <taskcoachlib.widgets.itemctrl.Column object at 0x7fd1c9a57610>, <taskcoachlib.widgets.itemctrl.Column object at 0x7fd1c9a57750>, <taskcoachlib.widgets.itemctrl.Column object at 0x7fd1c9a57890>, <taskcoachlib.widgets.itemctrl.Column object at 0x7fd1c9a579d0>, <taskcoachlib.widgets.itemctrl.Column object at 0x7fd1c9a57b10>, <taskcoachlib.widgets.itemctrl.Column object at 0x7fd1c9a57c50>, <taskcoachlib.widgets.itemctrl.Column object at 0x7fd1c9a57d90>, <taskcoachlib.widgets.itemctrl.Column object at 0x7fd1c9a57ed0>, <taskcoachlib.widgets.itemctrl.Column object at 0x7fd1c998c050>, <taskcoachlib.widgets.itemctrl.Column object at 0x7fd1c998c190>, <taskcoachlib.widgets.itemctrl.Column object at 0x7fd1c998c2d0>, <taskcoachlib.widgets.itemctrl.Column object at 0x7fd1c998c410>, <taskcoachlib.widgets.itemctrl.Column object at 0x7fd1c998c550>, <taskcoachlib.widgets.itemctrl.Column object at 0x7fd1c998c690>, <taskcoachlib.widgets.itemctrl.Column object at 0x7fd1c998c7d0>, <taskcoachlib.widgets.itemctrl.Column object at 0x7fd1c998c910>, <taskcoachlib.widgets.itemctrl.Column object at 0x7fd1c998ca50>, <taskcoachlib.widgets.itemctrl.Column object at 0x7fd1c998cb90>, <taskcoachlib.widgets.itemctrl.Column object at 0x7fd1c998ccd0>, <taskcoachlib.widgets.itemctrl.Column object at 0x7fd1c998ce10>, <taskcoachlib.widgets.itemctrl.Column object at 0x7fd1c998cf50>].
2026-03-01 08:12:13,924 [DEBUG] taskcoachlib.gui.viewer.task: BaseTaskTreeViewer.createTaskPopupMenu : Création du menu contextuel.
2026-03-01 08:12:13,924 [DEBUG] taskcoachlib.gui.viewer.base: Viewer.presentation : Retour de la présentation de TaskViewer avec 0 éléments.
2026-03-01 08:12:13,924 [DEBUG] taskcoachlib.gui.viewer.base: Viewer.presentation : Les éléments de la présentation sont : Sorter(<class 'taskcoachlib.domain.task.sorter.Sorter'>([])).
2026-03-01 08:12:13,924 [INFO] taskcoachlib.gui.menu: TaskPopupMenu : Création du menu Popup de Tâche.
2026-03-01 08:12:13,924 [INFO] taskcoachlib.gui.menu: Menu : Création du menu de base. Initialisation du menu contextuel : TaskPopupMenu
2026-03-01 08:12:13,925 [DEBUG] taskcoachlib.gui.menu: Menu : self._window=<taskcoachlib.gui.mainwindow.MainWindow object at 0x7fd1c9954320>
2026-03-01 08:12:13,925 [INFO] taskcoachlib.gui.menu: Menu : window est une instance valide de wx.Window.
2026-03-01 08:12:13,925 [INFO] taskcoachlib.gui.menu: Menu : Fin d'Initialisation de Menu ! (self est TaskPopupMenu, window est MainWindow)
2026-03-01 08:12:13,926 [DEBUG] taskcoachlib.gui.menu: Menu.appendUICommand Essaie d'ajouter EditCut au menu TaskPopupMenu dans la classe wxFrame MainWindow winId=-31962
2026-03-01 08:12:13,926 [DEBUG] taskcoachlib.gui.uicommand.base_uicommand: UICommand.__getBitmap() appelé avec self=<taskcoachlib.gui.uicommand.uicommand.EditCut object at 0x7fd1c9915a90>, self.uniqueName=EditCut bitmapName=cut, bitmapType=b'wxART_MENU_C' et bitmapSize=(16, 16)
2026-03-01 08:12:13,927 [DEBUG] taskcoachlib.gui.menu: Menu.appendUICommand Essaie d'ajouter EditCopy au menu TaskPopupMenu dans la classe wxFrame MainWindow winId=-31962
2026-03-01 08:12:13,927 [DEBUG] taskcoachlib.gui.uicommand.base_uicommand: UICommand.__getBitmap() appelé avec self=<taskcoachlib.gui.uicommand.uicommand.EditCopy object at 0x7fd1c9915be0>, self.uniqueName=EditCopy bitmapName=copy, bitmapType=b'wxART_MENU_C' et bitmapSize=(16, 16)
2026-03-01 08:12:13,928 [DEBUG] taskcoachlib.gui.menu: Menu.appendUICommand Essaie d'ajouter EditPaste au menu TaskPopupMenu dans la classe wxFrame MainWindow winId=-31962
2026-03-01 08:12:13,928 [DEBUG] taskcoachlib.gui.uicommand.base_uicommand: UICommand.__getBitmap() appelé avec self=<taskcoachlib.gui.uicommand.uicommand.EditPaste object at 0x7fd1c9915d30>, self.uniqueName=EditPaste bitmapName=paste, bitmapType=b'wxART_MENU_C' et bitmapSize=(16, 16)
2026-03-01 08:12:13,928 [DEBUG] taskcoachlib.gui.menu: Menu.appendUICommand Essaie d'ajouter EditPasteAsSubItem au menu TaskPopupMenu dans la classe wxFrame MainWindow winId=-31962
2026-03-01 08:12:13,928 [DEBUG] taskcoachlib.gui.uicommand.base_uicommand: UICommand.__getBitmap() appelé avec self=<taskcoachlib.gui.uicommand.uicommand.EditPasteAsSubItem object at 0x7fd1c9915e80>, self.uniqueName=EditPasteAsSubItem bitmapName=pasteintotask, bitmapType=b'wxART_MENU_C' et bitmapSize=(16, 16)
2026-03-01 08:12:13,936 [DEBUG] taskcoachlib.gui.menu: Menu.appendUICommand Essaie d'ajouter Edit au menu TaskPopupMenu dans la classe wxFrame MainWindow winId=-31962
2026-03-01 08:12:13,936 [DEBUG] taskcoachlib.gui.uicommand.base_uicommand: UICommand.__getBitmap() appelé avec self=<taskcoachlib.gui.uicommand.uicommand.Edit object at 0x7fd1c9915fd0>, self.uniqueName=Edit bitmapName=edit, bitmapType=b'wxART_MENU_C' et bitmapSize=(16, 16)
2026-03-01 08:12:13,937 [DEBUG] taskcoachlib.gui.menu: Menu.appendUICommand Essaie d'ajouter Delete au menu TaskPopupMenu dans la classe wxFrame MainWindow winId=-31962
2026-03-01 08:12:13,937 [DEBUG] taskcoachlib.gui.uicommand.base_uicommand: UICommand.__getBitmap() appelé avec self=<taskcoachlib.gui.uicommand.uicommand.Delete object at 0x7fd1c9916120>, self.uniqueName=Delete bitmapName=delete, bitmapType=b'wxART_MENU_C' et bitmapSize=(16, 16)
2026-03-01 08:12:13,937 [DEBUG] taskcoachlib.gui.menu: Menu.appendUICommand Essaie d'ajouter AddAttachment au menu TaskPopupMenu dans la classe wxFrame MainWindow winId=-31962
2026-03-01 08:12:13,937 [DEBUG] taskcoachlib.gui.uicommand.base_uicommand: UICommand.__getBitmap() appelé avec self=<taskcoachlib.gui.uicommand.uicommand.AddAttachment object at 0x7fd1c9916270>, self.uniqueName=AddAttachment bitmapName=paperclip_icon, bitmapType=b'wxART_MENU_C' et bitmapSize=(16, 16)
2026-03-01 08:12:13,937 [DEBUG] taskcoachlib.gui.menu: Menu.appendUICommand Essaie d'ajouter OpenAllAttachments au menu TaskPopupMenu dans la classe wxFrame MainWindow winId=-31962
2026-03-01 08:12:13,937 [DEBUG] taskcoachlib.gui.uicommand.base_uicommand: UICommand.__getBitmap() appelé avec self=<taskcoachlib.gui.uicommand.uicommand.OpenAllAttachments object at 0x7fd1c99163c0>, self.uniqueName=OpenAllAttachments bitmapName=paperclip_icon, bitmapType=b'wxART_MENU_C' et bitmapSize=(16, 16)
2026-03-01 08:12:13,938 [DEBUG] taskcoachlib.gui.menu: Menu.appendUICommand Essaie d'ajouter AddNote au menu TaskPopupMenu dans la classe wxFrame MainWindow winId=-31962
2026-03-01 08:12:13,938 [DEBUG] taskcoachlib.gui.uicommand.base_uicommand: UICommand.__getBitmap() appelé avec self=<taskcoachlib.gui.uicommand.uicommand.AddNote object at 0x7fd1c9916510>, self.uniqueName=AddNote bitmapName=note_icon, bitmapType=b'wxART_MENU_C' et bitmapSize=(16, 16)
2026-03-01 08:12:13,938 [DEBUG] taskcoachlib.gui.menu: Menu.appendUICommand Essaie d'ajouter OpenAllNotes au menu TaskPopupMenu dans la classe wxFrame MainWindow winId=-31962
2026-03-01 08:12:13,938 [DEBUG] taskcoachlib.gui.uicommand.base_uicommand: UICommand.__getBitmap() appelé avec self=<taskcoachlib.gui.uicommand.uicommand.OpenAllNotes object at 0x7fd1c9916660>, self.uniqueName=OpenAllNotes bitmapName=edit, bitmapType=b'wxART_MENU_C' et bitmapSize=(16, 16)
2026-03-01 08:12:13,938 [DEBUG] taskcoachlib.gui.menu: Menu.appendUICommand Essaie d'ajouter Mail au menu TaskPopupMenu dans la classe wxFrame MainWindow winId=-31962
2026-03-01 08:12:13,938 [DEBUG] taskcoachlib.gui.uicommand.base_uicommand: UICommand.__getBitmap() appelé avec self=<taskcoachlib.gui.uicommand.uicommand.Mail object at 0x7fd1c99167b0>, self.uniqueName=Mail bitmapName=envelope_icon, bitmapType=b'wxART_MENU_C' et bitmapSize=(16, 16)
2026-03-01 08:12:13,938 [DEBUG] taskcoachlib.gui.uicommand.uicommandcontainer: UICommandContainerMixin.appendUICommands a terminé d'ajouter les uiCommands !
2026-03-01 08:12:13,938 [INFO] taskcoachlib.gui.menu: Création du menu Toggle Catégorie.
2026-03-01 08:12:13,938 [INFO] taskcoachlib.gui.menu: DynamicMenu : Création du menu Dynamique. Initialisation du menu contextuel : ToggleCategoryMenu
2026-03-01 08:12:13,938 [INFO] taskcoachlib.gui.menu: Menu : Création du menu de base. Initialisation du menu contextuel : ToggleCategoryMenu
2026-03-01 08:12:13,939 [DEBUG] taskcoachlib.gui.menu: Menu : self._window=<taskcoachlib.gui.mainwindow.MainWindow object at 0x7fd1c9954320>
2026-03-01 08:12:13,939 [INFO] taskcoachlib.gui.menu: Menu : window est une instance valide de wx.Window.
2026-03-01 08:12:13,939 [INFO] taskcoachlib.gui.menu: Menu : Fin d'Initialisation de Menu ! (self est ToggleCategoryMenu, window est MainWindow)
2026-03-01 08:12:13,939 [INFO] taskcoachlib.gui.menu: DynamicMenu : menu Dynamique ToggleCategoryMenu créé.
2026-03-01 08:12:13,939 [INFO] taskcoachlib.gui.menu: Toggle Catégorie initialisé.
2026-03-01 08:12:13,939 [DEBUG] taskcoachlib.gui.menu: Menu.appendMenu : Ajout du sous-menu MenuItem à self=TaskPopupMenu.
2026-03-01 08:12:13,939 [DEBUG] taskcoachlib.gui.menu: Menu.appendUICommand Essaie d'ajouter TaskMarkInactive au menu TaskPopupMenu dans la classe wxFrame MainWindow winId=-31962
2026-03-01 08:12:13,939 [DEBUG] taskcoachlib.gui.uicommand.base_uicommand: UICommand.__getBitmap() appelé avec self=<taskcoachlib.gui.uicommand.uicommand.TaskMarkInactive object at 0x7fd1c9916900>, self.uniqueName=TaskMarkInactive bitmapName=led_grey_icon, bitmapType=b'wxART_MENU_C' et bitmapSize=(16, 16)
2026-03-01 08:12:13,940 [DEBUG] taskcoachlib.gui.menu: Menu.appendUICommand Essaie d'ajouter TaskMarkActive au menu TaskPopupMenu dans la classe wxFrame MainWindow winId=-31962
2026-03-01 08:12:13,940 [DEBUG] taskcoachlib.gui.uicommand.base_uicommand: UICommand.__getBitmap() appelé avec self=<taskcoachlib.gui.uicommand.uicommand.TaskMarkActive object at 0x7fd1c9916ba0>, self.uniqueName=TaskMarkActive bitmapName=led_blue_icon, bitmapType=b'wxART_MENU_C' et bitmapSize=(16, 16)
2026-03-01 08:12:13,940 [DEBUG] taskcoachlib.gui.menu: Menu.appendUICommand Essaie d'ajouter TaskMarkCompleted au menu TaskPopupMenu dans la classe wxFrame MainWindow winId=-31962
2026-03-01 08:12:13,940 [DEBUG] taskcoachlib.gui.uicommand.base_uicommand: UICommand.__getBitmap() appelé avec self=<taskcoachlib.gui.uicommand.uicommand.TaskMarkCompleted object at 0x7fd1c9916cf0>, self.uniqueName=TaskMarkCompleted bitmapName=checkmark_green_icon, bitmapType=b'wxART_MENU_C' et bitmapSize=(16, 16)
2026-03-01 08:12:13,940 [DEBUG] taskcoachlib.gui.uicommand.uicommandcontainer: UICommandContainerMixin.appendUICommands a terminé d'ajouter les uiCommands !
2026-03-01 08:12:13,940 [INFO] taskcoachlib.gui.menu: Création du menu Priorité de Tâche.
2026-03-01 08:12:13,940 [INFO] taskcoachlib.gui.menu: Menu : Création du menu de base. Initialisation du menu contextuel : TaskPriorityMenu
2026-03-01 08:12:13,940 [DEBUG] taskcoachlib.gui.menu: Menu : self._window=<taskcoachlib.gui.mainwindow.MainWindow object at 0x7fd1c9954320>
2026-03-01 08:12:13,940 [INFO] taskcoachlib.gui.menu: Menu : window est une instance valide de wx.Window.
2026-03-01 08:12:13,940 [INFO] taskcoachlib.gui.menu: Menu : Fin d'Initialisation de Menu ! (self est TaskPriorityMenu, window est MainWindow)
2026-03-01 08:12:13,940 [DEBUG] taskcoachlib.gui.menu: Menu.appendUICommand Essaie d'ajouter TaskIncPriority au menu TaskPriorityMenu dans la classe wxFrame MainWindow winId=-31962
2026-03-01 08:12:13,941 [DEBUG] taskcoachlib.gui.uicommand.base_uicommand: UICommand.__getBitmap() appelé avec self=<taskcoachlib.gui.uicommand.uicommand.TaskIncPriority object at 0x7fd1c9916e40>, self.uniqueName=TaskIncPriority bitmapName=incpriority, bitmapType=b'wxART_MENU_C' et bitmapSize=(16, 16)
2026-03-01 08:12:13,941 [DEBUG] taskcoachlib.gui.menu: Menu.appendUICommand Essaie d'ajouter TaskDecPriority au menu TaskPriorityMenu dans la classe wxFrame MainWindow winId=-31962
2026-03-01 08:12:13,941 [DEBUG] taskcoachlib.gui.uicommand.base_uicommand: UICommand.__getBitmap() appelé avec self=<taskcoachlib.gui.uicommand.uicommand.TaskDecPriority object at 0x7fd1c9916f90>, self.uniqueName=TaskDecPriority bitmapName=decpriority, bitmapType=b'wxART_MENU_C' et bitmapSize=(16, 16)
2026-03-01 08:12:13,941 [DEBUG] taskcoachlib.gui.menu: Menu.appendUICommand Essaie d'ajouter TaskMaxPriority au menu TaskPriorityMenu dans la classe wxFrame MainWindow winId=-31962
2026-03-01 08:12:13,941 [DEBUG] taskcoachlib.gui.uicommand.base_uicommand: UICommand.__getBitmap() appelé avec self=<taskcoachlib.gui.uicommand.uicommand.TaskMaxPriority object at 0x7fd1c99170e0>, self.uniqueName=TaskMaxPriority bitmapName=maxpriority, bitmapType=b'wxART_MENU_C' et bitmapSize=(16, 16)
2026-03-01 08:12:13,941 [DEBUG] taskcoachlib.gui.menu: Menu.appendUICommand Essaie d'ajouter TaskMinPriority au menu TaskPriorityMenu dans la classe wxFrame MainWindow winId=-31962
2026-03-01 08:12:13,941 [DEBUG] taskcoachlib.gui.uicommand.base_uicommand: UICommand.__getBitmap() appelé avec self=<taskcoachlib.gui.uicommand.uicommand.TaskMinPriority object at 0x7fd1c9917230>, self.uniqueName=TaskMinPriority bitmapName=minpriority, bitmapType=b'wxART_MENU_C' et bitmapSize=(16, 16)
2026-03-01 08:12:13,942 [DEBUG] taskcoachlib.gui.uicommand.uicommandcontainer: UICommandContainerMixin.appendUICommands a terminé d'ajouter les uiCommands !
2026-03-01 08:12:13,942 [DEBUG] taskcoachlib.gui.menu: Menu.appendMenu : Ajout du sous-menu MenuItem à self=TaskPopupMenu.
2026-03-01 08:12:13,943 [DEBUG] taskcoachlib.gui.menu: Menu.appendUICommand Essaie d'ajouter EffortNew au menu TaskPopupMenu dans la classe wxFrame MainWindow winId=-31962
2026-03-01 08:12:13,943 [DEBUG] taskcoachlib.gui.uicommand.base_uicommand: UICommand.__getBitmap() appelé avec self=<taskcoachlib.gui.uicommand.uicommand.EffortNew object at 0x7fd1c9917380>, self.uniqueName=EffortNew bitmapName=new, bitmapType=b'wxART_MENU_C' et bitmapSize=(16, 16)
2026-03-01 08:12:13,943 [DEBUG] taskcoachlib.gui.menu: Menu.appendUICommand Essaie d'ajouter EffortStart au menu TaskPopupMenu dans la classe wxFrame MainWindow winId=-31962
2026-03-01 08:12:13,943 [DEBUG] taskcoachlib.gui.uicommand.base_uicommand: UICommand.__getBitmap() appelé avec self=<taskcoachlib.gui.uicommand.uicommand.EffortStart object at 0x7fd1c99174d0>, self.uniqueName=EffortStart bitmapName=clock_icon, bitmapType=b'wxART_MENU_C' et bitmapSize=(16, 16)
2026-03-01 08:12:13,944 [DEBUG] taskcoachlib.gui.menu: Menu.appendUICommand Essaie d'ajouter EffortStop au menu TaskPopupMenu dans la classe wxFrame MainWindow winId=-31962
2026-03-01 08:12:13,944 [DEBUG] taskcoachlib.gui.menu: Menu.appendUICommand Essaie d'ajouter TaskNew au menu TaskPopupMenu dans la classe wxFrame MainWindow winId=-31962
2026-03-01 08:12:13,944 [DEBUG] taskcoachlib.gui.uicommand.base_uicommand: UICommand.__getBitmap() appelé avec self=<taskcoachlib.gui.uicommand.uicommand.TaskNew object at 0x7fd1c99178c0>, self.uniqueName=TaskNew bitmapName=new, bitmapType=b'wxART_MENU_C' et bitmapSize=(16, 16)
2026-03-01 08:12:13,944 [DEBUG] taskcoachlib.gui.menu: Menu.appendUICommand Essaie d'ajouter NewSubItem au menu TaskPopupMenu dans la classe wxFrame MainWindow winId=-31962
2026-03-01 08:12:13,944 [DEBUG] taskcoachlib.gui.uicommand.base_uicommand: UICommand.__getBitmap() appelé avec self=<taskcoachlib.gui.uicommand.uicommand.NewSubItem object at 0x7fd1c9917a10>, self.uniqueName=NewSubItem bitmapName=newsub, bitmapType=b'wxART_MENU_C' et bitmapSize=(16, 16)
2026-03-01 08:12:13,944 [DEBUG] taskcoachlib.gui.uicommand.uicommandcontainer: UICommandContainerMixin.appendUICommands a terminé d'ajouter les uiCommands !
2026-03-01 08:12:13,944 [INFO] taskcoachlib.gui.menu: TaskPopupMenu : Terminé - Menu Popup de Tâche créé !
2026-03-01 08:12:13,944 [INFO] taskcoachlib.gui.menu: Création du menu Popup Colonne.
2026-03-01 08:12:13,945 [INFO] taskcoachlib.gui.menu: Menu : Création du menu de base. Initialisation du menu contextuel : ColumnPopupMenu
2026-03-01 08:12:13,945 [DEBUG] taskcoachlib.gui.menu: Menu : self._window=<taskcoachlib.gui.viewer.task.TaskViewer object at 0x7fd1c9956600>
2026-03-01 08:12:13,945 [INFO] taskcoachlib.gui.menu: Menu : window est une instance valide de wx.Window.
2026-03-01 08:12:13,945 [INFO] taskcoachlib.gui.menu: Menu : Fin d'Initialisation de Menu ! (self est ColumnPopupMenu, window est TaskViewer)
2026-03-01 08:12:13,945 [DEBUG] taskcoachlib.gui.menu: ColumnPopupMenu : Appel de CallAfter.
2026-03-01 08:12:13,946 [DEBUG] taskcoachlib.gui.menu: ColumnPopupMenu : CallAfter passé avec succès. Menu Popup Colonne terminé !
2026-03-01 08:12:13,946 [DEBUG] taskcoachlib.gui.viewer.task: TaskViewer.createWidget : definit le widget TreeListCtrl.
2026-03-01 08:12:13,947 [DEBUG] taskcoachlib.gui.viewer.base: Viewer.presentation : Retour de la présentation de TaskViewer avec 0 éléments.
2026-03-01 08:12:13,947 [DEBUG] taskcoachlib.gui.viewer.base: Viewer.presentation : Les éléments de la présentation sont : Sorter(<class 'taskcoachlib.domain.task.sorter.Sorter'>([])).
2026-03-01 08:12:13,947 [DEBUG] taskcoachlib.widgets.treectrl: TreeListCtrl.__init__ : initialisation du contrôle de liste en arbre.
2026-03-01 08:12:13,947 [DEBUG] taskcoachlib.widgets.treectrl: TreeListCtrl.__init__ : parent=<taskcoachlib.gui.viewer.task.TaskViewer object at 0x7fd1c9956600>, self.__adapter=<taskcoachlib.gui.viewer.task.TaskViewer object at 0x7fd1c9956600>
2026-03-01 08:12:13,947 [DEBUG] taskcoachlib.widgets.treectrl: TreeListCtrl.__init__ : avant super().
2026-03-01 08:12:13,947 [DEBUG] taskcoachlib.widgets.itemctrl: _CtrlWithItemPopupMenuMixin.__init__ : Initialisation du menu contextuel sur les éléments.
2026-03-01 08:12:13,947 [DEBUG] taskcoachlib.widgets.itemctrl: _CtrlWithAutoResizedColumnsMixin.__init__ : initialisation.
2026-03-01 08:12:13,947 [DEBUG] taskcoachlib.widgets.autowidth: AutoColumnWidthMixin.__init__ : initialisation du Mixin pour ajouter un redimensionnement automatique des colonnes dans un contrôle.
2026-03-01 08:12:13,948 [DEBUG] taskcoachlib.widgets.itemctrl: _CtrlWithSortableColumnsMixin.__init__ : Initialisation des ajouts des indicateurs de tri.
2026-03-01 08:12:13,948 [DEBUG] taskcoachlib.widgets.itemctrl: _BaseCtrlWithColumnsMixin.__init__ : initialisation de tous les contrôles avec des colonnes.
2026-03-01 08:12:13,948 [DEBUG] taskcoachlib.widgets.itemctrl: _CtrlWithColumnPopupMenuMixin.__init__ : initialisation  pour activer un menu contextuel sur les en-têtes de colonnes.
2026-03-01 08:12:13,948 [DEBUG] taskcoachlib.widgets.itemctrl: _CtrlWithDropTargetMixin.__init__ : initialise le mixin qui permet aux contrôles d'accepter des fichiers déposés.
2026-03-01 08:12:13,948 [DEBUG] taskcoachlib.widgets.itemctrl: CtrlWithToolTipMixin.__init__ : initialise le contrôle qui a une info-bulle différente pour chaque élément.
2026-03-01 08:12:13,948 [DEBUG] taskcoachlib.widgets.tooltip: ToolTipMixin.__init__ : avant super args=(<taskcoachlib.gui.viewer.task.TaskViewer object at 0x7fd1c9956600>,), kwargs={'style': 1074003968, 'agwStyle': 10917, 'validateDrag': <bound method ViewerWithColumns.validateDrag of <taskcoachlib.gui.viewer.task.TaskViewer object at 0x7fd1c9956600>>}
2026-03-01 08:12:13,948 [DEBUG] taskcoachlib.widgets.treectrl: HyperTreeList.__init__ : initialisation d'HyperTreeList.
2026-03-01 08:12:13,949 [DEBUG] taskcoachlib.widgets.draganddrop: TreeCtrlDragAndDropMixin.__init__ : initialisation du drag and drop dans l'arborescence.
2026-03-01 08:12:13,949 [DEBUG] taskcoachlib.widgets.draganddrop: TreeHelperMixin.__init__ : Initialisation ! Rien à faire !
2026-03-01 08:12:14,170 [DEBUG] taskcoachlib.widgets.tooltip: ToolTipMixin initialisé !
2026-03-01 08:12:14,171 [DEBUG] taskcoachlib.widgets.itemctrl: CtrlWithToolTipMixin initialisé !
2026-03-01 08:12:14,172 [DEBUG] taskcoachlib.widgets.itemctrl: _CtrlWithDropTargetMixin initialisé !
2026-03-01 08:12:14,173 [DEBUG] taskcoachlib.widgets.itemctrl: _CtrlWithColumnPopupMenuMixin initialisé !
2026-03-01 08:12:14,179 [DEBUG] taskcoachlib.widgets.itemctrl: _BaseCtrlWithColumnsMixin initialisé avec les colonnes : [<taskcoachlib.widgets.itemctrl.Column object at 0x7fd1c9915940>, <taskcoachlib.widgets.itemctrl.Column object at 0x7fd1c9a56d50>, <taskcoachlib.widgets.itemctrl.Column object at 0x7fd1c9a56e90>, <taskcoachlib.widgets.itemctrl.Column object at 0x7fd1c9a56fd0>, <taskcoachlib.widgets.itemctrl.Column object at 0x7fd1c9a57110>, <taskcoachlib.widgets.itemctrl.Column object at 0x7fd1c9a57250>, <taskcoachlib.widgets.itemctrl.Column object at 0x7fd1c9a57390>, <taskcoachlib.widgets.itemctrl.Column object at 0x7fd1c9a574d0>, <taskcoachlib.widgets.itemctrl.Column object at 0x7fd1c9a57610>, <taskcoachlib.widgets.itemctrl.Column object at 0x7fd1c9a57750>, <taskcoachlib.widgets.itemctrl.Column object at 0x7fd1c9a57890>, <taskcoachlib.widgets.itemctrl.Column object at 0x7fd1c9a579d0>, <taskcoachlib.widgets.itemctrl.Column object at 0x7fd1c9a57b10>, <taskcoachlib.widgets.itemctrl.Column object at 0x7fd1c9a57c50>, <taskcoachlib.widgets.itemctrl.Column object at 0x7fd1c9a57d90>, <taskcoachlib.widgets.itemctrl.Column object at 0x7fd1c9a57ed0>, <taskcoachlib.widgets.itemctrl.Column object at 0x7fd1c998c050>, <taskcoachlib.widgets.itemctrl.Column object at 0x7fd1c998c190>, <taskcoachlib.widgets.itemctrl.Column object at 0x7fd1c998c2d0>, <taskcoachlib.widgets.itemctrl.Column object at 0x7fd1c998c410>, <taskcoachlib.widgets.itemctrl.Column object at 0x7fd1c998c550>, <taskcoachlib.widgets.itemctrl.Column object at 0x7fd1c998c690>, <taskcoachlib.widgets.itemctrl.Column object at 0x7fd1c998c7d0>, <taskcoachlib.widgets.itemctrl.Column object at 0x7fd1c998c910>, <taskcoachlib.widgets.itemctrl.Column object at 0x7fd1c998ca50>, <taskcoachlib.widgets.itemctrl.Column object at 0x7fd1c998cb90>, <taskcoachlib.widgets.itemctrl.Column object at 0x7fd1c998ccd0>, <taskcoachlib.widgets.itemctrl.Column object at 0x7fd1c998ce10>, <taskcoachlib.widgets.itemctrl.Column object at 0x7fd1c998cf50>]
2026-03-01 08:12:14,180 [DEBUG] taskcoachlib.widgets.itemctrl: _CtrlWithSortableColumnsMixin initialisé ! Ajout des indicateurs de tri !
2026-03-01 08:12:14,181 [DEBUG] taskcoachlib.widgets.autowidth: AutoColumnWidthMixin initialisé !
2026-03-01 08:12:14,181 [DEBUG] taskcoachlib.widgets.itemctrl: _CtrlWithAutoResizedColumnsMixin initialisé !
2026-03-01 08:12:14,181 [DEBUG] taskcoachlib.widgets.itemctrl: _CtrlWithItemPopupMenuMixin initialisé !
2026-03-01 08:12:14,181 [DEBUG] taskcoachlib.widgets.treectrl: TreeListCtrl.__init__ : après super()
2026-03-01 08:12:14,182 [DEBUG] taskcoachlib.gui.viewer.task: TaskViewer.createWidget: Widget TreeListCtrl créé, configuration de l'imageList et du MainColumn.
2026-03-01 08:12:14,204 [DEBUG] taskcoachlib.gui.viewer.task: TaskViewer.createWidget retourne widget.
2026-03-01 08:12:14,205 [DEBUG] taskcoachlib.gui.toolbar: Initialisation de ToolBar dans la fenêtre parent : TaskViewer, taille : (16, 16)
2026-03-01 08:12:14,208 [DEBUG] taskcoachlib.gui.toolbar: ToolBar.loadPerspective : Chargement de la perspective de la barre d'outils : TaskNew,NewSubItem,TaskNewFromTemplateButton,Separator,Edit,Delete,Separator,TaskMarkInactive,TaskMarkActive,TaskMarkCompleted,Separator,EffortStart,EffortStop,Separator,Spacer,ViewerHideTasks_completed,ViewerHideTasks_late,ViewerHideTasks_active,ViewerHideTasks_duesoon,ViewerHideTasks_overdue,ViewerHideTasks_inactive,ResetFilter,TaskViewerTreeOrListChoice,Search
2026-03-01 08:12:14,208 [DEBUG] taskcoachlib.gui.toolbar: ToolBar.Clear : Nettoyage de la barre d'outils existante (Clear)
2026-03-01 08:12:14,214 [DEBUG] taskcoachlib.gui.viewer.base: Viewer.presentation : Retour de la présentation de TaskViewer avec 0 éléments.
2026-03-01 08:12:14,215 [DEBUG] taskcoachlib.gui.viewer.base: Viewer.presentation : Les éléments de la présentation sont : Sorter(<class 'taskcoachlib.domain.task.sorter.Sorter'>([])).
2026-03-01 08:12:14,215 [DEBUG] taskcoachlib.gui.viewer.base: Viewer.presentation : Retour de la présentation de TaskViewer avec 0 éléments.
2026-03-01 08:12:14,216 [DEBUG] taskcoachlib.gui.viewer.base: Viewer.presentation : Les éléments de la présentation sont : Sorter(<class 'taskcoachlib.domain.task.sorter.Sorter'>([])).
2026-03-01 08:12:14,225 [DEBUG] taskcoachlib.gui.toolbar: ToolBar.loadPerspective : Ajout du bouton de personnalisation de la barre d'outils
2026-03-01 08:12:14,230 [DEBUG] taskcoachlib.gui.toolbar: ToolBar.loadPerspective : Commandes filtrées : ['<taskcoachlib.gui.uicommand.uicommand.TaskNew object at 0x7fd1c998e210>', '<taskcoachlib.gui.uicommand.uicommand.NewSubItem object at 0x7fd1c998e350>', '<taskcoachlib.gui.uicommand.uicommand.TaskNewFromTemplateButton object at 0x7fd1c99b0830>', 'None', '<taskcoachlib.gui.uicommand.uicommand.Edit object at 0x7fd1c998e490>', '<taskcoachlib.gui.uicommand.uicommand.Delete object at 0x7fd1c998e5d0>', 'None', '<taskcoachlib.gui.uicommand.uicommand.TaskMarkInactive object at 0x7fd1c998e850>', '<taskcoachlib.gui.uicommand.uicommand.TaskMarkActive object at 0x7fd1c998e990>', '<taskcoachlib.gui.uicommand.uicommand.TaskMarkCompleted object at 0x7fd1c998ead0>', 'None', '<taskcoachlib.gui.uicommand.uicommand.EffortStart object at 0x7fd1c998ec10>', '<taskcoachlib.gui.uicommand.uicommand.EffortStop object at 0x7fd1c998ed50>', 'None', '1', '<taskcoachlib.gui.uicommand.uicommand.ViewerHideTasks object at 0x7fd1c9afd7f0>', '<taskcoachlib.gui.uicommand.uicommand.ViewerHideTasks object at 0x7fd1c998efd0>', '<taskcoachlib.gui.uicommand.uicommand.ViewerHideTasks object at 0x7fd1c998f110>', '<taskcoachlib.gui.uicommand.uicommand.ViewerHideTasks object at 0x7fd1c9a77a80>', '<taskcoachlib.gui.uicommand.uicommand.ViewerHideTasks object at 0x7fd1c9a77bb0>', '<taskcoachlib.gui.uicommand.uicommand.ViewerHideTasks object at 0x7fd1c99b0ad0>', '<taskcoachlib.gui.uicommand.uicommand.ResetFilter object at 0x7fd1c99b06e0>', '<taskcoachlib.gui.uicommand.uicommand.TaskViewerTreeOrListChoice object at 0x7fd1c99b0980>', '<taskcoachlib.gui.uicommand.uicommand.Search object at 0x7fd1c99b0590>', '<taskcoachlib.gui.uicommand.uicommand.EditToolBarPerspective object at 0x7fd1c99b1010>']
2026-03-01 08:12:14,230 [WARNING] taskcoachlib.gui.uicommand.uicommandcontainer: UICommandContainerMixin.appendUICommands : l'attribut _window est manquant, cela peut causer une erreur.
2026-03-01 08:12:14,231 [WARNING] taskcoachlib.gui.uicommand.uicommandcontainer: UICommandContainerMixin.appendUICommands : Attribution : self._window=<wx.lib.agw.hypertreelist.TreeListMainWindow object at 0x7fd1c99a6690>.
2026-03-01 08:12:14,231 [DEBUG] taskcoachlib.gui.uicommand.base_uicommand: UICommand.__getBitmap() appelé avec self=<taskcoachlib.gui.uicommand.uicommand.TaskNew object at 0x7fd1c998e210>, self.uniqueName=TaskNew bitmapName=new, bitmapType=b'wxART_TOOLBAR_C' et bitmapSize=(16, 16)
2026-03-01 08:12:14,233 [DEBUG] taskcoachlib.gui.uicommand.base_uicommand: UICommand.__getBitmap() appelé avec self=<taskcoachlib.gui.uicommand.uicommand.NewSubItem object at 0x7fd1c998e350>, self.uniqueName=NewSubItem bitmapName=newsub, bitmapType=b'wxART_TOOLBAR_C' et bitmapSize=(16, 16)
2026-03-01 08:12:14,234 [DEBUG] taskcoachlib.gui.uicommand.base_uicommand: UICommand.__getBitmap() appelé avec self=<taskcoachlib.gui.uicommand.uicommand.TaskNewFromTemplateButton object at 0x7fd1c99b0830>, self.uniqueName=TaskNewFromTemplateButton bitmapName=newtmpl, bitmapType=b'wxART_TOOLBAR_C' et bitmapSize=(16, 16)
2026-03-01 08:12:14,235 [DEBUG] taskcoachlib.gui.uicommand.base_uicommand: UICommand.__getBitmap() appelé avec self=<taskcoachlib.gui.uicommand.uicommand.Edit object at 0x7fd1c998e490>, self.uniqueName=Edit bitmapName=edit, bitmapType=b'wxART_TOOLBAR_C' et bitmapSize=(16, 16)
2026-03-01 08:12:14,236 [DEBUG] taskcoachlib.gui.uicommand.base_uicommand: UICommand.__getBitmap() appelé avec self=<taskcoachlib.gui.uicommand.uicommand.Delete object at 0x7fd1c998e5d0>, self.uniqueName=Delete bitmapName=delete, bitmapType=b'wxART_TOOLBAR_C' et bitmapSize=(16, 16)
2026-03-01 08:12:14,237 [DEBUG] taskcoachlib.gui.uicommand.base_uicommand: UICommand.__getBitmap() appelé avec self=<taskcoachlib.gui.uicommand.uicommand.TaskMarkInactive object at 0x7fd1c998e850>, self.uniqueName=TaskMarkInactive bitmapName=led_grey_icon, bitmapType=b'wxART_TOOLBAR_C' et bitmapSize=(16, 16)
2026-03-01 08:12:14,238 [DEBUG] taskcoachlib.gui.uicommand.base_uicommand: UICommand.__getBitmap() appelé avec self=<taskcoachlib.gui.uicommand.uicommand.TaskMarkActive object at 0x7fd1c998e990>, self.uniqueName=TaskMarkActive bitmapName=led_blue_icon, bitmapType=b'wxART_TOOLBAR_C' et bitmapSize=(16, 16)
2026-03-01 08:12:14,239 [DEBUG] taskcoachlib.gui.uicommand.base_uicommand: UICommand.__getBitmap() appelé avec self=<taskcoachlib.gui.uicommand.uicommand.TaskMarkCompleted object at 0x7fd1c998ead0>, self.uniqueName=TaskMarkCompleted bitmapName=checkmark_green_icon, bitmapType=b'wxART_TOOLBAR_C' et bitmapSize=(16, 16)
2026-03-01 08:12:14,239 [DEBUG] taskcoachlib.gui.uicommand.base_uicommand: UICommand.__getBitmap() appelé avec self=<taskcoachlib.gui.uicommand.uicommand.EffortStart object at 0x7fd1c998ec10>, self.uniqueName=EffortStart bitmapName=clock_icon, bitmapType=b'wxART_TOOLBAR_C' et bitmapSize=(16, 16)
2026-03-01 08:12:14,240 [DEBUG] taskcoachlib.gui.uicommand.base_uicommand: UICommand.__getBitmap() appelé avec self=<taskcoachlib.gui.uicommand.uicommand.EffortStop object at 0x7fd1c998ed50>, self.uniqueName=EffortStop bitmapName=clock_resume_icon, bitmapType=b'wxART_TOOLBAR_C' et bitmapSize=(16, 16)
2026-03-01 08:12:14,241 [DEBUG] taskcoachlib.gui.uicommand.base_uicommand: UICommand.__getBitmap() appelé avec self=<taskcoachlib.gui.uicommand.uicommand.ViewerHideTasks object at 0x7fd1c9afd7f0>, self.uniqueName=ViewerHideTasks_completed bitmapName=checkmark_green_icon+cross_red_icon, bitmapType=b'wxART_TOOLBAR_C' et bitmapSize=(16, 16)
2026-03-01 08:12:14,246 [DEBUG] taskcoachlib.gui.uicommand.base_uicommand: UICommand.__getBitmap() appelé avec self=<taskcoachlib.gui.uicommand.uicommand.ViewerHideTasks object at 0x7fd1c998efd0>, self.uniqueName=ViewerHideTasks_late bitmapName=led_purple_icon+cross_red_icon, bitmapType=b'wxART_TOOLBAR_C' et bitmapSize=(16, 16)
2026-03-01 08:12:14,248 [DEBUG] taskcoachlib.gui.uicommand.base_uicommand: UICommand.__getBitmap() appelé avec self=<taskcoachlib.gui.uicommand.uicommand.ViewerHideTasks object at 0x7fd1c998f110>, self.uniqueName=ViewerHideTasks_active bitmapName=led_blue_icon+cross_red_icon, bitmapType=b'wxART_TOOLBAR_C' et bitmapSize=(16, 16)
2026-03-01 08:12:14,250 [DEBUG] taskcoachlib.gui.uicommand.base_uicommand: UICommand.__getBitmap() appelé avec self=<taskcoachlib.gui.uicommand.uicommand.ViewerHideTasks object at 0x7fd1c9a77a80>, self.uniqueName=ViewerHideTasks_duesoon bitmapName=led_orange_icon+cross_red_icon, bitmapType=b'wxART_TOOLBAR_C' et bitmapSize=(16, 16)
2026-03-01 08:12:14,252 [DEBUG] taskcoachlib.gui.uicommand.base_uicommand: UICommand.__getBitmap() appelé avec self=<taskcoachlib.gui.uicommand.uicommand.ViewerHideTasks object at 0x7fd1c9a77bb0>, self.uniqueName=ViewerHideTasks_overdue bitmapName=led_red_icon+cross_red_icon, bitmapType=b'wxART_TOOLBAR_C' et bitmapSize=(16, 16)
2026-03-01 08:12:14,255 [DEBUG] taskcoachlib.gui.uicommand.base_uicommand: UICommand.__getBitmap() appelé avec self=<taskcoachlib.gui.uicommand.uicommand.ViewerHideTasks object at 0x7fd1c99b0ad0>, self.uniqueName=ViewerHideTasks_inactive bitmapName=led_grey_icon+cross_red_icon, bitmapType=b'wxART_TOOLBAR_C' et bitmapSize=(16, 16)
2026-03-01 08:12:14,257 [DEBUG] taskcoachlib.gui.uicommand.base_uicommand: UICommand.__getBitmap() appelé avec self=<taskcoachlib.gui.uicommand.uicommand.ResetFilter object at 0x7fd1c99b06e0>, self.uniqueName=ResetFilter bitmapName=viewalltasks, bitmapType=b'wxART_TOOLBAR_C' et bitmapSize=(16, 16)
2026-03-01 08:12:14,270 [DEBUG] taskcoachlib.widgets.tooltip: ToolTipMixin.__init__ : avant super args=(<taskcoachlib.gui.toolbar.ToolBar object at 0x7fd1c99beb10>,), kwargs={'style': 1024}
2026-03-01 08:12:14,279 [DEBUG] taskcoachlib.widgets.tooltip: ToolTipMixin initialisé !
2026-03-01 08:12:14,282 [DEBUG] taskcoachlib.gui.uicommand.base_uicommand: UICommand.__getBitmap() appelé avec self=<taskcoachlib.gui.uicommand.uicommand.EditToolBarPerspective object at 0x7fd1c99b1010>, self.uniqueName=EditToolBarPerspective bitmapName=cogwheel_icon, bitmapType=b'wxART_TOOLBAR_C' et bitmapSize=(16, 16)
2026-03-01 08:12:14,283 [DEBUG] taskcoachlib.gui.uicommand.uicommandcontainer: UICommandContainerMixin.appendUICommands a terminé d'ajouter les uiCommands !
2026-03-01 08:12:14,286 [DEBUG] taskcoachlib.gui.viewer.base: Viewer.initLayout : Initialisation de la mise en page de la visionneuse TaskViewer title:Tasks.
2026-03-01 08:12:14,286 [DEBUG] taskcoachlib.gui.viewer.base: Viewer.initLayout : initLayout de TaskViewer terminé, taille: (20, 20)
2026-03-01 08:12:14,287 [DEBUG] taskcoachlib.gui.viewer.base: Viewer.presentation : Retour de la présentation de TaskViewer avec 0 éléments.
2026-03-01 08:12:14,287 [DEBUG] taskcoachlib.gui.viewer.base: Viewer.presentation : Les éléments de la présentation sont : Sorter(<class 'taskcoachlib.domain.task.sorter.Sorter'>([])).
2026-03-01 08:12:14,287 [DEBUG] taskcoachlib.gui.viewer.base: Viewer.presentation : Retour de la présentation de TaskViewer avec 0 éléments.
2026-03-01 08:12:14,287 [DEBUG] taskcoachlib.gui.viewer.base: Viewer.presentation : Les éléments de la présentation sont : Sorter(<class 'taskcoachlib.domain.task.sorter.Sorter'>([])).
2026-03-01 08:12:14,287 [DEBUG] taskcoachlib.gui.viewer.base: Viewer.presentation : Retour de la présentation de TaskViewer avec 0 éléments.
2026-03-01 08:12:14,287 [DEBUG] taskcoachlib.gui.viewer.base: Viewer.presentation : Les éléments de la présentation sont : Sorter(<class 'taskcoachlib.domain.task.sorter.Sorter'>([])).
2026-03-01 08:12:14,287 [DEBUG] taskcoachlib.gui.viewer.base: Viewer.presentation : Retour de la présentation de TaskViewer avec 0 éléments.
2026-03-01 08:12:14,287 [DEBUG] taskcoachlib.gui.viewer.base: Viewer.presentation : Les éléments de la présentation sont : Sorter(<class 'taskcoachlib.domain.task.sorter.Sorter'>([])).
2026-03-01 08:12:14,288 [DEBUG] taskcoachlib.gui.viewer.base: Viewer.presentation : Retour de la présentation de TaskViewer avec 0 éléments.
2026-03-01 08:12:14,288 [DEBUG] taskcoachlib.gui.viewer.base: Viewer.presentation : Les éléments de la présentation sont : Sorter(<class 'taskcoachlib.domain.task.sorter.Sorter'>([])).
2026-03-01 08:12:14,290 [DEBUG] taskcoachlib.gui.viewer.base: Viewer : Appel de CallAfter.
2026-03-01 08:12:14,291 [DEBUG] taskcoachlib.gui.viewer.base: Viewer : CallAfter passé avec succès.
2026-03-01 08:12:14,291 [DEBUG] taskcoachlib.gui.viewer.base: Viewer.__init__ : La nouvelle visionneuse self=TaskViewer est initialisée !
2026-03-01 08:12:14,291 [INFO] taskcoachlib.gui.viewer.base: TreeViewer : Liaison des événements d'expansion.
2026-03-01 08:12:14,291 [INFO] taskcoachlib.gui.viewer.base: TreeViewer : Liaison des événements de collapse.
2026-03-01 08:12:14,291 [DEBUG] taskcoachlib.gui.viewer.base: TreeViewer : Initialisé !
2026-03-01 08:12:14,291 [DEBUG] taskcoachlib.gui.viewer.mixin: FilterableViewerMixin initialisé !
2026-03-01 08:12:14,291 [DEBUG] taskcoachlib.gui.viewer.base: Viewer.presentation : Retour de la présentation de TaskViewer avec 0 éléments.
2026-03-01 08:12:14,292 [DEBUG] taskcoachlib.gui.viewer.base: Viewer.presentation : Les éléments de la présentation sont : Sorter(<class 'taskcoachlib.domain.task.sorter.Sorter'>([])).
2026-03-01 08:12:14,303 [DEBUG] taskcoachlib.gui.viewer.task: BaseTaskViewer : Appel de CallAfter.
2026-03-01 08:12:14,303 [DEBUG] taskcoachlib.gui.viewer.task: BaseTaskViewer : CallAfter passé avec succès. Visualiseur de base créé.
2026-03-01 08:12:14,303 [DEBUG] taskcoachlib.gui.viewer.base: Viewer.presentation : Retour de la présentation de TaskViewer avec 0 éléments.
2026-03-01 08:12:14,304 [DEBUG] taskcoachlib.gui.viewer.base: Viewer.presentation : Les éléments de la présentation sont : Sorter(<class 'taskcoachlib.domain.task.sorter.Sorter'>([])).
2026-03-01 08:12:14,304 [DEBUG] taskcoachlib.gui.viewer.task: BaseTaskTreeViewer initialisé avec rafraîchissement automatique.
2026-03-01 08:12:14,304 [DEBUG] taskcoachlib.gui.viewer.base: SortableViewerWithColumns.initColumn Initialise une colonne.
2026-03-01 08:12:14,305 [DEBUG] taskcoachlib.gui.viewer.base: ViewerWithColumns.initColumn : la colonne ordering est masquée selon les paramètres.
2026-03-01 08:12:14,305 [DEBUG] taskcoachlib.widgets.itemctrl: _CtrlWithHideableColumnsMixin._getColumnIndex : appelé par TreeListCtrl avec column =<taskcoachlib.widgets.itemctrl.Column object at 0x7fd1c9915940>
2026-03-01 08:12:14,305 [DEBUG] taskcoachlib.widgets.itemctrl: _CtrlWithHideableColumnsMixin._getColumnIndex : renvoie l'index 0 de la colonne <taskcoachlib.widgets.itemctrl.Column object at 0x7fd1c9915940> visible si toutes les colonnes sont visibles.
2026-03-01 08:12:14,306 [DEBUG] taskcoachlib.gui.viewer.base: SortableViewerWithColumns.initColumn : Vérifie si la colonne ordering est utilisée pour le tri.
2026-03-01 08:12:14,306 [DEBUG] taskcoachlib.gui.viewer.base: Viewer.presentation : Retour de la présentation de TaskViewer avec 0 éléments.
2026-03-01 08:12:14,306 [DEBUG] taskcoachlib.gui.viewer.base: Viewer.presentation : Les éléments de la présentation sont : Sorter(<class 'taskcoachlib.domain.task.sorter.Sorter'>([])).
2026-03-01 08:12:14,306 [DEBUG] taskcoachlib.gui.viewer.base: SortableViewerWithColumns.initColumn : Colonnes visibles après initialisation de la colonne ordering.
2026-03-01 08:12:14,306 [DEBUG] taskcoachlib.gui.viewer.base: SortableViewerWithColumns.initColumn Initialise une colonne.
2026-03-01 08:12:14,306 [DEBUG] taskcoachlib.gui.viewer.base: ViewerWithColumns.initColumn : la colonne subject est toujours visible selon les paramètres.
2026-03-01 08:12:14,306 [DEBUG] taskcoachlib.gui.viewer.base: ViewerWithColumns.initColumn : ajoute la colonne subject aux colonnes visibles : []
2026-03-01 08:12:14,307 [DEBUG] taskcoachlib.gui.viewer.base: SortableViewerWithColumns.initColumn : Vérifie si la colonne subject est utilisée pour le tri.
2026-03-01 08:12:14,307 [DEBUG] taskcoachlib.gui.viewer.base: Viewer.presentation : Retour de la présentation de TaskViewer avec 0 éléments.
2026-03-01 08:12:14,307 [DEBUG] taskcoachlib.gui.viewer.base: Viewer.presentation : Les éléments de la présentation sont : Sorter(<class 'taskcoachlib.domain.task.sorter.Sorter'>([])).
2026-03-01 08:12:14,307 [DEBUG] taskcoachlib.gui.viewer.base: SortableViewerWithColumns.initColumn : Colonnes visibles après initialisation de la colonne subject.
2026-03-01 08:12:14,307 [DEBUG] taskcoachlib.gui.viewer.base: SortableViewerWithColumns.initColumn Initialise une colonne.
2026-03-01 08:12:14,308 [DEBUG] taskcoachlib.gui.viewer.base: ViewerWithColumns.initColumn : la colonne description est masquée selon les paramètres.
2026-03-01 08:12:14,308 [DEBUG] taskcoachlib.widgets.itemctrl: _CtrlWithHideableColumnsMixin._getColumnIndex : appelé par TreeListCtrl avec column =<taskcoachlib.widgets.itemctrl.Column object at 0x7fd1c9a56e90>
2026-03-01 08:12:14,308 [DEBUG] taskcoachlib.widgets.itemctrl: _CtrlWithHideableColumnsMixin._getColumnIndex : renvoie l'index 1 de la colonne <taskcoachlib.widgets.itemctrl.Column object at 0x7fd1c9a56e90> visible si toutes les colonnes sont visibles.
2026-03-01 08:12:14,308 [DEBUG] taskcoachlib.gui.viewer.base: SortableViewerWithColumns.initColumn : Vérifie si la colonne description est utilisée pour le tri.
2026-03-01 08:12:14,309 [DEBUG] taskcoachlib.gui.viewer.base: Viewer.presentation : Retour de la présentation de TaskViewer avec 0 éléments.
2026-03-01 08:12:14,309 [DEBUG] taskcoachlib.gui.viewer.base: Viewer.presentation : Les éléments de la présentation sont : Sorter(<class 'taskcoachlib.domain.task.sorter.Sorter'>([])).
2026-03-01 08:12:14,309 [DEBUG] taskcoachlib.gui.viewer.base: SortableViewerWithColumns.initColumn : Colonnes visibles après initialisation de la colonne description.
2026-03-01 08:12:14,309 [DEBUG] taskcoachlib.gui.viewer.base: SortableViewerWithColumns.initColumn Initialise une colonne.
2026-03-01 08:12:14,309 [DEBUG] taskcoachlib.gui.viewer.base: ViewerWithColumns.initColumn : la colonne attachments est masquée selon les paramètres.
2026-03-01 08:12:14,309 [DEBUG] taskcoachlib.widgets.itemctrl: _CtrlWithHideableColumnsMixin._getColumnIndex : appelé par TreeListCtrl avec column =<taskcoachlib.widgets.itemctrl.Column object at 0x7fd1c9a56fd0>
2026-03-01 08:12:14,310 [DEBUG] taskcoachlib.widgets.itemctrl: _CtrlWithHideableColumnsMixin._getColumnIndex : renvoie l'index 1 de la colonne <taskcoachlib.widgets.itemctrl.Column object at 0x7fd1c9a56fd0> visible si toutes les colonnes sont visibles.
2026-03-01 08:12:14,310 [DEBUG] taskcoachlib.gui.viewer.base: SortableViewerWithColumns.initColumn : Vérifie si la colonne attachments est utilisée pour le tri.
2026-03-01 08:12:14,310 [DEBUG] taskcoachlib.gui.viewer.base: Viewer.presentation : Retour de la présentation de TaskViewer avec 0 éléments.
2026-03-01 08:12:14,310 [DEBUG] taskcoachlib.gui.viewer.base: Viewer.presentation : Les éléments de la présentation sont : Sorter(<class 'taskcoachlib.domain.task.sorter.Sorter'>([])).
2026-03-01 08:12:14,310 [DEBUG] taskcoachlib.gui.viewer.base: SortableViewerWithColumns.initColumn : Colonnes visibles après initialisation de la colonne attachments.
2026-03-01 08:12:14,310 [DEBUG] taskcoachlib.gui.viewer.base: SortableViewerWithColumns.initColumn Initialise une colonne.
2026-03-01 08:12:14,311 [DEBUG] taskcoachlib.gui.viewer.base: ViewerWithColumns.initColumn : la colonne notes est masquée selon les paramètres.
2026-03-01 08:12:14,311 [DEBUG] taskcoachlib.widgets.itemctrl: _CtrlWithHideableColumnsMixin._getColumnIndex : appelé par TreeListCtrl avec column =<taskcoachlib.widgets.itemctrl.Column object at 0x7fd1c9a57110>
2026-03-01 08:12:14,311 [DEBUG] taskcoachlib.widgets.itemctrl: _CtrlWithHideableColumnsMixin._getColumnIndex : renvoie l'index 1 de la colonne <taskcoachlib.widgets.itemctrl.Column object at 0x7fd1c9a57110> visible si toutes les colonnes sont visibles.
2026-03-01 08:12:14,311 [DEBUG] taskcoachlib.gui.viewer.base: SortableViewerWithColumns.initColumn : Vérifie si la colonne notes est utilisée pour le tri.
2026-03-01 08:12:14,311 [DEBUG] taskcoachlib.gui.viewer.base: Viewer.presentation : Retour de la présentation de TaskViewer avec 0 éléments.
2026-03-01 08:12:14,311 [DEBUG] taskcoachlib.gui.viewer.base: Viewer.presentation : Les éléments de la présentation sont : Sorter(<class 'taskcoachlib.domain.task.sorter.Sorter'>([])).
2026-03-01 08:12:14,312 [DEBUG] taskcoachlib.gui.viewer.base: SortableViewerWithColumns.initColumn : Colonnes visibles après initialisation de la colonne notes.
2026-03-01 08:12:14,312 [DEBUG] taskcoachlib.gui.viewer.base: SortableViewerWithColumns.initColumn Initialise une colonne.
2026-03-01 08:12:14,312 [DEBUG] taskcoachlib.gui.viewer.base: ViewerWithColumns.initColumn : la colonne categories est masquée selon les paramètres.
2026-03-01 08:12:14,312 [DEBUG] taskcoachlib.widgets.itemctrl: _CtrlWithHideableColumnsMixin._getColumnIndex : appelé par TreeListCtrl avec column =<taskcoachlib.widgets.itemctrl.Column object at 0x7fd1c9a57250>
2026-03-01 08:12:14,312 [DEBUG] taskcoachlib.widgets.itemctrl: _CtrlWithHideableColumnsMixin._getColumnIndex : renvoie l'index 1 de la colonne <taskcoachlib.widgets.itemctrl.Column object at 0x7fd1c9a57250> visible si toutes les colonnes sont visibles.
2026-03-01 08:12:14,313 [DEBUG] taskcoachlib.gui.viewer.base: SortableViewerWithColumns.initColumn : Vérifie si la colonne categories est utilisée pour le tri.
2026-03-01 08:12:14,313 [DEBUG] taskcoachlib.gui.viewer.base: Viewer.presentation : Retour de la présentation de TaskViewer avec 0 éléments.
2026-03-01 08:12:14,313 [DEBUG] taskcoachlib.gui.viewer.base: Viewer.presentation : Les éléments de la présentation sont : Sorter(<class 'taskcoachlib.domain.task.sorter.Sorter'>([])).
2026-03-01 08:12:14,313 [DEBUG] taskcoachlib.gui.viewer.base: SortableViewerWithColumns.initColumn : Colonnes visibles après initialisation de la colonne categories.
2026-03-01 08:12:14,313 [DEBUG] taskcoachlib.gui.viewer.base: SortableViewerWithColumns.initColumn Initialise une colonne.
2026-03-01 08:12:14,313 [DEBUG] taskcoachlib.gui.viewer.base: ViewerWithColumns.initColumn : la colonne prerequisites est masquée selon les paramètres.
2026-03-01 08:12:14,314 [DEBUG] taskcoachlib.widgets.itemctrl: _CtrlWithHideableColumnsMixin._getColumnIndex : appelé par TreeListCtrl avec column =<taskcoachlib.widgets.itemctrl.Column object at 0x7fd1c9a57390>
2026-03-01 08:12:14,314 [DEBUG] taskcoachlib.widgets.itemctrl: _CtrlWithHideableColumnsMixin._getColumnIndex : renvoie l'index 1 de la colonne <taskcoachlib.widgets.itemctrl.Column object at 0x7fd1c9a57390> visible si toutes les colonnes sont visibles.
2026-03-01 08:12:14,314 [DEBUG] taskcoachlib.gui.viewer.base: SortableViewerWithColumns.initColumn : Vérifie si la colonne prerequisites est utilisée pour le tri.
2026-03-01 08:12:14,314 [DEBUG] taskcoachlib.gui.viewer.base: Viewer.presentation : Retour de la présentation de TaskViewer avec 0 éléments.
2026-03-01 08:12:14,314 [DEBUG] taskcoachlib.gui.viewer.base: Viewer.presentation : Les éléments de la présentation sont : Sorter(<class 'taskcoachlib.domain.task.sorter.Sorter'>([])).
2026-03-01 08:12:14,314 [DEBUG] taskcoachlib.gui.viewer.base: SortableViewerWithColumns.initColumn : Colonnes visibles après initialisation de la colonne prerequisites.
2026-03-01 08:12:14,314 [DEBUG] taskcoachlib.gui.viewer.base: SortableViewerWithColumns.initColumn Initialise une colonne.
2026-03-01 08:12:14,315 [DEBUG] taskcoachlib.gui.viewer.base: ViewerWithColumns.initColumn : la colonne dependencies est masquée selon les paramètres.
2026-03-01 08:12:14,315 [DEBUG] taskcoachlib.widgets.itemctrl: _CtrlWithHideableColumnsMixin._getColumnIndex : appelé par TreeListCtrl avec column =<taskcoachlib.widgets.itemctrl.Column object at 0x7fd1c9a574d0>
2026-03-01 08:12:14,315 [DEBUG] taskcoachlib.widgets.itemctrl: _CtrlWithHideableColumnsMixin._getColumnIndex : renvoie l'index 1 de la colonne <taskcoachlib.widgets.itemctrl.Column object at 0x7fd1c9a574d0> visible si toutes les colonnes sont visibles.
2026-03-01 08:12:14,315 [DEBUG] taskcoachlib.gui.viewer.base: SortableViewerWithColumns.initColumn : Vérifie si la colonne dependencies est utilisée pour le tri.
2026-03-01 08:12:14,315 [DEBUG] taskcoachlib.gui.viewer.base: Viewer.presentation : Retour de la présentation de TaskViewer avec 0 éléments.
2026-03-01 08:12:14,315 [DEBUG] taskcoachlib.gui.viewer.base: Viewer.presentation : Les éléments de la présentation sont : Sorter(<class 'taskcoachlib.domain.task.sorter.Sorter'>([])).
2026-03-01 08:12:14,315 [DEBUG] taskcoachlib.gui.viewer.base: SortableViewerWithColumns.initColumn : Colonnes visibles après initialisation de la colonne dependencies.
2026-03-01 08:12:14,316 [DEBUG] taskcoachlib.gui.viewer.base: SortableViewerWithColumns.initColumn Initialise une colonne.
2026-03-01 08:12:14,316 [DEBUG] taskcoachlib.gui.viewer.base: ViewerWithColumns.initColumn : la colonne plannedStartDateTime est visible selon les paramètres.
2026-03-01 08:12:14,316 [DEBUG] taskcoachlib.widgets.itemctrl: _CtrlWithHideableColumnsMixin._getColumnIndex : appelé par TreeListCtrl avec column =<taskcoachlib.widgets.itemctrl.Column object at 0x7fd1c9a57610>
2026-03-01 08:12:14,316 [DEBUG] taskcoachlib.widgets.itemctrl: _CtrlWithHideableColumnsMixin._getColumnIndex : renvoie l'index 1 de la colonne <taskcoachlib.widgets.itemctrl.Column object at 0x7fd1c9a57610> visible si toutes les colonnes sont visibles.
2026-03-01 08:12:14,316 [DEBUG] taskcoachlib.gui.viewer.base: ViewerWithColumns.initColumn : ajoute la colonne plannedStartDateTime aux colonnes visibles : [<taskcoachlib.widgets.itemctrl.Column object at 0x7fd1c9a56d50>]
2026-03-01 08:12:14,316 [DEBUG] taskcoachlib.gui.viewer.base: SortableViewerWithColumns.initColumn : Vérifie si la colonne plannedStartDateTime est utilisée pour le tri.
2026-03-01 08:12:14,316 [DEBUG] taskcoachlib.gui.viewer.base: Viewer.presentation : Retour de la présentation de TaskViewer avec 0 éléments.
2026-03-01 08:12:14,317 [DEBUG] taskcoachlib.gui.viewer.base: Viewer.presentation : Les éléments de la présentation sont : Sorter(<class 'taskcoachlib.domain.task.sorter.Sorter'>([])).
2026-03-01 08:12:14,317 [DEBUG] taskcoachlib.gui.viewer.base: SortableViewerWithColumns.initColumn : Colonnes visibles après initialisation de la colonne plannedStartDateTime.
2026-03-01 08:12:14,317 [DEBUG] taskcoachlib.gui.viewer.base: SortableViewerWithColumns.initColumn Initialise une colonne.
2026-03-01 08:12:14,317 [DEBUG] taskcoachlib.gui.viewer.base: ViewerWithColumns.initColumn : la colonne dueDateTime est visible selon les paramètres.
2026-03-01 08:12:14,317 [DEBUG] taskcoachlib.widgets.itemctrl: _CtrlWithHideableColumnsMixin._getColumnIndex : appelé par TreeListCtrl avec column =<taskcoachlib.widgets.itemctrl.Column object at 0x7fd1c9a57750>
2026-03-01 08:12:14,317 [DEBUG] taskcoachlib.widgets.itemctrl: _CtrlWithHideableColumnsMixin._getColumnIndex : renvoie l'index 2 de la colonne <taskcoachlib.widgets.itemctrl.Column object at 0x7fd1c9a57750> visible si toutes les colonnes sont visibles.
2026-03-01 08:12:14,317 [DEBUG] taskcoachlib.gui.viewer.base: ViewerWithColumns.initColumn : ajoute la colonne dueDateTime aux colonnes visibles : [<taskcoachlib.widgets.itemctrl.Column object at 0x7fd1c9a56d50>, <taskcoachlib.widgets.itemctrl.Column object at 0x7fd1c9a57610>]
2026-03-01 08:12:14,318 [DEBUG] taskcoachlib.gui.viewer.base: SortableViewerWithColumns.initColumn : Vérifie si la colonne dueDateTime est utilisée pour le tri.
2026-03-01 08:12:14,318 [DEBUG] taskcoachlib.gui.viewer.base: Viewer.presentation : Retour de la présentation de TaskViewer avec 0 éléments.
2026-03-01 08:12:14,318 [DEBUG] taskcoachlib.gui.viewer.base: Viewer.presentation : Les éléments de la présentation sont : Sorter(<class 'taskcoachlib.domain.task.sorter.Sorter'>([])).
2026-03-01 08:12:14,318 [DEBUG] taskcoachlib.gui.viewer.base: SortableViewerWithColumns.initColumn : La colonne dueDateTime est utilisée pour le tri. Affiche l'icône de tri.
2026-03-01 08:12:14,318 [DEBUG] taskcoachlib.widgets.itemctrl: _CtrlWithHideableColumnsMixin._getColumnIndex : appelé par TreeListCtrl avec column =<taskcoachlib.widgets.itemctrl.Column object at 0x7fd1c9a57750>
2026-03-01 08:12:14,318 [DEBUG] taskcoachlib.widgets.itemctrl: _CtrlWithHideableColumnsMixin._getColumnIndex : renvoie l'index 2 de la colonne <taskcoachlib.widgets.itemctrl.Column object at 0x7fd1c9a57750> visible si toutes les colonnes sont visibles.
2026-03-01 08:12:14,318 [DEBUG] taskcoachlib.gui.viewer.base: SortableViewerWithColumns.initColumn : Affiche l'ordre de tri pour la colonne dueDateTime.
2026-03-01 08:12:14,319 [DEBUG] taskcoachlib.gui.viewer.base: Viewer.presentation : Retour de la présentation de TaskViewer avec 0 éléments.
2026-03-01 08:12:14,319 [DEBUG] taskcoachlib.gui.viewer.base: Viewer.presentation : Les éléments de la présentation sont : Sorter(<class 'taskcoachlib.domain.task.sorter.Sorter'>([])).
2026-03-01 08:12:14,319 [DEBUG] taskcoachlib.widgets.itemctrl: _CtrlWithHideableColumnsMixin._getColumnIndex : appelé par TreeListCtrl avec column =<taskcoachlib.widgets.itemctrl.Column object at 0x7fd1c9a57750>
2026-03-01 08:12:14,319 [DEBUG] taskcoachlib.widgets.itemctrl: _CtrlWithHideableColumnsMixin._getColumnIndex : renvoie l'index 2 de la colonne <taskcoachlib.widgets.itemctrl.Column object at 0x7fd1c9a57750> visible si toutes les colonnes sont visibles.
2026-03-01 08:12:14,319 [DEBUG] taskcoachlib.gui.viewer.base: SortableViewerWithColumns.initColumn : La colonne dueDateTime est maintenant visible avec l'icône de tri.
2026-03-01 08:12:14,319 [DEBUG] taskcoachlib.gui.viewer.base: SortableViewerWithColumns.initColumn : Colonnes visibles après initialisation de la colonne dueDateTime.
2026-03-01 08:12:14,319 [DEBUG] taskcoachlib.gui.viewer.base: SortableViewerWithColumns.initColumn Initialise une colonne.
2026-03-01 08:12:14,320 [DEBUG] taskcoachlib.gui.viewer.base: ViewerWithColumns.initColumn : la colonne actualStartDateTime est visible selon les paramètres.
2026-03-01 08:12:14,320 [DEBUG] taskcoachlib.widgets.itemctrl: _CtrlWithHideableColumnsMixin._getColumnIndex : appelé par TreeListCtrl avec column =<taskcoachlib.widgets.itemctrl.Column object at 0x7fd1c9a57890>
2026-03-01 08:12:14,320 [DEBUG] taskcoachlib.widgets.itemctrl: _CtrlWithHideableColumnsMixin._getColumnIndex : renvoie l'index 3 de la colonne <taskcoachlib.widgets.itemctrl.Column object at 0x7fd1c9a57890> visible si toutes les colonnes sont visibles.
2026-03-01 08:12:14,320 [DEBUG] taskcoachlib.gui.viewer.base: ViewerWithColumns.initColumn : ajoute la colonne actualStartDateTime aux colonnes visibles : [<taskcoachlib.widgets.itemctrl.Column object at 0x7fd1c9a56d50>, <taskcoachlib.widgets.itemctrl.Column object at 0x7fd1c9a57610>, <taskcoachlib.widgets.itemctrl.Column object at 0x7fd1c9a57750>]
2026-03-01 08:12:14,320 [DEBUG] taskcoachlib.gui.viewer.base: SortableViewerWithColumns.initColumn : Vérifie si la colonne actualStartDateTime est utilisée pour le tri.
2026-03-01 08:12:14,320 [DEBUG] taskcoachlib.gui.viewer.base: Viewer.presentation : Retour de la présentation de TaskViewer avec 0 éléments.
2026-03-01 08:12:14,320 [DEBUG] taskcoachlib.gui.viewer.base: Viewer.presentation : Les éléments de la présentation sont : Sorter(<class 'taskcoachlib.domain.task.sorter.Sorter'>([])).
2026-03-01 08:12:14,320 [DEBUG] taskcoachlib.gui.viewer.base: SortableViewerWithColumns.initColumn : Colonnes visibles après initialisation de la colonne actualStartDateTime.
2026-03-01 08:12:14,320 [DEBUG] taskcoachlib.gui.viewer.base: SortableViewerWithColumns.initColumn Initialise une colonne.
2026-03-01 08:12:14,321 [DEBUG] taskcoachlib.gui.viewer.base: ViewerWithColumns.initColumn : la colonne completionDateTime est visible selon les paramètres.
2026-03-01 08:12:14,321 [DEBUG] taskcoachlib.widgets.itemctrl: _CtrlWithHideableColumnsMixin._getColumnIndex : appelé par TreeListCtrl avec column =<taskcoachlib.widgets.itemctrl.Column object at 0x7fd1c9a579d0>
2026-03-01 08:12:14,321 [DEBUG] taskcoachlib.widgets.itemctrl: _CtrlWithHideableColumnsMixin._getColumnIndex : renvoie l'index 4 de la colonne <taskcoachlib.widgets.itemctrl.Column object at 0x7fd1c9a579d0> visible si toutes les colonnes sont visibles.
2026-03-01 08:12:14,321 [DEBUG] taskcoachlib.gui.viewer.base: ViewerWithColumns.initColumn : ajoute la colonne completionDateTime aux colonnes visibles : [<taskcoachlib.widgets.itemctrl.Column object at 0x7fd1c9a56d50>, <taskcoachlib.widgets.itemctrl.Column object at 0x7fd1c9a57610>, <taskcoachlib.widgets.itemctrl.Column object at 0x7fd1c9a57750>, <taskcoachlib.widgets.itemctrl.Column object at 0x7fd1c9a57890>]
2026-03-01 08:12:14,321 [DEBUG] taskcoachlib.gui.viewer.base: SortableViewerWithColumns.initColumn : Vérifie si la colonne completionDateTime est utilisée pour le tri.
2026-03-01 08:12:14,321 [DEBUG] taskcoachlib.gui.viewer.base: Viewer.presentation : Retour de la présentation de TaskViewer avec 0 éléments.
2026-03-01 08:12:14,321 [DEBUG] taskcoachlib.gui.viewer.base: Viewer.presentation : Les éléments de la présentation sont : Sorter(<class 'taskcoachlib.domain.task.sorter.Sorter'>([])).
2026-03-01 08:12:14,322 [DEBUG] taskcoachlib.gui.viewer.base: SortableViewerWithColumns.initColumn : Colonnes visibles après initialisation de la colonne completionDateTime.
2026-03-01 08:12:14,322 [DEBUG] taskcoachlib.gui.viewer.base: SortableViewerWithColumns.initColumn Initialise une colonne.
2026-03-01 08:12:14,322 [DEBUG] taskcoachlib.gui.viewer.base: ViewerWithColumns.initColumn : la colonne status est masquée selon les paramètres.
2026-03-01 08:12:14,322 [DEBUG] taskcoachlib.widgets.itemctrl: _CtrlWithHideableColumnsMixin._getColumnIndex : appelé par TreeListCtrl avec column =<taskcoachlib.widgets.itemctrl.Column object at 0x7fd1c9a57b10>
2026-03-01 08:12:14,322 [DEBUG] taskcoachlib.widgets.itemctrl: _CtrlWithHideableColumnsMixin._getColumnIndex : renvoie l'index 5 de la colonne <taskcoachlib.widgets.itemctrl.Column object at 0x7fd1c9a57b10> visible si toutes les colonnes sont visibles.
2026-03-01 08:12:14,322 [DEBUG] taskcoachlib.gui.viewer.base: SortableViewerWithColumns.initColumn : Vérifie si la colonne status est utilisée pour le tri.
2026-03-01 08:12:14,323 [DEBUG] taskcoachlib.gui.viewer.base: Viewer.presentation : Retour de la présentation de TaskViewer avec 0 éléments.
2026-03-01 08:12:14,323 [DEBUG] taskcoachlib.gui.viewer.base: Viewer.presentation : Les éléments de la présentation sont : Sorter(<class 'taskcoachlib.domain.task.sorter.Sorter'>([])).
2026-03-01 08:12:14,323 [DEBUG] taskcoachlib.gui.viewer.base: SortableViewerWithColumns.initColumn : Colonnes visibles après initialisation de la colonne status.
2026-03-01 08:12:14,323 [DEBUG] taskcoachlib.gui.viewer.base: SortableViewerWithColumns.initColumn Initialise une colonne.
2026-03-01 08:12:14,323 [DEBUG] taskcoachlib.gui.viewer.base: ViewerWithColumns.initColumn : la colonne statusIcon est masquée selon les paramètres.
2026-03-01 08:12:14,323 [DEBUG] taskcoachlib.widgets.itemctrl: _CtrlWithHideableColumnsMixin._getColumnIndex : appelé par TreeListCtrl avec column =<taskcoachlib.widgets.itemctrl.Column object at 0x7fd1c9a57c50>
2026-03-01 08:12:14,323 [DEBUG] taskcoachlib.widgets.itemctrl: _CtrlWithHideableColumnsMixin._getColumnIndex : renvoie l'index 5 de la colonne <taskcoachlib.widgets.itemctrl.Column object at 0x7fd1c9a57c50> visible si toutes les colonnes sont visibles.
2026-03-01 08:12:14,324 [DEBUG] taskcoachlib.gui.viewer.base: SortableViewerWithColumns.initColumn : Vérifie si la colonne statusIcon est utilisée pour le tri.
2026-03-01 08:12:14,324 [DEBUG] taskcoachlib.gui.viewer.base: Viewer.presentation : Retour de la présentation de TaskViewer avec 0 éléments.
2026-03-01 08:12:14,324 [DEBUG] taskcoachlib.gui.viewer.base: Viewer.presentation : Les éléments de la présentation sont : Sorter(<class 'taskcoachlib.domain.task.sorter.Sorter'>([])).
2026-03-01 08:12:14,324 [DEBUG] taskcoachlib.gui.viewer.base: SortableViewerWithColumns.initColumn : Colonnes visibles après initialisation de la colonne statusIcon.
2026-03-01 08:12:14,324 [DEBUG] taskcoachlib.gui.viewer.base: SortableViewerWithColumns.initColumn Initialise une colonne.
2026-03-01 08:12:14,324 [DEBUG] taskcoachlib.gui.viewer.base: ViewerWithColumns.initColumn : la colonne statusIconText est masquée selon les paramètres.
2026-03-01 08:12:14,324 [DEBUG] taskcoachlib.widgets.itemctrl: _CtrlWithHideableColumnsMixin._getColumnIndex : appelé par TreeListCtrl avec column =<taskcoachlib.widgets.itemctrl.Column object at 0x7fd1c9a57d90>
2026-03-01 08:12:14,325 [DEBUG] taskcoachlib.widgets.itemctrl: _CtrlWithHideableColumnsMixin._getColumnIndex : renvoie l'index 5 de la colonne <taskcoachlib.widgets.itemctrl.Column object at 0x7fd1c9a57d90> visible si toutes les colonnes sont visibles.
2026-03-01 08:12:14,325 [DEBUG] taskcoachlib.gui.viewer.base: SortableViewerWithColumns.initColumn : Vérifie si la colonne statusIconText est utilisée pour le tri.
2026-03-01 08:12:14,325 [DEBUG] taskcoachlib.gui.viewer.base: Viewer.presentation : Retour de la présentation de TaskViewer avec 0 éléments.
2026-03-01 08:12:14,325 [DEBUG] taskcoachlib.gui.viewer.base: Viewer.presentation : Les éléments de la présentation sont : Sorter(<class 'taskcoachlib.domain.task.sorter.Sorter'>([])).
2026-03-01 08:12:14,325 [DEBUG] taskcoachlib.gui.viewer.base: SortableViewerWithColumns.initColumn : Colonnes visibles après initialisation de la colonne statusIconText.
2026-03-01 08:12:14,325 [DEBUG] taskcoachlib.gui.viewer.base: SortableViewerWithColumns.initColumn Initialise une colonne.
2026-03-01 08:12:14,325 [DEBUG] taskcoachlib.gui.viewer.base: ViewerWithColumns.initColumn : la colonne percentageComplete est masquée selon les paramètres.
2026-03-01 08:12:14,326 [DEBUG] taskcoachlib.widgets.itemctrl: _CtrlWithHideableColumnsMixin._getColumnIndex : appelé par TreeListCtrl avec column =<taskcoachlib.widgets.itemctrl.Column object at 0x7fd1c9a57ed0>
2026-03-01 08:12:14,326 [DEBUG] taskcoachlib.widgets.itemctrl: _CtrlWithHideableColumnsMixin._getColumnIndex : renvoie l'index 5 de la colonne <taskcoachlib.widgets.itemctrl.Column object at 0x7fd1c9a57ed0> visible si toutes les colonnes sont visibles.
2026-03-01 08:12:14,326 [DEBUG] taskcoachlib.gui.viewer.base: SortableViewerWithColumns.initColumn : Vérifie si la colonne percentageComplete est utilisée pour le tri.
2026-03-01 08:12:14,326 [DEBUG] taskcoachlib.gui.viewer.base: Viewer.presentation : Retour de la présentation de TaskViewer avec 0 éléments.
2026-03-01 08:12:14,326 [DEBUG] taskcoachlib.gui.viewer.base: Viewer.presentation : Les éléments de la présentation sont : Sorter(<class 'taskcoachlib.domain.task.sorter.Sorter'>([])).
2026-03-01 08:12:14,326 [DEBUG] taskcoachlib.gui.viewer.base: SortableViewerWithColumns.initColumn : Colonnes visibles après initialisation de la colonne percentageComplete.
2026-03-01 08:12:14,326 [DEBUG] taskcoachlib.gui.viewer.base: SortableViewerWithColumns.initColumn Initialise une colonne.
2026-03-01 08:12:14,327 [DEBUG] taskcoachlib.gui.viewer.base: ViewerWithColumns.initColumn : la colonne timeLeft est masquée selon les paramètres.
2026-03-01 08:12:14,327 [DEBUG] taskcoachlib.widgets.itemctrl: _CtrlWithHideableColumnsMixin._getColumnIndex : appelé par TreeListCtrl avec column =<taskcoachlib.widgets.itemctrl.Column object at 0x7fd1c998c050>
2026-03-01 08:12:14,327 [DEBUG] taskcoachlib.widgets.itemctrl: _CtrlWithHideableColumnsMixin._getColumnIndex : renvoie l'index 5 de la colonne <taskcoachlib.widgets.itemctrl.Column object at 0x7fd1c998c050> visible si toutes les colonnes sont visibles.
2026-03-01 08:12:14,327 [DEBUG] taskcoachlib.gui.viewer.base: SortableViewerWithColumns.initColumn : Vérifie si la colonne timeLeft est utilisée pour le tri.
2026-03-01 08:12:14,327 [DEBUG] taskcoachlib.gui.viewer.base: Viewer.presentation : Retour de la présentation de TaskViewer avec 0 éléments.
2026-03-01 08:12:14,327 [DEBUG] taskcoachlib.gui.viewer.base: Viewer.presentation : Les éléments de la présentation sont : Sorter(<class 'taskcoachlib.domain.task.sorter.Sorter'>([])).
2026-03-01 08:12:14,327 [DEBUG] taskcoachlib.gui.viewer.base: SortableViewerWithColumns.initColumn : Colonnes visibles après initialisation de la colonne timeLeft.
2026-03-01 08:12:14,328 [DEBUG] taskcoachlib.gui.viewer.base: SortableViewerWithColumns.initColumn Initialise une colonne.
2026-03-01 08:12:14,328 [DEBUG] taskcoachlib.gui.viewer.base: ViewerWithColumns.initColumn : la colonne recurrence est masquée selon les paramètres.
2026-03-01 08:12:14,328 [DEBUG] taskcoachlib.widgets.itemctrl: _CtrlWithHideableColumnsMixin._getColumnIndex : appelé par TreeListCtrl avec column =<taskcoachlib.widgets.itemctrl.Column object at 0x7fd1c998c190>
2026-03-01 08:12:14,328 [DEBUG] taskcoachlib.widgets.itemctrl: _CtrlWithHideableColumnsMixin._getColumnIndex : renvoie l'index 5 de la colonne <taskcoachlib.widgets.itemctrl.Column object at 0x7fd1c998c190> visible si toutes les colonnes sont visibles.
2026-03-01 08:12:14,328 [DEBUG] taskcoachlib.gui.viewer.base: SortableViewerWithColumns.initColumn : Vérifie si la colonne recurrence est utilisée pour le tri.
2026-03-01 08:12:14,328 [DEBUG] taskcoachlib.gui.viewer.base: Viewer.presentation : Retour de la présentation de TaskViewer avec 0 éléments.
2026-03-01 08:12:14,329 [DEBUG] taskcoachlib.gui.viewer.base: Viewer.presentation : Les éléments de la présentation sont : Sorter(<class 'taskcoachlib.domain.task.sorter.Sorter'>([])).
2026-03-01 08:12:14,329 [DEBUG] taskcoachlib.gui.viewer.base: SortableViewerWithColumns.initColumn : Colonnes visibles après initialisation de la colonne recurrence.
2026-03-01 08:12:14,329 [DEBUG] taskcoachlib.gui.viewer.base: SortableViewerWithColumns.initColumn Initialise une colonne.
2026-03-01 08:12:14,329 [DEBUG] taskcoachlib.gui.viewer.base: ViewerWithColumns.initColumn : la colonne budget est masquée selon les paramètres.
2026-03-01 08:12:14,329 [DEBUG] taskcoachlib.widgets.itemctrl: _CtrlWithHideableColumnsMixin._getColumnIndex : appelé par TreeListCtrl avec column =<taskcoachlib.widgets.itemctrl.Column object at 0x7fd1c998c2d0>
2026-03-01 08:12:14,329 [DEBUG] taskcoachlib.widgets.itemctrl: _CtrlWithHideableColumnsMixin._getColumnIndex : renvoie l'index 5 de la colonne <taskcoachlib.widgets.itemctrl.Column object at 0x7fd1c998c2d0> visible si toutes les colonnes sont visibles.
2026-03-01 08:12:14,329 [DEBUG] taskcoachlib.gui.viewer.base: SortableViewerWithColumns.initColumn : Vérifie si la colonne budget est utilisée pour le tri.
2026-03-01 08:12:14,330 [DEBUG] taskcoachlib.gui.viewer.base: Viewer.presentation : Retour de la présentation de TaskViewer avec 0 éléments.
2026-03-01 08:12:14,330 [DEBUG] taskcoachlib.gui.viewer.base: Viewer.presentation : Les éléments de la présentation sont : Sorter(<class 'taskcoachlib.domain.task.sorter.Sorter'>([])).
2026-03-01 08:12:14,330 [DEBUG] taskcoachlib.gui.viewer.base: SortableViewerWithColumns.initColumn : Colonnes visibles après initialisation de la colonne budget.
2026-03-01 08:12:14,330 [DEBUG] taskcoachlib.gui.viewer.base: SortableViewerWithColumns.initColumn Initialise une colonne.
2026-03-01 08:12:14,330 [DEBUG] taskcoachlib.gui.viewer.base: ViewerWithColumns.initColumn : la colonne timeSpent est masquée selon les paramètres.
2026-03-01 08:12:14,330 [DEBUG] taskcoachlib.widgets.itemctrl: _CtrlWithHideableColumnsMixin._getColumnIndex : appelé par TreeListCtrl avec column =<taskcoachlib.widgets.itemctrl.Column object at 0x7fd1c998c410>
2026-03-01 08:12:14,330 [DEBUG] taskcoachlib.widgets.itemctrl: _CtrlWithHideableColumnsMixin._getColumnIndex : renvoie l'index 5 de la colonne <taskcoachlib.widgets.itemctrl.Column object at 0x7fd1c998c410> visible si toutes les colonnes sont visibles.
2026-03-01 08:12:14,331 [DEBUG] taskcoachlib.gui.viewer.base: SortableViewerWithColumns.initColumn : Vérifie si la colonne timeSpent est utilisée pour le tri.
2026-03-01 08:12:14,331 [DEBUG] taskcoachlib.gui.viewer.base: Viewer.presentation : Retour de la présentation de TaskViewer avec 0 éléments.
2026-03-01 08:12:14,331 [DEBUG] taskcoachlib.gui.viewer.base: Viewer.presentation : Les éléments de la présentation sont : Sorter(<class 'taskcoachlib.domain.task.sorter.Sorter'>([])).
2026-03-01 08:12:14,331 [DEBUG] taskcoachlib.gui.viewer.base: SortableViewerWithColumns.initColumn : Colonnes visibles après initialisation de la colonne timeSpent.
2026-03-01 08:12:14,331 [DEBUG] taskcoachlib.gui.viewer.base: SortableViewerWithColumns.initColumn Initialise une colonne.
2026-03-01 08:12:14,331 [DEBUG] taskcoachlib.gui.viewer.base: ViewerWithColumns.initColumn : la colonne budgetLeft est masquée selon les paramètres.
2026-03-01 08:12:14,331 [DEBUG] taskcoachlib.widgets.itemctrl: _CtrlWithHideableColumnsMixin._getColumnIndex : appelé par TreeListCtrl avec column =<taskcoachlib.widgets.itemctrl.Column object at 0x7fd1c998c550>
2026-03-01 08:12:14,331 [DEBUG] taskcoachlib.widgets.itemctrl: _CtrlWithHideableColumnsMixin._getColumnIndex : renvoie l'index 5 de la colonne <taskcoachlib.widgets.itemctrl.Column object at 0x7fd1c998c550> visible si toutes les colonnes sont visibles.
2026-03-01 08:12:14,332 [DEBUG] taskcoachlib.gui.viewer.base: SortableViewerWithColumns.initColumn : Vérifie si la colonne budgetLeft est utilisée pour le tri.
2026-03-01 08:12:14,332 [DEBUG] taskcoachlib.gui.viewer.base: Viewer.presentation : Retour de la présentation de TaskViewer avec 0 éléments.
2026-03-01 08:12:14,332 [DEBUG] taskcoachlib.gui.viewer.base: Viewer.presentation : Les éléments de la présentation sont : Sorter(<class 'taskcoachlib.domain.task.sorter.Sorter'>([])).
2026-03-01 08:12:14,332 [DEBUG] taskcoachlib.gui.viewer.base: SortableViewerWithColumns.initColumn : Colonnes visibles après initialisation de la colonne budgetLeft.
2026-03-01 08:12:14,332 [DEBUG] taskcoachlib.gui.viewer.base: SortableViewerWithColumns.initColumn Initialise une colonne.
2026-03-01 08:12:14,332 [DEBUG] taskcoachlib.gui.viewer.base: ViewerWithColumns.initColumn : la colonne priority est masquée selon les paramètres.
2026-03-01 08:12:14,332 [DEBUG] taskcoachlib.widgets.itemctrl: _CtrlWithHideableColumnsMixin._getColumnIndex : appelé par TreeListCtrl avec column =<taskcoachlib.widgets.itemctrl.Column object at 0x7fd1c998c690>
2026-03-01 08:12:14,333 [DEBUG] taskcoachlib.widgets.itemctrl: _CtrlWithHideableColumnsMixin._getColumnIndex : renvoie l'index 5 de la colonne <taskcoachlib.widgets.itemctrl.Column object at 0x7fd1c998c690> visible si toutes les colonnes sont visibles.
2026-03-01 08:12:14,333 [DEBUG] taskcoachlib.gui.viewer.base: SortableViewerWithColumns.initColumn : Vérifie si la colonne priority est utilisée pour le tri.
2026-03-01 08:12:14,333 [DEBUG] taskcoachlib.gui.viewer.base: Viewer.presentation : Retour de la présentation de TaskViewer avec 0 éléments.
2026-03-01 08:12:14,333 [DEBUG] taskcoachlib.gui.viewer.base: Viewer.presentation : Les éléments de la présentation sont : Sorter(<class 'taskcoachlib.domain.task.sorter.Sorter'>([])).
2026-03-01 08:12:14,333 [DEBUG] taskcoachlib.gui.viewer.base: SortableViewerWithColumns.initColumn : Colonnes visibles après initialisation de la colonne priority.
2026-03-01 08:12:14,333 [DEBUG] taskcoachlib.gui.viewer.base: SortableViewerWithColumns.initColumn Initialise une colonne.
2026-03-01 08:12:14,333 [DEBUG] taskcoachlib.gui.viewer.base: ViewerWithColumns.initColumn : la colonne hourlyFee est masquée selon les paramètres.
2026-03-01 08:12:14,333 [DEBUG] taskcoachlib.widgets.itemctrl: _CtrlWithHideableColumnsMixin._getColumnIndex : appelé par TreeListCtrl avec column =<taskcoachlib.widgets.itemctrl.Column object at 0x7fd1c998c7d0>
2026-03-01 08:12:14,334 [DEBUG] taskcoachlib.widgets.itemctrl: _CtrlWithHideableColumnsMixin._getColumnIndex : renvoie l'index 5 de la colonne <taskcoachlib.widgets.itemctrl.Column object at 0x7fd1c998c7d0> visible si toutes les colonnes sont visibles.
2026-03-01 08:12:14,334 [DEBUG] taskcoachlib.gui.viewer.base: SortableViewerWithColumns.initColumn : Vérifie si la colonne hourlyFee est utilisée pour le tri.
2026-03-01 08:12:14,334 [DEBUG] taskcoachlib.gui.viewer.base: Viewer.presentation : Retour de la présentation de TaskViewer avec 0 éléments.
2026-03-01 08:12:14,334 [DEBUG] taskcoachlib.gui.viewer.base: Viewer.presentation : Les éléments de la présentation sont : Sorter(<class 'taskcoachlib.domain.task.sorter.Sorter'>([])).
2026-03-01 08:12:14,334 [DEBUG] taskcoachlib.gui.viewer.base: SortableViewerWithColumns.initColumn : Colonnes visibles après initialisation de la colonne hourlyFee.
2026-03-01 08:12:14,334 [DEBUG] taskcoachlib.gui.viewer.base: SortableViewerWithColumns.initColumn Initialise une colonne.
2026-03-01 08:12:14,334 [DEBUG] taskcoachlib.gui.viewer.base: ViewerWithColumns.initColumn : la colonne fixedFee est masquée selon les paramètres.
2026-03-01 08:12:14,335 [DEBUG] taskcoachlib.widgets.itemctrl: _CtrlWithHideableColumnsMixin._getColumnIndex : appelé par TreeListCtrl avec column =<taskcoachlib.widgets.itemctrl.Column object at 0x7fd1c998c910>
2026-03-01 08:12:14,335 [DEBUG] taskcoachlib.widgets.itemctrl: _CtrlWithHideableColumnsMixin._getColumnIndex : renvoie l'index 5 de la colonne <taskcoachlib.widgets.itemctrl.Column object at 0x7fd1c998c910> visible si toutes les colonnes sont visibles.
2026-03-01 08:12:14,335 [DEBUG] taskcoachlib.gui.viewer.base: SortableViewerWithColumns.initColumn : Vérifie si la colonne fixedFee est utilisée pour le tri.
2026-03-01 08:12:14,335 [DEBUG] taskcoachlib.gui.viewer.base: Viewer.presentation : Retour de la présentation de TaskViewer avec 0 éléments.
2026-03-01 08:12:14,335 [DEBUG] taskcoachlib.gui.viewer.base: Viewer.presentation : Les éléments de la présentation sont : Sorter(<class 'taskcoachlib.domain.task.sorter.Sorter'>([])).
2026-03-01 08:12:14,335 [DEBUG] taskcoachlib.gui.viewer.base: SortableViewerWithColumns.initColumn : Colonnes visibles après initialisation de la colonne fixedFee.
2026-03-01 08:12:14,335 [DEBUG] taskcoachlib.gui.viewer.base: SortableViewerWithColumns.initColumn Initialise une colonne.
2026-03-01 08:12:14,336 [DEBUG] taskcoachlib.gui.viewer.base: ViewerWithColumns.initColumn : la colonne revenue est masquée selon les paramètres.
2026-03-01 08:12:14,336 [DEBUG] taskcoachlib.widgets.itemctrl: _CtrlWithHideableColumnsMixin._getColumnIndex : appelé par TreeListCtrl avec column =<taskcoachlib.widgets.itemctrl.Column object at 0x7fd1c998ca50>
2026-03-01 08:12:14,336 [DEBUG] taskcoachlib.widgets.itemctrl: _CtrlWithHideableColumnsMixin._getColumnIndex : renvoie l'index 5 de la colonne <taskcoachlib.widgets.itemctrl.Column object at 0x7fd1c998ca50> visible si toutes les colonnes sont visibles.
2026-03-01 08:12:14,336 [DEBUG] taskcoachlib.gui.viewer.base: SortableViewerWithColumns.initColumn : Vérifie si la colonne revenue est utilisée pour le tri.
2026-03-01 08:12:14,336 [DEBUG] taskcoachlib.gui.viewer.base: Viewer.presentation : Retour de la présentation de TaskViewer avec 0 éléments.
2026-03-01 08:12:14,336 [DEBUG] taskcoachlib.gui.viewer.base: Viewer.presentation : Les éléments de la présentation sont : Sorter(<class 'taskcoachlib.domain.task.sorter.Sorter'>([])).
2026-03-01 08:12:14,336 [DEBUG] taskcoachlib.gui.viewer.base: SortableViewerWithColumns.initColumn : Colonnes visibles après initialisation de la colonne revenue.
2026-03-01 08:12:14,336 [DEBUG] taskcoachlib.gui.viewer.base: SortableViewerWithColumns.initColumn Initialise une colonne.
2026-03-01 08:12:14,337 [DEBUG] taskcoachlib.gui.viewer.base: ViewerWithColumns.initColumn : la colonne reminder est masquée selon les paramètres.
2026-03-01 08:12:14,337 [DEBUG] taskcoachlib.widgets.itemctrl: _CtrlWithHideableColumnsMixin._getColumnIndex : appelé par TreeListCtrl avec column =<taskcoachlib.widgets.itemctrl.Column object at 0x7fd1c998cb90>
2026-03-01 08:12:14,337 [DEBUG] taskcoachlib.widgets.itemctrl: _CtrlWithHideableColumnsMixin._getColumnIndex : renvoie l'index 5 de la colonne <taskcoachlib.widgets.itemctrl.Column object at 0x7fd1c998cb90> visible si toutes les colonnes sont visibles.
2026-03-01 08:12:14,337 [DEBUG] taskcoachlib.gui.viewer.base: SortableViewerWithColumns.initColumn : Vérifie si la colonne reminder est utilisée pour le tri.
2026-03-01 08:12:14,337 [DEBUG] taskcoachlib.gui.viewer.base: Viewer.presentation : Retour de la présentation de TaskViewer avec 0 éléments.
2026-03-01 08:12:14,337 [DEBUG] taskcoachlib.gui.viewer.base: Viewer.presentation : Les éléments de la présentation sont : Sorter(<class 'taskcoachlib.domain.task.sorter.Sorter'>([])).
2026-03-01 08:12:14,338 [DEBUG] taskcoachlib.gui.viewer.base: SortableViewerWithColumns.initColumn : Colonnes visibles après initialisation de la colonne reminder.
2026-03-01 08:12:14,338 [DEBUG] taskcoachlib.gui.viewer.base: SortableViewerWithColumns.initColumn Initialise une colonne.
2026-03-01 08:12:14,338 [DEBUG] taskcoachlib.gui.viewer.base: ViewerWithColumns.initColumn : la colonne creationDateTime est masquée selon les paramètres.
2026-03-01 08:12:14,338 [DEBUG] taskcoachlib.widgets.itemctrl: _CtrlWithHideableColumnsMixin._getColumnIndex : appelé par TreeListCtrl avec column =<taskcoachlib.widgets.itemctrl.Column object at 0x7fd1c998ccd0>
2026-03-01 08:12:14,338 [DEBUG] taskcoachlib.widgets.itemctrl: _CtrlWithHideableColumnsMixin._getColumnIndex : renvoie l'index 5 de la colonne <taskcoachlib.widgets.itemctrl.Column object at 0x7fd1c998ccd0> visible si toutes les colonnes sont visibles.
2026-03-01 08:12:14,338 [DEBUG] taskcoachlib.gui.viewer.base: SortableViewerWithColumns.initColumn : Vérifie si la colonne creationDateTime est utilisée pour le tri.
2026-03-01 08:12:14,338 [DEBUG] taskcoachlib.gui.viewer.base: Viewer.presentation : Retour de la présentation de TaskViewer avec 0 éléments.
2026-03-01 08:12:14,339 [DEBUG] taskcoachlib.gui.viewer.base: Viewer.presentation : Les éléments de la présentation sont : Sorter(<class 'taskcoachlib.domain.task.sorter.Sorter'>([])).
2026-03-01 08:12:14,339 [DEBUG] taskcoachlib.gui.viewer.base: SortableViewerWithColumns.initColumn : Colonnes visibles après initialisation de la colonne creationDateTime.
2026-03-01 08:12:14,339 [DEBUG] taskcoachlib.gui.viewer.base: SortableViewerWithColumns.initColumn Initialise une colonne.
2026-03-01 08:12:14,339 [DEBUG] taskcoachlib.gui.viewer.base: ViewerWithColumns.initColumn : la colonne modificationDateTime est masquée selon les paramètres.
2026-03-01 08:12:14,339 [DEBUG] taskcoachlib.widgets.itemctrl: _CtrlWithHideableColumnsMixin._getColumnIndex : appelé par TreeListCtrl avec column =<taskcoachlib.widgets.itemctrl.Column object at 0x7fd1c998ce10>
2026-03-01 08:12:14,339 [DEBUG] taskcoachlib.widgets.itemctrl: _CtrlWithHideableColumnsMixin._getColumnIndex : renvoie l'index 5 de la colonne <taskcoachlib.widgets.itemctrl.Column object at 0x7fd1c998ce10> visible si toutes les colonnes sont visibles.
2026-03-01 08:12:14,340 [DEBUG] taskcoachlib.gui.viewer.base: SortableViewerWithColumns.initColumn : Vérifie si la colonne modificationDateTime est utilisée pour le tri.
2026-03-01 08:12:14,340 [DEBUG] taskcoachlib.gui.viewer.base: Viewer.presentation : Retour de la présentation de TaskViewer avec 0 éléments.
2026-03-01 08:12:14,340 [DEBUG] taskcoachlib.gui.viewer.base: Viewer.presentation : Les éléments de la présentation sont : Sorter(<class 'taskcoachlib.domain.task.sorter.Sorter'>([])).
2026-03-01 08:12:14,340 [DEBUG] taskcoachlib.gui.viewer.base: SortableViewerWithColumns.initColumn : Colonnes visibles après initialisation de la colonne modificationDateTime.
2026-03-01 08:12:14,340 [DEBUG] taskcoachlib.gui.viewer.base: SortableViewerWithColumns.initColumn Initialise une colonne.
2026-03-01 08:12:14,340 [DEBUG] taskcoachlib.gui.viewer.base: ViewerWithColumns.initColumn : la colonne id est masquée selon les paramètres.
2026-03-01 08:12:14,340 [DEBUG] taskcoachlib.widgets.itemctrl: _CtrlWithHideableColumnsMixin._getColumnIndex : appelé par TreeListCtrl avec column =<taskcoachlib.widgets.itemctrl.Column object at 0x7fd1c998cf50>
2026-03-01 08:12:14,340 [DEBUG] taskcoachlib.widgets.itemctrl: _CtrlWithHideableColumnsMixin._getColumnIndex : renvoie l'index 5 de la colonne <taskcoachlib.widgets.itemctrl.Column object at 0x7fd1c998cf50> visible si toutes les colonnes sont visibles.
2026-03-01 08:12:14,341 [DEBUG] taskcoachlib.gui.viewer.base: SortableViewerWithColumns.initColumn : Vérifie si la colonne id est utilisée pour le tri.
2026-03-01 08:12:14,341 [DEBUG] taskcoachlib.gui.viewer.base: Viewer.presentation : Retour de la présentation de TaskViewer avec 0 éléments.
2026-03-01 08:12:14,341 [DEBUG] taskcoachlib.gui.viewer.base: Viewer.presentation : Les éléments de la présentation sont : Sorter(<class 'taskcoachlib.domain.task.sorter.Sorter'>([])).
2026-03-01 08:12:14,341 [DEBUG] taskcoachlib.gui.viewer.base: SortableViewerWithColumns.initColumn : Colonnes visibles après initialisation de la colonne id.
2026-03-01 08:12:14,341 [DEBUG] taskcoachlib.gui.viewer.base: Viewer.refresh : Appel de refresh pour TaskViewer.
2026-03-01 08:12:14,341 [DEBUG] taskcoachlib.gui.viewer.base: Viewer.presentation : Retour de la présentation de TaskViewer avec 0 éléments.
2026-03-01 08:12:14,341 [DEBUG] taskcoachlib.gui.viewer.base: Viewer.presentation : Les éléments de la présentation sont : Sorter(<class 'taskcoachlib.domain.task.sorter.Sorter'>([])).
2026-03-01 08:12:14,341 [DEBUG] taskcoachlib.gui.viewer.base: Viewer.refresh : Rafraîchissement de la visionneuse TaskViewer avec 0 éléments.
