2026-02-24 17:44:19,764 [INFO] __main__: ****************************************************************
2026-02-24 17:44:19,764 [INFO] __main__: *               Démarrage de Task Coach                          *
2026-02-24 17:44:19,764 [INFO] __main__: ****************************************************************
2026-02-24 17:44:19,764 [INFO] __main__: Environnement non frozen détecté (mode développement)
2026-02-24 17:44:19,764 [INFO] __main__: Lancement du programme Task Coach via taskcoach.py et les arguments d'ArgumentParser.
2026-02-24 17:44:19,899 [INFO] taskcoachlib.application: application avec wx
2026-02-24 17:44:20,142 [DEBUG] taskcoachlib.filesystem: filesystem : _system=Linux
2026-02-24 17:44:20,539 [INFO] __main__: Arguments analysés : options={'profile': False, 'skipstart': False, 'inifile': None, 'language': None, 'pofile': None, 'gui_name': 'wx'}, args=[]
2026-02-24 17:44:20,539 [DEBUG] taskcoachlib.config.settings: --- Settings.__init__ entrée ---
2026-02-24 17:44:20,539 [DEBUG] taskcoachlib.config.settings:   load: True
2026-02-24 17:44:20,539 [DEBUG] taskcoachlib.config.settings:   iniFile (reçu par Settings): None
2026-02-24 17:44:20,540 [DEBUG] taskcoachlib.config.settings:   *args (reçus par Settings): ()
2026-02-24 17:44:20,540 [DEBUG] taskcoachlib.config.settings:   **kwargs (reçus par Settings): {}
2026-02-24 17:44:20,542 [INFO] taskcoachlib.config.settings: Settings.__init__ avec wx.
2026-02-24 17:44:20,550 [INFO] taskcoachlib.config.settings: Settings.__init__ terminé avec succès !
2026-02-24 17:44:20,604 [INFO] taskcoachlib.application.application: Application.init: Initialisation des composants de l'application.
2026-02-24 17:44:20,604 [DEBUG] taskcoachlib.config.settings: --- Settings.__init__ entrée ---
2026-02-24 17:44:20,604 [DEBUG] taskcoachlib.config.settings:   load: True
2026-02-24 17:44:20,604 [DEBUG] taskcoachlib.config.settings:   iniFile (reçu par Settings): None
2026-02-24 17:44:20,604 [DEBUG] taskcoachlib.config.settings:   *args (reçus par Settings): ()
2026-02-24 17:44:20,604 [DEBUG] taskcoachlib.config.settings:   **kwargs (reçus par Settings): {}
2026-02-24 17:44:20,605 [INFO] taskcoachlib.config.settings: Settings.__init__ avec wx.
2026-02-24 17:44:20,608 [INFO] taskcoachlib.config.settings: Settings.__init__ terminé avec succès !
2026-02-24 17:44:20,609 [DEBUG] taskcoachlib.application.application: Application.__check_file_lock_early : Checking lock for last file: /home/sylvain/Documents/TaskCoach/Test.tsk
2026-02-24 17:44:20,609 [DEBUG] taskcoachlib.application.application: Application.__check_file_lock_early : filename to check for lock: /home/sylvain/Documents/TaskCoach/Test.tsk
2026-02-24 17:44:20,609 [DEBUG] taskcoachlib.application.application: Application.__check_file_lock_early : Lock file path: /home/sylvain/Documents/TaskCoach/Test.tsk.lock, acquired: True
2026-02-24 17:44:20,613 [INFO] taskcoachlib.persistence.taskfile: Initialisation de TaskFile avec des arguments : (), {'poll': None}
2026-02-24 17:44:20,614 [DEBUG] taskcoachlib.filesystem.fs_inotify: FilesystemNotifier.__init__ : initialisation du notificateur utilisant inotify
2026-02-24 17:44:20,676 [DEBUG] taskcoachlib.filesystem.fs_inotify: FilesystemNotifier initialisé !
2026-02-24 17:44:20,680 [INFO] taskcoachlib.persistence.taskfile: TaskFile : TaskFile initialisé avec filename='', guid='693d4802-9034-46b8-8c42-5e8692a5098b' et syncMLConfig='None'.
2026-02-24 17:44:20,680 [INFO] taskcoachlib.persistence.taskfile: TaskFile : Tâche de base initialisée : 
2026-02-24 17:44:20,680 [INFO] taskcoachlib.persistence.taskfile: TaskFile : Tâches initiales : TaskList()
2026-02-24 17:44:20,680 [INFO] taskcoachlib.persistence.taskfile: TaskFile : Notes initiales : NoteContainer()
2026-02-24 17:44:20,680 [INFO] taskcoachlib.persistence.taskfile: TaskFile initialisé.
2026-02-24 17:44:20,680 [DEBUG] taskcoachlib.application.application: Application.init: le fichier à ouvrir est self.taskfile = .
2026-02-24 17:44:20,681 [INFO] taskcoachlib.application.application: Application.init: Initialisation de la fenêtre principale.
2026-02-24 17:44:20,681 [INFO] taskcoachlib.gui.mainwindow: Début d'initialisation de MainWindow
2026-02-24 17:44:20,684 [INFO] taskcoachlib.gui.mainwindow: MainWindow : self.GetId() id=-31962
2026-02-24 17:44:20,684 [DEBUG] taskcoachlib.gui.windowdimensionstracker: Running on Wayland - window positioning blocked by compositor
2026-02-24 17:44:20,684 [DEBUG] taskcoachlib.gui.windowdimensionstracker: LOAD: pos=(0, 0) size=(900, 500) maximized=True
2026-02-24 17:44:20,684 [DEBUG] taskcoachlib.gui.windowdimensionstracker: _validate_geometry: checking pos=(0, 0) size=(900, 500) against 1 monitors
2026-02-24 17:44:20,684 [DEBUG] taskcoachlib.gui.windowdimensionstracker: Monitor 0: geometry=1920x1080 work_area=1920x1080
2026-02-24 17:44:20,684 [DEBUG] taskcoachlib.gui.windowdimensionstracker:   Geometry valid for monitor 0
2026-02-24 17:44:20,685 [DEBUG] taskcoachlib.gui.windowdimensionstracker: Set desired: pos=(0, 0) size=(900, 500) maximized=True
2026-02-24 17:44:20,685 [DEBUG] taskcoachlib.gui.windowdimensionstracker: _log_position_tick: ready=False
2026-02-24 17:44:20,685 [DEBUG] taskcoachlib.gui.windowdimensionstracker: POS_LOG [0.00s]: pos=(0, 0) size=(900, 500) max=False
2026-02-24 17:44:20,685 [DEBUG] taskcoachlib.gui.windowdimensionstracker: _log_position_tick: scheduled next tick in 50ms
2026-02-24 17:44:20,685 [INFO] taskcoachlib.gui.mainwindow: MainWindow : Initialisation de WindowDimensionsTracker pour la gestion de la taille et de la position de la fenêtre.
2026-02-24 17:44:20,685 [INFO] taskcoachlib.gui.mainwindow: MainWindow : Création et initialisation des composants de la fenêtre :
2026-02-24 17:44:20,685 [DEBUG] taskcoachlib.gui.mainwindow: MainWindow._create_window_components : création du conteneur pour les visionneuses.
2026-02-24 17:44:20,686 [DEBUG] taskcoachlib.gui.mainwindow: MainWindow._create_viewer_container : utilise viewer.container.ViewerContainer pour créer le conteneur de visionneuses.
2026-02-24 17:44:20,686 [DEBUG] taskcoachlib.gui.mainwindow: MainWindow._create_viewer_container : conteneur de visionneuses créé !
2026-02-24 17:44:20,686 [DEBUG] taskcoachlib.gui.mainwindow: MainWindow._create_window_components : Lance une classe-méthode pour ajouter des viewers.
2026-02-24 17:44:20,686 [DEBUG] taskcoachlib.gui.viewer.task: TaskViewer.__init__ : Initialisation, Création du Visualiseur de tâches standard.
2026-02-24 17:44:20,686 [DEBUG] taskcoachlib.gui.viewer.mixin: ManualOrderingMixin.__init__ : initialisation de l'ordre manuel.
2026-02-24 17:44:20,686 [DEBUG] taskcoachlib.gui.viewer.mixin: ManualOrderingMixin.__init__ : ajoute 'sort' à la liste des icones visibles pour le tri manuel.
2026-02-24 17:44:20,686 [DEBUG] taskcoachlib.gui.viewer.mixin: SortableViewerMixin.__init__ : initialisation d'une visionneuse triable.
2026-02-24 17:44:20,686 [DEBUG] taskcoachlib.gui.viewer.base: ViewerWithColumns : Initialisation Création de la visionneuse avec des colonnes.
2026-02-24 17:44:20,686 [DEBUG] taskcoachlib.gui.viewer.task: BaseTaskTreeViewer : Création du Visualiseur de tâches sous forme d'arborescence avec rafraîchissement automatique.
2026-02-24 17:44:20,686 [DEBUG] taskcoachlib.gui.viewer.task: BaseTaskViewer : Création du Visualiseur de base pour les tâches.
2026-02-24 17:44:20,686 [DEBUG] taskcoachlib.gui.viewer.mixin: FilterableViewerMixin.__init__ : initialisation d'une visionneuse filtrable.
2026-02-24 17:44:20,686 [DEBUG] taskcoachlib.gui.viewer.base: TreeViewer : Initialisation avec args=(<taskcoachlib.gui.mainwindow.MainWindow object at 0x7f236126c170>, <taskcoachlib.persistence.taskfile.LockedTaskFile object at 0x7f2362187b60>, <taskcoachlib.config.settings.Settings object at 0x7f23619ac410>) et kwargs={'instanceNumber': 0, 'settingsSection': 'taskviewer'}.
2026-02-24 17:44:20,686 [DEBUG] taskcoachlib.gui.viewer.base: Viewer : Initialisation d'une nouvelle visionneuse self=TaskViewer.
2026-02-24 17:44:20,686 [DEBUG] taskcoachlib.gui.viewer.base: Viewer : parent=MainWindow
2026-02-24 17:44:20,686 [DEBUG] taskcoachlib.domain.base.filter: Filter.treeMode : renvoie le mode d'arborescence actuel de DeletedFilter: False.
2026-02-24 17:44:20,687 [DEBUG] taskcoachlib.gui.viewer.task: TaskViewer.isTreeViewer : La présentation n'est pas encore créée, utilisation des paramètres. self.settings=<taskcoachlib.config.settings.Settings object at 0x7f23619ac410>.
2026-02-24 17:44:20,687 [DEBUG] taskcoachlib.domain.base.filter: Filter.treeMode : renvoie le mode d'arborescence actuel de CategoryFilter: True.
2026-02-24 17:44:20,687 [DEBUG] taskcoachlib.gui.viewer.task: TaskViewer.isTreeViewer : La présentation n'est pas encore créée, utilisation des paramètres. self.settings=<taskcoachlib.config.settings.Settings object at 0x7f23619ac410>.
2026-02-24 17:44:20,688 [DEBUG] taskcoachlib.domain.base.filter: Filter.treeMode : renvoie le mode d'arborescence actuel de ViewFilter: True.
2026-02-24 17:44:20,688 [DEBUG] taskcoachlib.domain.base.filter: Filter.treeMode : renvoie le mode d'arborescence actuel de ViewFilter: True.
2026-02-24 17:44:20,688 [DEBUG] taskcoachlib.gui.viewer.task: TaskViewer.isTreeViewer : La présentation n'est pas encore créée, utilisation des paramètres. self.settings=<taskcoachlib.config.settings.Settings object at 0x7f23619ac410>.
2026-02-24 17:44:20,688 [DEBUG] taskcoachlib.domain.base.filter: Filter.treeMode : renvoie le mode d'arborescence actuel de SearchFilter: True.
2026-02-24 17:44:20,688 [DEBUG] taskcoachlib.gui.viewer.task: TaskViewer.isTreeViewer : La présentation n'est pas encore créée, utilisation des paramètres. self.settings=<taskcoachlib.config.settings.Settings object at 0x7f23619ac410>.
2026-02-24 17:44:20,689 [DEBUG] taskcoachlib.gui.viewer.task: TaskViewer.createWidget : Crée le widget de l'arborescence des tâches avec des menus contextuels. self=TaskViewer. 
2026-02-24 17:44:20,697 [DEBUG] taskcoachlib.gui.viewer.task: TaskViewer._createColumns retourne columns [<taskcoachlib.widgets.itemctrl.Column object at 0x7f2361229940>, <taskcoachlib.widgets.itemctrl.Column object at 0x7f2361352ad0>, <taskcoachlib.widgets.itemctrl.Column object at 0x7f2361353610>, <taskcoachlib.widgets.itemctrl.Column object at 0x7f2361353890>, <taskcoachlib.widgets.itemctrl.Column object at 0x7f23613539d0>, <taskcoachlib.widgets.itemctrl.Column object at 0x7f2361353b10>, <taskcoachlib.widgets.itemctrl.Column object at 0x7f2361353c50>, <taskcoachlib.widgets.itemctrl.Column object at 0x7f2361353d90>, <taskcoachlib.widgets.itemctrl.Column object at 0x7f2361353ed0>, <taskcoachlib.widgets.itemctrl.Column object at 0x7f2361294050>, <taskcoachlib.widgets.itemctrl.Column object at 0x7f2361294190>, <taskcoachlib.widgets.itemctrl.Column object at 0x7f23612942d0>, <taskcoachlib.widgets.itemctrl.Column object at 0x7f2361294410>, <taskcoachlib.widgets.itemctrl.Column object at 0x7f2361294550>, <taskcoachlib.widgets.itemctrl.Column object at 0x7f2361294690>, <taskcoachlib.widgets.itemctrl.Column object at 0x7f23612947d0>, <taskcoachlib.widgets.itemctrl.Column object at 0x7f2361294910>, <taskcoachlib.widgets.itemctrl.Column object at 0x7f2361294a50>, <taskcoachlib.widgets.itemctrl.Column object at 0x7f2361294b90>, <taskcoachlib.widgets.itemctrl.Column object at 0x7f2361294cd0>, <taskcoachlib.widgets.itemctrl.Column object at 0x7f2361294e10>, <taskcoachlib.widgets.itemctrl.Column object at 0x7f2361294f50>, <taskcoachlib.widgets.itemctrl.Column object at 0x7f2361295090>, <taskcoachlib.widgets.itemctrl.Column object at 0x7f23612951d0>, <taskcoachlib.widgets.itemctrl.Column object at 0x7f2361295310>, <taskcoachlib.widgets.itemctrl.Column object at 0x7f2361295450>, <taskcoachlib.widgets.itemctrl.Column object at 0x7f2361295590>, <taskcoachlib.widgets.itemctrl.Column object at 0x7f23612956d0>, <taskcoachlib.widgets.itemctrl.Column object at 0x7f2361295810>].
2026-02-24 17:44:20,697 [DEBUG] taskcoachlib.gui.viewer.task: BaseTaskTreeViewer.createTaskPopupMenu : Création du menu contextuel.
2026-02-24 17:44:20,697 [INFO] taskcoachlib.gui.menu: TaskPopupMenu : Création du menu Popup de Tâche.
2026-02-24 17:44:20,697 [INFO] taskcoachlib.gui.menu: Menu : Création du menu de base. Initialisation du menu contextuel : TaskPopupMenu
2026-02-24 17:44:20,698 [DEBUG] taskcoachlib.gui.menu: Menu : self._window=<taskcoachlib.gui.mainwindow.MainWindow object at 0x7f236126c170>
2026-02-24 17:44:20,698 [INFO] taskcoachlib.gui.menu: Menu : window est une instance valide de wx.Window.
2026-02-24 17:44:20,698 [INFO] taskcoachlib.gui.menu: Menu : Fin d'Initialisation de Menu ! (self est TaskPopupMenu, window est MainWindow)
2026-02-24 17:44:20,698 [DEBUG] taskcoachlib.gui.menu: Menu.appendUICommand Essaie d'ajouter EditCut au menu TaskPopupMenu dans la classe wxFrame MainWindow winId=-31962
2026-02-24 17:44:20,699 [DEBUG] taskcoachlib.gui.uicommand.base_uicommand: UICommand.__getBitmap() appelé avec self=<taskcoachlib.gui.uicommand.uicommand.EditCut object at 0x7f2361229a90>, self.uniqueName=EditCut bitmapName=cut, bitmapType=b'wxART_MENU_C' et bitmapSize=(16, 16)
2026-02-24 17:44:20,700 [DEBUG] taskcoachlib.gui.menu: Menu.appendUICommand Essaie d'ajouter EditCopy au menu TaskPopupMenu dans la classe wxFrame MainWindow winId=-31962
2026-02-24 17:44:20,700 [DEBUG] taskcoachlib.gui.uicommand.base_uicommand: UICommand.__getBitmap() appelé avec self=<taskcoachlib.gui.uicommand.uicommand.EditCopy object at 0x7f2361229be0>, self.uniqueName=EditCopy bitmapName=copy, bitmapType=b'wxART_MENU_C' et bitmapSize=(16, 16)
2026-02-24 17:44:20,700 [DEBUG] taskcoachlib.gui.menu: Menu.appendUICommand Essaie d'ajouter EditPaste au menu TaskPopupMenu dans la classe wxFrame MainWindow winId=-31962
2026-02-24 17:44:20,700 [DEBUG] taskcoachlib.gui.uicommand.base_uicommand: UICommand.__getBitmap() appelé avec self=<taskcoachlib.gui.uicommand.uicommand.EditPaste object at 0x7f2361229d30>, self.uniqueName=EditPaste bitmapName=paste, bitmapType=b'wxART_MENU_C' et bitmapSize=(16, 16)
2026-02-24 17:44:20,701 [DEBUG] taskcoachlib.gui.menu: Menu.appendUICommand Essaie d'ajouter EditPasteAsSubItem au menu TaskPopupMenu dans la classe wxFrame MainWindow winId=-31962
2026-02-24 17:44:20,701 [DEBUG] taskcoachlib.gui.uicommand.base_uicommand: UICommand.__getBitmap() appelé avec self=<taskcoachlib.gui.uicommand.uicommand.EditPasteAsSubItem object at 0x7f2361229e80>, self.uniqueName=EditPasteAsSubItem bitmapName=pasteintotask, bitmapType=b'wxART_MENU_C' et bitmapSize=(16, 16)
2026-02-24 17:44:20,709 [DEBUG] taskcoachlib.gui.menu: Menu.appendUICommand Essaie d'ajouter Edit au menu TaskPopupMenu dans la classe wxFrame MainWindow winId=-31962
2026-02-24 17:44:20,709 [DEBUG] taskcoachlib.gui.uicommand.base_uicommand: UICommand.__getBitmap() appelé avec self=<taskcoachlib.gui.uicommand.uicommand.Edit object at 0x7f2361229fd0>, self.uniqueName=Edit bitmapName=edit, bitmapType=b'wxART_MENU_C' et bitmapSize=(16, 16)
2026-02-24 17:44:20,709 [DEBUG] taskcoachlib.gui.menu: Menu.appendUICommand Essaie d'ajouter Delete au menu TaskPopupMenu dans la classe wxFrame MainWindow winId=-31962
2026-02-24 17:44:20,709 [DEBUG] taskcoachlib.gui.uicommand.base_uicommand: UICommand.__getBitmap() appelé avec self=<taskcoachlib.gui.uicommand.uicommand.Delete object at 0x7f236122a120>, self.uniqueName=Delete bitmapName=delete, bitmapType=b'wxART_MENU_C' et bitmapSize=(16, 16)
2026-02-24 17:44:20,710 [DEBUG] taskcoachlib.gui.menu: Menu.appendUICommand Essaie d'ajouter AddAttachment au menu TaskPopupMenu dans la classe wxFrame MainWindow winId=-31962
2026-02-24 17:44:20,710 [DEBUG] taskcoachlib.gui.uicommand.base_uicommand: UICommand.__getBitmap() appelé avec self=<taskcoachlib.gui.uicommand.uicommand.AddAttachment object at 0x7f236122a270>, self.uniqueName=AddAttachment bitmapName=paperclip_icon, bitmapType=b'wxART_MENU_C' et bitmapSize=(16, 16)
2026-02-24 17:44:20,710 [DEBUG] taskcoachlib.gui.menu: Menu.appendUICommand Essaie d'ajouter OpenAllAttachments au menu TaskPopupMenu dans la classe wxFrame MainWindow winId=-31962
2026-02-24 17:44:20,710 [DEBUG] taskcoachlib.gui.uicommand.base_uicommand: UICommand.__getBitmap() appelé avec self=<taskcoachlib.gui.uicommand.uicommand.OpenAllAttachments object at 0x7f236122a3c0>, self.uniqueName=OpenAllAttachments bitmapName=paperclip_icon, bitmapType=b'wxART_MENU_C' et bitmapSize=(16, 16)
2026-02-24 17:44:20,710 [DEBUG] taskcoachlib.gui.menu: Menu.appendUICommand Essaie d'ajouter AddNote au menu TaskPopupMenu dans la classe wxFrame MainWindow winId=-31962
2026-02-24 17:44:20,710 [DEBUG] taskcoachlib.gui.uicommand.base_uicommand: UICommand.__getBitmap() appelé avec self=<taskcoachlib.gui.uicommand.uicommand.AddNote object at 0x7f236122a510>, self.uniqueName=AddNote bitmapName=note_icon, bitmapType=b'wxART_MENU_C' et bitmapSize=(16, 16)
2026-02-24 17:44:20,710 [DEBUG] taskcoachlib.gui.menu: Menu.appendUICommand Essaie d'ajouter OpenAllNotes au menu TaskPopupMenu dans la classe wxFrame MainWindow winId=-31962
2026-02-24 17:44:20,710 [DEBUG] taskcoachlib.gui.uicommand.base_uicommand: UICommand.__getBitmap() appelé avec self=<taskcoachlib.gui.uicommand.uicommand.OpenAllNotes object at 0x7f236122a660>, self.uniqueName=OpenAllNotes bitmapName=edit, bitmapType=b'wxART_MENU_C' et bitmapSize=(16, 16)
2026-02-24 17:44:20,710 [DEBUG] taskcoachlib.gui.menu: Menu.appendUICommand Essaie d'ajouter Mail au menu TaskPopupMenu dans la classe wxFrame MainWindow winId=-31962
2026-02-24 17:44:20,710 [DEBUG] taskcoachlib.gui.uicommand.base_uicommand: UICommand.__getBitmap() appelé avec self=<taskcoachlib.gui.uicommand.uicommand.Mail object at 0x7f236122a7b0>, self.uniqueName=Mail bitmapName=envelope_icon, bitmapType=b'wxART_MENU_C' et bitmapSize=(16, 16)
2026-02-24 17:44:20,711 [DEBUG] taskcoachlib.gui.uicommand.uicommandcontainer: UICommandContainerMixin.appendUICommands a terminé d'ajouter les uiCommands !
2026-02-24 17:44:20,711 [INFO] taskcoachlib.gui.menu: Création du menu Toggle Catégorie.
2026-02-24 17:44:20,711 [INFO] taskcoachlib.gui.menu: DynamicMenu : Création du menu Dynamique. Initialisation du menu contextuel : ToggleCategoryMenu
2026-02-24 17:44:20,711 [INFO] taskcoachlib.gui.menu: Menu : Création du menu de base. Initialisation du menu contextuel : ToggleCategoryMenu
2026-02-24 17:44:20,711 [DEBUG] taskcoachlib.gui.menu: Menu : self._window=<taskcoachlib.gui.mainwindow.MainWindow object at 0x7f236126c170>
2026-02-24 17:44:20,711 [INFO] taskcoachlib.gui.menu: Menu : window est une instance valide de wx.Window.
2026-02-24 17:44:20,711 [INFO] taskcoachlib.gui.menu: Menu : Fin d'Initialisation de Menu ! (self est ToggleCategoryMenu, window est MainWindow)
2026-02-24 17:44:20,711 [INFO] taskcoachlib.gui.menu: DynamicMenu : menu Dynamique ToggleCategoryMenu créé.
2026-02-24 17:44:20,711 [INFO] taskcoachlib.gui.menu: Toggle Catégorie initialisé.
2026-02-24 17:44:20,711 [DEBUG] taskcoachlib.gui.menu: Menu.appendMenu : Ajout du sous-menu MenuItem à self=TaskPopupMenu.
2026-02-24 17:44:20,712 [DEBUG] taskcoachlib.gui.menu: Menu.appendUICommand Essaie d'ajouter TaskMarkInactive au menu TaskPopupMenu dans la classe wxFrame MainWindow winId=-31962
2026-02-24 17:44:20,712 [DEBUG] taskcoachlib.gui.uicommand.base_uicommand: UICommand.__getBitmap() appelé avec self=<taskcoachlib.gui.uicommand.uicommand.TaskMarkInactive object at 0x7f236122a900>, self.uniqueName=TaskMarkInactive bitmapName=led_grey_icon, bitmapType=b'wxART_MENU_C' et bitmapSize=(16, 16)
2026-02-24 17:44:20,712 [DEBUG] taskcoachlib.gui.menu: Menu.appendUICommand Essaie d'ajouter TaskMarkActive au menu TaskPopupMenu dans la classe wxFrame MainWindow winId=-31962
2026-02-24 17:44:20,712 [DEBUG] taskcoachlib.gui.uicommand.base_uicommand: UICommand.__getBitmap() appelé avec self=<taskcoachlib.gui.uicommand.uicommand.TaskMarkActive object at 0x7f236122aba0>, self.uniqueName=TaskMarkActive bitmapName=led_blue_icon, bitmapType=b'wxART_MENU_C' et bitmapSize=(16, 16)
2026-02-24 17:44:20,712 [DEBUG] taskcoachlib.gui.menu: Menu.appendUICommand Essaie d'ajouter TaskMarkCompleted au menu TaskPopupMenu dans la classe wxFrame MainWindow winId=-31962
2026-02-24 17:44:20,712 [DEBUG] taskcoachlib.gui.uicommand.base_uicommand: UICommand.__getBitmap() appelé avec self=<taskcoachlib.gui.uicommand.uicommand.TaskMarkCompleted object at 0x7f236122acf0>, self.uniqueName=TaskMarkCompleted bitmapName=checkmark_green_icon, bitmapType=b'wxART_MENU_C' et bitmapSize=(16, 16)
2026-02-24 17:44:20,713 [DEBUG] taskcoachlib.gui.uicommand.uicommandcontainer: UICommandContainerMixin.appendUICommands a terminé d'ajouter les uiCommands !
2026-02-24 17:44:20,713 [INFO] taskcoachlib.gui.menu: Création du menu Priorité de Tâche.
2026-02-24 17:44:20,713 [INFO] taskcoachlib.gui.menu: Menu : Création du menu de base. Initialisation du menu contextuel : TaskPriorityMenu
2026-02-24 17:44:20,713 [DEBUG] taskcoachlib.gui.menu: Menu : self._window=<taskcoachlib.gui.mainwindow.MainWindow object at 0x7f236126c170>
2026-02-24 17:44:20,713 [INFO] taskcoachlib.gui.menu: Menu : window est une instance valide de wx.Window.
2026-02-24 17:44:20,713 [INFO] taskcoachlib.gui.menu: Menu : Fin d'Initialisation de Menu ! (self est TaskPriorityMenu, window est MainWindow)
2026-02-24 17:44:20,713 [DEBUG] taskcoachlib.gui.menu: Menu.appendUICommand Essaie d'ajouter TaskIncPriority au menu TaskPriorityMenu dans la classe wxFrame MainWindow winId=-31962
2026-02-24 17:44:20,713 [DEBUG] taskcoachlib.gui.uicommand.base_uicommand: UICommand.__getBitmap() appelé avec self=<taskcoachlib.gui.uicommand.uicommand.TaskIncPriority object at 0x7f236122ae40>, self.uniqueName=TaskIncPriority bitmapName=incpriority, bitmapType=b'wxART_MENU_C' et bitmapSize=(16, 16)
2026-02-24 17:44:20,713 [DEBUG] taskcoachlib.gui.menu: Menu.appendUICommand Essaie d'ajouter TaskDecPriority au menu TaskPriorityMenu dans la classe wxFrame MainWindow winId=-31962
2026-02-24 17:44:20,714 [DEBUG] taskcoachlib.gui.uicommand.base_uicommand: UICommand.__getBitmap() appelé avec self=<taskcoachlib.gui.uicommand.uicommand.TaskDecPriority object at 0x7f236122af90>, self.uniqueName=TaskDecPriority bitmapName=decpriority, bitmapType=b'wxART_MENU_C' et bitmapSize=(16, 16)
2026-02-24 17:44:20,714 [DEBUG] taskcoachlib.gui.menu: Menu.appendUICommand Essaie d'ajouter TaskMaxPriority au menu TaskPriorityMenu dans la classe wxFrame MainWindow winId=-31962
2026-02-24 17:44:20,714 [DEBUG] taskcoachlib.gui.uicommand.base_uicommand: UICommand.__getBitmap() appelé avec self=<taskcoachlib.gui.uicommand.uicommand.TaskMaxPriority object at 0x7f236122b0e0>, self.uniqueName=TaskMaxPriority bitmapName=maxpriority, bitmapType=b'wxART_MENU_C' et bitmapSize=(16, 16)
2026-02-24 17:44:20,714 [DEBUG] taskcoachlib.gui.menu: Menu.appendUICommand Essaie d'ajouter TaskMinPriority au menu TaskPriorityMenu dans la classe wxFrame MainWindow winId=-31962
2026-02-24 17:44:20,714 [DEBUG] taskcoachlib.gui.uicommand.base_uicommand: UICommand.__getBitmap() appelé avec self=<taskcoachlib.gui.uicommand.uicommand.TaskMinPriority object at 0x7f236122b230>, self.uniqueName=TaskMinPriority bitmapName=minpriority, bitmapType=b'wxART_MENU_C' et bitmapSize=(16, 16)
2026-02-24 17:44:20,714 [DEBUG] taskcoachlib.gui.uicommand.uicommandcontainer: UICommandContainerMixin.appendUICommands a terminé d'ajouter les uiCommands !
2026-02-24 17:44:20,715 [DEBUG] taskcoachlib.gui.menu: Menu.appendMenu : Ajout du sous-menu MenuItem à self=TaskPopupMenu.
2026-02-24 17:44:20,716 [DEBUG] taskcoachlib.gui.menu: Menu.appendUICommand Essaie d'ajouter EffortNew au menu TaskPopupMenu dans la classe wxFrame MainWindow winId=-31962
2026-02-24 17:44:20,716 [DEBUG] taskcoachlib.gui.uicommand.base_uicommand: UICommand.__getBitmap() appelé avec self=<taskcoachlib.gui.uicommand.uicommand.EffortNew object at 0x7f236122b380>, self.uniqueName=EffortNew bitmapName=new, bitmapType=b'wxART_MENU_C' et bitmapSize=(16, 16)
2026-02-24 17:44:20,716 [DEBUG] taskcoachlib.gui.menu: Menu.appendUICommand Essaie d'ajouter EffortStart au menu TaskPopupMenu dans la classe wxFrame MainWindow winId=-31962
2026-02-24 17:44:20,716 [DEBUG] taskcoachlib.gui.uicommand.base_uicommand: UICommand.__getBitmap() appelé avec self=<taskcoachlib.gui.uicommand.uicommand.EffortStart object at 0x7f236122b4d0>, self.uniqueName=EffortStart bitmapName=clock_icon, bitmapType=b'wxART_MENU_C' et bitmapSize=(16, 16)
2026-02-24 17:44:20,716 [DEBUG] taskcoachlib.gui.menu: Menu.appendUICommand Essaie d'ajouter EffortStop au menu TaskPopupMenu dans la classe wxFrame MainWindow winId=-31962
2026-02-24 17:44:20,717 [DEBUG] taskcoachlib.gui.menu: Menu.appendUICommand Essaie d'ajouter TaskNew au menu TaskPopupMenu dans la classe wxFrame MainWindow winId=-31962
2026-02-24 17:44:20,717 [DEBUG] taskcoachlib.gui.uicommand.base_uicommand: UICommand.__getBitmap() appelé avec self=<taskcoachlib.gui.uicommand.uicommand.TaskNew object at 0x7f236122b8c0>, self.uniqueName=TaskNew bitmapName=new, bitmapType=b'wxART_MENU_C' et bitmapSize=(16, 16)
2026-02-24 17:44:20,717 [DEBUG] taskcoachlib.gui.menu: Menu.appendUICommand Essaie d'ajouter NewSubItem au menu TaskPopupMenu dans la classe wxFrame MainWindow winId=-31962
2026-02-24 17:44:20,717 [DEBUG] taskcoachlib.gui.uicommand.base_uicommand: UICommand.__getBitmap() appelé avec self=<taskcoachlib.gui.uicommand.uicommand.NewSubItem object at 0x7f236122ba10>, self.uniqueName=NewSubItem bitmapName=newsub, bitmapType=b'wxART_MENU_C' et bitmapSize=(16, 16)
2026-02-24 17:44:20,717 [DEBUG] taskcoachlib.gui.uicommand.uicommandcontainer: UICommandContainerMixin.appendUICommands a terminé d'ajouter les uiCommands !
2026-02-24 17:44:20,717 [INFO] taskcoachlib.gui.menu: TaskPopupMenu : Terminé - Menu Popup de Tâche créé !
2026-02-24 17:44:20,717 [INFO] taskcoachlib.gui.menu: Création du menu Popup Colonne.
2026-02-24 17:44:20,717 [INFO] taskcoachlib.gui.menu: Menu : Création du menu de base. Initialisation du menu contextuel : ColumnPopupMenu
2026-02-24 17:44:20,717 [DEBUG] taskcoachlib.gui.menu: Menu : self._window=<taskcoachlib.gui.viewer.task.TaskViewer object at 0x7f236126e450>
2026-02-24 17:44:20,717 [INFO] taskcoachlib.gui.menu: Menu : window est une instance valide de wx.Window.
2026-02-24 17:44:20,718 [INFO] taskcoachlib.gui.menu: Menu : Fin d'Initialisation de Menu ! (self est ColumnPopupMenu, window est TaskViewer)
2026-02-24 17:44:20,718 [DEBUG] taskcoachlib.gui.menu: ColumnPopupMenu : Appel de CallAfter.
2026-02-24 17:44:20,719 [DEBUG] taskcoachlib.gui.menu: ColumnPopupMenu : CallAfter passé avec succès. Menu Popup Colonne terminé !
2026-02-24 17:44:20,719 [DEBUG] taskcoachlib.gui.viewer.task: TaskViewer.createWidget : definit le widget TreeListCtrl.
2026-02-24 17:44:20,720 [DEBUG] taskcoachlib.widgets.treectrl: TreeListCtrl.__init__ : initialisation du contrôle de liste en arbre.
2026-02-24 17:44:20,720 [DEBUG] taskcoachlib.widgets.treectrl: TreeListCtrl.__init__ : parent=<taskcoachlib.gui.viewer.task.TaskViewer object at 0x7f236126e450>, self.__adapter=<taskcoachlib.gui.viewer.task.TaskViewer object at 0x7f236126e450>
2026-02-24 17:44:20,720 [DEBUG] taskcoachlib.widgets.treectrl: TreeListCtrl.__init__ : avant super().
2026-02-24 17:44:20,720 [DEBUG] taskcoachlib.widgets.itemctrl: _CtrlWithItemPopupMenuMixin.__init__ : Initialisation du menu contextuel sur les éléments.
2026-02-24 17:44:20,720 [DEBUG] taskcoachlib.widgets.itemctrl: _CtrlWithAutoResizedColumnsMixin.__init__ : initialisation.
2026-02-24 17:44:20,720 [DEBUG] taskcoachlib.widgets.autowidth: AutoColumnWidthMixin.__init__ : initialisation du Mixin pour ajouter un redimensionnement automatique des colonnes dans un contrôle.
2026-02-24 17:44:20,720 [DEBUG] taskcoachlib.widgets.itemctrl: _CtrlWithSortableColumnsMixin.__init__ : Initialisation des ajouts des indicateurs de tri.
2026-02-24 17:44:20,720 [DEBUG] taskcoachlib.widgets.itemctrl: _BaseCtrlWithColumnsMixin.__init__ : initialisation de tous les contrôles avec des colonnes.
2026-02-24 17:44:20,720 [DEBUG] taskcoachlib.widgets.itemctrl: _CtrlWithColumnPopupMenuMixin.__init__ : initialisation  pour activer un menu contextuel sur les en-têtes de colonnes.
2026-02-24 17:44:20,720 [DEBUG] taskcoachlib.widgets.itemctrl: _CtrlWithDropTargetMixin.__init__ : initialise le mixin qui permet aux contrôles d'accepter des fichiers déposés.
2026-02-24 17:44:20,720 [DEBUG] taskcoachlib.widgets.itemctrl: CtrlWithToolTipMixin.__init__ : initialise le contrôle qui a une info-bulle différente pour chaque élément.
2026-02-24 17:44:20,720 [DEBUG] taskcoachlib.widgets.tooltip: ToolTipMixin.__init__ : avant super args=(<taskcoachlib.gui.viewer.task.TaskViewer object at 0x7f236126e450>,), kwargs={'style': 1074003968, 'agwStyle': 10917, 'validateDrag': <bound method ViewerWithColumns.validateDrag of <taskcoachlib.gui.viewer.task.TaskViewer object at 0x7f236126e450>>}
2026-02-24 17:44:20,720 [DEBUG] taskcoachlib.widgets.treectrl: HyperTreeList.__init__ : initialisation d'HyperTreeList.
2026-02-24 17:44:20,720 [DEBUG] taskcoachlib.widgets.draganddrop: TreeCtrlDragAndDropMixin.__init__ : initialisation du drag and drop dans l'arborescence.
2026-02-24 17:44:20,720 [DEBUG] taskcoachlib.widgets.draganddrop: TreeHelperMixin.__init__ : Initialisation ! Rien à faire !
2026-02-24 17:44:20,937 [DEBUG] taskcoachlib.widgets.tooltip: ToolTipMixin initialisé !
2026-02-24 17:44:20,938 [DEBUG] taskcoachlib.widgets.itemctrl: CtrlWithToolTipMixin initialisé !
2026-02-24 17:44:20,938 [DEBUG] taskcoachlib.widgets.itemctrl: _CtrlWithDropTargetMixin initialisé !
2026-02-24 17:44:20,938 [DEBUG] taskcoachlib.widgets.itemctrl: _CtrlWithColumnPopupMenuMixin initialisé !
2026-02-24 17:44:20,942 [DEBUG] taskcoachlib.widgets.itemctrl: _BaseCtrlWithColumnsMixin initialisé avec les colonnes : [<taskcoachlib.widgets.itemctrl.Column object at 0x7f2361229940>, <taskcoachlib.widgets.itemctrl.Column object at 0x7f2361352ad0>, <taskcoachlib.widgets.itemctrl.Column object at 0x7f2361353610>, <taskcoachlib.widgets.itemctrl.Column object at 0x7f2361353890>, <taskcoachlib.widgets.itemctrl.Column object at 0x7f23613539d0>, <taskcoachlib.widgets.itemctrl.Column object at 0x7f2361353b10>, <taskcoachlib.widgets.itemctrl.Column object at 0x7f2361353c50>, <taskcoachlib.widgets.itemctrl.Column object at 0x7f2361353d90>, <taskcoachlib.widgets.itemctrl.Column object at 0x7f2361353ed0>, <taskcoachlib.widgets.itemctrl.Column object at 0x7f2361294050>, <taskcoachlib.widgets.itemctrl.Column object at 0x7f2361294190>, <taskcoachlib.widgets.itemctrl.Column object at 0x7f23612942d0>, <taskcoachlib.widgets.itemctrl.Column object at 0x7f2361294410>, <taskcoachlib.widgets.itemctrl.Column object at 0x7f2361294550>, <taskcoachlib.widgets.itemctrl.Column object at 0x7f2361294690>, <taskcoachlib.widgets.itemctrl.Column object at 0x7f23612947d0>, <taskcoachlib.widgets.itemctrl.Column object at 0x7f2361294910>, <taskcoachlib.widgets.itemctrl.Column object at 0x7f2361294a50>, <taskcoachlib.widgets.itemctrl.Column object at 0x7f2361294b90>, <taskcoachlib.widgets.itemctrl.Column object at 0x7f2361294cd0>, <taskcoachlib.widgets.itemctrl.Column object at 0x7f2361294e10>, <taskcoachlib.widgets.itemctrl.Column object at 0x7f2361294f50>, <taskcoachlib.widgets.itemctrl.Column object at 0x7f2361295090>, <taskcoachlib.widgets.itemctrl.Column object at 0x7f23612951d0>, <taskcoachlib.widgets.itemctrl.Column object at 0x7f2361295310>, <taskcoachlib.widgets.itemctrl.Column object at 0x7f2361295450>, <taskcoachlib.widgets.itemctrl.Column object at 0x7f2361295590>, <taskcoachlib.widgets.itemctrl.Column object at 0x7f23612956d0>, <taskcoachlib.widgets.itemctrl.Column object at 0x7f2361295810>]
2026-02-24 17:44:20,942 [DEBUG] taskcoachlib.widgets.itemctrl: _CtrlWithSortableColumnsMixin initialisé ! Ajout des indicateurs de tri !
2026-02-24 17:44:20,942 [DEBUG] taskcoachlib.widgets.autowidth: AutoColumnWidthMixin initialisé !
2026-02-24 17:44:20,942 [DEBUG] taskcoachlib.widgets.itemctrl: _CtrlWithAutoResizedColumnsMixin initialisé !
2026-02-24 17:44:20,942 [DEBUG] taskcoachlib.widgets.itemctrl: _CtrlWithItemPopupMenuMixin initialisé !
2026-02-24 17:44:20,942 [DEBUG] taskcoachlib.widgets.treectrl: TreeListCtrl.__init__ : après super()
2026-02-24 17:44:20,942 [DEBUG] taskcoachlib.gui.viewer.task: TaskViewer.createWidget: Widget TreeListCtrl créé, configuration de l'imageList et du MainColumn.
