2026-02-28 14:51:04,412 [INFO] __main__: ****************************************************************
2026-02-28 14:51:04,412 [INFO] __main__: *               Démarrage de Task Coach                          *
2026-02-28 14:51:04,412 [INFO] __main__: ****************************************************************
2026-02-28 14:51:04,412 [INFO] __main__: Environnement non frozen détecté (mode développement)
2026-02-28 14:51:04,412 [INFO] __main__: Lancement du programme Task Coach via taskcoach.py et les arguments d'ArgumentParser.
2026-02-28 14:51:04,533 [INFO] taskcoachlib.application: application avec wx
2026-02-28 14:51:04,777 [DEBUG] taskcoachlib.filesystem: filesystem : _system=Linux
2026-02-28 14:51:05,142 [INFO] __main__: Arguments analysés : options={'profile': False, 'skipstart': False, 'inifile': None, 'language': None, 'pofile': None, 'gui_name': 'wx'}, args=[]
2026-02-28 14:51:05,142 [DEBUG] taskcoachlib.config.settings: --- Settings.__init__ entrée ---
2026-02-28 14:51:05,142 [DEBUG] taskcoachlib.config.settings:   load: True
2026-02-28 14:51:05,142 [DEBUG] taskcoachlib.config.settings:   iniFile (reçu par Settings): None
2026-02-28 14:51:05,142 [DEBUG] taskcoachlib.config.settings:   *args (reçus par Settings): ()
2026-02-28 14:51:05,142 [DEBUG] taskcoachlib.config.settings:   **kwargs (reçus par Settings): {}
2026-02-28 14:51:05,145 [INFO] taskcoachlib.config.settings: Settings.__init__ avec wx.
2026-02-28 14:51:05,153 [INFO] taskcoachlib.config.settings: Settings.__init__ terminé avec succès !
2026-02-28 14:51:05,221 [INFO] taskcoachlib.application.application: Application.init: Initialisation des composants de l'application.
2026-02-28 14:51:05,222 [DEBUG] taskcoachlib.application.application: Application.__check_file_lock_early : Checking lock for last file: /home/sylvain/Documents/TaskCoach/Test.tsk
2026-02-28 14:51:05,222 [DEBUG] taskcoachlib.application.application: Application.__check_file_lock_early : filename to check for lock: /home/sylvain/Documents/TaskCoach/Test.tsk
2026-02-28 14:51:05,222 [DEBUG] taskcoachlib.application.application: Application.__check_file_lock_early : Lock file path: /home/sylvain/Documents/TaskCoach/Test.tsk.lock, acquired: True
2026-02-28 14:51:05,222 [DEBUG] taskcoachlib.application.application: Application.__check_file_lock_early : User chose to skip the lock.
2026-02-28 14:51:05,222 [DEBUG] taskcoachlib.application.application: Application.__check_file_lock_early : Final early lock result: ok
2026-02-28 14:51:05,229 [INFO] taskcoachlib.persistence.taskfile: Initialisation de TaskFile avec des arguments : (), {'poll': False}
2026-02-28 14:51:05,229 [INFO] taskcoachlib.persistence.taskfile: TaskFile : self.__tasks = TaskList()
2026-02-28 14:51:05,230 [DEBUG] taskcoachlib.filesystem.fs_inotify: FilesystemNotifier.__init__ : initialisation du notificateur utilisant inotify
2026-02-28 14:51:05,307 [DEBUG] taskcoachlib.filesystem.fs_inotify: FilesystemNotifier initialisé !
2026-02-28 14:51:05,315 [INFO] taskcoachlib.persistence.taskfile: TaskFile : TaskFile initialisé avec filename='', guid='f9a68aac-2be6-44ce-b61b-fc04e3b5dd2e' et syncMLConfig='None'.
2026-02-28 14:51:05,315 [INFO] taskcoachlib.persistence.taskfile: TaskFile : Tâche de base initialisée : 
2026-02-28 14:51:05,316 [INFO] taskcoachlib.persistence.taskfile: TaskFile : Tâches initiales : TaskList()
2026-02-28 14:51:05,316 [INFO] taskcoachlib.persistence.taskfile: TaskFile : Notes initiales : NoteContainer()
2026-02-28 14:51:05,316 [INFO] taskcoachlib.persistence.taskfile: TaskFile initialisé.
2026-02-28 14:51:05,316 [DEBUG] taskcoachlib.application.application: Application.init: le fichier à ouvrir est self.taskfile = .
2026-02-28 14:51:05,318 [WARNING] taskcoachlib.application.application: Application.init:  id(self.taskFile) : 140558915385536
2026-02-28 14:51:05,318 [WARNING] taskcoachlib.application.application: Application.init: Nb tâches viewer: 0
2026-02-28 14:51:05,318 [INFO] taskcoachlib.application.application: Application.init: Initialisation de la fenêtre principale.
2026-02-28 14:51:05,318 [INFO] taskcoachlib.gui.mainwindow: Début d'initialisation de MainWindow
2026-02-28 14:51:05,324 [INFO] taskcoachlib.gui.mainwindow: MainWindow : self.GetId() id=-31962
2026-02-28 14:51:05,324 [DEBUG] taskcoachlib.gui.windowdimensionstracker: Running on Wayland - window positioning blocked by compositor
2026-02-28 14:51:05,324 [DEBUG] taskcoachlib.gui.windowdimensionstracker: LOAD: pos=(0, 0) size=(1753, 744) maximized=True
2026-02-28 14:51:05,325 [DEBUG] taskcoachlib.gui.windowdimensionstracker: _validate_geometry: checking pos=(0, 0) size=(1753, 744) against 1 monitors
2026-02-28 14:51:05,325 [DEBUG] taskcoachlib.gui.windowdimensionstracker: Monitor 0: geometry=1920x1080 work_area=1920x1080
2026-02-28 14:51:05,325 [DEBUG] taskcoachlib.gui.windowdimensionstracker:   Geometry valid for monitor 0
2026-02-28 14:51:05,326 [DEBUG] taskcoachlib.gui.windowdimensionstracker: Set desired: pos=(0, 0) size=(1753, 744) maximized=True
2026-02-28 14:51:05,326 [DEBUG] taskcoachlib.gui.windowdimensionstracker: _log_position_tick: ready=False
2026-02-28 14:51:05,326 [DEBUG] taskcoachlib.gui.windowdimensionstracker: POS_LOG [0.00s]: pos=(0, 0) size=(1753, 744) max=False
2026-02-28 14:51:05,326 [DEBUG] taskcoachlib.gui.windowdimensionstracker: _log_position_tick: scheduled next tick in 50ms
2026-02-28 14:51:05,327 [INFO] taskcoachlib.gui.mainwindow: MainWindow : Initialisation de WindowDimensionsTracker pour la gestion de la taille et de la position de la fenêtre.
2026-02-28 14:51:05,327 [INFO] taskcoachlib.gui.mainwindow: MainWindow : Création et initialisation des composants de la fenêtre :
2026-02-28 14:51:05,327 [DEBUG] taskcoachlib.gui.mainwindow: MainWindow._create_window_components : création du conteneur pour les visionneuses.
2026-02-28 14:51:05,328 [DEBUG] taskcoachlib.gui.mainwindow: MainWindow._create_viewer_container : utilise viewer.container.ViewerContainer pour créer le conteneur de visionneuses.
2026-02-28 14:51:05,328 [DEBUG] taskcoachlib.gui.mainwindow: MainWindow._create_viewer_container : conteneur de visionneuses créé !
2026-02-28 14:51:05,328 [DEBUG] taskcoachlib.gui.mainwindow: MainWindow._create_window_components : Lance une classe-méthode pour ajouter des viewers.
2026-02-28 14:51:05,328 [DEBUG] taskcoachlib.gui.viewer.factory: addViewers.__add_viewers : Adding viewer of class <class 'taskcoachlib.gui.viewer.task.TaskViewer'>
2026-02-28 14:51:05,328 [WARNING] taskcoachlib.gui.viewer.factory: addViewers.__add_viewers : viewer_instance = TaskViewer((<taskcoachlib.gui.mainwindow.MainWindow object at 0x7fd642d4c0e0>, <taskcoachlib.persistence.taskfile.LockedTaskFile object at 0x7fd66c38b8c0>, <taskcoachlib.config.settings.Settings object at 0x7fd66c38b230>), {})
2026-02-28 14:51:05,328 [DEBUG] taskcoachlib.gui.viewer.task: TaskViewer.__init__ : Initialisation, Création du Visualiseur de tâches standard.
2026-02-28 14:51:05,329 [DEBUG] taskcoachlib.gui.viewer.mixin: ManualOrderingMixin.__init__ : initialisation de l'ordre manuel.
2026-02-28 14:51:05,329 [DEBUG] taskcoachlib.gui.viewer.mixin: ManualOrderingMixin.__init__ : ajoute 'sort' à la liste des icones visibles pour le tri manuel.
2026-02-28 14:51:05,329 [DEBUG] taskcoachlib.gui.viewer.mixin: SortableViewerMixin.__init__ : initialisation d'une visionneuse triable.
2026-02-28 14:51:05,329 [DEBUG] taskcoachlib.gui.viewer.base: ViewerWithColumns : Initialisation Création de la visionneuse avec des colonnes.
2026-02-28 14:51:05,329 [DEBUG] taskcoachlib.gui.viewer.task: BaseTaskTreeViewer : Création du Visualiseur de tâches sous forme d'arborescence avec rafraîchissement automatique.
2026-02-28 14:51:05,329 [DEBUG] taskcoachlib.gui.viewer.task: BaseTaskViewer : Création du Visualiseur de base pour les tâches.
2026-02-28 14:51:05,329 [DEBUG] taskcoachlib.gui.viewer.mixin: FilterableViewerMixin.__init__ : initialisation d'une visionneuse filtrable.
2026-02-28 14:51:05,329 [DEBUG] taskcoachlib.gui.viewer.base: TreeViewer : Initialisation avec args=(<taskcoachlib.gui.mainwindow.MainWindow object at 0x7fd642d4c0e0>, <taskcoachlib.persistence.taskfile.LockedTaskFile object at 0x7fd66c38b8c0>, <taskcoachlib.config.settings.Settings object at 0x7fd66c38b230>) et kwargs={'instanceNumber': 0, 'settingsSection': 'taskviewer'}.
2026-02-28 14:51:05,329 [DEBUG] taskcoachlib.gui.viewer.base: Viewer : Initialisation d'une nouvelle visionneuse self=TaskViewer.
2026-02-28 14:51:05,330 [DEBUG] taskcoachlib.gui.viewer.base: Viewer : parent=MainWindow
2026-02-28 14:51:05,330 [DEBUG] taskcoachlib.gui.viewer.task: BaseTaskViewer.domainObjectsToView : Nombre total d'objets dans la TaskList : 0
2026-02-28 14:51:05,330 [WARNING] taskcoachlib.gui.viewer.task: BaseTaskViewer.domainObjectsToView : ALERTE : Aucune tâche n'est présente dans le modèle après le chargement.
2026-02-28 14:51:05,330 [DEBUG] taskcoachlib.gui.viewer.task: BaseTaskViewer.domainObjectsToView : Retourne les tâches à visualiser : self.taskFile.tasks()=TaskList().
2026-02-28 14:51:05,330 [DEBUG] taskcoachlib.domain.base.filter: Filter.treeMode : renvoie le mode d'arborescence actuel de DeletedFilter: False.
2026-02-28 14:51:05,331 [DEBUG] taskcoachlib.gui.viewer.task: TaskViewer.isTreeViewer : La présentation n'est pas encore créée, utilisation des paramètres. self.settings=<taskcoachlib.config.settings.Settings object at 0x7fd66c38b230>.
2026-02-28 14:51:05,331 [DEBUG] taskcoachlib.domain.base.filter: Filter.treeMode : renvoie le mode d'arborescence actuel de CategoryFilter: True.
2026-02-28 14:51:05,331 [DEBUG] taskcoachlib.gui.viewer.task: TaskViewer.isTreeViewer : La présentation n'est pas encore créée, utilisation des paramètres. self.settings=<taskcoachlib.config.settings.Settings object at 0x7fd66c38b230>.
2026-02-28 14:51:05,333 [DEBUG] taskcoachlib.domain.base.filter: Filter.treeMode : renvoie le mode d'arborescence actuel de ViewFilter: True.
2026-02-28 14:51:05,333 [DEBUG] taskcoachlib.domain.base.filter: Filter.treeMode : renvoie le mode d'arborescence actuel de ViewFilter: True.
2026-02-28 14:51:05,333 [DEBUG] taskcoachlib.gui.viewer.task: TaskViewer.isTreeViewer : La présentation n'est pas encore créée, utilisation des paramètres. self.settings=<taskcoachlib.config.settings.Settings object at 0x7fd66c38b230>.
2026-02-28 14:51:05,333 [DEBUG] taskcoachlib.domain.base.filter: Filter.treeMode : renvoie le mode d'arborescence actuel de SearchFilter: True.
2026-02-28 14:51:05,334 [DEBUG] taskcoachlib.gui.viewer.task: TaskViewer.isTreeViewer : La présentation n'est pas encore créée, utilisation des paramètres. self.settings=<taskcoachlib.config.settings.Settings object at 0x7fd66c38b230>.
2026-02-28 14:51:05,334 [DEBUG] taskcoachlib.gui.viewer.task: TaskViewer.createWidget : Crée le widget de l'arborescence des tâches avec des menus contextuels. self=TaskViewer. 
2026-02-28 14:51:05,348 [DEBUG] taskcoachlib.gui.viewer.task: TaskViewer._createColumns retourne columns [<taskcoachlib.widgets.itemctrl.Column object at 0x7fd642d257f0>, <taskcoachlib.widgets.itemctrl.Column object at 0x7fd644f62850>, <taskcoachlib.widgets.itemctrl.Column object at 0x7fd644f62990>, <taskcoachlib.widgets.itemctrl.Column object at 0x7fd644f62ad0>, <taskcoachlib.widgets.itemctrl.Column object at 0x7fd644f62c10>, <taskcoachlib.widgets.itemctrl.Column object at 0x7fd644f62d50>, <taskcoachlib.widgets.itemctrl.Column object at 0x7fd644f62e90>, <taskcoachlib.widgets.itemctrl.Column object at 0x7fd644f62fd0>, <taskcoachlib.widgets.itemctrl.Column object at 0x7fd644f63110>, <taskcoachlib.widgets.itemctrl.Column object at 0x7fd644f63250>, <taskcoachlib.widgets.itemctrl.Column object at 0x7fd644f63390>, <taskcoachlib.widgets.itemctrl.Column object at 0x7fd644f634d0>, <taskcoachlib.widgets.itemctrl.Column object at 0x7fd644f63610>, <taskcoachlib.widgets.itemctrl.Column object at 0x7fd644f63750>, <taskcoachlib.widgets.itemctrl.Column object at 0x7fd644f63890>, <taskcoachlib.widgets.itemctrl.Column object at 0x7fd644f639d0>, <taskcoachlib.widgets.itemctrl.Column object at 0x7fd644f63b10>, <taskcoachlib.widgets.itemctrl.Column object at 0x7fd644f63c50>, <taskcoachlib.widgets.itemctrl.Column object at 0x7fd644f63d90>, <taskcoachlib.widgets.itemctrl.Column object at 0x7fd644f63ed0>, <taskcoachlib.widgets.itemctrl.Column object at 0x7fd642d88050>, <taskcoachlib.widgets.itemctrl.Column object at 0x7fd642d88190>, <taskcoachlib.widgets.itemctrl.Column object at 0x7fd642d882d0>, <taskcoachlib.widgets.itemctrl.Column object at 0x7fd642d88410>, <taskcoachlib.widgets.itemctrl.Column object at 0x7fd642d88550>, <taskcoachlib.widgets.itemctrl.Column object at 0x7fd642d88690>, <taskcoachlib.widgets.itemctrl.Column object at 0x7fd642d887d0>, <taskcoachlib.widgets.itemctrl.Column object at 0x7fd642d88910>, <taskcoachlib.widgets.itemctrl.Column object at 0x7fd642d88a50>].
2026-02-28 14:51:05,348 [DEBUG] taskcoachlib.gui.viewer.task: BaseTaskTreeViewer.createTaskPopupMenu : Création du menu contextuel.
2026-02-28 14:51:05,348 [DEBUG] taskcoachlib.gui.viewer.base: Viewer.presentation : Retour de la présentation de TaskViewer avec 0 éléments.
2026-02-28 14:51:05,348 [DEBUG] taskcoachlib.gui.viewer.base: Viewer.presentation : Les éléments de la présentation sont : Sorter(<class 'taskcoachlib.domain.task.sorter.Sorter'>([])).
2026-02-28 14:51:05,348 [INFO] taskcoachlib.gui.menu: TaskPopupMenu : Création du menu Popup de Tâche.
2026-02-28 14:51:05,348 [INFO] taskcoachlib.gui.menu: Menu : Création du menu de base. Initialisation du menu contextuel : TaskPopupMenu
2026-02-28 14:51:05,349 [DEBUG] taskcoachlib.gui.menu: Menu : self._window=<taskcoachlib.gui.mainwindow.MainWindow object at 0x7fd642d4c0e0>
2026-02-28 14:51:05,349 [INFO] taskcoachlib.gui.menu: Menu : window est une instance valide de wx.Window.
2026-02-28 14:51:05,349 [INFO] taskcoachlib.gui.menu: Menu : Fin d'Initialisation de Menu ! (self est TaskPopupMenu, window est MainWindow)
2026-02-28 14:51:05,349 [DEBUG] taskcoachlib.gui.menu: Menu.appendUICommand Essaie d'ajouter EditCut au menu TaskPopupMenu dans la classe wxFrame MainWindow winId=-31962
2026-02-28 14:51:05,349 [DEBUG] taskcoachlib.gui.uicommand.base_uicommand: UICommand.__getBitmap() appelé avec self=<taskcoachlib.gui.uicommand.uicommand.EditCut object at 0x7fd642d25940>, self.uniqueName=EditCut bitmapName=cut, bitmapType=b'wxART_MENU_C' et bitmapSize=(16, 16)
2026-02-28 14:51:05,351 [DEBUG] taskcoachlib.gui.menu: Menu.appendUICommand Essaie d'ajouter EditCopy au menu TaskPopupMenu dans la classe wxFrame MainWindow winId=-31962
2026-02-28 14:51:05,351 [DEBUG] taskcoachlib.gui.uicommand.base_uicommand: UICommand.__getBitmap() appelé avec self=<taskcoachlib.gui.uicommand.uicommand.EditCopy object at 0x7fd642d25a90>, self.uniqueName=EditCopy bitmapName=copy, bitmapType=b'wxART_MENU_C' et bitmapSize=(16, 16)
2026-02-28 14:51:05,351 [DEBUG] taskcoachlib.gui.menu: Menu.appendUICommand Essaie d'ajouter EditPaste au menu TaskPopupMenu dans la classe wxFrame MainWindow winId=-31962
2026-02-28 14:51:05,351 [DEBUG] taskcoachlib.gui.uicommand.base_uicommand: UICommand.__getBitmap() appelé avec self=<taskcoachlib.gui.uicommand.uicommand.EditPaste object at 0x7fd642d25be0>, self.uniqueName=EditPaste bitmapName=paste, bitmapType=b'wxART_MENU_C' et bitmapSize=(16, 16)
2026-02-28 14:51:05,352 [DEBUG] taskcoachlib.gui.menu: Menu.appendUICommand Essaie d'ajouter EditPasteAsSubItem au menu TaskPopupMenu dans la classe wxFrame MainWindow winId=-31962
2026-02-28 14:51:05,352 [DEBUG] taskcoachlib.gui.uicommand.base_uicommand: UICommand.__getBitmap() appelé avec self=<taskcoachlib.gui.uicommand.uicommand.EditPasteAsSubItem object at 0x7fd642d25d30>, self.uniqueName=EditPasteAsSubItem bitmapName=pasteintotask, bitmapType=b'wxART_MENU_C' et bitmapSize=(16, 16)
2026-02-28 14:51:05,362 [DEBUG] taskcoachlib.gui.menu: Menu.appendUICommand Essaie d'ajouter Edit au menu TaskPopupMenu dans la classe wxFrame MainWindow winId=-31962
2026-02-28 14:51:05,362 [DEBUG] taskcoachlib.gui.uicommand.base_uicommand: UICommand.__getBitmap() appelé avec self=<taskcoachlib.gui.uicommand.uicommand.Edit object at 0x7fd642d25e80>, self.uniqueName=Edit bitmapName=edit, bitmapType=b'wxART_MENU_C' et bitmapSize=(16, 16)
2026-02-28 14:51:05,363 [DEBUG] taskcoachlib.gui.menu: Menu.appendUICommand Essaie d'ajouter Delete au menu TaskPopupMenu dans la classe wxFrame MainWindow winId=-31962
2026-02-28 14:51:05,363 [DEBUG] taskcoachlib.gui.uicommand.base_uicommand: UICommand.__getBitmap() appelé avec self=<taskcoachlib.gui.uicommand.uicommand.Delete object at 0x7fd642d25fd0>, self.uniqueName=Delete bitmapName=delete, bitmapType=b'wxART_MENU_C' et bitmapSize=(16, 16)
2026-02-28 14:51:05,364 [DEBUG] taskcoachlib.gui.menu: Menu.appendUICommand Essaie d'ajouter AddAttachment au menu TaskPopupMenu dans la classe wxFrame MainWindow winId=-31962
2026-02-28 14:51:05,364 [DEBUG] taskcoachlib.gui.uicommand.base_uicommand: UICommand.__getBitmap() appelé avec self=<taskcoachlib.gui.uicommand.uicommand.AddAttachment object at 0x7fd642d26120>, self.uniqueName=AddAttachment bitmapName=paperclip_icon, bitmapType=b'wxART_MENU_C' et bitmapSize=(16, 16)
2026-02-28 14:51:05,365 [DEBUG] taskcoachlib.gui.menu: Menu.appendUICommand Essaie d'ajouter OpenAllAttachments au menu TaskPopupMenu dans la classe wxFrame MainWindow winId=-31962
2026-02-28 14:51:05,365 [DEBUG] taskcoachlib.gui.uicommand.base_uicommand: UICommand.__getBitmap() appelé avec self=<taskcoachlib.gui.uicommand.uicommand.OpenAllAttachments object at 0x7fd642d26270>, self.uniqueName=OpenAllAttachments bitmapName=paperclip_icon, bitmapType=b'wxART_MENU_C' et bitmapSize=(16, 16)
2026-02-28 14:51:05,366 [DEBUG] taskcoachlib.gui.menu: Menu.appendUICommand Essaie d'ajouter AddNote au menu TaskPopupMenu dans la classe wxFrame MainWindow winId=-31962
2026-02-28 14:51:05,366 [DEBUG] taskcoachlib.gui.uicommand.base_uicommand: UICommand.__getBitmap() appelé avec self=<taskcoachlib.gui.uicommand.uicommand.AddNote object at 0x7fd642d263c0>, self.uniqueName=AddNote bitmapName=note_icon, bitmapType=b'wxART_MENU_C' et bitmapSize=(16, 16)
2026-02-28 14:51:05,366 [DEBUG] taskcoachlib.gui.menu: Menu.appendUICommand Essaie d'ajouter OpenAllNotes au menu TaskPopupMenu dans la classe wxFrame MainWindow winId=-31962
2026-02-28 14:51:05,366 [DEBUG] taskcoachlib.gui.uicommand.base_uicommand: UICommand.__getBitmap() appelé avec self=<taskcoachlib.gui.uicommand.uicommand.OpenAllNotes object at 0x7fd642d26510>, self.uniqueName=OpenAllNotes bitmapName=edit, bitmapType=b'wxART_MENU_C' et bitmapSize=(16, 16)
2026-02-28 14:51:05,367 [DEBUG] taskcoachlib.gui.menu: Menu.appendUICommand Essaie d'ajouter Mail au menu TaskPopupMenu dans la classe wxFrame MainWindow winId=-31962
2026-02-28 14:51:05,367 [DEBUG] taskcoachlib.gui.uicommand.base_uicommand: UICommand.__getBitmap() appelé avec self=<taskcoachlib.gui.uicommand.uicommand.Mail object at 0x7fd642d26660>, self.uniqueName=Mail bitmapName=envelope_icon, bitmapType=b'wxART_MENU_C' et bitmapSize=(16, 16)
2026-02-28 14:51:05,367 [DEBUG] taskcoachlib.gui.uicommand.uicommandcontainer: UICommandContainerMixin.appendUICommands a terminé d'ajouter les uiCommands !
2026-02-28 14:51:05,368 [INFO] taskcoachlib.gui.menu: Création du menu Toggle Catégorie.
2026-02-28 14:51:05,368 [INFO] taskcoachlib.gui.menu: DynamicMenu : Création du menu Dynamique. Initialisation du menu contextuel : ToggleCategoryMenu
2026-02-28 14:51:05,368 [INFO] taskcoachlib.gui.menu: Menu : Création du menu de base. Initialisation du menu contextuel : ToggleCategoryMenu
2026-02-28 14:51:05,368 [DEBUG] taskcoachlib.gui.menu: Menu : self._window=<taskcoachlib.gui.mainwindow.MainWindow object at 0x7fd642d4c0e0>
2026-02-28 14:51:05,368 [INFO] taskcoachlib.gui.menu: Menu : window est une instance valide de wx.Window.
2026-02-28 14:51:05,369 [INFO] taskcoachlib.gui.menu: Menu : Fin d'Initialisation de Menu ! (self est ToggleCategoryMenu, window est MainWindow)
2026-02-28 14:51:05,369 [INFO] taskcoachlib.gui.menu: DynamicMenu : menu Dynamique ToggleCategoryMenu créé.
2026-02-28 14:51:05,369 [INFO] taskcoachlib.gui.menu: Toggle Catégorie initialisé.
2026-02-28 14:51:05,369 [DEBUG] taskcoachlib.gui.menu: Menu.appendMenu : Ajout du sous-menu MenuItem à self=TaskPopupMenu.
2026-02-28 14:51:05,370 [DEBUG] taskcoachlib.gui.menu: Menu.appendUICommand Essaie d'ajouter TaskMarkInactive au menu TaskPopupMenu dans la classe wxFrame MainWindow winId=-31962
2026-02-28 14:51:05,371 [DEBUG] taskcoachlib.gui.uicommand.base_uicommand: UICommand.__getBitmap() appelé avec self=<taskcoachlib.gui.uicommand.uicommand.TaskMarkInactive object at 0x7fd642d267b0>, self.uniqueName=TaskMarkInactive bitmapName=led_grey_icon, bitmapType=b'wxART_MENU_C' et bitmapSize=(16, 16)
2026-02-28 14:51:05,371 [DEBUG] taskcoachlib.gui.menu: Menu.appendUICommand Essaie d'ajouter TaskMarkActive au menu TaskPopupMenu dans la classe wxFrame MainWindow winId=-31962
2026-02-28 14:51:05,371 [DEBUG] taskcoachlib.gui.uicommand.base_uicommand: UICommand.__getBitmap() appelé avec self=<taskcoachlib.gui.uicommand.uicommand.TaskMarkActive object at 0x7fd642d26a50>, self.uniqueName=TaskMarkActive bitmapName=led_blue_icon, bitmapType=b'wxART_MENU_C' et bitmapSize=(16, 16)
2026-02-28 14:51:05,372 [DEBUG] taskcoachlib.gui.menu: Menu.appendUICommand Essaie d'ajouter TaskMarkCompleted au menu TaskPopupMenu dans la classe wxFrame MainWindow winId=-31962
2026-02-28 14:51:05,372 [DEBUG] taskcoachlib.gui.uicommand.base_uicommand: UICommand.__getBitmap() appelé avec self=<taskcoachlib.gui.uicommand.uicommand.TaskMarkCompleted object at 0x7fd642d26ba0>, self.uniqueName=TaskMarkCompleted bitmapName=checkmark_green_icon, bitmapType=b'wxART_MENU_C' et bitmapSize=(16, 16)
2026-02-28 14:51:05,373 [DEBUG] taskcoachlib.gui.uicommand.uicommandcontainer: UICommandContainerMixin.appendUICommands a terminé d'ajouter les uiCommands !
2026-02-28 14:51:05,373 [INFO] taskcoachlib.gui.menu: Création du menu Priorité de Tâche.
2026-02-28 14:51:05,373 [INFO] taskcoachlib.gui.menu: Menu : Création du menu de base. Initialisation du menu contextuel : TaskPriorityMenu
2026-02-28 14:51:05,373 [DEBUG] taskcoachlib.gui.menu: Menu : self._window=<taskcoachlib.gui.mainwindow.MainWindow object at 0x7fd642d4c0e0>
2026-02-28 14:51:05,373 [INFO] taskcoachlib.gui.menu: Menu : window est une instance valide de wx.Window.
2026-02-28 14:51:05,373 [INFO] taskcoachlib.gui.menu: Menu : Fin d'Initialisation de Menu ! (self est TaskPriorityMenu, window est MainWindow)
2026-02-28 14:51:05,374 [DEBUG] taskcoachlib.gui.menu: Menu.appendUICommand Essaie d'ajouter TaskIncPriority au menu TaskPriorityMenu dans la classe wxFrame MainWindow winId=-31962
2026-02-28 14:51:05,374 [DEBUG] taskcoachlib.gui.uicommand.base_uicommand: UICommand.__getBitmap() appelé avec self=<taskcoachlib.gui.uicommand.uicommand.TaskIncPriority object at 0x7fd642d26cf0>, self.uniqueName=TaskIncPriority bitmapName=incpriority, bitmapType=b'wxART_MENU_C' et bitmapSize=(16, 16)
2026-02-28 14:51:05,375 [DEBUG] taskcoachlib.gui.menu: Menu.appendUICommand Essaie d'ajouter TaskDecPriority au menu TaskPriorityMenu dans la classe wxFrame MainWindow winId=-31962
2026-02-28 14:51:05,375 [DEBUG] taskcoachlib.gui.uicommand.base_uicommand: UICommand.__getBitmap() appelé avec self=<taskcoachlib.gui.uicommand.uicommand.TaskDecPriority object at 0x7fd642d26e40>, self.uniqueName=TaskDecPriority bitmapName=decpriority, bitmapType=b'wxART_MENU_C' et bitmapSize=(16, 16)
2026-02-28 14:51:05,376 [DEBUG] taskcoachlib.gui.menu: Menu.appendUICommand Essaie d'ajouter TaskMaxPriority au menu TaskPriorityMenu dans la classe wxFrame MainWindow winId=-31962
2026-02-28 14:51:05,376 [DEBUG] taskcoachlib.gui.uicommand.base_uicommand: UICommand.__getBitmap() appelé avec self=<taskcoachlib.gui.uicommand.uicommand.TaskMaxPriority object at 0x7fd642d26f90>, self.uniqueName=TaskMaxPriority bitmapName=maxpriority, bitmapType=b'wxART_MENU_C' et bitmapSize=(16, 16)
2026-02-28 14:51:05,377 [DEBUG] taskcoachlib.gui.menu: Menu.appendUICommand Essaie d'ajouter TaskMinPriority au menu TaskPriorityMenu dans la classe wxFrame MainWindow winId=-31962
2026-02-28 14:51:05,377 [DEBUG] taskcoachlib.gui.uicommand.base_uicommand: UICommand.__getBitmap() appelé avec self=<taskcoachlib.gui.uicommand.uicommand.TaskMinPriority object at 0x7fd642d270e0>, self.uniqueName=TaskMinPriority bitmapName=minpriority, bitmapType=b'wxART_MENU_C' et bitmapSize=(16, 16)
2026-02-28 14:51:05,377 [DEBUG] taskcoachlib.gui.uicommand.uicommandcontainer: UICommandContainerMixin.appendUICommands a terminé d'ajouter les uiCommands !
2026-02-28 14:51:05,378 [DEBUG] taskcoachlib.gui.menu: Menu.appendMenu : Ajout du sous-menu MenuItem à self=TaskPopupMenu.
2026-02-28 14:51:05,381 [DEBUG] taskcoachlib.gui.menu: Menu.appendUICommand Essaie d'ajouter EffortNew au menu TaskPopupMenu dans la classe wxFrame MainWindow winId=-31962
2026-02-28 14:51:05,381 [DEBUG] taskcoachlib.gui.uicommand.base_uicommand: UICommand.__getBitmap() appelé avec self=<taskcoachlib.gui.uicommand.uicommand.EffortNew object at 0x7fd642d27230>, self.uniqueName=EffortNew bitmapName=new, bitmapType=b'wxART_MENU_C' et bitmapSize=(16, 16)
2026-02-28 14:51:05,382 [DEBUG] taskcoachlib.gui.menu: Menu.appendUICommand Essaie d'ajouter EffortStart au menu TaskPopupMenu dans la classe wxFrame MainWindow winId=-31962
2026-02-28 14:51:05,382 [DEBUG] taskcoachlib.gui.uicommand.base_uicommand: UICommand.__getBitmap() appelé avec self=<taskcoachlib.gui.uicommand.uicommand.EffortStart object at 0x7fd642d27380>, self.uniqueName=EffortStart bitmapName=clock_icon, bitmapType=b'wxART_MENU_C' et bitmapSize=(16, 16)
2026-02-28 14:51:05,383 [DEBUG] taskcoachlib.gui.menu: Menu.appendUICommand Essaie d'ajouter EffortStop au menu TaskPopupMenu dans la classe wxFrame MainWindow winId=-31962
2026-02-28 14:51:05,383 [DEBUG] taskcoachlib.gui.menu: Menu.appendUICommand Essaie d'ajouter TaskNew au menu TaskPopupMenu dans la classe wxFrame MainWindow winId=-31962
2026-02-28 14:51:05,383 [DEBUG] taskcoachlib.gui.uicommand.base_uicommand: UICommand.__getBitmap() appelé avec self=<taskcoachlib.gui.uicommand.uicommand.TaskNew object at 0x7fd642d27770>, self.uniqueName=TaskNew bitmapName=new, bitmapType=b'wxART_MENU_C' et bitmapSize=(16, 16)
2026-02-28 14:51:05,384 [DEBUG] taskcoachlib.gui.menu: Menu.appendUICommand Essaie d'ajouter NewSubItem au menu TaskPopupMenu dans la classe wxFrame MainWindow winId=-31962
2026-02-28 14:51:05,384 [DEBUG] taskcoachlib.gui.uicommand.base_uicommand: UICommand.__getBitmap() appelé avec self=<taskcoachlib.gui.uicommand.uicommand.NewSubItem object at 0x7fd642d278c0>, self.uniqueName=NewSubItem bitmapName=newsub, bitmapType=b'wxART_MENU_C' et bitmapSize=(16, 16)
2026-02-28 14:51:05,385 [DEBUG] taskcoachlib.gui.uicommand.uicommandcontainer: UICommandContainerMixin.appendUICommands a terminé d'ajouter les uiCommands !
2026-02-28 14:51:05,385 [INFO] taskcoachlib.gui.menu: TaskPopupMenu : Terminé - Menu Popup de Tâche créé !
2026-02-28 14:51:05,385 [INFO] taskcoachlib.gui.menu: Création du menu Popup Colonne.
2026-02-28 14:51:05,385 [INFO] taskcoachlib.gui.menu: Menu : Création du menu de base. Initialisation du menu contextuel : ColumnPopupMenu
2026-02-28 14:51:05,385 [DEBUG] taskcoachlib.gui.menu: Menu : self._window=<taskcoachlib.gui.viewer.task.TaskViewer object at 0x7fd642d4e3c0>
2026-02-28 14:51:05,386 [INFO] taskcoachlib.gui.menu: Menu : window est une instance valide de wx.Window.
2026-02-28 14:51:05,386 [INFO] taskcoachlib.gui.menu: Menu : Fin d'Initialisation de Menu ! (self est ColumnPopupMenu, window est TaskViewer)
2026-02-28 14:51:05,386 [DEBUG] taskcoachlib.gui.menu: ColumnPopupMenu : Appel de CallAfter.
2026-02-28 14:51:05,390 [DEBUG] taskcoachlib.gui.menu: ColumnPopupMenu : CallAfter passé avec succès. Menu Popup Colonne terminé !
2026-02-28 14:51:05,390 [DEBUG] taskcoachlib.gui.viewer.task: TaskViewer.createWidget : definit le widget TreeListCtrl.
2026-02-28 14:51:05,390 [DEBUG] taskcoachlib.gui.viewer.base: Viewer.presentation : Retour de la présentation de TaskViewer avec 0 éléments.
2026-02-28 14:51:05,390 [DEBUG] taskcoachlib.gui.viewer.base: Viewer.presentation : Les éléments de la présentation sont : Sorter(<class 'taskcoachlib.domain.task.sorter.Sorter'>([])).
2026-02-28 14:51:05,391 [DEBUG] taskcoachlib.widgets.treectrl: TreeListCtrl.__init__ : initialisation du contrôle de liste en arbre.
2026-02-28 14:51:05,391 [DEBUG] taskcoachlib.widgets.treectrl: TreeListCtrl.__init__ : parent=<taskcoachlib.gui.viewer.task.TaskViewer object at 0x7fd642d4e3c0>, self.__adapter=<taskcoachlib.gui.viewer.task.TaskViewer object at 0x7fd642d4e3c0>
2026-02-28 14:51:05,391 [DEBUG] taskcoachlib.widgets.treectrl: TreeListCtrl.__init__ : avant super().
2026-02-28 14:51:05,391 [DEBUG] taskcoachlib.widgets.itemctrl: _CtrlWithItemPopupMenuMixin.__init__ : Initialisation du menu contextuel sur les éléments.
2026-02-28 14:51:05,391 [DEBUG] taskcoachlib.widgets.itemctrl: _CtrlWithAutoResizedColumnsMixin.__init__ : initialisation.
2026-02-28 14:51:05,391 [DEBUG] taskcoachlib.widgets.autowidth: AutoColumnWidthMixin.__init__ : initialisation du Mixin pour ajouter un redimensionnement automatique des colonnes dans un contrôle.
2026-02-28 14:51:05,391 [DEBUG] taskcoachlib.widgets.itemctrl: _CtrlWithSortableColumnsMixin.__init__ : Initialisation des ajouts des indicateurs de tri.
2026-02-28 14:51:05,391 [DEBUG] taskcoachlib.widgets.itemctrl: _BaseCtrlWithColumnsMixin.__init__ : initialisation de tous les contrôles avec des colonnes.
2026-02-28 14:51:05,391 [DEBUG] taskcoachlib.widgets.itemctrl: _CtrlWithColumnPopupMenuMixin.__init__ : initialisation  pour activer un menu contextuel sur les en-têtes de colonnes.
2026-02-28 14:51:05,391 [DEBUG] taskcoachlib.widgets.itemctrl: _CtrlWithDropTargetMixin.__init__ : initialise le mixin qui permet aux contrôles d'accepter des fichiers déposés.
2026-02-28 14:51:05,391 [DEBUG] taskcoachlib.widgets.itemctrl: CtrlWithToolTipMixin.__init__ : initialise le contrôle qui a une info-bulle différente pour chaque élément.
2026-02-28 14:51:05,392 [DEBUG] taskcoachlib.widgets.tooltip: ToolTipMixin.__init__ : avant super args=(<taskcoachlib.gui.viewer.task.TaskViewer object at 0x7fd642d4e3c0>,), kwargs={'style': 1074003968, 'agwStyle': 10917, 'validateDrag': <bound method ViewerWithColumns.validateDrag of <taskcoachlib.gui.viewer.task.TaskViewer object at 0x7fd642d4e3c0>>}
2026-02-28 14:51:05,392 [DEBUG] taskcoachlib.widgets.treectrl: HyperTreeList.__init__ : initialisation d'HyperTreeList.
2026-02-28 14:51:05,392 [DEBUG] taskcoachlib.widgets.draganddrop: TreeCtrlDragAndDropMixin.__init__ : initialisation du drag and drop dans l'arborescence.
2026-02-28 14:51:05,392 [DEBUG] taskcoachlib.widgets.draganddrop: TreeHelperMixin.__init__ : Initialisation ! Rien à faire !
2026-02-28 14:51:05,610 [DEBUG] taskcoachlib.widgets.tooltip: ToolTipMixin initialisé !
2026-02-28 14:51:05,610 [DEBUG] taskcoachlib.widgets.itemctrl: CtrlWithToolTipMixin initialisé !
2026-02-28 14:51:05,611 [DEBUG] taskcoachlib.widgets.itemctrl: _CtrlWithDropTargetMixin initialisé !
2026-02-28 14:51:05,611 [DEBUG] taskcoachlib.widgets.itemctrl: _CtrlWithColumnPopupMenuMixin initialisé !
2026-02-28 14:51:05,613 [DEBUG] taskcoachlib.widgets.itemctrl: _BaseCtrlWithColumnsMixin initialisé avec les colonnes : [<taskcoachlib.widgets.itemctrl.Column object at 0x7fd642d257f0>, <taskcoachlib.widgets.itemctrl.Column object at 0x7fd644f62850>, <taskcoachlib.widgets.itemctrl.Column object at 0x7fd644f62990>, <taskcoachlib.widgets.itemctrl.Column object at 0x7fd644f62ad0>, <taskcoachlib.widgets.itemctrl.Column object at 0x7fd644f62c10>, <taskcoachlib.widgets.itemctrl.Column object at 0x7fd644f62d50>, <taskcoachlib.widgets.itemctrl.Column object at 0x7fd644f62e90>, <taskcoachlib.widgets.itemctrl.Column object at 0x7fd644f62fd0>, <taskcoachlib.widgets.itemctrl.Column object at 0x7fd644f63110>, <taskcoachlib.widgets.itemctrl.Column object at 0x7fd644f63250>, <taskcoachlib.widgets.itemctrl.Column object at 0x7fd644f63390>, <taskcoachlib.widgets.itemctrl.Column object at 0x7fd644f634d0>, <taskcoachlib.widgets.itemctrl.Column object at 0x7fd644f63610>, <taskcoachlib.widgets.itemctrl.Column object at 0x7fd644f63750>, <taskcoachlib.widgets.itemctrl.Column object at 0x7fd644f63890>, <taskcoachlib.widgets.itemctrl.Column object at 0x7fd644f639d0>, <taskcoachlib.widgets.itemctrl.Column object at 0x7fd644f63b10>, <taskcoachlib.widgets.itemctrl.Column object at 0x7fd644f63c50>, <taskcoachlib.widgets.itemctrl.Column object at 0x7fd644f63d90>, <taskcoachlib.widgets.itemctrl.Column object at 0x7fd644f63ed0>, <taskcoachlib.widgets.itemctrl.Column object at 0x7fd642d88050>, <taskcoachlib.widgets.itemctrl.Column object at 0x7fd642d88190>, <taskcoachlib.widgets.itemctrl.Column object at 0x7fd642d882d0>, <taskcoachlib.widgets.itemctrl.Column object at 0x7fd642d88410>, <taskcoachlib.widgets.itemctrl.Column object at 0x7fd642d88550>, <taskcoachlib.widgets.itemctrl.Column object at 0x7fd642d88690>, <taskcoachlib.widgets.itemctrl.Column object at 0x7fd642d887d0>, <taskcoachlib.widgets.itemctrl.Column object at 0x7fd642d88910>, <taskcoachlib.widgets.itemctrl.Column object at 0x7fd642d88a50>]
2026-02-28 14:51:05,614 [DEBUG] taskcoachlib.widgets.itemctrl: _CtrlWithSortableColumnsMixin initialisé ! Ajout des indicateurs de tri !
2026-02-28 14:51:05,614 [DEBUG] taskcoachlib.widgets.autowidth: AutoColumnWidthMixin initialisé !
2026-02-28 14:51:05,614 [DEBUG] taskcoachlib.widgets.itemctrl: _CtrlWithAutoResizedColumnsMixin initialisé !
2026-02-28 14:51:05,614 [DEBUG] taskcoachlib.widgets.itemctrl: _CtrlWithItemPopupMenuMixin initialisé !
2026-02-28 14:51:05,614 [DEBUG] taskcoachlib.widgets.treectrl: TreeListCtrl.__init__ : après super()
2026-02-28 14:51:05,614 [DEBUG] taskcoachlib.gui.viewer.task: TaskViewer.createWidget: Widget TreeListCtrl créé, configuration de l'imageList et du MainColumn.
2026-02-28 14:51:05,625 [DEBUG] taskcoachlib.gui.viewer.task: TaskViewer.createWidget retourne widget.
2026-02-28 14:51:05,626 [DEBUG] taskcoachlib.gui.toolbar: Initialisation de ToolBar dans la fenêtre parent : TaskViewer, taille : (16, 16)
2026-02-28 14:51:05,627 [DEBUG] taskcoachlib.gui.toolbar: ToolBar.loadPerspective : Chargement de la perspective de la barre d'outils : TaskNew,NewSubItem,TaskNewFromTemplateButton,Separator,Edit,Delete,Separator,TaskMarkInactive,TaskMarkActive,TaskMarkCompleted,Separator,EffortStart,EffortStop,Separator,Spacer,ViewerHideTasks_completed,ViewerHideTasks_late,ViewerHideTasks_active,ViewerHideTasks_duesoon,ViewerHideTasks_overdue,ViewerHideTasks_inactive,ResetFilter,TaskViewerTreeOrListChoice,Search
2026-02-28 14:51:05,627 [DEBUG] taskcoachlib.gui.toolbar: ToolBar.Clear : Nettoyage de la barre d'outils existante (Clear)
2026-02-28 14:51:05,629 [DEBUG] taskcoachlib.gui.viewer.base: Viewer.presentation : Retour de la présentation de TaskViewer avec 0 éléments.
2026-02-28 14:51:05,629 [DEBUG] taskcoachlib.gui.viewer.base: Viewer.presentation : Les éléments de la présentation sont : Sorter(<class 'taskcoachlib.domain.task.sorter.Sorter'>([])).
2026-02-28 14:51:05,629 [DEBUG] taskcoachlib.gui.viewer.base: Viewer.presentation : Retour de la présentation de TaskViewer avec 0 éléments.
2026-02-28 14:51:05,629 [DEBUG] taskcoachlib.gui.viewer.base: Viewer.presentation : Les éléments de la présentation sont : Sorter(<class 'taskcoachlib.domain.task.sorter.Sorter'>([])).
2026-02-28 14:51:05,635 [DEBUG] taskcoachlib.gui.toolbar: ToolBar.loadPerspective : Ajout du bouton de personnalisation de la barre d'outils
2026-02-28 14:51:05,636 [DEBUG] taskcoachlib.gui.toolbar: ToolBar.loadPerspective : Commandes filtrées : ['<taskcoachlib.gui.uicommand.uicommand.TaskNew object at 0x7fd642d89d10>', '<taskcoachlib.gui.uicommand.uicommand.NewSubItem object at 0x7fd642d89e50>', '<taskcoachlib.gui.uicommand.uicommand.TaskNewFromTemplateButton object at 0x7fd642da86e0>', 'None', '<taskcoachlib.gui.uicommand.uicommand.Edit object at 0x7fd642d89f90>', '<taskcoachlib.gui.uicommand.uicommand.Delete object at 0x7fd642d8a0d0>', 'None', '<taskcoachlib.gui.uicommand.uicommand.TaskMarkInactive object at 0x7fd642d8a350>', '<taskcoachlib.gui.uicommand.uicommand.TaskMarkActive object at 0x7fd642d8a490>', '<taskcoachlib.gui.uicommand.uicommand.TaskMarkCompleted object at 0x7fd642d8a5d0>', 'None', '<taskcoachlib.gui.uicommand.uicommand.EffortStart object at 0x7fd642d8a710>', '<taskcoachlib.gui.uicommand.uicommand.EffortStop object at 0x7fd642d8a850>', 'None', '1', '<taskcoachlib.gui.uicommand.uicommand.ViewerHideTasks object at 0x7fd642d09370>', '<taskcoachlib.gui.uicommand.uicommand.ViewerHideTasks object at 0x7fd642d8aad0>', '<taskcoachlib.gui.uicommand.uicommand.ViewerHideTasks object at 0x7fd642d8ac10>', '<taskcoachlib.gui.uicommand.uicommand.ViewerHideTasks object at 0x7fd644f43e10>', '<taskcoachlib.gui.uicommand.uicommand.ViewerHideTasks object at 0x7fd644f43bb0>', '<taskcoachlib.gui.uicommand.uicommand.ViewerHideTasks object at 0x7fd642da8980>', '<taskcoachlib.gui.uicommand.uicommand.ResetFilter object at 0x7fd642da8590>', '<taskcoachlib.gui.uicommand.uicommand.TaskViewerTreeOrListChoice object at 0x7fd642da8830>', '<taskcoachlib.gui.uicommand.uicommand.Search object at 0x7fd642da8440>', '<taskcoachlib.gui.uicommand.uicommand.EditToolBarPerspective object at 0x7fd642da8ec0>']
2026-02-28 14:51:05,636 [WARNING] taskcoachlib.gui.uicommand.uicommandcontainer: UICommandContainerMixin.appendUICommands : l'attribut _window est manquant, cela peut causer une erreur.
2026-02-28 14:51:05,636 [WARNING] taskcoachlib.gui.uicommand.uicommandcontainer: UICommandContainerMixin.appendUICommands : Attribution : self._window=<wx.lib.agw.hypertreelist.TreeListMainWindow object at 0x7fd642da2450>.
2026-02-28 14:51:05,636 [DEBUG] taskcoachlib.gui.uicommand.base_uicommand: UICommand.__getBitmap() appelé avec self=<taskcoachlib.gui.uicommand.uicommand.TaskNew object at 0x7fd642d89d10>, self.uniqueName=TaskNew bitmapName=new, bitmapType=b'wxART_TOOLBAR_C' et bitmapSize=(16, 16)
2026-02-28 14:51:05,637 [DEBUG] taskcoachlib.gui.uicommand.base_uicommand: UICommand.__getBitmap() appelé avec self=<taskcoachlib.gui.uicommand.uicommand.NewSubItem object at 0x7fd642d89e50>, self.uniqueName=NewSubItem bitmapName=newsub, bitmapType=b'wxART_TOOLBAR_C' et bitmapSize=(16, 16)
2026-02-28 14:51:05,638 [DEBUG] taskcoachlib.gui.uicommand.base_uicommand: UICommand.__getBitmap() appelé avec self=<taskcoachlib.gui.uicommand.uicommand.TaskNewFromTemplateButton object at 0x7fd642da86e0>, self.uniqueName=TaskNewFromTemplateButton bitmapName=newtmpl, bitmapType=b'wxART_TOOLBAR_C' et bitmapSize=(16, 16)
2026-02-28 14:51:05,639 [DEBUG] taskcoachlib.gui.uicommand.base_uicommand: UICommand.__getBitmap() appelé avec self=<taskcoachlib.gui.uicommand.uicommand.Edit object at 0x7fd642d89f90>, self.uniqueName=Edit bitmapName=edit, bitmapType=b'wxART_TOOLBAR_C' et bitmapSize=(16, 16)
2026-02-28 14:51:05,639 [DEBUG] taskcoachlib.gui.uicommand.base_uicommand: UICommand.__getBitmap() appelé avec self=<taskcoachlib.gui.uicommand.uicommand.Delete object at 0x7fd642d8a0d0>, self.uniqueName=Delete bitmapName=delete, bitmapType=b'wxART_TOOLBAR_C' et bitmapSize=(16, 16)
2026-02-28 14:51:05,640 [DEBUG] taskcoachlib.gui.uicommand.base_uicommand: UICommand.__getBitmap() appelé avec self=<taskcoachlib.gui.uicommand.uicommand.TaskMarkInactive object at 0x7fd642d8a350>, self.uniqueName=TaskMarkInactive bitmapName=led_grey_icon, bitmapType=b'wxART_TOOLBAR_C' et bitmapSize=(16, 16)
2026-02-28 14:51:05,641 [DEBUG] taskcoachlib.gui.uicommand.base_uicommand: UICommand.__getBitmap() appelé avec self=<taskcoachlib.gui.uicommand.uicommand.TaskMarkActive object at 0x7fd642d8a490>, self.uniqueName=TaskMarkActive bitmapName=led_blue_icon, bitmapType=b'wxART_TOOLBAR_C' et bitmapSize=(16, 16)
2026-02-28 14:51:05,641 [DEBUG] taskcoachlib.gui.uicommand.base_uicommand: UICommand.__getBitmap() appelé avec self=<taskcoachlib.gui.uicommand.uicommand.TaskMarkCompleted object at 0x7fd642d8a5d0>, self.uniqueName=TaskMarkCompleted bitmapName=checkmark_green_icon, bitmapType=b'wxART_TOOLBAR_C' et bitmapSize=(16, 16)
2026-02-28 14:51:05,642 [DEBUG] taskcoachlib.gui.uicommand.base_uicommand: UICommand.__getBitmap() appelé avec self=<taskcoachlib.gui.uicommand.uicommand.EffortStart object at 0x7fd642d8a710>, self.uniqueName=EffortStart bitmapName=clock_icon, bitmapType=b'wxART_TOOLBAR_C' et bitmapSize=(16, 16)
2026-02-28 14:51:05,643 [DEBUG] taskcoachlib.gui.uicommand.base_uicommand: UICommand.__getBitmap() appelé avec self=<taskcoachlib.gui.uicommand.uicommand.EffortStop object at 0x7fd642d8a850>, self.uniqueName=EffortStop bitmapName=clock_resume_icon, bitmapType=b'wxART_TOOLBAR_C' et bitmapSize=(16, 16)
2026-02-28 14:51:05,644 [DEBUG] taskcoachlib.gui.uicommand.base_uicommand: UICommand.__getBitmap() appelé avec self=<taskcoachlib.gui.uicommand.uicommand.ViewerHideTasks object at 0x7fd642d09370>, self.uniqueName=ViewerHideTasks_completed bitmapName=checkmark_green_icon+cross_red_icon, bitmapType=b'wxART_TOOLBAR_C' et bitmapSize=(16, 16)
2026-02-28 14:51:05,646 [DEBUG] taskcoachlib.gui.uicommand.base_uicommand: UICommand.__getBitmap() appelé avec self=<taskcoachlib.gui.uicommand.uicommand.ViewerHideTasks object at 0x7fd642d8aad0>, self.uniqueName=ViewerHideTasks_late bitmapName=led_purple_icon+cross_red_icon, bitmapType=b'wxART_TOOLBAR_C' et bitmapSize=(16, 16)
2026-02-28 14:51:05,649 [DEBUG] taskcoachlib.gui.uicommand.base_uicommand: UICommand.__getBitmap() appelé avec self=<taskcoachlib.gui.uicommand.uicommand.ViewerHideTasks object at 0x7fd642d8ac10>, self.uniqueName=ViewerHideTasks_active bitmapName=led_blue_icon+cross_red_icon, bitmapType=b'wxART_TOOLBAR_C' et bitmapSize=(16, 16)
2026-02-28 14:51:05,651 [DEBUG] taskcoachlib.gui.uicommand.base_uicommand: UICommand.__getBitmap() appelé avec self=<taskcoachlib.gui.uicommand.uicommand.ViewerHideTasks object at 0x7fd644f43e10>, self.uniqueName=ViewerHideTasks_duesoon bitmapName=led_orange_icon+cross_red_icon, bitmapType=b'wxART_TOOLBAR_C' et bitmapSize=(16, 16)
2026-02-28 14:51:05,653 [DEBUG] taskcoachlib.gui.uicommand.base_uicommand: UICommand.__getBitmap() appelé avec self=<taskcoachlib.gui.uicommand.uicommand.ViewerHideTasks object at 0x7fd644f43bb0>, self.uniqueName=ViewerHideTasks_overdue bitmapName=led_red_icon+cross_red_icon, bitmapType=b'wxART_TOOLBAR_C' et bitmapSize=(16, 16)
2026-02-28 14:51:05,653 [DEBUG] taskcoachlib.gui.uicommand.base_uicommand: UICommand.__getBitmap() appelé avec self=<taskcoachlib.gui.uicommand.uicommand.ViewerHideTasks object at 0x7fd642da8980>, self.uniqueName=ViewerHideTasks_inactive bitmapName=led_grey_icon+cross_red_icon, bitmapType=b'wxART_TOOLBAR_C' et bitmapSize=(16, 16)
2026-02-28 14:51:05,654 [DEBUG] taskcoachlib.gui.uicommand.base_uicommand: UICommand.__getBitmap() appelé avec self=<taskcoachlib.gui.uicommand.uicommand.ResetFilter object at 0x7fd642da8590>, self.uniqueName=ResetFilter bitmapName=viewalltasks, bitmapType=b'wxART_TOOLBAR_C' et bitmapSize=(16, 16)
2026-02-28 14:51:05,663 [DEBUG] taskcoachlib.widgets.tooltip: ToolTipMixin.__init__ : avant super args=(<taskcoachlib.gui.toolbar.ToolBar object at 0x7fd642db28d0>,), kwargs={'style': 1024}
2026-02-28 14:51:05,671 [DEBUG] taskcoachlib.widgets.tooltip: ToolTipMixin initialisé !
2026-02-28 14:51:05,674 [DEBUG] taskcoachlib.gui.uicommand.base_uicommand: UICommand.__getBitmap() appelé avec self=<taskcoachlib.gui.uicommand.uicommand.EditToolBarPerspective object at 0x7fd642da8ec0>, self.uniqueName=EditToolBarPerspective bitmapName=cogwheel_icon, bitmapType=b'wxART_TOOLBAR_C' et bitmapSize=(16, 16)
2026-02-28 14:51:05,675 [DEBUG] taskcoachlib.gui.uicommand.uicommandcontainer: UICommandContainerMixin.appendUICommands a terminé d'ajouter les uiCommands !
2026-02-28 14:51:05,678 [DEBUG] taskcoachlib.gui.viewer.base: Viewer.initLayout : Initialisation de la mise en page de la visionneuse TaskViewer title:Tasks.
2026-02-28 14:51:05,679 [DEBUG] taskcoachlib.gui.viewer.base: Viewer.initLayout : initLayout de TaskViewer terminé, taille: (20, 20)
2026-02-28 14:51:05,679 [DEBUG] taskcoachlib.gui.viewer.base: Viewer.presentation : Retour de la présentation de TaskViewer avec 0 éléments.
2026-02-28 14:51:05,679 [DEBUG] taskcoachlib.gui.viewer.base: Viewer.presentation : Les éléments de la présentation sont : Sorter(<class 'taskcoachlib.domain.task.sorter.Sorter'>([])).
2026-02-28 14:51:05,679 [DEBUG] taskcoachlib.gui.viewer.base: Viewer.presentation : Retour de la présentation de TaskViewer avec 0 éléments.
2026-02-28 14:51:05,679 [DEBUG] taskcoachlib.gui.viewer.base: Viewer.presentation : Les éléments de la présentation sont : Sorter(<class 'taskcoachlib.domain.task.sorter.Sorter'>([])).
2026-02-28 14:51:05,679 [DEBUG] taskcoachlib.gui.viewer.base: Viewer.presentation : Retour de la présentation de TaskViewer avec 0 éléments.
2026-02-28 14:51:05,680 [DEBUG] taskcoachlib.gui.viewer.base: Viewer.presentation : Les éléments de la présentation sont : Sorter(<class 'taskcoachlib.domain.task.sorter.Sorter'>([])).
2026-02-28 14:51:05,680 [DEBUG] taskcoachlib.gui.viewer.base: Viewer.presentation : Retour de la présentation de TaskViewer avec 0 éléments.
2026-02-28 14:51:05,680 [DEBUG] taskcoachlib.gui.viewer.base: Viewer.presentation : Les éléments de la présentation sont : Sorter(<class 'taskcoachlib.domain.task.sorter.Sorter'>([])).
2026-02-28 14:51:05,680 [DEBUG] taskcoachlib.gui.viewer.base: Viewer.presentation : Retour de la présentation de TaskViewer avec 0 éléments.
2026-02-28 14:51:05,680 [DEBUG] taskcoachlib.gui.viewer.base: Viewer.presentation : Les éléments de la présentation sont : Sorter(<class 'taskcoachlib.domain.task.sorter.Sorter'>([])).
2026-02-28 14:51:05,683 [DEBUG] taskcoachlib.gui.viewer.base: Viewer : Appel de CallAfter.
2026-02-28 14:51:05,684 [DEBUG] taskcoachlib.gui.viewer.base: Viewer : CallAfter passé avec succès.
2026-02-28 14:51:05,684 [DEBUG] taskcoachlib.gui.viewer.base: Viewer.__init__ : La nouvelle visionneuse self=TaskViewer est initialisée !
2026-02-28 14:51:05,684 [INFO] taskcoachlib.gui.viewer.base: TreeViewer : Liaison des événements d'expansion.
2026-02-28 14:51:05,684 [INFO] taskcoachlib.gui.viewer.base: TreeViewer : Liaison des événements de collapse.
2026-02-28 14:51:05,684 [DEBUG] taskcoachlib.gui.viewer.base: TreeViewer : Initialisé !
2026-02-28 14:51:05,684 [DEBUG] taskcoachlib.gui.viewer.mixin: FilterableViewerMixin initialisé !
2026-02-28 14:51:05,684 [DEBUG] taskcoachlib.gui.viewer.base: Viewer.presentation : Retour de la présentation de TaskViewer avec 0 éléments.
2026-02-28 14:51:05,684 [DEBUG] taskcoachlib.gui.viewer.base: Viewer.presentation : Les éléments de la présentation sont : Sorter(<class 'taskcoachlib.domain.task.sorter.Sorter'>([])).
2026-02-28 14:51:05,695 [DEBUG] taskcoachlib.gui.viewer.task: BaseTaskViewer : Appel de CallAfter.
2026-02-28 14:51:05,696 [DEBUG] taskcoachlib.gui.viewer.task: BaseTaskViewer : CallAfter passé avec succès. Visualiseur de base créé.
2026-02-28 14:51:05,696 [DEBUG] taskcoachlib.gui.viewer.base: Viewer.presentation : Retour de la présentation de TaskViewer avec 0 éléments.
2026-02-28 14:51:05,696 [DEBUG] taskcoachlib.gui.viewer.base: Viewer.presentation : Les éléments de la présentation sont : Sorter(<class 'taskcoachlib.domain.task.sorter.Sorter'>([])).
2026-02-28 14:51:05,697 [DEBUG] taskcoachlib.gui.viewer.task: BaseTaskTreeViewer initialisé avec rafraîchissement automatique.
2026-02-28 14:51:05,697 [DEBUG] taskcoachlib.gui.viewer.base: SortableViewerWithColumns.initColumn Initialise une colonne.
2026-02-28 14:51:05,697 [DEBUG] taskcoachlib.gui.viewer.base: ViewerWithColumns.initColumn : la colonne ordering est masquée selon les paramètres.
2026-02-28 14:51:05,697 [DEBUG] taskcoachlib.widgets.itemctrl: _CtrlWithHideableColumnsMixin._getColumnIndex : appelé par TreeListCtrl avec column =<taskcoachlib.widgets.itemctrl.Column object at 0x7fd642d257f0>
2026-02-28 14:51:05,698 [DEBUG] taskcoachlib.widgets.itemctrl: _CtrlWithHideableColumnsMixin._getColumnIndex : renvoie l'index 0 de la colonne <taskcoachlib.widgets.itemctrl.Column object at 0x7fd642d257f0> visible si toutes les colonnes sont visibles.
2026-02-28 14:51:05,698 [DEBUG] taskcoachlib.gui.viewer.base: SortableViewerWithColumns.initColumn : Vérifie si la colonne ordering est utilisée pour le tri.
2026-02-28 14:51:05,698 [DEBUG] taskcoachlib.gui.viewer.base: Viewer.presentation : Retour de la présentation de TaskViewer avec 0 éléments.
2026-02-28 14:51:05,698 [DEBUG] taskcoachlib.gui.viewer.base: Viewer.presentation : Les éléments de la présentation sont : Sorter(<class 'taskcoachlib.domain.task.sorter.Sorter'>([])).
2026-02-28 14:51:05,699 [DEBUG] taskcoachlib.gui.viewer.base: SortableViewerWithColumns.initColumn : Colonnes visibles après initialisation de la colonne ordering.
2026-02-28 14:51:05,699 [DEBUG] taskcoachlib.gui.viewer.base: SortableViewerWithColumns.initColumn Initialise une colonne.
2026-02-28 14:51:05,699 [DEBUG] taskcoachlib.gui.viewer.base: ViewerWithColumns.initColumn : la colonne subject est toujours visible selon les paramètres.
2026-02-28 14:51:05,699 [DEBUG] taskcoachlib.gui.viewer.base: ViewerWithColumns.initColumn : ajoute la colonne subject aux colonnes visibles : []
2026-02-28 14:51:05,700 [DEBUG] taskcoachlib.gui.viewer.base: SortableViewerWithColumns.initColumn : Vérifie si la colonne subject est utilisée pour le tri.
2026-02-28 14:51:05,700 [DEBUG] taskcoachlib.gui.viewer.base: Viewer.presentation : Retour de la présentation de TaskViewer avec 0 éléments.
2026-02-28 14:51:05,700 [DEBUG] taskcoachlib.gui.viewer.base: Viewer.presentation : Les éléments de la présentation sont : Sorter(<class 'taskcoachlib.domain.task.sorter.Sorter'>([])).
2026-02-28 14:51:05,700 [DEBUG] taskcoachlib.gui.viewer.base: SortableViewerWithColumns.initColumn : Colonnes visibles après initialisation de la colonne subject.
2026-02-28 14:51:05,700 [DEBUG] taskcoachlib.gui.viewer.base: SortableViewerWithColumns.initColumn Initialise une colonne.
2026-02-28 14:51:05,700 [DEBUG] taskcoachlib.gui.viewer.base: ViewerWithColumns.initColumn : la colonne description est masquée selon les paramètres.
2026-02-28 14:51:05,701 [DEBUG] taskcoachlib.widgets.itemctrl: _CtrlWithHideableColumnsMixin._getColumnIndex : appelé par TreeListCtrl avec column =<taskcoachlib.widgets.itemctrl.Column object at 0x7fd644f62990>
2026-02-28 14:51:05,701 [DEBUG] taskcoachlib.widgets.itemctrl: _CtrlWithHideableColumnsMixin._getColumnIndex : renvoie l'index 1 de la colonne <taskcoachlib.widgets.itemctrl.Column object at 0x7fd644f62990> visible si toutes les colonnes sont visibles.
2026-02-28 14:51:05,701 [DEBUG] taskcoachlib.gui.viewer.base: SortableViewerWithColumns.initColumn : Vérifie si la colonne description est utilisée pour le tri.
2026-02-28 14:51:05,701 [DEBUG] taskcoachlib.gui.viewer.base: Viewer.presentation : Retour de la présentation de TaskViewer avec 0 éléments.
2026-02-28 14:51:05,701 [DEBUG] taskcoachlib.gui.viewer.base: Viewer.presentation : Les éléments de la présentation sont : Sorter(<class 'taskcoachlib.domain.task.sorter.Sorter'>([])).
2026-02-28 14:51:05,701 [DEBUG] taskcoachlib.gui.viewer.base: SortableViewerWithColumns.initColumn : Colonnes visibles après initialisation de la colonne description.
2026-02-28 14:51:05,701 [DEBUG] taskcoachlib.gui.viewer.base: SortableViewerWithColumns.initColumn Initialise une colonne.
2026-02-28 14:51:05,701 [DEBUG] taskcoachlib.gui.viewer.base: ViewerWithColumns.initColumn : la colonne attachments est masquée selon les paramètres.
2026-02-28 14:51:05,702 [DEBUG] taskcoachlib.widgets.itemctrl: _CtrlWithHideableColumnsMixin._getColumnIndex : appelé par TreeListCtrl avec column =<taskcoachlib.widgets.itemctrl.Column object at 0x7fd644f62ad0>
2026-02-28 14:51:05,702 [DEBUG] taskcoachlib.widgets.itemctrl: _CtrlWithHideableColumnsMixin._getColumnIndex : renvoie l'index 1 de la colonne <taskcoachlib.widgets.itemctrl.Column object at 0x7fd644f62ad0> visible si toutes les colonnes sont visibles.
2026-02-28 14:51:05,702 [DEBUG] taskcoachlib.gui.viewer.base: SortableViewerWithColumns.initColumn : Vérifie si la colonne attachments est utilisée pour le tri.
2026-02-28 14:51:05,702 [DEBUG] taskcoachlib.gui.viewer.base: Viewer.presentation : Retour de la présentation de TaskViewer avec 0 éléments.
2026-02-28 14:51:05,702 [DEBUG] taskcoachlib.gui.viewer.base: Viewer.presentation : Les éléments de la présentation sont : Sorter(<class 'taskcoachlib.domain.task.sorter.Sorter'>([])).
2026-02-28 14:51:05,702 [DEBUG] taskcoachlib.gui.viewer.base: SortableViewerWithColumns.initColumn : Colonnes visibles après initialisation de la colonne attachments.
2026-02-28 14:51:05,702 [DEBUG] taskcoachlib.gui.viewer.base: SortableViewerWithColumns.initColumn Initialise une colonne.
2026-02-28 14:51:05,702 [DEBUG] taskcoachlib.gui.viewer.base: ViewerWithColumns.initColumn : la colonne notes est masquée selon les paramètres.
2026-02-28 14:51:05,702 [DEBUG] taskcoachlib.widgets.itemctrl: _CtrlWithHideableColumnsMixin._getColumnIndex : appelé par TreeListCtrl avec column =<taskcoachlib.widgets.itemctrl.Column object at 0x7fd644f62c10>
2026-02-28 14:51:05,702 [DEBUG] taskcoachlib.widgets.itemctrl: _CtrlWithHideableColumnsMixin._getColumnIndex : renvoie l'index 1 de la colonne <taskcoachlib.widgets.itemctrl.Column object at 0x7fd644f62c10> visible si toutes les colonnes sont visibles.
2026-02-28 14:51:05,702 [DEBUG] taskcoachlib.gui.viewer.base: SortableViewerWithColumns.initColumn : Vérifie si la colonne notes est utilisée pour le tri.
2026-02-28 14:51:05,702 [DEBUG] taskcoachlib.gui.viewer.base: Viewer.presentation : Retour de la présentation de TaskViewer avec 0 éléments.
2026-02-28 14:51:05,702 [DEBUG] taskcoachlib.gui.viewer.base: Viewer.presentation : Les éléments de la présentation sont : Sorter(<class 'taskcoachlib.domain.task.sorter.Sorter'>([])).
2026-02-28 14:51:05,702 [DEBUG] taskcoachlib.gui.viewer.base: SortableViewerWithColumns.initColumn : Colonnes visibles après initialisation de la colonne notes.
2026-02-28 14:51:05,702 [DEBUG] taskcoachlib.gui.viewer.base: SortableViewerWithColumns.initColumn Initialise une colonne.
2026-02-28 14:51:05,702 [DEBUG] taskcoachlib.gui.viewer.base: ViewerWithColumns.initColumn : la colonne categories est masquée selon les paramètres.
2026-02-28 14:51:05,702 [DEBUG] taskcoachlib.widgets.itemctrl: _CtrlWithHideableColumnsMixin._getColumnIndex : appelé par TreeListCtrl avec column =<taskcoachlib.widgets.itemctrl.Column object at 0x7fd644f62d50>
2026-02-28 14:51:05,703 [DEBUG] taskcoachlib.widgets.itemctrl: _CtrlWithHideableColumnsMixin._getColumnIndex : renvoie l'index 1 de la colonne <taskcoachlib.widgets.itemctrl.Column object at 0x7fd644f62d50> visible si toutes les colonnes sont visibles.
2026-02-28 14:51:05,703 [DEBUG] taskcoachlib.gui.viewer.base: SortableViewerWithColumns.initColumn : Vérifie si la colonne categories est utilisée pour le tri.
2026-02-28 14:51:05,703 [DEBUG] taskcoachlib.gui.viewer.base: Viewer.presentation : Retour de la présentation de TaskViewer avec 0 éléments.
2026-02-28 14:51:05,703 [DEBUG] taskcoachlib.gui.viewer.base: Viewer.presentation : Les éléments de la présentation sont : Sorter(<class 'taskcoachlib.domain.task.sorter.Sorter'>([])).
2026-02-28 14:51:05,703 [DEBUG] taskcoachlib.gui.viewer.base: SortableViewerWithColumns.initColumn : Colonnes visibles après initialisation de la colonne categories.
2026-02-28 14:51:05,703 [DEBUG] taskcoachlib.gui.viewer.base: SortableViewerWithColumns.initColumn Initialise une colonne.
2026-02-28 14:51:05,703 [DEBUG] taskcoachlib.gui.viewer.base: ViewerWithColumns.initColumn : la colonne prerequisites est masquée selon les paramètres.
2026-02-28 14:51:05,703 [DEBUG] taskcoachlib.widgets.itemctrl: _CtrlWithHideableColumnsMixin._getColumnIndex : appelé par TreeListCtrl avec column =<taskcoachlib.widgets.itemctrl.Column object at 0x7fd644f62e90>
2026-02-28 14:51:05,703 [DEBUG] taskcoachlib.widgets.itemctrl: _CtrlWithHideableColumnsMixin._getColumnIndex : renvoie l'index 1 de la colonne <taskcoachlib.widgets.itemctrl.Column object at 0x7fd644f62e90> visible si toutes les colonnes sont visibles.
2026-02-28 14:51:05,703 [DEBUG] taskcoachlib.gui.viewer.base: SortableViewerWithColumns.initColumn : Vérifie si la colonne prerequisites est utilisée pour le tri.
2026-02-28 14:51:05,703 [DEBUG] taskcoachlib.gui.viewer.base: Viewer.presentation : Retour de la présentation de TaskViewer avec 0 éléments.
2026-02-28 14:51:05,703 [DEBUG] taskcoachlib.gui.viewer.base: Viewer.presentation : Les éléments de la présentation sont : Sorter(<class 'taskcoachlib.domain.task.sorter.Sorter'>([])).
2026-02-28 14:51:05,703 [DEBUG] taskcoachlib.gui.viewer.base: SortableViewerWithColumns.initColumn : Colonnes visibles après initialisation de la colonne prerequisites.
2026-02-28 14:51:05,703 [DEBUG] taskcoachlib.gui.viewer.base: SortableViewerWithColumns.initColumn Initialise une colonne.
2026-02-28 14:51:05,704 [DEBUG] taskcoachlib.gui.viewer.base: ViewerWithColumns.initColumn : la colonne dependencies est masquée selon les paramètres.
2026-02-28 14:51:05,704 [DEBUG] taskcoachlib.widgets.itemctrl: _CtrlWithHideableColumnsMixin._getColumnIndex : appelé par TreeListCtrl avec column =<taskcoachlib.widgets.itemctrl.Column object at 0x7fd644f62fd0>
2026-02-28 14:51:05,704 [DEBUG] taskcoachlib.widgets.itemctrl: _CtrlWithHideableColumnsMixin._getColumnIndex : renvoie l'index 1 de la colonne <taskcoachlib.widgets.itemctrl.Column object at 0x7fd644f62fd0> visible si toutes les colonnes sont visibles.
2026-02-28 14:51:05,704 [DEBUG] taskcoachlib.gui.viewer.base: SortableViewerWithColumns.initColumn : Vérifie si la colonne dependencies est utilisée pour le tri.
2026-02-28 14:51:05,705 [DEBUG] taskcoachlib.gui.viewer.base: Viewer.presentation : Retour de la présentation de TaskViewer avec 0 éléments.
2026-02-28 14:51:05,705 [DEBUG] taskcoachlib.gui.viewer.base: Viewer.presentation : Les éléments de la présentation sont : Sorter(<class 'taskcoachlib.domain.task.sorter.Sorter'>([])).
2026-02-28 14:51:05,705 [DEBUG] taskcoachlib.gui.viewer.base: SortableViewerWithColumns.initColumn : Colonnes visibles après initialisation de la colonne dependencies.
2026-02-28 14:51:05,705 [DEBUG] taskcoachlib.gui.viewer.base: SortableViewerWithColumns.initColumn Initialise une colonne.
2026-02-28 14:51:05,705 [DEBUG] taskcoachlib.gui.viewer.base: ViewerWithColumns.initColumn : la colonne plannedStartDateTime est visible selon les paramètres.
2026-02-28 14:51:05,705 [DEBUG] taskcoachlib.widgets.itemctrl: _CtrlWithHideableColumnsMixin._getColumnIndex : appelé par TreeListCtrl avec column =<taskcoachlib.widgets.itemctrl.Column object at 0x7fd644f63110>
2026-02-28 14:51:05,705 [DEBUG] taskcoachlib.widgets.itemctrl: _CtrlWithHideableColumnsMixin._getColumnIndex : renvoie l'index 1 de la colonne <taskcoachlib.widgets.itemctrl.Column object at 0x7fd644f63110> visible si toutes les colonnes sont visibles.
2026-02-28 14:51:05,706 [DEBUG] taskcoachlib.gui.viewer.base: ViewerWithColumns.initColumn : ajoute la colonne plannedStartDateTime aux colonnes visibles : [<taskcoachlib.widgets.itemctrl.Column object at 0x7fd644f62850>]
2026-02-28 14:51:05,706 [DEBUG] taskcoachlib.gui.viewer.base: SortableViewerWithColumns.initColumn : Vérifie si la colonne plannedStartDateTime est utilisée pour le tri.
2026-02-28 14:51:05,706 [DEBUG] taskcoachlib.gui.viewer.base: Viewer.presentation : Retour de la présentation de TaskViewer avec 0 éléments.
2026-02-28 14:51:05,706 [DEBUG] taskcoachlib.gui.viewer.base: Viewer.presentation : Les éléments de la présentation sont : Sorter(<class 'taskcoachlib.domain.task.sorter.Sorter'>([])).
2026-02-28 14:51:05,706 [DEBUG] taskcoachlib.gui.viewer.base: SortableViewerWithColumns.initColumn : Colonnes visibles après initialisation de la colonne plannedStartDateTime.
2026-02-28 14:51:05,706 [DEBUG] taskcoachlib.gui.viewer.base: SortableViewerWithColumns.initColumn Initialise une colonne.
2026-02-28 14:51:05,706 [DEBUG] taskcoachlib.gui.viewer.base: ViewerWithColumns.initColumn : la colonne dueDateTime est visible selon les paramètres.
2026-02-28 14:51:05,707 [DEBUG] taskcoachlib.widgets.itemctrl: _CtrlWithHideableColumnsMixin._getColumnIndex : appelé par TreeListCtrl avec column =<taskcoachlib.widgets.itemctrl.Column object at 0x7fd644f63250>
2026-02-28 14:51:05,707 [DEBUG] taskcoachlib.widgets.itemctrl: _CtrlWithHideableColumnsMixin._getColumnIndex : renvoie l'index 2 de la colonne <taskcoachlib.widgets.itemctrl.Column object at 0x7fd644f63250> visible si toutes les colonnes sont visibles.
2026-02-28 14:51:05,707 [DEBUG] taskcoachlib.gui.viewer.base: ViewerWithColumns.initColumn : ajoute la colonne dueDateTime aux colonnes visibles : [<taskcoachlib.widgets.itemctrl.Column object at 0x7fd644f62850>, <taskcoachlib.widgets.itemctrl.Column object at 0x7fd644f63110>]
2026-02-28 14:51:05,707 [DEBUG] taskcoachlib.gui.viewer.base: SortableViewerWithColumns.initColumn : Vérifie si la colonne dueDateTime est utilisée pour le tri.
2026-02-28 14:51:05,707 [DEBUG] taskcoachlib.gui.viewer.base: Viewer.presentation : Retour de la présentation de TaskViewer avec 0 éléments.
2026-02-28 14:51:05,707 [DEBUG] taskcoachlib.gui.viewer.base: Viewer.presentation : Les éléments de la présentation sont : Sorter(<class 'taskcoachlib.domain.task.sorter.Sorter'>([])).
2026-02-28 14:51:05,707 [DEBUG] taskcoachlib.gui.viewer.base: SortableViewerWithColumns.initColumn : La colonne dueDateTime est utilisée pour le tri. Affiche l'icône de tri.
2026-02-28 14:51:05,708 [DEBUG] taskcoachlib.widgets.itemctrl: _CtrlWithHideableColumnsMixin._getColumnIndex : appelé par TreeListCtrl avec column =<taskcoachlib.widgets.itemctrl.Column object at 0x7fd644f63250>
2026-02-28 14:51:05,708 [DEBUG] taskcoachlib.widgets.itemctrl: _CtrlWithHideableColumnsMixin._getColumnIndex : renvoie l'index 2 de la colonne <taskcoachlib.widgets.itemctrl.Column object at 0x7fd644f63250> visible si toutes les colonnes sont visibles.
2026-02-28 14:51:05,708 [DEBUG] taskcoachlib.gui.viewer.base: SortableViewerWithColumns.initColumn : Affiche l'ordre de tri pour la colonne dueDateTime.
2026-02-28 14:51:05,708 [DEBUG] taskcoachlib.gui.viewer.base: Viewer.presentation : Retour de la présentation de TaskViewer avec 0 éléments.
2026-02-28 14:51:05,708 [DEBUG] taskcoachlib.gui.viewer.base: Viewer.presentation : Les éléments de la présentation sont : Sorter(<class 'taskcoachlib.domain.task.sorter.Sorter'>([])).
2026-02-28 14:51:05,708 [DEBUG] taskcoachlib.widgets.itemctrl: _CtrlWithHideableColumnsMixin._getColumnIndex : appelé par TreeListCtrl avec column =<taskcoachlib.widgets.itemctrl.Column object at 0x7fd644f63250>
2026-02-28 14:51:05,709 [DEBUG] taskcoachlib.widgets.itemctrl: _CtrlWithHideableColumnsMixin._getColumnIndex : renvoie l'index 2 de la colonne <taskcoachlib.widgets.itemctrl.Column object at 0x7fd644f63250> visible si toutes les colonnes sont visibles.
2026-02-28 14:51:05,709 [DEBUG] taskcoachlib.gui.viewer.base: SortableViewerWithColumns.initColumn : La colonne dueDateTime est maintenant visible avec l'icône de tri.
2026-02-28 14:51:05,709 [DEBUG] taskcoachlib.gui.viewer.base: SortableViewerWithColumns.initColumn : Colonnes visibles après initialisation de la colonne dueDateTime.
2026-02-28 14:51:05,709 [DEBUG] taskcoachlib.gui.viewer.base: SortableViewerWithColumns.initColumn Initialise une colonne.
2026-02-28 14:51:05,709 [DEBUG] taskcoachlib.gui.viewer.base: ViewerWithColumns.initColumn : la colonne actualStartDateTime est visible selon les paramètres.
2026-02-28 14:51:05,709 [DEBUG] taskcoachlib.widgets.itemctrl: _CtrlWithHideableColumnsMixin._getColumnIndex : appelé par TreeListCtrl avec column =<taskcoachlib.widgets.itemctrl.Column object at 0x7fd644f63390>
2026-02-28 14:51:05,709 [DEBUG] taskcoachlib.widgets.itemctrl: _CtrlWithHideableColumnsMixin._getColumnIndex : renvoie l'index 3 de la colonne <taskcoachlib.widgets.itemctrl.Column object at 0x7fd644f63390> visible si toutes les colonnes sont visibles.
2026-02-28 14:51:05,710 [DEBUG] taskcoachlib.gui.viewer.base: ViewerWithColumns.initColumn : ajoute la colonne actualStartDateTime aux colonnes visibles : [<taskcoachlib.widgets.itemctrl.Column object at 0x7fd644f62850>, <taskcoachlib.widgets.itemctrl.Column object at 0x7fd644f63110>, <taskcoachlib.widgets.itemctrl.Column object at 0x7fd644f63250>]
2026-02-28 14:51:05,710 [DEBUG] taskcoachlib.gui.viewer.base: SortableViewerWithColumns.initColumn : Vérifie si la colonne actualStartDateTime est utilisée pour le tri.
2026-02-28 14:51:05,710 [DEBUG] taskcoachlib.gui.viewer.base: Viewer.presentation : Retour de la présentation de TaskViewer avec 0 éléments.
2026-02-28 14:51:05,710 [DEBUG] taskcoachlib.gui.viewer.base: Viewer.presentation : Les éléments de la présentation sont : Sorter(<class 'taskcoachlib.domain.task.sorter.Sorter'>([])).
2026-02-28 14:51:05,710 [DEBUG] taskcoachlib.gui.viewer.base: SortableViewerWithColumns.initColumn : Colonnes visibles après initialisation de la colonne actualStartDateTime.
2026-02-28 14:51:05,710 [DEBUG] taskcoachlib.gui.viewer.base: SortableViewerWithColumns.initColumn Initialise une colonne.
2026-02-28 14:51:05,710 [DEBUG] taskcoachlib.gui.viewer.base: ViewerWithColumns.initColumn : la colonne completionDateTime est visible selon les paramètres.
2026-02-28 14:51:05,711 [DEBUG] taskcoachlib.widgets.itemctrl: _CtrlWithHideableColumnsMixin._getColumnIndex : appelé par TreeListCtrl avec column =<taskcoachlib.widgets.itemctrl.Column object at 0x7fd644f634d0>
2026-02-28 14:51:05,711 [DEBUG] taskcoachlib.widgets.itemctrl: _CtrlWithHideableColumnsMixin._getColumnIndex : renvoie l'index 4 de la colonne <taskcoachlib.widgets.itemctrl.Column object at 0x7fd644f634d0> visible si toutes les colonnes sont visibles.
2026-02-28 14:51:05,711 [DEBUG] taskcoachlib.gui.viewer.base: ViewerWithColumns.initColumn : ajoute la colonne completionDateTime aux colonnes visibles : [<taskcoachlib.widgets.itemctrl.Column object at 0x7fd644f62850>, <taskcoachlib.widgets.itemctrl.Column object at 0x7fd644f63110>, <taskcoachlib.widgets.itemctrl.Column object at 0x7fd644f63250>, <taskcoachlib.widgets.itemctrl.Column object at 0x7fd644f63390>]
2026-02-28 14:51:05,711 [DEBUG] taskcoachlib.gui.viewer.base: SortableViewerWithColumns.initColumn : Vérifie si la colonne completionDateTime est utilisée pour le tri.
2026-02-28 14:51:05,711 [DEBUG] taskcoachlib.gui.viewer.base: Viewer.presentation : Retour de la présentation de TaskViewer avec 0 éléments.
2026-02-28 14:51:05,711 [DEBUG] taskcoachlib.gui.viewer.base: Viewer.presentation : Les éléments de la présentation sont : Sorter(<class 'taskcoachlib.domain.task.sorter.Sorter'>([])).
2026-02-28 14:51:05,711 [DEBUG] taskcoachlib.gui.viewer.base: SortableViewerWithColumns.initColumn : Colonnes visibles après initialisation de la colonne completionDateTime.
2026-02-28 14:51:05,711 [DEBUG] taskcoachlib.gui.viewer.base: SortableViewerWithColumns.initColumn Initialise une colonne.
2026-02-28 14:51:05,712 [DEBUG] taskcoachlib.gui.viewer.base: ViewerWithColumns.initColumn : la colonne status est masquée selon les paramètres.
2026-02-28 14:51:05,712 [DEBUG] taskcoachlib.widgets.itemctrl: _CtrlWithHideableColumnsMixin._getColumnIndex : appelé par TreeListCtrl avec column =<taskcoachlib.widgets.itemctrl.Column object at 0x7fd644f63610>
2026-02-28 14:51:05,712 [DEBUG] taskcoachlib.widgets.itemctrl: _CtrlWithHideableColumnsMixin._getColumnIndex : renvoie l'index 5 de la colonne <taskcoachlib.widgets.itemctrl.Column object at 0x7fd644f63610> visible si toutes les colonnes sont visibles.
2026-02-28 14:51:05,712 [DEBUG] taskcoachlib.gui.viewer.base: SortableViewerWithColumns.initColumn : Vérifie si la colonne status est utilisée pour le tri.
2026-02-28 14:51:05,712 [DEBUG] taskcoachlib.gui.viewer.base: Viewer.presentation : Retour de la présentation de TaskViewer avec 0 éléments.
2026-02-28 14:51:05,712 [DEBUG] taskcoachlib.gui.viewer.base: Viewer.presentation : Les éléments de la présentation sont : Sorter(<class 'taskcoachlib.domain.task.sorter.Sorter'>([])).
2026-02-28 14:51:05,713 [DEBUG] taskcoachlib.gui.viewer.base: SortableViewerWithColumns.initColumn : Colonnes visibles après initialisation de la colonne status.
2026-02-28 14:51:05,713 [DEBUG] taskcoachlib.gui.viewer.base: SortableViewerWithColumns.initColumn Initialise une colonne.
2026-02-28 14:51:05,713 [DEBUG] taskcoachlib.gui.viewer.base: ViewerWithColumns.initColumn : la colonne statusIcon est masquée selon les paramètres.
2026-02-28 14:51:05,713 [DEBUG] taskcoachlib.widgets.itemctrl: _CtrlWithHideableColumnsMixin._getColumnIndex : appelé par TreeListCtrl avec column =<taskcoachlib.widgets.itemctrl.Column object at 0x7fd644f63750>
2026-02-28 14:51:05,713 [DEBUG] taskcoachlib.widgets.itemctrl: _CtrlWithHideableColumnsMixin._getColumnIndex : renvoie l'index 5 de la colonne <taskcoachlib.widgets.itemctrl.Column object at 0x7fd644f63750> visible si toutes les colonnes sont visibles.
2026-02-28 14:51:05,713 [DEBUG] taskcoachlib.gui.viewer.base: SortableViewerWithColumns.initColumn : Vérifie si la colonne statusIcon est utilisée pour le tri.
2026-02-28 14:51:05,713 [DEBUG] taskcoachlib.gui.viewer.base: Viewer.presentation : Retour de la présentation de TaskViewer avec 0 éléments.
2026-02-28 14:51:05,714 [DEBUG] taskcoachlib.gui.viewer.base: Viewer.presentation : Les éléments de la présentation sont : Sorter(<class 'taskcoachlib.domain.task.sorter.Sorter'>([])).
2026-02-28 14:51:05,714 [DEBUG] taskcoachlib.gui.viewer.base: SortableViewerWithColumns.initColumn : Colonnes visibles après initialisation de la colonne statusIcon.
2026-02-28 14:51:05,714 [DEBUG] taskcoachlib.gui.viewer.base: SortableViewerWithColumns.initColumn Initialise une colonne.
2026-02-28 14:51:05,714 [DEBUG] taskcoachlib.gui.viewer.base: ViewerWithColumns.initColumn : la colonne statusIconText est masquée selon les paramètres.
2026-02-28 14:51:05,714 [DEBUG] taskcoachlib.widgets.itemctrl: _CtrlWithHideableColumnsMixin._getColumnIndex : appelé par TreeListCtrl avec column =<taskcoachlib.widgets.itemctrl.Column object at 0x7fd644f63890>
2026-02-28 14:51:05,714 [DEBUG] taskcoachlib.widgets.itemctrl: _CtrlWithHideableColumnsMixin._getColumnIndex : renvoie l'index 5 de la colonne <taskcoachlib.widgets.itemctrl.Column object at 0x7fd644f63890> visible si toutes les colonnes sont visibles.
2026-02-28 14:51:05,714 [DEBUG] taskcoachlib.gui.viewer.base: SortableViewerWithColumns.initColumn : Vérifie si la colonne statusIconText est utilisée pour le tri.
2026-02-28 14:51:05,715 [DEBUG] taskcoachlib.gui.viewer.base: Viewer.presentation : Retour de la présentation de TaskViewer avec 0 éléments.
2026-02-28 14:51:05,715 [DEBUG] taskcoachlib.gui.viewer.base: Viewer.presentation : Les éléments de la présentation sont : Sorter(<class 'taskcoachlib.domain.task.sorter.Sorter'>([])).
2026-02-28 14:51:05,715 [DEBUG] taskcoachlib.gui.viewer.base: SortableViewerWithColumns.initColumn : Colonnes visibles après initialisation de la colonne statusIconText.
2026-02-28 14:51:05,715 [DEBUG] taskcoachlib.gui.viewer.base: SortableViewerWithColumns.initColumn Initialise une colonne.
2026-02-28 14:51:05,715 [DEBUG] taskcoachlib.gui.viewer.base: ViewerWithColumns.initColumn : la colonne percentageComplete est masquée selon les paramètres.
2026-02-28 14:51:05,715 [DEBUG] taskcoachlib.widgets.itemctrl: _CtrlWithHideableColumnsMixin._getColumnIndex : appelé par TreeListCtrl avec column =<taskcoachlib.widgets.itemctrl.Column object at 0x7fd644f639d0>
2026-02-28 14:51:05,715 [DEBUG] taskcoachlib.widgets.itemctrl: _CtrlWithHideableColumnsMixin._getColumnIndex : renvoie l'index 5 de la colonne <taskcoachlib.widgets.itemctrl.Column object at 0x7fd644f639d0> visible si toutes les colonnes sont visibles.
2026-02-28 14:51:05,716 [DEBUG] taskcoachlib.gui.viewer.base: SortableViewerWithColumns.initColumn : Vérifie si la colonne percentageComplete est utilisée pour le tri.
2026-02-28 14:51:05,716 [DEBUG] taskcoachlib.gui.viewer.base: Viewer.presentation : Retour de la présentation de TaskViewer avec 0 éléments.
2026-02-28 14:51:05,716 [DEBUG] taskcoachlib.gui.viewer.base: Viewer.presentation : Les éléments de la présentation sont : Sorter(<class 'taskcoachlib.domain.task.sorter.Sorter'>([])).
2026-02-28 14:51:05,716 [DEBUG] taskcoachlib.gui.viewer.base: SortableViewerWithColumns.initColumn : Colonnes visibles après initialisation de la colonne percentageComplete.
2026-02-28 14:51:05,716 [DEBUG] taskcoachlib.gui.viewer.base: SortableViewerWithColumns.initColumn Initialise une colonne.
2026-02-28 14:51:05,716 [DEBUG] taskcoachlib.gui.viewer.base: ViewerWithColumns.initColumn : la colonne timeLeft est masquée selon les paramètres.
2026-02-28 14:51:05,716 [DEBUG] taskcoachlib.widgets.itemctrl: _CtrlWithHideableColumnsMixin._getColumnIndex : appelé par TreeListCtrl avec column =<taskcoachlib.widgets.itemctrl.Column object at 0x7fd644f63b10>
2026-02-28 14:51:05,717 [DEBUG] taskcoachlib.widgets.itemctrl: _CtrlWithHideableColumnsMixin._getColumnIndex : renvoie l'index 5 de la colonne <taskcoachlib.widgets.itemctrl.Column object at 0x7fd644f63b10> visible si toutes les colonnes sont visibles.
2026-02-28 14:51:05,717 [DEBUG] taskcoachlib.gui.viewer.base: SortableViewerWithColumns.initColumn : Vérifie si la colonne timeLeft est utilisée pour le tri.
2026-02-28 14:51:05,717 [DEBUG] taskcoachlib.gui.viewer.base: Viewer.presentation : Retour de la présentation de TaskViewer avec 0 éléments.
2026-02-28 14:51:05,717 [DEBUG] taskcoachlib.gui.viewer.base: Viewer.presentation : Les éléments de la présentation sont : Sorter(<class 'taskcoachlib.domain.task.sorter.Sorter'>([])).
2026-02-28 14:51:05,717 [DEBUG] taskcoachlib.gui.viewer.base: SortableViewerWithColumns.initColumn : Colonnes visibles après initialisation de la colonne timeLeft.
2026-02-28 14:51:05,717 [DEBUG] taskcoachlib.gui.viewer.base: SortableViewerWithColumns.initColumn Initialise une colonne.
2026-02-28 14:51:05,717 [DEBUG] taskcoachlib.gui.viewer.base: ViewerWithColumns.initColumn : la colonne recurrence est masquée selon les paramètres.
2026-02-28 14:51:05,718 [DEBUG] taskcoachlib.widgets.itemctrl: _CtrlWithHideableColumnsMixin._getColumnIndex : appelé par TreeListCtrl avec column =<taskcoachlib.widgets.itemctrl.Column object at 0x7fd644f63c50>
2026-02-28 14:51:05,718 [DEBUG] taskcoachlib.widgets.itemctrl: _CtrlWithHideableColumnsMixin._getColumnIndex : renvoie l'index 5 de la colonne <taskcoachlib.widgets.itemctrl.Column object at 0x7fd644f63c50> visible si toutes les colonnes sont visibles.
2026-02-28 14:51:05,718 [DEBUG] taskcoachlib.gui.viewer.base: SortableViewerWithColumns.initColumn : Vérifie si la colonne recurrence est utilisée pour le tri.
2026-02-28 14:51:05,718 [DEBUG] taskcoachlib.gui.viewer.base: Viewer.presentation : Retour de la présentation de TaskViewer avec 0 éléments.
2026-02-28 14:51:05,718 [DEBUG] taskcoachlib.gui.viewer.base: Viewer.presentation : Les éléments de la présentation sont : Sorter(<class 'taskcoachlib.domain.task.sorter.Sorter'>([])).
2026-02-28 14:51:05,718 [DEBUG] taskcoachlib.gui.viewer.base: SortableViewerWithColumns.initColumn : Colonnes visibles après initialisation de la colonne recurrence.
2026-02-28 14:51:05,718 [DEBUG] taskcoachlib.gui.viewer.base: SortableViewerWithColumns.initColumn Initialise une colonne.
2026-02-28 14:51:05,719 [DEBUG] taskcoachlib.gui.viewer.base: ViewerWithColumns.initColumn : la colonne budget est masquée selon les paramètres.
2026-02-28 14:51:05,719 [DEBUG] taskcoachlib.widgets.itemctrl: _CtrlWithHideableColumnsMixin._getColumnIndex : appelé par TreeListCtrl avec column =<taskcoachlib.widgets.itemctrl.Column object at 0x7fd644f63d90>
2026-02-28 14:51:05,719 [DEBUG] taskcoachlib.widgets.itemctrl: _CtrlWithHideableColumnsMixin._getColumnIndex : renvoie l'index 5 de la colonne <taskcoachlib.widgets.itemctrl.Column object at 0x7fd644f63d90> visible si toutes les colonnes sont visibles.
2026-02-28 14:51:05,719 [DEBUG] taskcoachlib.gui.viewer.base: SortableViewerWithColumns.initColumn : Vérifie si la colonne budget est utilisée pour le tri.
2026-02-28 14:51:05,719 [DEBUG] taskcoachlib.gui.viewer.base: Viewer.presentation : Retour de la présentation de TaskViewer avec 0 éléments.
2026-02-28 14:51:05,719 [DEBUG] taskcoachlib.gui.viewer.base: Viewer.presentation : Les éléments de la présentation sont : Sorter(<class 'taskcoachlib.domain.task.sorter.Sorter'>([])).
2026-02-28 14:51:05,719 [DEBUG] taskcoachlib.gui.viewer.base: SortableViewerWithColumns.initColumn : Colonnes visibles après initialisation de la colonne budget.
2026-02-28 14:51:05,719 [DEBUG] taskcoachlib.gui.viewer.base: SortableViewerWithColumns.initColumn Initialise une colonne.
2026-02-28 14:51:05,720 [DEBUG] taskcoachlib.gui.viewer.base: ViewerWithColumns.initColumn : la colonne timeSpent est masquée selon les paramètres.
2026-02-28 14:51:05,720 [DEBUG] taskcoachlib.widgets.itemctrl: _CtrlWithHideableColumnsMixin._getColumnIndex : appelé par TreeListCtrl avec column =<taskcoachlib.widgets.itemctrl.Column object at 0x7fd644f63ed0>
2026-02-28 14:51:05,720 [DEBUG] taskcoachlib.widgets.itemctrl: _CtrlWithHideableColumnsMixin._getColumnIndex : renvoie l'index 5 de la colonne <taskcoachlib.widgets.itemctrl.Column object at 0x7fd644f63ed0> visible si toutes les colonnes sont visibles.
2026-02-28 14:51:05,720 [DEBUG] taskcoachlib.gui.viewer.base: SortableViewerWithColumns.initColumn : Vérifie si la colonne timeSpent est utilisée pour le tri.
2026-02-28 14:51:05,720 [DEBUG] taskcoachlib.gui.viewer.base: Viewer.presentation : Retour de la présentation de TaskViewer avec 0 éléments.
2026-02-28 14:51:05,720 [DEBUG] taskcoachlib.gui.viewer.base: Viewer.presentation : Les éléments de la présentation sont : Sorter(<class 'taskcoachlib.domain.task.sorter.Sorter'>([])).
2026-02-28 14:51:05,720 [DEBUG] taskcoachlib.gui.viewer.base: SortableViewerWithColumns.initColumn : Colonnes visibles après initialisation de la colonne timeSpent.
2026-02-28 14:51:05,721 [DEBUG] taskcoachlib.gui.viewer.base: SortableViewerWithColumns.initColumn Initialise une colonne.
2026-02-28 14:51:05,721 [DEBUG] taskcoachlib.gui.viewer.base: ViewerWithColumns.initColumn : la colonne budgetLeft est masquée selon les paramètres.
2026-02-28 14:51:05,721 [DEBUG] taskcoachlib.widgets.itemctrl: _CtrlWithHideableColumnsMixin._getColumnIndex : appelé par TreeListCtrl avec column =<taskcoachlib.widgets.itemctrl.Column object at 0x7fd642d88050>
2026-02-28 14:51:05,721 [DEBUG] taskcoachlib.widgets.itemctrl: _CtrlWithHideableColumnsMixin._getColumnIndex : renvoie l'index 5 de la colonne <taskcoachlib.widgets.itemctrl.Column object at 0x7fd642d88050> visible si toutes les colonnes sont visibles.
2026-02-28 14:51:05,721 [DEBUG] taskcoachlib.gui.viewer.base: SortableViewerWithColumns.initColumn : Vérifie si la colonne budgetLeft est utilisée pour le tri.
2026-02-28 14:51:05,721 [DEBUG] taskcoachlib.gui.viewer.base: Viewer.presentation : Retour de la présentation de TaskViewer avec 0 éléments.
2026-02-28 14:51:05,721 [DEBUG] taskcoachlib.gui.viewer.base: Viewer.presentation : Les éléments de la présentation sont : Sorter(<class 'taskcoachlib.domain.task.sorter.Sorter'>([])).
2026-02-28 14:51:05,722 [DEBUG] taskcoachlib.gui.viewer.base: SortableViewerWithColumns.initColumn : Colonnes visibles après initialisation de la colonne budgetLeft.
2026-02-28 14:51:05,722 [DEBUG] taskcoachlib.gui.viewer.base: SortableViewerWithColumns.initColumn Initialise une colonne.
2026-02-28 14:51:05,722 [DEBUG] taskcoachlib.gui.viewer.base: ViewerWithColumns.initColumn : la colonne priority est masquée selon les paramètres.
2026-02-28 14:51:05,722 [DEBUG] taskcoachlib.widgets.itemctrl: _CtrlWithHideableColumnsMixin._getColumnIndex : appelé par TreeListCtrl avec column =<taskcoachlib.widgets.itemctrl.Column object at 0x7fd642d88190>
2026-02-28 14:51:05,722 [DEBUG] taskcoachlib.widgets.itemctrl: _CtrlWithHideableColumnsMixin._getColumnIndex : renvoie l'index 5 de la colonne <taskcoachlib.widgets.itemctrl.Column object at 0x7fd642d88190> visible si toutes les colonnes sont visibles.
2026-02-28 14:51:05,722 [DEBUG] taskcoachlib.gui.viewer.base: SortableViewerWithColumns.initColumn : Vérifie si la colonne priority est utilisée pour le tri.
2026-02-28 14:51:05,722 [DEBUG] taskcoachlib.gui.viewer.base: Viewer.presentation : Retour de la présentation de TaskViewer avec 0 éléments.
2026-02-28 14:51:05,722 [DEBUG] taskcoachlib.gui.viewer.base: Viewer.presentation : Les éléments de la présentation sont : Sorter(<class 'taskcoachlib.domain.task.sorter.Sorter'>([])).
2026-02-28 14:51:05,723 [DEBUG] taskcoachlib.gui.viewer.base: SortableViewerWithColumns.initColumn : Colonnes visibles après initialisation de la colonne priority.
2026-02-28 14:51:05,723 [DEBUG] taskcoachlib.gui.viewer.base: SortableViewerWithColumns.initColumn Initialise une colonne.
2026-02-28 14:51:05,723 [DEBUG] taskcoachlib.gui.viewer.base: ViewerWithColumns.initColumn : la colonne hourlyFee est masquée selon les paramètres.
2026-02-28 14:51:05,723 [DEBUG] taskcoachlib.widgets.itemctrl: _CtrlWithHideableColumnsMixin._getColumnIndex : appelé par TreeListCtrl avec column =<taskcoachlib.widgets.itemctrl.Column object at 0x7fd642d882d0>
2026-02-28 14:51:05,723 [DEBUG] taskcoachlib.widgets.itemctrl: _CtrlWithHideableColumnsMixin._getColumnIndex : renvoie l'index 5 de la colonne <taskcoachlib.widgets.itemctrl.Column object at 0x7fd642d882d0> visible si toutes les colonnes sont visibles.
2026-02-28 14:51:05,723 [DEBUG] taskcoachlib.gui.viewer.base: SortableViewerWithColumns.initColumn : Vérifie si la colonne hourlyFee est utilisée pour le tri.
2026-02-28 14:51:05,723 [DEBUG] taskcoachlib.gui.viewer.base: Viewer.presentation : Retour de la présentation de TaskViewer avec 0 éléments.
2026-02-28 14:51:05,724 [DEBUG] taskcoachlib.gui.viewer.base: Viewer.presentation : Les éléments de la présentation sont : Sorter(<class 'taskcoachlib.domain.task.sorter.Sorter'>([])).
2026-02-28 14:51:05,724 [DEBUG] taskcoachlib.gui.viewer.base: SortableViewerWithColumns.initColumn : Colonnes visibles après initialisation de la colonne hourlyFee.
2026-02-28 14:51:05,724 [DEBUG] taskcoachlib.gui.viewer.base: SortableViewerWithColumns.initColumn Initialise une colonne.
2026-02-28 14:51:05,724 [DEBUG] taskcoachlib.gui.viewer.base: ViewerWithColumns.initColumn : la colonne fixedFee est masquée selon les paramètres.
2026-02-28 14:51:05,724 [DEBUG] taskcoachlib.widgets.itemctrl: _CtrlWithHideableColumnsMixin._getColumnIndex : appelé par TreeListCtrl avec column =<taskcoachlib.widgets.itemctrl.Column object at 0x7fd642d88410>
2026-02-28 14:51:05,724 [DEBUG] taskcoachlib.widgets.itemctrl: _CtrlWithHideableColumnsMixin._getColumnIndex : renvoie l'index 5 de la colonne <taskcoachlib.widgets.itemctrl.Column object at 0x7fd642d88410> visible si toutes les colonnes sont visibles.
2026-02-28 14:51:05,724 [DEBUG] taskcoachlib.gui.viewer.base: SortableViewerWithColumns.initColumn : Vérifie si la colonne fixedFee est utilisée pour le tri.
2026-02-28 14:51:05,725 [DEBUG] taskcoachlib.gui.viewer.base: Viewer.presentation : Retour de la présentation de TaskViewer avec 0 éléments.
2026-02-28 14:51:05,725 [DEBUG] taskcoachlib.gui.viewer.base: Viewer.presentation : Les éléments de la présentation sont : Sorter(<class 'taskcoachlib.domain.task.sorter.Sorter'>([])).
2026-02-28 14:51:05,725 [DEBUG] taskcoachlib.gui.viewer.base: SortableViewerWithColumns.initColumn : Colonnes visibles après initialisation de la colonne fixedFee.
2026-02-28 14:51:05,725 [DEBUG] taskcoachlib.gui.viewer.base: SortableViewerWithColumns.initColumn Initialise une colonne.
2026-02-28 14:51:05,725 [DEBUG] taskcoachlib.gui.viewer.base: ViewerWithColumns.initColumn : la colonne revenue est masquée selon les paramètres.
2026-02-28 14:51:05,725 [DEBUG] taskcoachlib.widgets.itemctrl: _CtrlWithHideableColumnsMixin._getColumnIndex : appelé par TreeListCtrl avec column =<taskcoachlib.widgets.itemctrl.Column object at 0x7fd642d88550>
2026-02-28 14:51:05,725 [DEBUG] taskcoachlib.widgets.itemctrl: _CtrlWithHideableColumnsMixin._getColumnIndex : renvoie l'index 5 de la colonne <taskcoachlib.widgets.itemctrl.Column object at 0x7fd642d88550> visible si toutes les colonnes sont visibles.
2026-02-28 14:51:05,725 [DEBUG] taskcoachlib.gui.viewer.base: SortableViewerWithColumns.initColumn : Vérifie si la colonne revenue est utilisée pour le tri.
2026-02-28 14:51:05,726 [DEBUG] taskcoachlib.gui.viewer.base: Viewer.presentation : Retour de la présentation de TaskViewer avec 0 éléments.
2026-02-28 14:51:05,726 [DEBUG] taskcoachlib.gui.viewer.base: Viewer.presentation : Les éléments de la présentation sont : Sorter(<class 'taskcoachlib.domain.task.sorter.Sorter'>([])).
2026-02-28 14:51:05,726 [DEBUG] taskcoachlib.gui.viewer.base: SortableViewerWithColumns.initColumn : Colonnes visibles après initialisation de la colonne revenue.
2026-02-28 14:51:05,726 [DEBUG] taskcoachlib.gui.viewer.base: SortableViewerWithColumns.initColumn Initialise une colonne.
2026-02-28 14:51:05,726 [DEBUG] taskcoachlib.gui.viewer.base: ViewerWithColumns.initColumn : la colonne reminder est masquée selon les paramètres.
2026-02-28 14:51:05,726 [DEBUG] taskcoachlib.widgets.itemctrl: _CtrlWithHideableColumnsMixin._getColumnIndex : appelé par TreeListCtrl avec column =<taskcoachlib.widgets.itemctrl.Column object at 0x7fd642d88690>
2026-02-28 14:51:05,726 [DEBUG] taskcoachlib.widgets.itemctrl: _CtrlWithHideableColumnsMixin._getColumnIndex : renvoie l'index 5 de la colonne <taskcoachlib.widgets.itemctrl.Column object at 0x7fd642d88690> visible si toutes les colonnes sont visibles.
2026-02-28 14:51:05,726 [DEBUG] taskcoachlib.gui.viewer.base: SortableViewerWithColumns.initColumn : Vérifie si la colonne reminder est utilisée pour le tri.
2026-02-28 14:51:05,727 [DEBUG] taskcoachlib.gui.viewer.base: Viewer.presentation : Retour de la présentation de TaskViewer avec 0 éléments.
2026-02-28 14:51:05,727 [DEBUG] taskcoachlib.gui.viewer.base: Viewer.presentation : Les éléments de la présentation sont : Sorter(<class 'taskcoachlib.domain.task.sorter.Sorter'>([])).
2026-02-28 14:51:05,727 [DEBUG] taskcoachlib.gui.viewer.base: SortableViewerWithColumns.initColumn : Colonnes visibles après initialisation de la colonne reminder.
2026-02-28 14:51:05,727 [DEBUG] taskcoachlib.gui.viewer.base: SortableViewerWithColumns.initColumn Initialise une colonne.
2026-02-28 14:51:05,727 [DEBUG] taskcoachlib.gui.viewer.base: ViewerWithColumns.initColumn : la colonne creationDateTime est masquée selon les paramètres.
2026-02-28 14:51:05,727 [DEBUG] taskcoachlib.widgets.itemctrl: _CtrlWithHideableColumnsMixin._getColumnIndex : appelé par TreeListCtrl avec column =<taskcoachlib.widgets.itemctrl.Column object at 0x7fd642d887d0>
2026-02-28 14:51:05,727 [DEBUG] taskcoachlib.widgets.itemctrl: _CtrlWithHideableColumnsMixin._getColumnIndex : renvoie l'index 5 de la colonne <taskcoachlib.widgets.itemctrl.Column object at 0x7fd642d887d0> visible si toutes les colonnes sont visibles.
2026-02-28 14:51:05,727 [DEBUG] taskcoachlib.gui.viewer.base: SortableViewerWithColumns.initColumn : Vérifie si la colonne creationDateTime est utilisée pour le tri.
2026-02-28 14:51:05,727 [DEBUG] taskcoachlib.gui.viewer.base: Viewer.presentation : Retour de la présentation de TaskViewer avec 0 éléments.
2026-02-28 14:51:05,728 [DEBUG] taskcoachlib.gui.viewer.base: Viewer.presentation : Les éléments de la présentation sont : Sorter(<class 'taskcoachlib.domain.task.sorter.Sorter'>([])).
2026-02-28 14:51:05,728 [DEBUG] taskcoachlib.gui.viewer.base: SortableViewerWithColumns.initColumn : Colonnes visibles après initialisation de la colonne creationDateTime.
2026-02-28 14:51:05,728 [DEBUG] taskcoachlib.gui.viewer.base: SortableViewerWithColumns.initColumn Initialise une colonne.
2026-02-28 14:51:05,728 [DEBUG] taskcoachlib.gui.viewer.base: ViewerWithColumns.initColumn : la colonne modificationDateTime est masquée selon les paramètres.
2026-02-28 14:51:05,728 [DEBUG] taskcoachlib.widgets.itemctrl: _CtrlWithHideableColumnsMixin._getColumnIndex : appelé par TreeListCtrl avec column =<taskcoachlib.widgets.itemctrl.Column object at 0x7fd642d88910>
2026-02-28 14:51:05,728 [DEBUG] taskcoachlib.widgets.itemctrl: _CtrlWithHideableColumnsMixin._getColumnIndex : renvoie l'index 5 de la colonne <taskcoachlib.widgets.itemctrl.Column object at 0x7fd642d88910> visible si toutes les colonnes sont visibles.
2026-02-28 14:51:05,728 [DEBUG] taskcoachlib.gui.viewer.base: SortableViewerWithColumns.initColumn : Vérifie si la colonne modificationDateTime est utilisée pour le tri.
2026-02-28 14:51:05,729 [DEBUG] taskcoachlib.gui.viewer.base: Viewer.presentation : Retour de la présentation de TaskViewer avec 0 éléments.
2026-02-28 14:51:05,729 [DEBUG] taskcoachlib.gui.viewer.base: Viewer.presentation : Les éléments de la présentation sont : Sorter(<class 'taskcoachlib.domain.task.sorter.Sorter'>([])).
2026-02-28 14:51:05,729 [DEBUG] taskcoachlib.gui.viewer.base: SortableViewerWithColumns.initColumn : Colonnes visibles après initialisation de la colonne modificationDateTime.
2026-02-28 14:51:05,729 [DEBUG] taskcoachlib.gui.viewer.base: SortableViewerWithColumns.initColumn Initialise une colonne.
2026-02-28 14:51:05,729 [DEBUG] taskcoachlib.gui.viewer.base: ViewerWithColumns.initColumn : la colonne id est masquée selon les paramètres.
2026-02-28 14:51:05,729 [DEBUG] taskcoachlib.widgets.itemctrl: _CtrlWithHideableColumnsMixin._getColumnIndex : appelé par TreeListCtrl avec column =<taskcoachlib.widgets.itemctrl.Column object at 0x7fd642d88a50>
2026-02-28 14:51:05,729 [DEBUG] taskcoachlib.widgets.itemctrl: _CtrlWithHideableColumnsMixin._getColumnIndex : renvoie l'index 5 de la colonne <taskcoachlib.widgets.itemctrl.Column object at 0x7fd642d88a50> visible si toutes les colonnes sont visibles.
2026-02-28 14:51:05,729 [DEBUG] taskcoachlib.gui.viewer.base: SortableViewerWithColumns.initColumn : Vérifie si la colonne id est utilisée pour le tri.
2026-02-28 14:51:05,730 [DEBUG] taskcoachlib.gui.viewer.base: Viewer.presentation : Retour de la présentation de TaskViewer avec 0 éléments.
2026-02-28 14:51:05,730 [DEBUG] taskcoachlib.gui.viewer.base: Viewer.presentation : Les éléments de la présentation sont : Sorter(<class 'taskcoachlib.domain.task.sorter.Sorter'>([])).
2026-02-28 14:51:05,730 [DEBUG] taskcoachlib.gui.viewer.base: SortableViewerWithColumns.initColumn : Colonnes visibles après initialisation de la colonne id.
2026-02-28 14:51:05,730 [DEBUG] taskcoachlib.gui.viewer.base: Viewer.refresh : Appel de refresh pour TaskViewer.
2026-02-28 14:51:05,730 [DEBUG] taskcoachlib.gui.viewer.base: Viewer.presentation : Retour de la présentation de TaskViewer avec 0 éléments.
2026-02-28 14:51:05,730 [DEBUG] taskcoachlib.gui.viewer.base: Viewer.presentation : Les éléments de la présentation sont : Sorter(<class 'taskcoachlib.domain.task.sorter.Sorter'>([])).
2026-02-28 14:51:05,730 [DEBUG] taskcoachlib.gui.viewer.base: Viewer.refresh : Rafraîchissement de la visionneuse TaskViewer avec 0 éléments.
2026-02-28 14:51:05,730 [DEBUG] taskcoachlib.gui.viewer.base: Viewer.presentation : Retour de la présentation de TaskViewer avec 0 éléments.
2026-02-28 14:51:05,730 [DEBUG] taskcoachlib.gui.viewer.base: Viewer.presentation : Les éléments de la présentation sont : Sorter(<class 'taskcoachlib.domain.task.sorter.Sorter'>([])).
