2026-03-02 05:35:57,385 [DEBUG] taskcoachlib.gui.viewer.base: Viewer.presentation : Les éléments de la présentation sont : Sorter(<class 'taskcoachlib.domain.task.sorter.Sorter'>([])).
2026-03-02 05:35:57,388 [DEBUG] taskcoachlib.gui.viewer.base: TreeViewer.getRootItems() : retourne la racine  [] de la présentation Sorter(<class 'taskcoachlib.domain.task.sorter.Sorter'>([])).
2026-03-02 05:35:57,388 [DEBUG] taskcoachlib.gui.viewer.task: TaskViewer.getRootItems : Retourne [].
2026-03-02 05:35:57,388 [DEBUG] taskcoachlib.gui.viewer.task: TaskViewer.children(item=None) retourne []
2026-03-02 05:35:57,390 [DEBUG] taskcoachlib.widgets.treectrl: TreeListCtrl.__doRefresh : exécution du rafraîchissement planifié.
2026-03-02 05:35:57,390 [DEBUG] taskcoachlib.widgets.treectrl: TreeListCtrl.RefreshAllItems : début du rafraîchissement de tous les éléments.
2026-03-02 05:35:57,391 [DEBUG] taskcoachlib.widgets.treectrl: HyperTreeList.GetSelections : selections avant filtrage=[]
2026-03-02 05:35:57,391 [DEBUG] taskcoachlib.widgets.treectrl: HyperTreeList.GetSelections : retourne [] après avoir filtré la sélection.
2026-03-02 05:35:57,391 [DEBUG] taskcoachlib.widgets.treectrl: TreeListCtrl.RefreshAllItems : Nouvelle racine créée : <wx.lib.agw.hypertreelist.TreeListItem object at 0x7fdbac010cd0>
2026-03-02 05:35:57,391 [DEBUG] taskcoachlib.widgets.treectrl: TreeListCtrl.RefreshAllItems : root_item après vérification=<wx.lib.agw.hypertreelist.TreeListItem object at 0x7fdbac010cd0>
2026-03-02 05:35:57,391 [DEBUG] taskcoachlib.widgets.treectrl: TreeListCtrl._addObjectRecursively : ajout de l'objet None à l'interface grace à self.__adapter=<taskcoachlib.gui.viewer.category.CategoryViewer object at 0x7fdb60ba2330>.
2026-03-02 05:35:57,392 [DEBUG] taskcoachlib.widgets.treectrl: Adapter root objects: CategoryList()
2026-03-02 05:35:57,392 [DEBUG] taskcoachlib.gui.viewer.base: TreeViewer.children : Récupération des enfants pour None dans CategoryViewer.
2026-03-02 05:35:57,392 [DEBUG] taskcoachlib.gui.viewer.base: TreeViewer.getRootItems() : Récupération des éléments racines de la présentation pour CategoryViewer.
2026-03-02 05:35:57,392 [DEBUG] taskcoachlib.gui.viewer.base: Viewer.presentation : Retour de la présentation de CategoryViewer avec 0 éléments.
2026-03-02 05:35:57,392 [DEBUG] taskcoachlib.gui.viewer.base: Viewer.presentation : Les éléments de la présentation sont : CategorySorter(<class 'taskcoachlib.domain.category.sorter.CategorySorter'>([])).
2026-03-02 05:35:57,392 [DEBUG] taskcoachlib.gui.viewer.base: Viewer.presentation : Retour de la présentation de CategoryViewer avec 0 éléments.
2026-03-02 05:35:57,392 [DEBUG] taskcoachlib.gui.viewer.base: Viewer.presentation : Les éléments de la présentation sont : CategorySorter(<class 'taskcoachlib.domain.category.sorter.CategorySorter'>([])).
2026-03-02 05:35:57,392 [DEBUG] taskcoachlib.gui.viewer.base: TreeViewer.getRootItems() : retourne la racine  [] de la présentation CategorySorter(<class 'taskcoachlib.domain.category.sorter.CategorySorter'>([])).
2026-03-02 05:35:57,392 [DEBUG] taskcoachlib.widgets.treectrl: Children of root: []
2026-03-02 05:35:57,392 [DEBUG] taskcoachlib.gui.viewer.base: TreeViewer.children : Récupération des enfants pour None dans CategoryViewer.
2026-03-02 05:35:57,392 [DEBUG] taskcoachlib.gui.viewer.base: TreeViewer.getRootItems() : Récupération des éléments racines de la présentation pour CategoryViewer.
2026-03-02 05:35:57,392 [DEBUG] taskcoachlib.gui.viewer.base: Viewer.presentation : Retour de la présentation de CategoryViewer avec 0 éléments.
2026-03-02 05:35:57,392 [DEBUG] taskcoachlib.gui.viewer.base: Viewer.presentation : Les éléments de la présentation sont : CategorySorter(<class 'taskcoachlib.domain.category.sorter.CategorySorter'>([])).
2026-03-02 05:35:57,392 [DEBUG] taskcoachlib.gui.viewer.base: Viewer.presentation : Retour de la présentation de CategoryViewer avec 0 éléments.
2026-03-02 05:35:57,392 [DEBUG] taskcoachlib.gui.viewer.base: Viewer.presentation : Les éléments de la présentation sont : CategorySorter(<class 'taskcoachlib.domain.category.sorter.CategorySorter'>([])).
2026-03-02 05:35:57,392 [DEBUG] taskcoachlib.gui.viewer.base: TreeViewer.getRootItems() : retourne la racine  [] de la présentation CategorySorter(<class 'taskcoachlib.domain.category.sorter.CategorySorter'>([])).
2026-03-02 05:35:57,394 [DEBUG] taskcoachlib.gui.viewer.base: Viewer.presentation : Retour de la présentation de TaskViewer avec 0 éléments.
2026-03-02 05:35:57,394 [DEBUG] taskcoachlib.gui.viewer.base: Viewer.presentation : Les éléments de la présentation sont : Sorter(<class 'taskcoachlib.domain.task.sorter.Sorter'>([])).
2026-03-02 05:35:57,396 [DEBUG] taskcoachlib.gui.viewer.base: Viewer.presentation : Retour de la présentation de TaskViewer avec 0 éléments.
2026-03-02 05:35:57,396 [DEBUG] taskcoachlib.gui.viewer.base: Viewer.presentation : Les éléments de la présentation sont : Sorter(<class 'taskcoachlib.domain.task.sorter.Sorter'>([])).
2026-03-02 05:35:57,403 [DEBUG] taskcoachlib.gui.viewer.base: Viewer.presentation : Retour de la présentation de TaskViewer avec 0 éléments.
2026-03-02 05:35:57,404 [DEBUG] taskcoachlib.gui.viewer.base: Viewer.presentation : Les éléments de la présentation sont : Sorter(<class 'taskcoachlib.domain.task.sorter.Sorter'>([])).
2026-03-02 05:35:57,447 [DEBUG] taskcoachlib.gui.viewer.base: Viewer.presentation : Retour de la présentation de TaskViewer avec 0 éléments.
2026-03-02 05:35:57,447 [DEBUG] taskcoachlib.gui.viewer.base: Viewer.presentation : Les éléments de la présentation sont : Sorter(<class 'taskcoachlib.domain.task.sorter.Sorter'>([])).
2026-03-02 05:35:57,511 [DEBUG] taskcoachlib.gui.viewer.base: Viewer.presentation : Retour de la présentation de TaskViewer avec 0 éléments.
2026-03-02 05:35:57,511 [DEBUG] taskcoachlib.gui.viewer.base: Viewer.presentation : Les éléments de la présentation sont : Sorter(<class 'taskcoachlib.domain.task.sorter.Sorter'>([])).
2026-03-02 05:35:57,582 [DEBUG] taskcoachlib.gui.viewer.base: Viewer.presentation : Retour de la présentation de TaskViewer avec 0 éléments.
2026-03-02 05:35:57,582 [DEBUG] taskcoachlib.gui.viewer.base: Viewer.presentation : Les éléments de la présentation sont : Sorter(<class 'taskcoachlib.domain.task.sorter.Sorter'>([])).
2026-03-02 05:35:57,625 [DEBUG] taskcoachlib.gui.viewer.base: Viewer.presentation : Retour de la présentation de TaskViewer avec 0 éléments.
2026-03-02 05:35:57,625 [DEBUG] taskcoachlib.gui.viewer.base: Viewer.presentation : Les éléments de la présentation sont : Sorter(<class 'taskcoachlib.domain.task.sorter.Sorter'>([])).
2026-03-02 05:35:57,640 [DEBUG] taskcoachlib.gui.viewer.base: Viewer.presentation : Retour de la présentation de TaskViewer avec 0 éléments.
2026-03-02 05:35:57,640 [DEBUG] taskcoachlib.gui.viewer.base: Viewer.presentation : Les éléments de la présentation sont : Sorter(<class 'taskcoachlib.domain.task.sorter.Sorter'>([])).
2026-03-02 05:35:57,686 [DEBUG] taskcoachlib.gui.viewer.base: Viewer.presentation : Retour de la présentation de TaskViewer avec 0 éléments.
2026-03-02 05:35:57,687 [DEBUG] taskcoachlib.gui.viewer.base: Viewer.presentation : Les éléments de la présentation sont : Sorter(<class 'taskcoachlib.domain.task.sorter.Sorter'>([])).
2026-03-02 05:35:57,689 [DEBUG] taskcoachlib.gui.viewer.base: Viewer.presentation : Retour de la présentation de TaskViewer avec 0 éléments.
2026-03-02 05:35:57,690 [DEBUG] taskcoachlib.gui.viewer.base: Viewer.presentation : Les éléments de la présentation sont : Sorter(<class 'taskcoachlib.domain.task.sorter.Sorter'>([])).
2026-03-02 05:35:57,696 [DEBUG] taskcoachlib.gui.viewer.base: Viewer.presentation : Retour de la présentation de TaskViewer avec 0 éléments.
2026-03-02 05:35:57,696 [DEBUG] taskcoachlib.gui.viewer.base: Viewer.presentation : Les éléments de la présentation sont : Sorter(<class 'taskcoachlib.domain.task.sorter.Sorter'>([])).
2026-03-02 05:35:57,702 [DEBUG] taskcoachlib.gui.viewer.base: Viewer.presentation : Retour de la présentation de TaskViewer avec 0 éléments.
2026-03-02 05:35:57,702 [DEBUG] taskcoachlib.gui.viewer.base: Viewer.presentation : Les éléments de la présentation sont : Sorter(<class 'taskcoachlib.domain.task.sorter.Sorter'>([])).
2026-03-02 05:35:57,708 [DEBUG] taskcoachlib.gui.viewer.base: Viewer.presentation : Retour de la présentation de TaskViewer avec 0 éléments.
2026-03-02 05:35:57,709 [DEBUG] taskcoachlib.gui.viewer.base: Viewer.presentation : Les éléments de la présentation sont : Sorter(<class 'taskcoachlib.domain.task.sorter.Sorter'>([])).
2026-03-02 05:35:57,729 [DEBUG] taskcoachlib.gui.viewer.base: Viewer.presentation : Retour de la présentation de TaskViewer avec 0 éléments.
2026-03-02 05:35:57,729 [DEBUG] taskcoachlib.gui.viewer.base: Viewer.presentation : Les éléments de la présentation sont : Sorter(<class 'taskcoachlib.domain.task.sorter.Sorter'>([])).
2026-03-02 05:35:57,746 [DEBUG] taskcoachlib.gui.viewer.base: Viewer.presentation : Retour de la présentation de TaskViewer avec 0 éléments.
2026-03-02 05:35:57,746 [DEBUG] taskcoachlib.gui.viewer.base: Viewer.presentation : Les éléments de la présentation sont : Sorter(<class 'taskcoachlib.domain.task.sorter.Sorter'>([])).
2026-03-02 05:35:57,778 [DEBUG] taskcoachlib.gui.viewer.base: Viewer.presentation : Retour de la présentation de TaskViewer avec 0 éléments.
2026-03-02 05:35:57,778 [DEBUG] taskcoachlib.gui.viewer.base: Viewer.presentation : Les éléments de la présentation sont : Sorter(<class 'taskcoachlib.domain.task.sorter.Sorter'>([])).
2026-03-02 05:35:57,971 [DEBUG] taskcoachlib.gui.viewer.base: Viewer.presentation : Retour de la présentation de TaskViewer avec 0 éléments.
2026-03-02 05:35:57,971 [DEBUG] taskcoachlib.gui.viewer.base: Viewer.presentation : Les éléments de la présentation sont : Sorter(<class 'taskcoachlib.domain.task.sorter.Sorter'>([])).
2026-03-02 05:35:57,979 [DEBUG] taskcoachlib.gui.viewer.base: Viewer.presentation : Retour de la présentation de TaskViewer avec 0 éléments.
2026-03-02 05:35:57,979 [DEBUG] taskcoachlib.gui.viewer.base: Viewer.presentation : Les éléments de la présentation sont : Sorter(<class 'taskcoachlib.domain.task.sorter.Sorter'>([])).
2026-03-02 05:35:57,986 [DEBUG] taskcoachlib.gui.viewer.base: Viewer.presentation : Retour de la présentation de TaskViewer avec 0 éléments.
2026-03-02 05:35:57,987 [DEBUG] taskcoachlib.gui.viewer.base: Viewer.presentation : Les éléments de la présentation sont : Sorter(<class 'taskcoachlib.domain.task.sorter.Sorter'>([])).
2026-03-02 05:35:57,994 [DEBUG] taskcoachlib.gui.viewer.base: Viewer.presentation : Retour de la présentation de TaskViewer avec 0 éléments.
2026-03-02 05:35:57,994 [DEBUG] taskcoachlib.gui.viewer.base: Viewer.presentation : Les éléments de la présentation sont : Sorter(<class 'taskcoachlib.domain.task.sorter.Sorter'>([])).
2026-03-02 05:35:58,002 [DEBUG] taskcoachlib.gui.viewer.base: Viewer.presentation : Retour de la présentation de TaskViewer avec 0 éléments.
2026-03-02 05:35:58,002 [DEBUG] taskcoachlib.gui.viewer.base: Viewer.presentation : Les éléments de la présentation sont : Sorter(<class 'taskcoachlib.domain.task.sorter.Sorter'>([])).
2026-03-02 05:35:58,010 [DEBUG] taskcoachlib.gui.viewer.base: Viewer.presentation : Retour de la présentation de TaskViewer avec 0 éléments.
2026-03-02 05:35:58,010 [DEBUG] taskcoachlib.gui.viewer.base: Viewer.presentation : Les éléments de la présentation sont : Sorter(<class 'taskcoachlib.domain.task.sorter.Sorter'>([])).
2026-03-02 05:35:58,017 [DEBUG] taskcoachlib.gui.viewer.base: Viewer.presentation : Retour de la présentation de TaskViewer avec 0 éléments.
2026-03-02 05:35:58,018 [DEBUG] taskcoachlib.gui.viewer.base: Viewer.presentation : Les éléments de la présentation sont : Sorter(<class 'taskcoachlib.domain.task.sorter.Sorter'>([])).
2026-03-02 05:35:58,027 [DEBUG] taskcoachlib.gui.viewer.base: Viewer.presentation : Retour de la présentation de TaskViewer avec 0 éléments.
2026-03-02 05:35:58,027 [DEBUG] taskcoachlib.gui.viewer.base: Viewer.presentation : Les éléments de la présentation sont : Sorter(<class 'taskcoachlib.domain.task.sorter.Sorter'>([])).
2026-03-02 05:35:58,032 [DEBUG] taskcoachlib.gui.viewer.base: Viewer.presentation : Retour de la présentation de TaskViewer avec 0 éléments.
2026-03-02 05:35:58,033 [DEBUG] taskcoachlib.gui.viewer.base: Viewer.presentation : Les éléments de la présentation sont : Sorter(<class 'taskcoachlib.domain.task.sorter.Sorter'>([])).
2026-03-02 05:35:58,040 [DEBUG] taskcoachlib.gui.viewer.base: Viewer.presentation : Retour de la présentation de TaskViewer avec 0 éléments.
2026-03-02 05:35:58,041 [DEBUG] taskcoachlib.gui.viewer.base: Viewer.presentation : Les éléments de la présentation sont : Sorter(<class 'taskcoachlib.domain.task.sorter.Sorter'>([])).
2026-03-02 05:35:58,048 [DEBUG] taskcoachlib.gui.viewer.base: Viewer.presentation : Retour de la présentation de TaskViewer avec 0 éléments.
2026-03-02 05:35:58,048 [DEBUG] taskcoachlib.gui.viewer.base: Viewer.presentation : Les éléments de la présentation sont : Sorter(<class 'taskcoachlib.domain.task.sorter.Sorter'>([])).
2026-03-02 05:35:58,056 [DEBUG] taskcoachlib.gui.viewer.base: Viewer.presentation : Retour de la présentation de TaskViewer avec 0 éléments.
2026-03-02 05:35:58,056 [DEBUG] taskcoachlib.gui.viewer.base: Viewer.presentation : Les éléments de la présentation sont : Sorter(<class 'taskcoachlib.domain.task.sorter.Sorter'>([])).
2026-03-02 05:35:58,063 [DEBUG] taskcoachlib.gui.viewer.base: Viewer.presentation : Retour de la présentation de TaskViewer avec 0 éléments.
2026-03-02 05:35:58,063 [DEBUG] taskcoachlib.gui.viewer.base: Viewer.presentation : Les éléments de la présentation sont : Sorter(<class 'taskcoachlib.domain.task.sorter.Sorter'>([])).
2026-03-02 05:35:58,071 [DEBUG] taskcoachlib.gui.viewer.base: Viewer.presentation : Retour de la présentation de TaskViewer avec 0 éléments.
2026-03-02 05:35:58,072 [DEBUG] taskcoachlib.gui.viewer.base: Viewer.presentation : Les éléments de la présentation sont : Sorter(<class 'taskcoachlib.domain.task.sorter.Sorter'>([])).
2026-03-02 05:35:58,078 [DEBUG] taskcoachlib.gui.viewer.base: Viewer.presentation : Retour de la présentation de TaskViewer avec 0 éléments.
2026-03-02 05:35:58,079 [DEBUG] taskcoachlib.gui.viewer.base: Viewer.presentation : Les éléments de la présentation sont : Sorter(<class 'taskcoachlib.domain.task.sorter.Sorter'>([])).
2026-03-02 05:35:58,086 [DEBUG] taskcoachlib.gui.viewer.base: Viewer.presentation : Retour de la présentation de TaskViewer avec 0 éléments.
2026-03-02 05:35:58,086 [DEBUG] taskcoachlib.gui.viewer.base: Viewer.presentation : Les éléments de la présentation sont : Sorter(<class 'taskcoachlib.domain.task.sorter.Sorter'>([])).
2026-03-02 05:35:58,094 [DEBUG] taskcoachlib.gui.viewer.base: Viewer.presentation : Retour de la présentation de TaskViewer avec 0 éléments.
2026-03-02 05:35:58,094 [DEBUG] taskcoachlib.gui.viewer.base: Viewer.presentation : Les éléments de la présentation sont : Sorter(<class 'taskcoachlib.domain.task.sorter.Sorter'>([])).
2026-03-02 05:35:58,102 [DEBUG] taskcoachlib.gui.viewer.base: Viewer.presentation : Retour de la présentation de TaskViewer avec 0 éléments.
2026-03-02 05:35:58,102 [DEBUG] taskcoachlib.gui.viewer.base: Viewer.presentation : Les éléments de la présentation sont : Sorter(<class 'taskcoachlib.domain.task.sorter.Sorter'>([])).
2026-03-02 05:35:58,111 [DEBUG] taskcoachlib.gui.viewer.base: Viewer.presentation : Retour de la présentation de TaskViewer avec 0 éléments.
2026-03-02 05:35:58,111 [DEBUG] taskcoachlib.gui.viewer.base: Viewer.presentation : Les éléments de la présentation sont : Sorter(<class 'taskcoachlib.domain.task.sorter.Sorter'>([])).
2026-03-02 05:35:58,118 [DEBUG] taskcoachlib.gui.viewer.base: Viewer.presentation : Retour de la présentation de TaskViewer avec 0 éléments.
2026-03-02 05:35:58,118 [DEBUG] taskcoachlib.gui.viewer.base: Viewer.presentation : Les éléments de la présentation sont : Sorter(<class 'taskcoachlib.domain.task.sorter.Sorter'>([])).
2026-03-02 05:35:58,126 [DEBUG] taskcoachlib.gui.viewer.base: Viewer.presentation : Retour de la présentation de TaskViewer avec 0 éléments.
2026-03-02 05:35:58,127 [DEBUG] taskcoachlib.gui.viewer.base: Viewer.presentation : Les éléments de la présentation sont : Sorter(<class 'taskcoachlib.domain.task.sorter.Sorter'>([])).
2026-03-02 05:35:58,133 [DEBUG] taskcoachlib.gui.viewer.base: Viewer.presentation : Retour de la présentation de TaskViewer avec 0 éléments.
2026-03-02 05:35:58,133 [DEBUG] taskcoachlib.gui.viewer.base: Viewer.presentation : Les éléments de la présentation sont : Sorter(<class 'taskcoachlib.domain.task.sorter.Sorter'>([])).
2026-03-02 05:35:58,140 [DEBUG] taskcoachlib.gui.viewer.base: Viewer.presentation : Retour de la présentation de TaskViewer avec 0 éléments.
2026-03-02 05:35:58,141 [DEBUG] taskcoachlib.gui.viewer.base: Viewer.presentation : Les éléments de la présentation sont : Sorter(<class 'taskcoachlib.domain.task.sorter.Sorter'>([])).
2026-03-02 05:35:58,148 [DEBUG] taskcoachlib.gui.viewer.base: Viewer.presentation : Retour de la présentation de TaskViewer avec 0 éléments.
2026-03-02 05:35:58,149 [DEBUG] taskcoachlib.gui.viewer.base: Viewer.presentation : Les éléments de la présentation sont : Sorter(<class 'taskcoachlib.domain.task.sorter.Sorter'>([])).
2026-03-02 05:35:58,156 [DEBUG] taskcoachlib.gui.viewer.base: Viewer.presentation : Retour de la présentation de TaskViewer avec 0 éléments.
2026-03-02 05:35:58,156 [DEBUG] taskcoachlib.gui.viewer.base: Viewer.presentation : Les éléments de la présentation sont : Sorter(<class 'taskcoachlib.domain.task.sorter.Sorter'>([])).
2026-03-02 05:35:58,164 [DEBUG] taskcoachlib.gui.viewer.base: Viewer.presentation : Retour de la présentation de TaskViewer avec 0 éléments.
2026-03-02 05:35:58,164 [DEBUG] taskcoachlib.gui.viewer.base: Viewer.presentation : Les éléments de la présentation sont : Sorter(<class 'taskcoachlib.domain.task.sorter.Sorter'>([])).
2026-03-02 05:35:58,171 [DEBUG] taskcoachlib.gui.viewer.base: Viewer.presentation : Retour de la présentation de TaskViewer avec 0 éléments.
2026-03-02 05:35:58,171 [DEBUG] taskcoachlib.gui.viewer.base: Viewer.presentation : Les éléments de la présentation sont : Sorter(<class 'taskcoachlib.domain.task.sorter.Sorter'>([])).
2026-03-02 05:35:58,179 [DEBUG] taskcoachlib.gui.viewer.base: Viewer.presentation : Retour de la présentation de TaskViewer avec 0 éléments.
2026-03-02 05:35:58,179 [DEBUG] taskcoachlib.gui.viewer.base: Viewer.presentation : Les éléments de la présentation sont : Sorter(<class 'taskcoachlib.domain.task.sorter.Sorter'>([])).
2026-03-02 05:35:58,187 [DEBUG] taskcoachlib.gui.viewer.base: Viewer.presentation : Retour de la présentation de TaskViewer avec 0 éléments.
2026-03-02 05:35:58,187 [DEBUG] taskcoachlib.gui.viewer.base: Viewer.presentation : Les éléments de la présentation sont : Sorter(<class 'taskcoachlib.domain.task.sorter.Sorter'>([])).
2026-03-02 05:35:58,195 [DEBUG] taskcoachlib.gui.viewer.base: Viewer.presentation : Retour de la présentation de TaskViewer avec 0 éléments.
2026-03-02 05:35:58,195 [DEBUG] taskcoachlib.gui.viewer.base: Viewer.presentation : Les éléments de la présentation sont : Sorter(<class 'taskcoachlib.domain.task.sorter.Sorter'>([])).
2026-03-02 05:35:58,203 [DEBUG] taskcoachlib.gui.viewer.base: Viewer.presentation : Retour de la présentation de TaskViewer avec 0 éléments.
2026-03-02 05:35:58,203 [DEBUG] taskcoachlib.gui.viewer.base: Viewer.presentation : Les éléments de la présentation sont : Sorter(<class 'taskcoachlib.domain.task.sorter.Sorter'>([])).
2026-03-02 05:35:58,212 [DEBUG] taskcoachlib.gui.viewer.base: Viewer.presentation : Retour de la présentation de TaskViewer avec 0 éléments.
2026-03-02 05:35:58,212 [DEBUG] taskcoachlib.gui.viewer.base: Viewer.presentation : Les éléments de la présentation sont : Sorter(<class 'taskcoachlib.domain.task.sorter.Sorter'>([])).
2026-03-02 05:35:58,218 [DEBUG] taskcoachlib.gui.viewer.base: Viewer.presentation : Retour de la présentation de TaskViewer avec 0 éléments.
2026-03-02 05:35:58,218 [DEBUG] taskcoachlib.gui.viewer.base: Viewer.presentation : Les éléments de la présentation sont : Sorter(<class 'taskcoachlib.domain.task.sorter.Sorter'>([])).
2026-03-02 05:35:58,225 [DEBUG] taskcoachlib.gui.viewer.base: Viewer.presentation : Retour de la présentation de TaskViewer avec 0 éléments.
2026-03-02 05:35:58,226 [DEBUG] taskcoachlib.gui.viewer.base: Viewer.presentation : Les éléments de la présentation sont : Sorter(<class 'taskcoachlib.domain.task.sorter.Sorter'>([])).
2026-03-02 05:35:58,234 [DEBUG] taskcoachlib.gui.viewer.base: Viewer.presentation : Retour de la présentation de TaskViewer avec 0 éléments.
2026-03-02 05:35:58,234 [DEBUG] taskcoachlib.gui.viewer.base: Viewer.presentation : Les éléments de la présentation sont : Sorter(<class 'taskcoachlib.domain.task.sorter.Sorter'>([])).
2026-03-02 05:35:58,241 [DEBUG] taskcoachlib.gui.viewer.base: Viewer.presentation : Retour de la présentation de TaskViewer avec 0 éléments.
2026-03-02 05:35:58,242 [DEBUG] taskcoachlib.gui.viewer.base: Viewer.presentation : Les éléments de la présentation sont : Sorter(<class 'taskcoachlib.domain.task.sorter.Sorter'>([])).
2026-03-02 05:35:58,249 [DEBUG] taskcoachlib.gui.viewer.base: Viewer.presentation : Retour de la présentation de TaskViewer avec 0 éléments.
2026-03-02 05:35:58,249 [DEBUG] taskcoachlib.gui.viewer.base: Viewer.presentation : Les éléments de la présentation sont : Sorter(<class 'taskcoachlib.domain.task.sorter.Sorter'>([])).
2026-03-02 05:35:58,257 [DEBUG] taskcoachlib.gui.viewer.base: Viewer.presentation : Retour de la présentation de TaskViewer avec 0 éléments.
2026-03-02 05:35:58,257 [DEBUG] taskcoachlib.gui.viewer.base: Viewer.presentation : Les éléments de la présentation sont : Sorter(<class 'taskcoachlib.domain.task.sorter.Sorter'>([])).
2026-03-02 05:35:58,264 [DEBUG] taskcoachlib.gui.viewer.base: Viewer.presentation : Retour de la présentation de TaskViewer avec 0 éléments.
2026-03-02 05:35:58,264 [DEBUG] taskcoachlib.gui.viewer.base: Viewer.presentation : Les éléments de la présentation sont : Sorter(<class 'taskcoachlib.domain.task.sorter.Sorter'>([])).
2026-03-02 05:35:58,272 [DEBUG] taskcoachlib.gui.viewer.base: Viewer.presentation : Retour de la présentation de TaskViewer avec 0 éléments.
2026-03-02 05:35:58,272 [DEBUG] taskcoachlib.gui.viewer.base: Viewer.presentation : Les éléments de la présentation sont : Sorter(<class 'taskcoachlib.domain.task.sorter.Sorter'>([])).
2026-03-02 05:35:58,280 [DEBUG] taskcoachlib.gui.viewer.base: Viewer.presentation : Retour de la présentation de TaskViewer avec 0 éléments.
2026-03-02 05:35:58,280 [DEBUG] taskcoachlib.gui.viewer.base: Viewer.presentation : Les éléments de la présentation sont : Sorter(<class 'taskcoachlib.domain.task.sorter.Sorter'>([])).
2026-03-02 05:35:58,288 [DEBUG] taskcoachlib.gui.viewer.base: Viewer.presentation : Retour de la présentation de TaskViewer avec 0 éléments.
2026-03-02 05:35:58,288 [DEBUG] taskcoachlib.gui.viewer.base: Viewer.presentation : Les éléments de la présentation sont : Sorter(<class 'taskcoachlib.domain.task.sorter.Sorter'>([])).
2026-03-02 05:35:58,295 [DEBUG] taskcoachlib.gui.viewer.base: Viewer.presentation : Retour de la présentation de TaskViewer avec 0 éléments.
2026-03-02 05:35:58,295 [DEBUG] taskcoachlib.gui.viewer.base: Viewer.presentation : Les éléments de la présentation sont : Sorter(<class 'taskcoachlib.domain.task.sorter.Sorter'>([])).
2026-03-02 05:35:58,303 [DEBUG] taskcoachlib.gui.viewer.base: Viewer.presentation : Retour de la présentation de TaskViewer avec 0 éléments.
2026-03-02 05:35:58,303 [DEBUG] taskcoachlib.gui.viewer.base: Viewer.presentation : Les éléments de la présentation sont : Sorter(<class 'taskcoachlib.domain.task.sorter.Sorter'>([])).
2026-03-02 05:35:58,312 [DEBUG] taskcoachlib.gui.viewer.base: Viewer.presentation : Retour de la présentation de TaskViewer avec 0 éléments.
2026-03-02 05:35:58,313 [DEBUG] taskcoachlib.gui.viewer.base: Viewer.presentation : Les éléments de la présentation sont : Sorter(<class 'taskcoachlib.domain.task.sorter.Sorter'>([])).
2026-03-02 05:35:58,318 [DEBUG] taskcoachlib.gui.viewer.base: Viewer.presentation : Retour de la présentation de TaskViewer avec 0 éléments.
2026-03-02 05:35:58,318 [DEBUG] taskcoachlib.gui.viewer.base: Viewer.presentation : Les éléments de la présentation sont : Sorter(<class 'taskcoachlib.domain.task.sorter.Sorter'>([])).
2026-03-02 05:35:58,326 [DEBUG] taskcoachlib.gui.viewer.base: Viewer.presentation : Retour de la présentation de TaskViewer avec 0 éléments.
2026-03-02 05:35:58,326 [DEBUG] taskcoachlib.gui.viewer.base: Viewer.presentation : Les éléments de la présentation sont : Sorter(<class 'taskcoachlib.domain.task.sorter.Sorter'>([])).
2026-03-02 05:35:58,335 [DEBUG] taskcoachlib.gui.viewer.base: Viewer.presentation : Retour de la présentation de TaskViewer avec 0 éléments.
2026-03-02 05:35:58,335 [DEBUG] taskcoachlib.gui.viewer.base: Viewer.presentation : Les éléments de la présentation sont : Sorter(<class 'taskcoachlib.domain.task.sorter.Sorter'>([])).
2026-03-02 05:35:58,346 [DEBUG] taskcoachlib.gui.viewer.base: Viewer.presentation : Retour de la présentation de TaskViewer avec 0 éléments.
2026-03-02 05:35:58,346 [DEBUG] taskcoachlib.gui.viewer.base: Viewer.presentation : Les éléments de la présentation sont : Sorter(<class 'taskcoachlib.domain.task.sorter.Sorter'>([])).
2026-03-02 05:35:58,349 [DEBUG] taskcoachlib.gui.viewer.base: Viewer.presentation : Retour de la présentation de TaskViewer avec 0 éléments.
2026-03-02 05:35:58,349 [DEBUG] taskcoachlib.gui.viewer.base: Viewer.presentation : Les éléments de la présentation sont : Sorter(<class 'taskcoachlib.domain.task.sorter.Sorter'>([])).
2026-03-02 05:35:58,357 [DEBUG] taskcoachlib.gui.viewer.base: Viewer.presentation : Retour de la présentation de TaskViewer avec 0 éléments.
2026-03-02 05:35:58,357 [DEBUG] taskcoachlib.gui.viewer.base: Viewer.presentation : Les éléments de la présentation sont : Sorter(<class 'taskcoachlib.domain.task.sorter.Sorter'>([])).
2026-03-02 05:35:58,364 [DEBUG] taskcoachlib.gui.viewer.base: Viewer.presentation : Retour de la présentation de TaskViewer avec 0 éléments.
2026-03-02 05:35:58,365 [DEBUG] taskcoachlib.gui.viewer.base: Viewer.presentation : Les éléments de la présentation sont : Sorter(<class 'taskcoachlib.domain.task.sorter.Sorter'>([])).
2026-03-02 05:35:58,372 [DEBUG] taskcoachlib.gui.viewer.base: Viewer.presentation : Retour de la présentation de TaskViewer avec 0 éléments.
2026-03-02 05:35:58,373 [DEBUG] taskcoachlib.gui.viewer.base: Viewer.presentation : Les éléments de la présentation sont : Sorter(<class 'taskcoachlib.domain.task.sorter.Sorter'>([])).
2026-03-02 05:35:58,380 [DEBUG] taskcoachlib.gui.viewer.base: Viewer.presentation : Retour de la présentation de TaskViewer avec 0 éléments.
2026-03-02 05:35:58,380 [DEBUG] taskcoachlib.gui.viewer.base: Viewer.presentation : Les éléments de la présentation sont : Sorter(<class 'taskcoachlib.domain.task.sorter.Sorter'>([])).
2026-03-02 05:35:58,388 [DEBUG] taskcoachlib.gui.viewer.base: Viewer.presentation : Retour de la présentation de TaskViewer avec 0 éléments.
2026-03-02 05:35:58,388 [DEBUG] taskcoachlib.gui.viewer.base: Viewer.presentation : Les éléments de la présentation sont : Sorter(<class 'taskcoachlib.domain.task.sorter.Sorter'>([])).
2026-03-02 05:35:58,396 [DEBUG] taskcoachlib.gui.viewer.base: Viewer.presentation : Retour de la présentation de TaskViewer avec 0 éléments.
2026-03-02 05:35:58,396 [DEBUG] taskcoachlib.gui.viewer.base: Viewer.presentation : Les éléments de la présentation sont : Sorter(<class 'taskcoachlib.domain.task.sorter.Sorter'>([])).
2026-03-02 05:35:58,435 [DEBUG] taskcoachlib.gui.viewer.base: Viewer.presentation : Retour de la présentation de TaskViewer avec 0 éléments.
2026-03-02 05:35:58,435 [DEBUG] taskcoachlib.gui.viewer.base: Viewer.presentation : Les éléments de la présentation sont : Sorter(<class 'taskcoachlib.domain.task.sorter.Sorter'>([])).
2026-03-02 05:35:58,450 [DEBUG] taskcoachlib.gui.viewer.base: Viewer.presentation : Retour de la présentation de TaskViewer avec 0 éléments.
2026-03-02 05:35:58,450 [DEBUG] taskcoachlib.gui.viewer.base: Viewer.presentation : Les éléments de la présentation sont : Sorter(<class 'taskcoachlib.domain.task.sorter.Sorter'>([])).
2026-03-02 05:35:58,458 [DEBUG] taskcoachlib.gui.viewer.base: Viewer.presentation : Retour de la présentation de TaskViewer avec 0 éléments.
2026-03-02 05:35:58,458 [DEBUG] taskcoachlib.gui.viewer.base: Viewer.presentation : Les éléments de la présentation sont : Sorter(<class 'taskcoachlib.domain.task.sorter.Sorter'>([])).
2026-03-02 05:35:58,465 [DEBUG] taskcoachlib.gui.viewer.base: Viewer.presentation : Retour de la présentation de TaskViewer avec 0 éléments.
2026-03-02 05:35:58,466 [DEBUG] taskcoachlib.gui.viewer.base: Viewer.presentation : Les éléments de la présentation sont : Sorter(<class 'taskcoachlib.domain.task.sorter.Sorter'>([])).
2026-03-02 05:35:58,473 [DEBUG] taskcoachlib.gui.viewer.base: Viewer.presentation : Retour de la présentation de TaskViewer avec 0 éléments.
2026-03-02 05:35:58,473 [DEBUG] taskcoachlib.gui.viewer.base: Viewer.presentation : Les éléments de la présentation sont : Sorter(<class 'taskcoachlib.domain.task.sorter.Sorter'>([])).
2026-03-02 05:35:58,483 [DEBUG] taskcoachlib.gui.viewer.base: Viewer.presentation : Retour de la présentation de TaskViewer avec 0 éléments.
2026-03-02 05:35:58,484 [DEBUG] taskcoachlib.gui.viewer.base: Viewer.presentation : Les éléments de la présentation sont : Sorter(<class 'taskcoachlib.domain.task.sorter.Sorter'>([])).
2026-03-02 05:35:58,500 [DEBUG] taskcoachlib.gui.viewer.base: Viewer.presentation : Retour de la présentation de TaskViewer avec 0 éléments.
2026-03-02 05:35:58,500 [DEBUG] taskcoachlib.gui.viewer.base: Viewer.presentation : Les éléments de la présentation sont : Sorter(<class 'taskcoachlib.domain.task.sorter.Sorter'>([])).
2026-03-02 05:35:58,515 [DEBUG] taskcoachlib.gui.viewer.base: Viewer.presentation : Retour de la présentation de TaskViewer avec 0 éléments.
2026-03-02 05:35:58,516 [DEBUG] taskcoachlib.gui.viewer.base: Viewer.presentation : Les éléments de la présentation sont : Sorter(<class 'taskcoachlib.domain.task.sorter.Sorter'>([])).
2026-03-02 05:35:58,530 [DEBUG] taskcoachlib.gui.viewer.base: Viewer.presentation : Retour de la présentation de TaskViewer avec 0 éléments.
2026-03-02 05:35:58,531 [DEBUG] taskcoachlib.gui.viewer.base: Viewer.presentation : Les éléments de la présentation sont : Sorter(<class 'taskcoachlib.domain.task.sorter.Sorter'>([])).
2026-03-02 05:35:58,549 [DEBUG] taskcoachlib.gui.viewer.base: Viewer.presentation : Retour de la présentation de TaskViewer avec 0 éléments.
2026-03-02 05:35:58,549 [DEBUG] taskcoachlib.gui.viewer.base: Viewer.presentation : Les éléments de la présentation sont : Sorter(<class 'taskcoachlib.domain.task.sorter.Sorter'>([])).
2026-03-02 05:35:58,565 [DEBUG] taskcoachlib.gui.viewer.base: Viewer.presentation : Retour de la présentation de TaskViewer avec 0 éléments.
2026-03-02 05:35:58,566 [DEBUG] taskcoachlib.gui.viewer.base: Viewer.presentation : Les éléments de la présentation sont : Sorter(<class 'taskcoachlib.domain.task.sorter.Sorter'>([])).
2026-03-02 05:35:58,582 [DEBUG] taskcoachlib.gui.viewer.base: Viewer.presentation : Retour de la présentation de TaskViewer avec 0 éléments.
2026-03-02 05:35:58,582 [DEBUG] taskcoachlib.gui.viewer.base: Viewer.presentation : Les éléments de la présentation sont : Sorter(<class 'taskcoachlib.domain.task.sorter.Sorter'>([])).
2026-03-02 05:35:58,599 [DEBUG] taskcoachlib.gui.viewer.base: Viewer.presentation : Retour de la présentation de TaskViewer avec 0 éléments.
2026-03-02 05:35:58,599 [DEBUG] taskcoachlib.gui.viewer.base: Viewer.presentation : Les éléments de la présentation sont : Sorter(<class 'taskcoachlib.domain.task.sorter.Sorter'>([])).
2026-03-02 05:35:58,616 [DEBUG] taskcoachlib.gui.viewer.base: Viewer.presentation : Retour de la présentation de TaskViewer avec 0 éléments.
2026-03-02 05:35:58,616 [DEBUG] taskcoachlib.gui.viewer.base: Viewer.presentation : Les éléments de la présentation sont : Sorter(<class 'taskcoachlib.domain.task.sorter.Sorter'>([])).
2026-03-02 05:35:58,631 [DEBUG] taskcoachlib.gui.viewer.base: Viewer.presentation : Retour de la présentation de TaskViewer avec 0 éléments.
2026-03-02 05:35:58,632 [DEBUG] taskcoachlib.gui.viewer.base: Viewer.presentation : Les éléments de la présentation sont : Sorter(<class 'taskcoachlib.domain.task.sorter.Sorter'>([])).
2026-03-02 05:35:58,649 [DEBUG] taskcoachlib.gui.viewer.base: Viewer.presentation : Retour de la présentation de TaskViewer avec 0 éléments.
2026-03-02 05:35:58,649 [DEBUG] taskcoachlib.gui.viewer.base: Viewer.presentation : Les éléments de la présentation sont : Sorter(<class 'taskcoachlib.domain.task.sorter.Sorter'>([])).
2026-03-02 05:35:58,666 [DEBUG] taskcoachlib.gui.viewer.base: Viewer.presentation : Retour de la présentation de TaskViewer avec 0 éléments.
2026-03-02 05:35:58,666 [DEBUG] taskcoachlib.gui.viewer.base: Viewer.presentation : Les éléments de la présentation sont : Sorter(<class 'taskcoachlib.domain.task.sorter.Sorter'>([])).
2026-03-02 05:35:58,682 [DEBUG] taskcoachlib.gui.viewer.base: Viewer.presentation : Retour de la présentation de TaskViewer avec 0 éléments.
2026-03-02 05:35:58,682 [DEBUG] taskcoachlib.gui.viewer.base: Viewer.presentation : Les éléments de la présentation sont : Sorter(<class 'taskcoachlib.domain.task.sorter.Sorter'>([])).
2026-03-02 05:35:58,699 [DEBUG] taskcoachlib.gui.viewer.base: Viewer.presentation : Retour de la présentation de TaskViewer avec 0 éléments.
2026-03-02 05:35:58,699 [DEBUG] taskcoachlib.gui.viewer.base: Viewer.presentation : Les éléments de la présentation sont : Sorter(<class 'taskcoachlib.domain.task.sorter.Sorter'>([])).
2026-03-02 05:35:58,830 [DEBUG] taskcoachlib.gui.viewer.base: Viewer.presentation : Retour de la présentation de TaskViewer avec 0 éléments.
2026-03-02 05:35:58,831 [DEBUG] taskcoachlib.gui.viewer.base: Viewer.presentation : Les éléments de la présentation sont : Sorter(<class 'taskcoachlib.domain.task.sorter.Sorter'>([])).
2026-03-02 05:35:58,849 [DEBUG] taskcoachlib.gui.viewer.base: Viewer.presentation : Retour de la présentation de TaskViewer avec 0 éléments.
2026-03-02 05:35:58,850 [DEBUG] taskcoachlib.gui.viewer.base: Viewer.presentation : Les éléments de la présentation sont : Sorter(<class 'taskcoachlib.domain.task.sorter.Sorter'>([])).
2026-03-02 05:35:58,867 [DEBUG] taskcoachlib.gui.viewer.base: Viewer.presentation : Retour de la présentation de TaskViewer avec 0 éléments.
2026-03-02 05:35:58,868 [DEBUG] taskcoachlib.gui.viewer.base: Viewer.presentation : Les éléments de la présentation sont : Sorter(<class 'taskcoachlib.domain.task.sorter.Sorter'>([])).
2026-03-02 05:35:58,882 [DEBUG] taskcoachlib.gui.viewer.base: Viewer.presentation : Retour de la présentation de TaskViewer avec 0 éléments.
2026-03-02 05:35:58,882 [DEBUG] taskcoachlib.gui.viewer.base: Viewer.presentation : Les éléments de la présentation sont : Sorter(<class 'taskcoachlib.domain.task.sorter.Sorter'>([])).
2026-03-02 05:35:58,898 [DEBUG] taskcoachlib.gui.viewer.base: Viewer.presentation : Retour de la présentation de TaskViewer avec 0 éléments.
2026-03-02 05:35:58,899 [DEBUG] taskcoachlib.gui.viewer.base: Viewer.presentation : Les éléments de la présentation sont : Sorter(<class 'taskcoachlib.domain.task.sorter.Sorter'>([])).
2026-03-02 05:35:59,009 [INFO] taskcoachlib.gui.mainwindow: MainWindow.setShutdownInProgress : Le processus d'arrêt de l'application est en cours. Plus aucune action durant cette phase !
2026-03-02 05:35:59,009 [INFO] taskcoachlib.gui.mainwindow: mainWindow.onClose : Fermeture de la fenêtre par l'utilisateur.
2026-03-02 05:35:59,010 [INFO] taskcoachlib.application.application: Application.quitApplication : Début de la Fermeture de l'application
2026-03-02 05:35:59,010 [DEBUG] taskcoachlib.gui.mainwindow: MainWindow.onCLose : Fermeture des éditeurs
2026-03-02 05:35:59,010 [INFO] taskcoachlib.gui.mainwindow: MainWindow.closeEditors : Fermeture de tous les éditeurs ouverts dans la fenêtre principale.
2026-03-02 05:35:59,010 [DEBUG] taskcoachlib.gui.mainwindow: MainWindow.onClose : Quitter avec event.Skip()
2026-03-02 05:35:59,010 [INFO] taskcoachlib.persistence.taskfile: TaskFile.stop() appelé.
2026-03-02 05:35:59,010 [INFO] taskcoachlib.gui.mainwindow: MainWindow.closeEditors : Fermeture de tous les éditeurs ouverts dans la fenêtre principale.
2026-03-02 05:35:59,010 [INFO] taskcoachlib.gui.mainwindow: MainWindow.onCLose : Fenêtre fermée par l'utilisateur
2026-03-02 05:35:59,011 [INFO] taskcoachlib.application.application: Avant appel sys.exit()
2026-03-02 05:35:59,011 [INFO] taskcoachlib.application.application: Fenêtre principale détruite, appel de sys.exit()
2026-03-02 05:35:59,011 [INFO] taskcoachlib.application.application: Threads actifs avant sys.exit(): [<_MainThread(MainThread, started 140581477239744)>]
2026-03-02 05:35:59,011 [DEBUG] taskcoachlib.application.application: Thread: MainThread, Daemon: False, Class: <class 'threading._MainThread'>
2026-03-02 05:35:59,012 [DEBUG] taskcoachlib.application.application: Stack for thread MainThread:
  File "/home/sylvain/Téléchargements/src/task-coach-git/taskcoach/taskcoach.py", line 305, in <module>
    start()
  File "/home/sylvain/Téléchargements/src/task-coach-git/taskcoach/taskcoach.py", line 298, in start
    app.start()
  File "/home/sylvain/Téléchargements/src/task-coach-git/taskcoach/taskcoachlib/application/application.py", line 743, in start
    self.__wx_app.MainLoop()
  File "/home/sylvain/Téléchargements/src/task-coach-git/venv/lib/python3.14/site-packages/wx/core.py", line 2254, in MainLoop
    rv = wx.PyApp.MainLoop(self)
  File "/home/sylvain/Téléchargements/src/task-coach-git/taskcoach/taskcoachlib/gui/mainwindow.py", line 1103, in onClose
    application.Application().quitApplication()
  File "/home/sylvain/Téléchargements/src/task-coach-git/taskcoach/taskcoachlib/application/application.py", line 1727, in quitApplication
    stack = _stack_for_thread(t, frames)
2026-03-02 05:35:59,012 [DEBUG] taskcoachlib.application.application: Application.quitApplication : Essaie de quitter proprement l'application avec sys.exit().
