2026-03-05 21:12:45,623 [INFO] __main__: ****************************************************************
2026-03-05 21:12:45,624 [INFO] __main__: *               Démarrage de Task Coach                          *
2026-03-05 21:12:45,624 [INFO] __main__: ****************************************************************
2026-03-05 21:12:45,624 [INFO] __main__: Environnement non frozen détecté (mode développement)
2026-03-05 21:12:45,624 [INFO] __main__: Lancement du programme Task Coach via taskcoach.py et les arguments d'ArgumentParser.
2026-03-05 21:12:45,778 [INFO] taskcoachlib.application: application avec wx
2026-03-05 21:12:46,038 [DEBUG] taskcoachlib.filesystem: filesystem : _system=Linux
2026-03-05 21:12:46,393 [INFO] __main__: Arguments analysés : options={'profile': False, 'skipstart': False, 'inifile': None, 'language': None, 'pofile': None, 'gui_name': 'wx'}, args=[]
2026-03-05 21:12:46,393 [DEBUG] taskcoachlib.config.settings: --- Settings.__init__ entrée ---
2026-03-05 21:12:46,393 [DEBUG] taskcoachlib.config.settings:   load: True
2026-03-05 21:12:46,393 [DEBUG] taskcoachlib.config.settings:   iniFile (reçu par Settings): None
2026-03-05 21:12:46,393 [DEBUG] taskcoachlib.config.settings:   *args (reçus par Settings): ()
2026-03-05 21:12:46,393 [DEBUG] taskcoachlib.config.settings:   **kwargs (reçus par Settings): {}
2026-03-05 21:12:46,395 [INFO] taskcoachlib.config.settings: Settings.__init__ avec wx.
2026-03-05 21:12:46,400 [INFO] taskcoachlib.config.settings: Settings.__init__ terminé avec succès !
2026-03-05 21:12:46,461 [INFO] taskcoachlib.application.application: Application.init: Initialisation des composants de l'application.
2026-03-05 21:12:46,461 [DEBUG] taskcoachlib.application.application: Application.__check_file_lock_early : Checking lock for last file: /home/sylvain/Documents/TaskCoach/Test.tsk
2026-03-05 21:12:46,461 [DEBUG] taskcoachlib.application.application: Application.__check_file_lock_early : filename to check for lock: /home/sylvain/Documents/TaskCoach/Test.tsk
2026-03-05 21:12:46,461 [DEBUG] taskcoachlib.application.application: Application.__check_file_lock_early : Lock file path: /home/sylvain/Documents/TaskCoach/Test.tsk.lock, acquired: True
2026-03-05 21:12:46,461 [DEBUG] taskcoachlib.application.application: Application.__check_file_lock_early : User chose to skip the lock.
2026-03-05 21:12:46,462 [DEBUG] taskcoachlib.application.application: Application.__check_file_lock_early : Final early lock result: ok
2026-03-05 21:12:46,468 [INFO] taskcoachlib.persistence.taskfile: Initialisation de TaskFile avec des arguments : (), {'poll': False}
2026-03-05 21:12:46,469 [INFO] taskcoachlib.persistence.taskfile: TaskFile : self.__tasks = TaskList()
2026-03-05 21:12:46,470 [DEBUG] taskcoachlib.filesystem.fs_inotify: FilesystemNotifier.__init__ : initialisation du notificateur utilisant inotify
2026-03-05 21:12:46,570 [DEBUG] taskcoachlib.filesystem.fs_inotify: FilesystemNotifier initialisé !
2026-03-05 21:12:46,574 [INFO] taskcoachlib.persistence.taskfile: TaskFile : TaskFile initialisé avec filename='', guid='bada1882-a836-4517-b9f7-29f6ebc996e3' et syncMLConfig='None'.
2026-03-05 21:12:46,574 [INFO] taskcoachlib.persistence.taskfile: TaskFile : Tâche de base initialisée : 
2026-03-05 21:12:46,574 [INFO] taskcoachlib.persistence.taskfile: TaskFile : Tâches initiales : TaskList()
2026-03-05 21:12:46,574 [INFO] taskcoachlib.persistence.taskfile: TaskFile : Notes initiales : NoteContainer()
2026-03-05 21:12:46,575 [INFO] taskcoachlib.persistence.taskfile: TaskFile initialisé.
2026-03-05 21:12:46,575 [DEBUG] taskcoachlib.application.application: Application.init: le fichier à ouvrir est self.taskfile = .
2026-03-05 21:12:46,576 [WARNING] taskcoachlib.application.application: Application.init:  id(self.taskFile) : 140122236089552
2026-03-05 21:12:46,576 [WARNING] taskcoachlib.application.application: Application.init: Nb tâches viewer: 0
2026-03-05 21:12:46,576 [INFO] taskcoachlib.application.application: Application.init: Initialisation de la fenêtre principale.
2026-03-05 21:12:46,576 [INFO] taskcoachlib.gui.mainwindow: Début d'initialisation de MainWindow
2026-03-05 21:12:46,579 [INFO] taskcoachlib.gui.mainwindow: MainWindow : self.GetId() id=-31962
2026-03-05 21:12:46,579 [DEBUG] taskcoachlib.gui.windowdimensionstracker: Running on Wayland - window positioning blocked by compositor
2026-03-05 21:12:46,580 [DEBUG] taskcoachlib.gui.windowdimensionstracker: LOAD: pos=(0, 0) size=(1753, 744) maximized=True
2026-03-05 21:12:46,580 [DEBUG] taskcoachlib.gui.windowdimensionstracker: _validate_geometry: checking pos=(0, 0) size=(1753, 744) against 1 monitors
2026-03-05 21:12:46,580 [DEBUG] taskcoachlib.gui.windowdimensionstracker: Monitor 0: geometry=1920x1080 work_area=1920x1080
2026-03-05 21:12:46,580 [DEBUG] taskcoachlib.gui.windowdimensionstracker:   Geometry valid for monitor 0
2026-03-05 21:12:46,580 [DEBUG] taskcoachlib.gui.windowdimensionstracker: Set desired: pos=(0, 0) size=(1753, 744) maximized=True
2026-03-05 21:12:46,580 [DEBUG] taskcoachlib.gui.windowdimensionstracker: _log_position_tick: ready=False
2026-03-05 21:12:46,581 [DEBUG] taskcoachlib.gui.windowdimensionstracker: POS_LOG [0.00s]: pos=(0, 0) size=(1753, 744) max=False
2026-03-05 21:12:46,581 [DEBUG] taskcoachlib.gui.windowdimensionstracker: _log_position_tick: scheduled next tick in 50ms
2026-03-05 21:12:46,581 [INFO] taskcoachlib.gui.mainwindow: MainWindow : Initialisation de WindowDimensionsTracker pour la gestion de la taille et de la position de la fenêtre.
2026-03-05 21:12:46,581 [INFO] taskcoachlib.gui.mainwindow: MainWindow : Création et initialisation des composants de la fenêtre :
2026-03-05 21:12:46,581 [DEBUG] taskcoachlib.gui.mainwindow: MainWindow._create_window_components : création du conteneur pour les visionneuses.
2026-03-05 21:12:46,581 [DEBUG] taskcoachlib.gui.mainwindow: MainWindow._create_viewer_container : utilise viewer.container.ViewerContainer pour créer le conteneur de visionneuses.
2026-03-05 21:12:46,581 [DEBUG] taskcoachlib.gui.mainwindow: MainWindow._create_viewer_container : conteneur de visionneuses créé !
2026-03-05 21:12:46,581 [DEBUG] taskcoachlib.gui.mainwindow: MainWindow._create_window_components : Lance une classe-méthode pour ajouter des viewers.
2026-03-05 21:12:46,581 [DEBUG] taskcoachlib.gui.viewer.factory: addViewers.__add_viewers : Adding viewer of class <class 'taskcoachlib.gui.viewer.task.TaskViewer'>
2026-03-05 21:12:46,582 [WARNING] taskcoachlib.gui.viewer.factory: addViewers.__add_viewers : viewer_instance = TaskViewer((<taskcoachlib.gui.mainwindow.MainWindow object at 0x7f709135c050>, <taskcoachlib.persistence.taskfile.LockedTaskFile object at 0x7f70c01b74d0>, <taskcoachlib.config.settings.Settings object at 0x7f70c01b70e0>), {})
2026-03-05 21:12:46,582 [DEBUG] taskcoachlib.gui.viewer.task: TaskViewer.__init__ : Initialisation, Création du Visualiseur de tâches standard.
2026-03-05 21:12:46,582 [DEBUG] taskcoachlib.gui.viewer.mixin: ManualOrderingMixin.__init__ : initialisation de l'ordre manuel.
2026-03-05 21:12:46,582 [DEBUG] taskcoachlib.gui.viewer.mixin: ManualOrderingMixin.__init__ : ajoute 'sort' à la liste des icones visibles pour le tri manuel.
2026-03-05 21:12:46,582 [DEBUG] taskcoachlib.gui.viewer.mixin: SortableViewerMixin.__init__ : initialisation d'une visionneuse triable.
2026-03-05 21:12:46,582 [DEBUG] taskcoachlib.gui.viewer.base: ViewerWithColumns : Initialisation Création de la visionneuse avec des colonnes.
2026-03-05 21:12:46,582 [DEBUG] taskcoachlib.gui.viewer.task: BaseTaskTreeViewer : Création du Visualiseur de tâches sous forme d'arborescence avec rafraîchissement automatique.
2026-03-05 21:12:46,582 [DEBUG] taskcoachlib.gui.viewer.task: BaseTaskViewer : Création du Visualiseur de base pour les tâches.
2026-03-05 21:12:46,582 [DEBUG] taskcoachlib.gui.viewer.mixin: FilterableViewerMixin.__init__ : initialisation d'une visionneuse filtrable.
2026-03-05 21:12:46,582 [DEBUG] taskcoachlib.gui.viewer.base: TreeViewer : Initialisation avec args=(<taskcoachlib.gui.mainwindow.MainWindow object at 0x7f709135c050>, <taskcoachlib.persistence.taskfile.LockedTaskFile object at 0x7f70c01b74d0>, <taskcoachlib.config.settings.Settings object at 0x7f70c01b70e0>) et kwargs={'instanceNumber': 0, 'settingsSection': 'taskviewer'}.
2026-03-05 21:12:46,582 [INFO] taskcoachlib.gui.viewer.base: DEBUG Viewer.__init__ appelé 140121449292592, taskFile:, 140122236089552
2026-03-05 21:12:46,582 [DEBUG] taskcoachlib.gui.viewer.base: Viewer : Initialisation d'une nouvelle visionneuse self=TaskViewer.
2026-03-05 21:12:46,582 [DEBUG] taskcoachlib.gui.viewer.base: Viewer : parent=MainWindow
2026-03-05 21:12:46,582 [DEBUG] taskcoachlib.gui.viewer.task: BaseTaskViewer.domainObjectsToView : Nombre total d'objets dans la TaskList : 0
2026-03-05 21:12:46,582 [WARNING] taskcoachlib.gui.viewer.task: BaseTaskViewer.domainObjectsToView : ALERTE : Aucune tâche n'est présente dans le modèle après le chargement.
2026-03-05 21:12:46,582 [DEBUG] taskcoachlib.gui.viewer.task: BaseTaskViewer.domainObjectsToView : Retourne les tâches à visualiser : self.taskFile.tasks()=TaskList().
2026-03-05 21:12:46,582 [DEBUG] taskcoachlib.gui.viewer.base: Viewer.__ini__ : avant création de la présentation DEBUG domainObjectsToView: 0
2026-03-05 21:12:46,583 [DEBUG] taskcoachlib.gui.viewer.task: BaseTaskViewer.domainObjectsToView : Nombre total d'objets dans la TaskList : 0
2026-03-05 21:12:46,583 [WARNING] taskcoachlib.gui.viewer.task: BaseTaskViewer.domainObjectsToView : ALERTE : Aucune tâche n'est présente dans le modèle après le chargement.
2026-03-05 21:12:46,583 [DEBUG] taskcoachlib.gui.viewer.task: BaseTaskViewer.domainObjectsToView : Retourne les tâches à visualiser : self.taskFile.tasks()=TaskList().
2026-03-05 21:12:46,583 [DEBUG] taskcoachlib.gui.viewer.task: BaseTaskViewer.createFilter : Création d'un filtre pour les tâches supprimées.
2026-03-05 21:12:46,583 [DEBUG] taskcoachlib.domain.base.filter: Filter.treeMode : renvoie le mode d'arborescence actuel de DeletedFilter: False.
2026-03-05 21:12:46,583 [DEBUG] taskcoachlib.gui.viewer.base: Viewer.presentation : DEBUG presentation taskfile: 140122236089552
2026-03-05 21:12:46,583 [DEBUG] taskcoachlib.gui.viewer.task: TaskViewer.isTreeViewer : La présentation n'est pas encore créée, utilisation des paramètres. self.settings=<taskcoachlib.config.settings.Settings object at 0x7f70c01b70e0>.
2026-03-05 21:12:46,583 [DEBUG] taskcoachlib.domain.base.filter: Filter.treeMode : renvoie le mode d'arborescence actuel de CategoryFilter: True.
2026-03-05 21:12:46,584 [DEBUG] taskcoachlib.gui.viewer.base: Viewer.presentation : DEBUG presentation taskfile: 140122236089552
2026-03-05 21:12:46,584 [DEBUG] taskcoachlib.gui.viewer.task: TaskViewer.isTreeViewer : La présentation n'est pas encore créée, utilisation des paramètres. self.settings=<taskcoachlib.config.settings.Settings object at 0x7f70c01b70e0>.
2026-03-05 21:12:46,585 [DEBUG] taskcoachlib.domain.base.filter: Filter.treeMode : renvoie le mode d'arborescence actuel de ViewFilter: True.
2026-03-05 21:12:46,585 [DEBUG] taskcoachlib.domain.base.filter: Filter.treeMode : renvoie le mode d'arborescence actuel de ViewFilter: True.
2026-03-05 21:12:46,585 [DEBUG] taskcoachlib.gui.viewer.base: Viewer.presentation : DEBUG presentation taskfile: 140122236089552
2026-03-05 21:12:46,585 [DEBUG] taskcoachlib.gui.viewer.task: TaskViewer.isTreeViewer : La présentation n'est pas encore créée, utilisation des paramètres. self.settings=<taskcoachlib.config.settings.Settings object at 0x7f70c01b70e0>.
2026-03-05 21:12:46,585 [DEBUG] taskcoachlib.domain.base.filter: Filter.treeMode : renvoie le mode d'arborescence actuel de SearchFilter: True.
2026-03-05 21:12:46,586 [DEBUG] taskcoachlib.gui.viewer.base: Viewer.presentation : DEBUG presentation taskfile: 140122236089552
2026-03-05 21:12:46,586 [DEBUG] taskcoachlib.gui.viewer.task: TaskViewer.isTreeViewer : La présentation n'est pas encore créée, utilisation des paramètres. self.settings=<taskcoachlib.config.settings.Settings object at 0x7f70c01b70e0>.
2026-03-05 21:12:46,586 [DEBUG] taskcoachlib.domain.task.sorter: Initializing Sorter with args (<class 'taskcoachlib.domain.base.filter.SearchFilter'>(SearchFilter()),) and kwargs {'sortBy': ['dueDateTime', 'subject', 'plannedStartDateTime'], 'sortCaseSensitive': False, 'treeMode': True, 'sortByTaskStatusFirst': True}.
2026-03-05 21:12:46,586 [DEBUG] taskcoachlib.domain.task.sorter: Creating sort key function with sortKey plannedStartDateTime.
2026-03-05 21:12:46,586 [DEBUG] taskcoachlib.domain.task.sorter: Creating status sort key function with sortByTaskStatusFirst 
2026-03-05 21:12:46,586 [DEBUG] taskcoachlib.domain.task.sorter: Creating sort key function with sortKey subject.
2026-03-05 21:12:46,586 [DEBUG] taskcoachlib.domain.task.sorter: Creating status sort key function with sortByTaskStatusFirst 
2026-03-05 21:12:46,586 [DEBUG] taskcoachlib.domain.task.sorter: Creating sort key function with sortKey dueDateTime.
2026-03-05 21:12:46,586 [DEBUG] taskcoachlib.domain.task.sorter: Creating status sort key function with sortByTaskStatusFirst 
2026-03-05 21:12:46,586 [DEBUG] taskcoachlib.domain.task.sorter: Registering observer for attribute dueDateTime.
2026-03-05 21:12:46,586 [DEBUG] taskcoachlib.domain.task.sorter: Registering observer for attribute subject.
2026-03-05 21:12:46,586 [DEBUG] taskcoachlib.domain.task.sorter: Registering observer for attribute plannedStartDateTime.
2026-03-05 21:12:46,586 [DEBUG] taskcoachlib.domain.task.sorter: Creating sort key function with sortKey plannedStartDateTime.
2026-03-05 21:12:46,586 [DEBUG] taskcoachlib.domain.task.sorter: Creating status sort key function with sortByTaskStatusFirst 
2026-03-05 21:12:46,586 [DEBUG] taskcoachlib.domain.task.sorter: Creating sort key function with sortKey subject.
2026-03-05 21:12:46,586 [DEBUG] taskcoachlib.domain.task.sorter: Creating status sort key function with sortByTaskStatusFirst 
2026-03-05 21:12:46,586 [DEBUG] taskcoachlib.domain.task.sorter: Creating sort key function with sortKey dueDateTime.
2026-03-05 21:12:46,586 [DEBUG] taskcoachlib.domain.task.sorter: Creating status sort key function with sortByTaskStatusFirst 
2026-03-05 21:12:46,587 [DEBUG] taskcoachlib.gui.viewer.task: BaseTaskViewer.domainObjectsToView : Nombre total d'objets dans la TaskList : 0
2026-03-05 21:12:46,587 [WARNING] taskcoachlib.gui.viewer.task: BaseTaskViewer.domainObjectsToView : ALERTE : Aucune tâche n'est présente dans le modèle après le chargement.
2026-03-05 21:12:46,587 [DEBUG] taskcoachlib.gui.viewer.task: BaseTaskViewer.domainObjectsToView : Retourne les tâches à visualiser : self.taskFile.tasks()=TaskList().
2026-03-05 21:12:46,587 [DEBUG] taskcoachlib.gui.viewer.task: BaseTaskViewer.createFilter : Création d'un filtre pour les tâches supprimées.
2026-03-05 21:12:46,587 [DEBUG] taskcoachlib.domain.base.filter: Filter.treeMode : renvoie le mode d'arborescence actuel de DeletedFilter: False.
2026-03-05 21:12:46,587 [DEBUG] taskcoachlib.gui.viewer.base: Viewer.presentation : DEBUG presentation taskfile: 140122236089552
2026-03-05 21:12:46,587 [DEBUG] taskcoachlib.gui.viewer.base: Viewer.presentation : Retour de la présentation de TaskViewer avec 0 éléments.
2026-03-05 21:12:46,587 [DEBUG] taskcoachlib.gui.viewer.base: Viewer.presentation : Les éléments de la présentation sont : Sorter(<class 'taskcoachlib.domain.task.sorter.Sorter'>([])).
2026-03-05 21:12:46,587 [DEBUG] taskcoachlib.gui.viewer.task: TaskViewer.isTreeViewer : Demande à la présentation si le mode est arborescence. self.presentation()=Sorter(<class 'taskcoachlib.domain.task.sorter.Sorter'>([])).
2026-03-05 21:12:46,587 [DEBUG] taskcoachlib.gui.viewer.base: Viewer.presentation : DEBUG presentation taskfile: 140122236089552
2026-03-05 21:12:46,587 [DEBUG] taskcoachlib.gui.viewer.base: Viewer.presentation : Retour de la présentation de TaskViewer avec 0 éléments.
2026-03-05 21:12:46,587 [DEBUG] taskcoachlib.gui.viewer.base: Viewer.presentation : Les éléments de la présentation sont : Sorter(<class 'taskcoachlib.domain.task.sorter.Sorter'>([])).
2026-03-05 21:12:46,587 [DEBUG] taskcoachlib.domain.base.filter: Filter.treeMode : renvoie le mode d'arborescence actuel de CategoryFilter: True.
2026-03-05 21:12:46,587 [DEBUG] taskcoachlib.gui.viewer.base: Viewer.presentation : DEBUG presentation taskfile: 140122236089552
2026-03-05 21:12:46,588 [DEBUG] taskcoachlib.gui.viewer.base: Viewer.presentation : Retour de la présentation de TaskViewer avec 0 éléments.
2026-03-05 21:12:46,588 [DEBUG] taskcoachlib.gui.viewer.base: Viewer.presentation : Les éléments de la présentation sont : Sorter(<class 'taskcoachlib.domain.task.sorter.Sorter'>([])).
2026-03-05 21:12:46,588 [DEBUG] taskcoachlib.gui.viewer.task: TaskViewer.isTreeViewer : Demande à la présentation si le mode est arborescence. self.presentation()=Sorter(<class 'taskcoachlib.domain.task.sorter.Sorter'>([])).
2026-03-05 21:12:46,588 [DEBUG] taskcoachlib.gui.viewer.base: Viewer.presentation : DEBUG presentation taskfile: 140122236089552
2026-03-05 21:12:46,588 [DEBUG] taskcoachlib.gui.viewer.base: Viewer.presentation : Retour de la présentation de TaskViewer avec 0 éléments.
2026-03-05 21:12:46,588 [DEBUG] taskcoachlib.gui.viewer.base: Viewer.presentation : Les éléments de la présentation sont : Sorter(<class 'taskcoachlib.domain.task.sorter.Sorter'>([])).
2026-03-05 21:12:46,588 [DEBUG] taskcoachlib.domain.base.filter: Filter.treeMode : renvoie le mode d'arborescence actuel de ViewFilter: True.
2026-03-05 21:12:46,588 [DEBUG] taskcoachlib.domain.base.filter: Filter.treeMode : renvoie le mode d'arborescence actuel de ViewFilter: True.
2026-03-05 21:12:46,588 [DEBUG] taskcoachlib.gui.viewer.base: Viewer.presentation : DEBUG presentation taskfile: 140122236089552
2026-03-05 21:12:46,588 [DEBUG] taskcoachlib.gui.viewer.base: Viewer.presentation : Retour de la présentation de TaskViewer avec 0 éléments.
2026-03-05 21:12:46,588 [DEBUG] taskcoachlib.gui.viewer.base: Viewer.presentation : Les éléments de la présentation sont : Sorter(<class 'taskcoachlib.domain.task.sorter.Sorter'>([])).
2026-03-05 21:12:46,588 [DEBUG] taskcoachlib.gui.viewer.task: TaskViewer.isTreeViewer : Demande à la présentation si le mode est arborescence. self.presentation()=Sorter(<class 'taskcoachlib.domain.task.sorter.Sorter'>([])).
2026-03-05 21:12:46,588 [DEBUG] taskcoachlib.gui.viewer.base: Viewer.presentation : DEBUG presentation taskfile: 140122236089552
2026-03-05 21:12:46,588 [DEBUG] taskcoachlib.gui.viewer.base: Viewer.presentation : Retour de la présentation de TaskViewer avec 0 éléments.
2026-03-05 21:12:46,588 [DEBUG] taskcoachlib.gui.viewer.base: Viewer.presentation : Les éléments de la présentation sont : Sorter(<class 'taskcoachlib.domain.task.sorter.Sorter'>([])).
2026-03-05 21:12:46,589 [DEBUG] taskcoachlib.domain.base.filter: Filter.treeMode : renvoie le mode d'arborescence actuel de SearchFilter: True.
2026-03-05 21:12:46,589 [DEBUG] taskcoachlib.gui.viewer.base: Viewer.__init__ : après présentation DEBUG after filter: 0
2026-03-05 21:12:46,589 [DEBUG] taskcoachlib.gui.viewer.base: Viewer.presentation : DEBUG presentation taskfile: 140122236089552
2026-03-05 21:12:46,589 [DEBUG] taskcoachlib.gui.viewer.base: Viewer.presentation : Retour de la présentation de TaskViewer avec 0 éléments.
2026-03-05 21:12:46,589 [DEBUG] taskcoachlib.gui.viewer.base: Viewer.presentation : Les éléments de la présentation sont : Sorter(<class 'taskcoachlib.domain.task.sorter.Sorter'>([])).
2026-03-05 21:12:46,589 [DEBUG] taskcoachlib.gui.viewer.task: TaskViewer.isTreeViewer : Demande à la présentation si le mode est arborescence. self.presentation()=Sorter(<class 'taskcoachlib.domain.task.sorter.Sorter'>([])).
2026-03-05 21:12:46,589 [DEBUG] taskcoachlib.gui.viewer.base: Viewer.presentation : DEBUG presentation taskfile: 140122236089552
2026-03-05 21:12:46,589 [DEBUG] taskcoachlib.gui.viewer.base: Viewer.presentation : Retour de la présentation de TaskViewer avec 0 éléments.
2026-03-05 21:12:46,589 [DEBUG] taskcoachlib.gui.viewer.base: Viewer.presentation : Les éléments de la présentation sont : Sorter(<class 'taskcoachlib.domain.task.sorter.Sorter'>([])).
2026-03-05 21:12:46,589 [DEBUG] taskcoachlib.domain.task.sorter: Initializing Sorter with args (<class 'taskcoachlib.domain.base.filter.SearchFilter'>(SearchFilter()),) and kwargs {'sortBy': ['dueDateTime', 'subject', 'plannedStartDateTime'], 'sortCaseSensitive': False, 'treeMode': True, 'sortByTaskStatusFirst': True}.
2026-03-05 21:12:46,589 [DEBUG] taskcoachlib.domain.task.sorter: Creating sort key function with sortKey plannedStartDateTime.
2026-03-05 21:12:46,589 [DEBUG] taskcoachlib.domain.task.sorter: Creating status sort key function with sortByTaskStatusFirst 
2026-03-05 21:12:46,589 [DEBUG] taskcoachlib.domain.task.sorter: Creating sort key function with sortKey subject.
2026-03-05 21:12:46,589 [DEBUG] taskcoachlib.domain.task.sorter: Creating status sort key function with sortByTaskStatusFirst 
2026-03-05 21:12:46,589 [DEBUG] taskcoachlib.domain.task.sorter: Creating sort key function with sortKey dueDateTime.
2026-03-05 21:12:46,589 [DEBUG] taskcoachlib.domain.task.sorter: Creating status sort key function with sortByTaskStatusFirst 
2026-03-05 21:12:46,589 [DEBUG] taskcoachlib.domain.task.sorter: Registering observer for attribute dueDateTime.
2026-03-05 21:12:46,589 [DEBUG] taskcoachlib.domain.task.sorter: Registering observer for attribute subject.
2026-03-05 21:12:46,589 [DEBUG] taskcoachlib.domain.task.sorter: Registering observer for attribute plannedStartDateTime.
2026-03-05 21:12:46,589 [DEBUG] taskcoachlib.domain.task.sorter: Creating sort key function with sortKey plannedStartDateTime.
2026-03-05 21:12:46,590 [DEBUG] taskcoachlib.domain.task.sorter: Creating status sort key function with sortByTaskStatusFirst 
2026-03-05 21:12:46,590 [DEBUG] taskcoachlib.domain.task.sorter: Creating sort key function with sortKey subject.
2026-03-05 21:12:46,590 [DEBUG] taskcoachlib.domain.task.sorter: Creating status sort key function with sortByTaskStatusFirst 
2026-03-05 21:12:46,590 [DEBUG] taskcoachlib.domain.task.sorter: Creating sort key function with sortKey dueDateTime.
2026-03-05 21:12:46,590 [DEBUG] taskcoachlib.domain.task.sorter: Creating status sort key function with sortByTaskStatusFirst 
2026-03-05 21:12:46,590 [DEBUG] taskcoachlib.gui.viewer.base: Viewer.__init__ : DEBUG after sorter: 0
2026-03-05 21:12:46,590 [DEBUG] taskcoachlib.gui.viewer.task: TaskViewer.createWidget : Crée le widget de l'arborescence des tâches avec des menus contextuels. self=TaskViewer. 
2026-03-05 21:12:46,605 [DEBUG] taskcoachlib.gui.viewer.task: TaskViewer._createColumns retourne columns [<taskcoachlib.widgets.itemctrl.Column object at 0x7f7091331550>, <taskcoachlib.widgets.itemctrl.Column object at 0x7f7091b82350>, <taskcoachlib.widgets.itemctrl.Column object at 0x7f7091b82490>, <taskcoachlib.widgets.itemctrl.Column object at 0x7f7091b825d0>, <taskcoachlib.widgets.itemctrl.Column object at 0x7f7091b82710>, <taskcoachlib.widgets.itemctrl.Column object at 0x7f7091b82850>, <taskcoachlib.widgets.itemctrl.Column object at 0x7f7091b82990>, <taskcoachlib.widgets.itemctrl.Column object at 0x7f7091b82ad0>, <taskcoachlib.widgets.itemctrl.Column object at 0x7f7091b82c10>, <taskcoachlib.widgets.itemctrl.Column object at 0x7f7091b82d50>, <taskcoachlib.widgets.itemctrl.Column object at 0x7f7091b82e90>, <taskcoachlib.widgets.itemctrl.Column object at 0x7f7091b82fd0>, <taskcoachlib.widgets.itemctrl.Column object at 0x7f7091b83110>, <taskcoachlib.widgets.itemctrl.Column object at 0x7f7091b83250>, <taskcoachlib.widgets.itemctrl.Column object at 0x7f7091b83390>, <taskcoachlib.widgets.itemctrl.Column object at 0x7f7091b834d0>, <taskcoachlib.widgets.itemctrl.Column object at 0x7f7091b83610>, <taskcoachlib.widgets.itemctrl.Column object at 0x7f7091b83750>, <taskcoachlib.widgets.itemctrl.Column object at 0x7f7091b83890>, <taskcoachlib.widgets.itemctrl.Column object at 0x7f7091b839d0>, <taskcoachlib.widgets.itemctrl.Column object at 0x7f7091b83b10>, <taskcoachlib.widgets.itemctrl.Column object at 0x7f7091b83c50>, <taskcoachlib.widgets.itemctrl.Column object at 0x7f7091b83d90>, <taskcoachlib.widgets.itemctrl.Column object at 0x7f7091b83ed0>, <taskcoachlib.widgets.itemctrl.Column object at 0x7f7091394050>, <taskcoachlib.widgets.itemctrl.Column object at 0x7f7091394190>, <taskcoachlib.widgets.itemctrl.Column object at 0x7f70913942d0>, <taskcoachlib.widgets.itemctrl.Column object at 0x7f7091394410>, <taskcoachlib.widgets.itemctrl.Column object at 0x7f7091394550>].
2026-03-05 21:12:46,605 [DEBUG] taskcoachlib.gui.viewer.task: BaseTaskTreeViewer.createTaskPopupMenu : Création du menu contextuel.
2026-03-05 21:12:46,605 [DEBUG] taskcoachlib.gui.viewer.base: Viewer.presentation : DEBUG presentation taskfile: 140122236089552
2026-03-05 21:12:46,605 [DEBUG] taskcoachlib.gui.viewer.base: Viewer.presentation : Retour de la présentation de TaskViewer avec 0 éléments.
2026-03-05 21:12:46,605 [DEBUG] taskcoachlib.gui.viewer.base: Viewer.presentation : Les éléments de la présentation sont : Sorter(<class 'taskcoachlib.domain.task.sorter.Sorter'>([])).
2026-03-05 21:12:46,605 [INFO] taskcoachlib.gui.menu: TaskPopupMenu : Création du menu Popup de Tâche.
2026-03-05 21:12:46,605 [INFO] taskcoachlib.gui.menu: Menu : Création du menu de base. Initialisation du menu contextuel : TaskPopupMenu
2026-03-05 21:12:46,606 [DEBUG] taskcoachlib.gui.menu: Menu : self._window=<taskcoachlib.gui.mainwindow.MainWindow object at 0x7f709135c050>
2026-03-05 21:12:46,606 [INFO] taskcoachlib.gui.menu: Menu : window est une instance valide de wx.Window.
2026-03-05 21:12:46,606 [INFO] taskcoachlib.gui.menu: Menu : Fin d'Initialisation de Menu ! (self est TaskPopupMenu, window est MainWindow)
2026-03-05 21:12:46,607 [DEBUG] taskcoachlib.gui.menu: Menu.appendUICommand Essaie d'ajouter EditCut au menu TaskPopupMenu dans la classe wxFrame MainWindow winId=-31962
2026-03-05 21:12:46,607 [DEBUG] taskcoachlib.gui.uicommand.base_uicommand: UICommand.__getBitmap() appelé avec self=<taskcoachlib.gui.uicommand.uicommand.EditCut object at 0x7f70913316a0>, self.uniqueName=EditCut bitmapName=cut, bitmapType=b'wxART_MENU_C' et bitmapSize=(16, 16)
2026-03-05 21:12:46,610 [DEBUG] taskcoachlib.gui.menu: Menu.appendUICommand Essaie d'ajouter EditCopy au menu TaskPopupMenu dans la classe wxFrame MainWindow winId=-31962
2026-03-05 21:12:46,610 [DEBUG] taskcoachlib.gui.uicommand.base_uicommand: UICommand.__getBitmap() appelé avec self=<taskcoachlib.gui.uicommand.uicommand.EditCopy object at 0x7f70913317f0>, self.uniqueName=EditCopy bitmapName=copy, bitmapType=b'wxART_MENU_C' et bitmapSize=(16, 16)
2026-03-05 21:12:46,610 [DEBUG] taskcoachlib.gui.menu: Menu.appendUICommand Essaie d'ajouter EditPaste au menu TaskPopupMenu dans la classe wxFrame MainWindow winId=-31962
2026-03-05 21:12:46,611 [DEBUG] taskcoachlib.gui.uicommand.base_uicommand: UICommand.__getBitmap() appelé avec self=<taskcoachlib.gui.uicommand.uicommand.EditPaste object at 0x7f7091331940>, self.uniqueName=EditPaste bitmapName=paste, bitmapType=b'wxART_MENU_C' et bitmapSize=(16, 16)
2026-03-05 21:12:46,611 [DEBUG] taskcoachlib.gui.menu: Menu.appendUICommand Essaie d'ajouter EditPasteAsSubItem au menu TaskPopupMenu dans la classe wxFrame MainWindow winId=-31962
2026-03-05 21:12:46,611 [DEBUG] taskcoachlib.gui.uicommand.base_uicommand: UICommand.__getBitmap() appelé avec self=<taskcoachlib.gui.uicommand.uicommand.EditPasteAsSubItem object at 0x7f7091331a90>, self.uniqueName=EditPasteAsSubItem bitmapName=pasteintotask, bitmapType=b'wxART_MENU_C' et bitmapSize=(16, 16)
2026-03-05 21:12:46,625 [DEBUG] taskcoachlib.gui.menu: Menu.appendUICommand Essaie d'ajouter Edit au menu TaskPopupMenu dans la classe wxFrame MainWindow winId=-31962
2026-03-05 21:12:46,625 [DEBUG] taskcoachlib.gui.uicommand.base_uicommand: UICommand.__getBitmap() appelé avec self=<taskcoachlib.gui.uicommand.uicommand.Edit object at 0x7f7091331be0>, self.uniqueName=Edit bitmapName=edit, bitmapType=b'wxART_MENU_C' et bitmapSize=(16, 16)
2026-03-05 21:12:46,626 [DEBUG] taskcoachlib.gui.menu: Menu.appendUICommand Essaie d'ajouter Delete au menu TaskPopupMenu dans la classe wxFrame MainWindow winId=-31962
2026-03-05 21:12:46,626 [DEBUG] taskcoachlib.gui.uicommand.base_uicommand: UICommand.__getBitmap() appelé avec self=<taskcoachlib.gui.uicommand.uicommand.Delete object at 0x7f7091331d30>, self.uniqueName=Delete bitmapName=delete, bitmapType=b'wxART_MENU_C' et bitmapSize=(16, 16)
2026-03-05 21:12:46,627 [DEBUG] taskcoachlib.gui.menu: Menu.appendUICommand Essaie d'ajouter AddAttachment au menu TaskPopupMenu dans la classe wxFrame MainWindow winId=-31962
2026-03-05 21:12:46,627 [DEBUG] taskcoachlib.gui.uicommand.base_uicommand: UICommand.__getBitmap() appelé avec self=<taskcoachlib.gui.uicommand.uicommand.AddAttachment object at 0x7f7091331e80>, self.uniqueName=AddAttachment bitmapName=paperclip_icon, bitmapType=b'wxART_MENU_C' et bitmapSize=(16, 16)
2026-03-05 21:12:46,627 [DEBUG] taskcoachlib.gui.menu: Menu.appendUICommand Essaie d'ajouter OpenAllAttachments au menu TaskPopupMenu dans la classe wxFrame MainWindow winId=-31962
2026-03-05 21:12:46,627 [DEBUG] taskcoachlib.gui.uicommand.base_uicommand: UICommand.__getBitmap() appelé avec self=<taskcoachlib.gui.uicommand.uicommand.OpenAllAttachments object at 0x7f7091331fd0>, self.uniqueName=OpenAllAttachments bitmapName=paperclip_icon, bitmapType=b'wxART_MENU_C' et bitmapSize=(16, 16)
2026-03-05 21:12:46,628 [DEBUG] taskcoachlib.gui.menu: Menu.appendUICommand Essaie d'ajouter AddNote au menu TaskPopupMenu dans la classe wxFrame MainWindow winId=-31962
2026-03-05 21:12:46,628 [DEBUG] taskcoachlib.gui.uicommand.base_uicommand: UICommand.__getBitmap() appelé avec self=<taskcoachlib.gui.uicommand.uicommand.AddNote object at 0x7f7091332120>, self.uniqueName=AddNote bitmapName=note_icon, bitmapType=b'wxART_MENU_C' et bitmapSize=(16, 16)
2026-03-05 21:12:46,628 [DEBUG] taskcoachlib.gui.menu: Menu.appendUICommand Essaie d'ajouter OpenAllNotes au menu TaskPopupMenu dans la classe wxFrame MainWindow winId=-31962
2026-03-05 21:12:46,628 [DEBUG] taskcoachlib.gui.uicommand.base_uicommand: UICommand.__getBitmap() appelé avec self=<taskcoachlib.gui.uicommand.uicommand.OpenAllNotes object at 0x7f7091332270>, self.uniqueName=OpenAllNotes bitmapName=edit, bitmapType=b'wxART_MENU_C' et bitmapSize=(16, 16)
2026-03-05 21:12:46,628 [DEBUG] taskcoachlib.gui.menu: Menu.appendUICommand Essaie d'ajouter Mail au menu TaskPopupMenu dans la classe wxFrame MainWindow winId=-31962
2026-03-05 21:12:46,629 [DEBUG] taskcoachlib.gui.uicommand.base_uicommand: UICommand.__getBitmap() appelé avec self=<taskcoachlib.gui.uicommand.uicommand.Mail object at 0x7f70913323c0>, self.uniqueName=Mail bitmapName=envelope_icon, bitmapType=b'wxART_MENU_C' et bitmapSize=(16, 16)
2026-03-05 21:12:46,629 [DEBUG] taskcoachlib.gui.uicommand.uicommandcontainer: UICommandContainerMixin.appendUICommands a terminé d'ajouter les uiCommands !
2026-03-05 21:12:46,629 [INFO] taskcoachlib.gui.menu: Création du menu Toggle Catégorie.
2026-03-05 21:12:46,629 [INFO] taskcoachlib.gui.menu: DynamicMenu : Création du menu Dynamique. Initialisation du menu contextuel : ToggleCategoryMenu
2026-03-05 21:12:46,630 [INFO] taskcoachlib.gui.menu: Menu : Création du menu de base. Initialisation du menu contextuel : ToggleCategoryMenu
2026-03-05 21:12:46,630 [DEBUG] taskcoachlib.gui.menu: Menu : self._window=<taskcoachlib.gui.mainwindow.MainWindow object at 0x7f709135c050>
2026-03-05 21:12:46,630 [INFO] taskcoachlib.gui.menu: Menu : window est une instance valide de wx.Window.
2026-03-05 21:12:46,630 [INFO] taskcoachlib.gui.menu: Menu : Fin d'Initialisation de Menu ! (self est ToggleCategoryMenu, window est MainWindow)
2026-03-05 21:12:46,630 [INFO] taskcoachlib.gui.menu: DynamicMenu : menu Dynamique ToggleCategoryMenu créé.
2026-03-05 21:12:46,630 [INFO] taskcoachlib.gui.menu: Toggle Catégorie initialisé.
2026-03-05 21:12:46,631 [DEBUG] taskcoachlib.gui.menu: Menu.appendMenu : Ajout du sous-menu MenuItem à self=TaskPopupMenu.
2026-03-05 21:12:46,632 [DEBUG] taskcoachlib.gui.menu: Menu.appendUICommand Essaie d'ajouter TaskMarkInactive au menu TaskPopupMenu dans la classe wxFrame MainWindow winId=-31962
2026-03-05 21:12:46,632 [DEBUG] taskcoachlib.gui.uicommand.base_uicommand: UICommand.__getBitmap() appelé avec self=<taskcoachlib.gui.uicommand.uicommand.TaskMarkInactive object at 0x7f7091332510>, self.uniqueName=TaskMarkInactive bitmapName=led_grey_icon, bitmapType=b'wxART_MENU_C' et bitmapSize=(16, 16)
2026-03-05 21:12:46,633 [DEBUG] taskcoachlib.gui.menu: Menu.appendUICommand Essaie d'ajouter TaskMarkActive au menu TaskPopupMenu dans la classe wxFrame MainWindow winId=-31962
2026-03-05 21:12:46,633 [DEBUG] taskcoachlib.gui.uicommand.base_uicommand: UICommand.__getBitmap() appelé avec self=<taskcoachlib.gui.uicommand.uicommand.TaskMarkActive object at 0x7f70913327b0>, self.uniqueName=TaskMarkActive bitmapName=led_blue_icon, bitmapType=b'wxART_MENU_C' et bitmapSize=(16, 16)
2026-03-05 21:12:46,633 [DEBUG] taskcoachlib.gui.menu: Menu.appendUICommand Essaie d'ajouter TaskMarkCompleted au menu TaskPopupMenu dans la classe wxFrame MainWindow winId=-31962
2026-03-05 21:12:46,633 [DEBUG] taskcoachlib.gui.uicommand.base_uicommand: UICommand.__getBitmap() appelé avec self=<taskcoachlib.gui.uicommand.uicommand.TaskMarkCompleted object at 0x7f7091332900>, self.uniqueName=TaskMarkCompleted bitmapName=checkmark_green_icon, bitmapType=b'wxART_MENU_C' et bitmapSize=(16, 16)
2026-03-05 21:12:46,634 [DEBUG] taskcoachlib.gui.uicommand.uicommandcontainer: UICommandContainerMixin.appendUICommands a terminé d'ajouter les uiCommands !
2026-03-05 21:12:46,634 [INFO] taskcoachlib.gui.menu: Création du menu Priorité de Tâche.
2026-03-05 21:12:46,634 [INFO] taskcoachlib.gui.menu: Menu : Création du menu de base. Initialisation du menu contextuel : TaskPriorityMenu
2026-03-05 21:12:46,634 [DEBUG] taskcoachlib.gui.menu: Menu : self._window=<taskcoachlib.gui.mainwindow.MainWindow object at 0x7f709135c050>
2026-03-05 21:12:46,634 [INFO] taskcoachlib.gui.menu: Menu : window est une instance valide de wx.Window.
2026-03-05 21:12:46,634 [INFO] taskcoachlib.gui.menu: Menu : Fin d'Initialisation de Menu ! (self est TaskPriorityMenu, window est MainWindow)
2026-03-05 21:12:46,635 [DEBUG] taskcoachlib.gui.menu: Menu.appendUICommand Essaie d'ajouter TaskIncPriority au menu TaskPriorityMenu dans la classe wxFrame MainWindow winId=-31962
2026-03-05 21:12:46,635 [DEBUG] taskcoachlib.gui.uicommand.base_uicommand: UICommand.__getBitmap() appelé avec self=<taskcoachlib.gui.uicommand.uicommand.TaskIncPriority object at 0x7f7091332a50>, self.uniqueName=TaskIncPriority bitmapName=incpriority, bitmapType=b'wxART_MENU_C' et bitmapSize=(16, 16)
2026-03-05 21:12:46,636 [DEBUG] taskcoachlib.gui.menu: Menu.appendUICommand Essaie d'ajouter TaskDecPriority au menu TaskPriorityMenu dans la classe wxFrame MainWindow winId=-31962
2026-03-05 21:12:46,636 [DEBUG] taskcoachlib.gui.uicommand.base_uicommand: UICommand.__getBitmap() appelé avec self=<taskcoachlib.gui.uicommand.uicommand.TaskDecPriority object at 0x7f7091332ba0>, self.uniqueName=TaskDecPriority bitmapName=decpriority, bitmapType=b'wxART_MENU_C' et bitmapSize=(16, 16)
2026-03-05 21:12:46,636 [DEBUG] taskcoachlib.gui.menu: Menu.appendUICommand Essaie d'ajouter TaskMaxPriority au menu TaskPriorityMenu dans la classe wxFrame MainWindow winId=-31962
2026-03-05 21:12:46,636 [DEBUG] taskcoachlib.gui.uicommand.base_uicommand: UICommand.__getBitmap() appelé avec self=<taskcoachlib.gui.uicommand.uicommand.TaskMaxPriority object at 0x7f7091332cf0>, self.uniqueName=TaskMaxPriority bitmapName=maxpriority, bitmapType=b'wxART_MENU_C' et bitmapSize=(16, 16)
2026-03-05 21:12:46,637 [DEBUG] taskcoachlib.gui.menu: Menu.appendUICommand Essaie d'ajouter TaskMinPriority au menu TaskPriorityMenu dans la classe wxFrame MainWindow winId=-31962
2026-03-05 21:12:46,637 [DEBUG] taskcoachlib.gui.uicommand.base_uicommand: UICommand.__getBitmap() appelé avec self=<taskcoachlib.gui.uicommand.uicommand.TaskMinPriority object at 0x7f7091332e40>, self.uniqueName=TaskMinPriority bitmapName=minpriority, bitmapType=b'wxART_MENU_C' et bitmapSize=(16, 16)
2026-03-05 21:12:46,637 [DEBUG] taskcoachlib.gui.uicommand.uicommandcontainer: UICommandContainerMixin.appendUICommands a terminé d'ajouter les uiCommands !
2026-03-05 21:12:46,638 [DEBUG] taskcoachlib.gui.menu: Menu.appendMenu : Ajout du sous-menu MenuItem à self=TaskPopupMenu.
2026-03-05 21:12:46,640 [DEBUG] taskcoachlib.gui.menu: Menu.appendUICommand Essaie d'ajouter EffortNew au menu TaskPopupMenu dans la classe wxFrame MainWindow winId=-31962
2026-03-05 21:12:46,640 [DEBUG] taskcoachlib.gui.uicommand.base_uicommand: UICommand.__getBitmap() appelé avec self=<taskcoachlib.gui.uicommand.uicommand.EffortNew object at 0x7f7091332f90>, self.uniqueName=EffortNew bitmapName=new, bitmapType=b'wxART_MENU_C' et bitmapSize=(16, 16)
2026-03-05 21:12:46,641 [DEBUG] taskcoachlib.gui.menu: Menu.appendUICommand Essaie d'ajouter EffortStart au menu TaskPopupMenu dans la classe wxFrame MainWindow winId=-31962
2026-03-05 21:12:46,641 [DEBUG] taskcoachlib.gui.uicommand.base_uicommand: UICommand.__getBitmap() appelé avec self=<taskcoachlib.gui.uicommand.uicommand.EffortStart object at 0x7f70913330e0>, self.uniqueName=EffortStart bitmapName=clock_icon, bitmapType=b'wxART_MENU_C' et bitmapSize=(16, 16)
2026-03-05 21:12:46,641 [DEBUG] taskcoachlib.gui.menu: Menu.appendUICommand Essaie d'ajouter EffortStop au menu TaskPopupMenu dans la classe wxFrame MainWindow winId=-31962
2026-03-05 21:12:46,642 [DEBUG] taskcoachlib.gui.menu: Menu.appendUICommand Essaie d'ajouter TaskNew au menu TaskPopupMenu dans la classe wxFrame MainWindow winId=-31962
2026-03-05 21:12:46,642 [DEBUG] taskcoachlib.gui.uicommand.base_uicommand: UICommand.__getBitmap() appelé avec self=<taskcoachlib.gui.uicommand.uicommand.TaskNew object at 0x7f70913334d0>, self.uniqueName=TaskNew bitmapName=new, bitmapType=b'wxART_MENU_C' et bitmapSize=(16, 16)
2026-03-05 21:12:46,642 [DEBUG] taskcoachlib.gui.menu: Menu.appendUICommand Essaie d'ajouter NewSubItem au menu TaskPopupMenu dans la classe wxFrame MainWindow winId=-31962
2026-03-05 21:12:46,642 [DEBUG] taskcoachlib.gui.uicommand.base_uicommand: UICommand.__getBitmap() appelé avec self=<taskcoachlib.gui.uicommand.uicommand.NewSubItem object at 0x7f7091333620>, self.uniqueName=NewSubItem bitmapName=newsub, bitmapType=b'wxART_MENU_C' et bitmapSize=(16, 16)
2026-03-05 21:12:46,643 [DEBUG] taskcoachlib.gui.uicommand.uicommandcontainer: UICommandContainerMixin.appendUICommands a terminé d'ajouter les uiCommands !
2026-03-05 21:12:46,643 [INFO] taskcoachlib.gui.menu: TaskPopupMenu : Terminé - Menu Popup de Tâche créé !
2026-03-05 21:12:46,643 [INFO] taskcoachlib.gui.menu: Création du menu Popup Colonne.
2026-03-05 21:12:46,643 [INFO] taskcoachlib.gui.menu: Menu : Création du menu de base. Initialisation du menu contextuel : ColumnPopupMenu
2026-03-05 21:12:46,643 [DEBUG] taskcoachlib.gui.menu: Menu : self._window=<taskcoachlib.gui.viewer.task.TaskViewer object at 0x7f709135e330>
2026-03-05 21:12:46,644 [INFO] taskcoachlib.gui.menu: Menu : window est une instance valide de wx.Window.
2026-03-05 21:12:46,644 [INFO] taskcoachlib.gui.menu: Menu : Fin d'Initialisation de Menu ! (self est ColumnPopupMenu, window est TaskViewer)
2026-03-05 21:12:46,644 [DEBUG] taskcoachlib.gui.menu: ColumnPopupMenu : Appel de CallAfter.
2026-03-05 21:12:46,646 [DEBUG] taskcoachlib.gui.menu: ColumnPopupMenu : CallAfter passé avec succès. Menu Popup Colonne terminé !
2026-03-05 21:12:46,646 [DEBUG] taskcoachlib.gui.viewer.task: TaskViewer.createWidget : definit le widget TreeListCtrl.
2026-03-05 21:12:46,646 [DEBUG] taskcoachlib.gui.viewer.base: Viewer.presentation : DEBUG presentation taskfile: 140122236089552
2026-03-05 21:12:46,646 [DEBUG] taskcoachlib.gui.viewer.base: Viewer.presentation : Retour de la présentation de TaskViewer avec 0 éléments.
2026-03-05 21:12:46,646 [DEBUG] taskcoachlib.gui.viewer.base: Viewer.presentation : Les éléments de la présentation sont : Sorter(<class 'taskcoachlib.domain.task.sorter.Sorter'>([])).
2026-03-05 21:12:46,647 [DEBUG] taskcoachlib.widgets.treectrl: TreeListCtrl.__init__ : initialisation du contrôle de liste en arbre.
2026-03-05 21:12:46,647 [DEBUG] taskcoachlib.widgets.treectrl: TreeListCtrl.__init__ : parent=<taskcoachlib.gui.viewer.task.TaskViewer object at 0x7f709135e330>, self.__adapter=<taskcoachlib.gui.viewer.task.TaskViewer object at 0x7f709135e330>, ADAPTER TYPE: <class 'taskcoachlib.gui.viewer.task.TaskViewer'>
