2026-03-05 20:44:28,041 [DEBUG] taskcoachlib.patterns.observer: Publisher.notifyObservers : pour chaque sources {<class 'taskcoachlib.domain.category.filter.CategoryFilter'>(CategoryFilter()), None} de chaque types {"<class 'taskcoachlib.domain.category.filter.CategoryFilter'>.remove"} récupère [("<class 'taskcoachlib.domain.category.filter.CategoryFilter'>.remove", <class 'taskcoachlib.domain.category.filter.CategoryFilter'>(CategoryFilter())), ("<class 'taskcoachlib.domain.category.filter.CategoryFilter'>.remove", None)].
2026-03-05 20:44:28,047 [DEBUG] taskcoachlib.patterns.observer: Publisher.notifyObservers : observers={MethodProxy(<bound method CollectionDecorator.onRemoveItem of <class 'taskcoachlib.domain.effort.effortlist.EffortList'>(EffortList())>): {("<class 'taskcoachlib.domain.category.filter.CategoryFilter'>.remove", <class 'taskcoachlib.domain.category.filter.CategoryFilter'>(CategoryFilter()))}} et observers.items=dict_items([(MethodProxy(<bound method CollectionDecorator.onRemoveItem of <class 'taskcoachlib.domain.effort.effortlist.EffortList'>(EffortList())>), {("<class 'taskcoachlib.domain.category.filter.CategoryFilter'>.remove", <class 'taskcoachlib.domain.category.filter.CategoryFilter'>(CategoryFilter()))})]) sont définis !
2026-03-05 20:44:28,047 [DEBUG] taskcoachlib.patterns.observer: Publisher.notifyObservers : observers={MethodProxy(<bound method Filter.onRemoveItem of <class 'taskcoachlib.domain.category.filter.CategoryFilter'>(CategoryFilter())>): {("<class 'taskcoachlib.domain.base.filter.SearchFilter'>.remove", <class 'taskcoachlib.domain.base.filter.SearchFilter'>(SearchFilter()))}} et observers.items=dict_items([(MethodProxy(<bound method Filter.onRemoveItem of <class 'taskcoachlib.domain.category.filter.CategoryFilter'>(CategoryFilter())>), {("<class 'taskcoachlib.domain.base.filter.SearchFilter'>.remove", <class 'taskcoachlib.domain.base.filter.SearchFilter'>(SearchFilter()))})]) sont définis !
2026-03-05 20:44:28,048 [DEBUG] taskcoachlib.patterns.observer: Publisher.notifyObservers : observers={MethodProxy(<bound method Filter.onRemoveItem of <class 'taskcoachlib.domain.base.filter.SearchFilter'>(SearchFilter())>): {("<class 'taskcoachlib.domain.base.filter.DeletedFilter'>.remove", <class 'taskcoachlib.domain.base.filter.DeletedFilter'>(DeletedFilter()))}} et observers.items=dict_items([(MethodProxy(<bound method Filter.onRemoveItem of <class 'taskcoachlib.domain.base.filter.SearchFilter'>(SearchFilter())>), {("<class 'taskcoachlib.domain.base.filter.DeletedFilter'>.remove", <class 'taskcoachlib.domain.base.filter.DeletedFilter'>(DeletedFilter()))})]) sont définis !
2026-03-05 20:44:28,048 [DEBUG] taskcoachlib.patterns.observer: Publisher.notifyObservers : observers={MethodProxy(<bound method Filter.onRemoveItem of <class 'taskcoachlib.domain.base.filter.DeletedFilter'>(DeletedFilter())>): {("<class 'taskcoachlib.domain.base.filter.SelectedItemsFilter'>.remove", <class 'taskcoachlib.domain.base.filter.SelectedItemsFilter'>(SelectedItemsFilter()))}, MethodProxy(<bound method Filter.onRemoveItem of <class 'taskcoachlib.domain.base.filter.DeletedFilter'>(DeletedFilter())>): {("<class 'taskcoachlib.domain.base.filter.SelectedItemsFilter'>.remove", <class 'taskcoachlib.domain.base.filter.SelectedItemsFilter'>(SelectedItemsFilter()))}} et observers.items=dict_items([(MethodProxy(<bound method Filter.onRemoveItem of <class 'taskcoachlib.domain.base.filter.DeletedFilter'>(DeletedFilter())>), {("<class 'taskcoachlib.domain.base.filter.SelectedItemsFilter'>.remove", <class 'taskcoachlib.domain.base.filter.SelectedItemsFilter'>(SelectedItemsFilter()))}), (MethodProxy(<bound method Filter.onRemoveItem of <class 'taskcoachlib.domain.base.filter.DeletedFilter'>(DeletedFilter())>), {("<class 'taskcoachlib.domain.base.filter.SelectedItemsFilter'>.remove", <class 'taskcoachlib.domain.base.filter.SelectedItemsFilter'>(SelectedItemsFilter()))})]) sont définis !
2026-03-05 20:44:28,048 [DEBUG] taskcoachlib.patterns.observer: DeletedFilter.thaw() - Sortie, compteur = 0
2026-03-05 20:44:28,048 [DEBUG] taskcoachlib.domain.base.filter: Filter.treeMode : renvoie le mode d'arborescence actuel de DeletedFilter: False.
2026-03-05 20:44:28,048 [DEBUG] taskcoachlib.patterns.observer: SearchFilter.thaw() - Sortie, compteur = 0
2026-03-05 20:44:28,049 [DEBUG] taskcoachlib.domain.base.filter: Filter.treeMode : renvoie le mode d'arborescence actuel de SearchFilter: False.
2026-03-05 20:44:28,049 [DEBUG] taskcoachlib.patterns.observer: CategoryFilter.thaw() - Sortie, compteur = 0
2026-03-05 20:44:28,049 [DEBUG] taskcoachlib.domain.base.filter: Filter.treeMode : renvoie le mode d'arborescence actuel de CategoryFilter: False.
2026-03-05 20:44:28,049 [DEBUG] taskcoachlib.patterns.observer: EffortList.thaw() - Sortie, compteur = 0
2026-03-05 20:44:28,049 [DEBUG] taskcoachlib.patterns.observer: SearchFilter.thaw() - Sortie, compteur = 0
2026-03-05 20:44:28,049 [DEBUG] taskcoachlib.domain.base.filter: Filter.treeMode : renvoie le mode d'arborescence actuel de SearchFilter: False.
2026-03-05 20:44:28,050 [DEBUG] taskcoachlib.patterns.observer: EffortSorter.thaw() - Sortie, compteur = 0
2026-03-05 20:44:28,050 [WARNING] taskcoachlib.gui.viewer.base: Viewer.onEndIO : Recréation de la présentation pour EffortViewer après thaw.
2026-03-05 20:44:28,050 [DEBUG] taskcoachlib.gui.viewer.base: Viewer.onEndIO : Appel de refresh pour EffortViewer après thaw, self.__freezeCount=0.
2026-03-05 20:44:28,050 [DEBUG] taskcoachlib.gui.viewer.base: Viewer.refresh : Appel de refresh pour EffortViewer !
2026-03-05 20:44:28,050 [DEBUG] taskcoachlib.gui.viewer.base: DEBUG refresh - tasks in model: 0
2026-03-05 20:44:28,051 [DEBUG] taskcoachlib.gui.viewer.base: DEBUG refresh - self.taskFile id : 139884375097424
2026-03-05 20:44:28,051 [DEBUG] taskcoachlib.gui.viewer.base: DEBUG id taskFile.tasks(): 139884375113808
2026-03-05 20:44:28,051 [DEBUG] taskcoachlib.gui.viewer.base: DEBUG id __presentation.observable(): 139884372830960
2026-03-05 20:44:28,051 [DEBUG] taskcoachlib.gui.viewer.base: Viewer.presentation : DEBUG presentation taskfile: 139884375097424
2026-03-05 20:44:28,051 [DEBUG] taskcoachlib.gui.viewer.base: Viewer.presentation : Retour de la présentation de EffortViewer avec 0 éléments.
2026-03-05 20:44:28,051 [DEBUG] taskcoachlib.gui.viewer.base: Viewer.presentation : Les éléments de la présentation sont : EffortSorter(<class 'taskcoachlib.domain.effort.sorter.EffortSorter'>([])).
2026-03-05 20:44:28,051 [DEBUG] taskcoachlib.gui.viewer.base: DEBUG id presentation.observable(): 139884372830960
2026-03-05 20:44:28,052 [DEBUG] taskcoachlib.gui.viewer.base: Viewer.presentation : DEBUG presentation taskfile: 139884375097424
2026-03-05 20:44:28,052 [DEBUG] taskcoachlib.gui.viewer.base: Viewer.presentation : Retour de la présentation de EffortViewer avec 0 éléments.
2026-03-05 20:44:28,052 [DEBUG] taskcoachlib.gui.viewer.base: Viewer.presentation : Les éléments de la présentation sont : EffortSorter(<class 'taskcoachlib.domain.effort.sorter.EffortSorter'>([])).
2026-03-05 20:44:28,052 [DEBUG] taskcoachlib.gui.viewer.base: Viewer.refresh : Rafraîchissement de la visionneuse EffortViewer avec 0 éléments.
2026-03-05 20:44:28,053 [DEBUG] taskcoachlib.gui.viewer.base: Viewer.onEndIO : Appel de thaw pour CategoryViewer, self.__freezeCount=0.
2026-03-05 20:44:28,053 [DEBUG] taskcoachlib.patterns.observer: CategorySorter.thaw() - Entrée
2026-03-05 20:44:28,053 [DEBUG] taskcoachlib.patterns.observer: SearchFilter.thaw() - Entrée
2026-03-05 20:44:28,053 [DEBUG] taskcoachlib.patterns.observer: SearchFilter.thaw() - Sortie, compteur = 0
2026-03-05 20:44:28,054 [DEBUG] taskcoachlib.domain.base.filter: Filter.treeMode : renvoie le mode d'arborescence actuel de SearchFilter: True.
2026-03-05 20:44:28,054 [DEBUG] taskcoachlib.patterns.observer: CategorySorter.thaw() - Sortie, compteur = 0
2026-03-05 20:44:28,054 [WARNING] taskcoachlib.gui.viewer.base: Viewer.onEndIO : Recréation de la présentation pour CategoryViewer après thaw.
2026-03-05 20:44:28,054 [DEBUG] taskcoachlib.gui.viewer.base: Viewer.onEndIO : Appel de refresh pour CategoryViewer après thaw, self.__freezeCount=0.
2026-03-05 20:44:28,054 [DEBUG] taskcoachlib.gui.viewer.base: Viewer.refresh : Appel de refresh pour CategoryViewer !
2026-03-05 20:44:28,054 [DEBUG] taskcoachlib.gui.viewer.base: DEBUG refresh - tasks in model: 0
2026-03-05 20:44:28,054 [DEBUG] taskcoachlib.gui.viewer.base: DEBUG refresh - self.taskFile id : 139884375097424
2026-03-05 20:44:28,054 [DEBUG] taskcoachlib.gui.viewer.base: DEBUG id taskFile.tasks(): 139884375113808
2026-03-05 20:44:28,055 [DEBUG] taskcoachlib.gui.viewer.base: DEBUG id __presentation.observable(): 139884373833856
2026-03-05 20:44:28,055 [DEBUG] taskcoachlib.gui.viewer.base: Viewer.presentation : DEBUG presentation taskfile: 139884375097424
2026-03-05 20:44:28,055 [DEBUG] taskcoachlib.gui.viewer.base: Viewer.presentation : Retour de la présentation de CategoryViewer avec 0 éléments.
2026-03-05 20:44:28,055 [DEBUG] taskcoachlib.gui.viewer.base: Viewer.presentation : Les éléments de la présentation sont : CategorySorter(<class 'taskcoachlib.domain.category.sorter.CategorySorter'>([])).
2026-03-05 20:44:28,055 [DEBUG] taskcoachlib.gui.viewer.base: DEBUG id presentation.observable(): 139884373833856
2026-03-05 20:44:28,055 [DEBUG] taskcoachlib.gui.viewer.base: Viewer.presentation : DEBUG presentation taskfile: 139884375097424
2026-03-05 20:44:28,055 [DEBUG] taskcoachlib.gui.viewer.base: Viewer.presentation : Retour de la présentation de CategoryViewer avec 0 éléments.
2026-03-05 20:44:28,055 [DEBUG] taskcoachlib.gui.viewer.base: Viewer.presentation : Les éléments de la présentation sont : CategorySorter(<class 'taskcoachlib.domain.category.sorter.CategorySorter'>([])).
2026-03-05 20:44:28,056 [DEBUG] taskcoachlib.gui.viewer.base: Viewer.refresh : Rafraîchissement de la visionneuse CategoryViewer avec 0 éléments.
2026-03-05 20:44:28,056 [DEBUG] taskcoachlib.patterns.observer: Publisher.notifyObservers : lancé par Publisher pour informer les observateurs de l'événement Event({"<class 'taskcoachlib.domain.task.tasklist.TaskList'>.remove": {TaskList(): (Nouveau, Nouvelle tâche, New task)}}) avec sources {TaskList()}.
2026-03-05 20:44:28,056 [DEBUG] taskcoachlib.patterns.observer: Publisher.notifyObservers : pour chaque sources {TaskList(), None} de chaque types {"<class 'taskcoachlib.domain.task.tasklist.TaskList'>.remove"} récupère [("<class 'taskcoachlib.domain.task.tasklist.TaskList'>.remove", TaskList()), ("<class 'taskcoachlib.domain.task.tasklist.TaskList'>.remove", None)].
2026-03-05 20:44:28,057 [DEBUG] taskcoachlib.domain.base.filter: Filter.treeMode : renvoie le mode d'arborescence actuel de SelectedItemsFilter: False.
2026-03-05 20:44:28,057 [DEBUG] taskcoachlib.domain.base.filter: Filter.treeMode : renvoie le mode d'arborescence actuel de DeletedFilter: False.
2026-03-05 20:44:28,057 [DEBUG] taskcoachlib.patterns.observer: Publisher.notifyObservers : lancé par Publisher pour informer les observateurs de l'événement Event({"<class 'taskcoachlib.domain.base.filter.DeletedFilter'>.remove": {<class 'taskcoachlib.domain.base.filter.DeletedFilter'>(DeletedFilter()): (Nouveau, Nouvelle tâche, New task)}}) avec sources {<class 'taskcoachlib.domain.base.filter.DeletedFilter'>(DeletedFilter())}.
2026-03-05 20:44:28,058 [DEBUG] taskcoachlib.patterns.observer: Publisher.notifyObservers : pour chaque sources {<class 'taskcoachlib.domain.base.filter.DeletedFilter'>(DeletedFilter()), None} de chaque types {"<class 'taskcoachlib.domain.base.filter.DeletedFilter'>.remove"} récupère [("<class 'taskcoachlib.domain.base.filter.DeletedFilter'>.remove", <class 'taskcoachlib.domain.base.filter.DeletedFilter'>(DeletedFilter())), ("<class 'taskcoachlib.domain.base.filter.DeletedFilter'>.remove", None)].
2026-03-05 20:44:28,058 [DEBUG] taskcoachlib.domain.base.filter: Filter.treeMode : renvoie le mode d'arborescence actuel de CategoryFilter: True.
2026-03-05 20:44:28,058 [DEBUG] taskcoachlib.patterns.observer: Publisher.notifyObservers : lancé par Publisher pour informer les observateurs de l'événement Event({"<class 'taskcoachlib.domain.category.filter.CategoryFilter'>.remove": {<class 'taskcoachlib.domain.category.filter.CategoryFilter'>(CategoryFilter()): (Nouveau, Nouvelle tâche, New task)}}) avec sources {<class 'taskcoachlib.domain.category.filter.CategoryFilter'>(CategoryFilter())}.
2026-03-05 20:44:28,058 [DEBUG] taskcoachlib.patterns.observer: Publisher.notifyObservers : pour chaque sources {<class 'taskcoachlib.domain.category.filter.CategoryFilter'>(CategoryFilter()), None} de chaque types {"<class 'taskcoachlib.domain.category.filter.CategoryFilter'>.remove"} récupère [("<class 'taskcoachlib.domain.category.filter.CategoryFilter'>.remove", <class 'taskcoachlib.domain.category.filter.CategoryFilter'>(CategoryFilter())), ("<class 'taskcoachlib.domain.category.filter.CategoryFilter'>.remove", None)].
2026-03-05 20:44:28,059 [DEBUG] taskcoachlib.domain.base.filter: Filter.treeMode : renvoie le mode d'arborescence actuel de ViewFilter: True.
2026-03-05 20:44:28,059 [DEBUG] taskcoachlib.domain.base.filter: Filter.treeMode : renvoie le mode d'arborescence actuel de ViewFilter: True.
2026-03-05 20:44:28,059 [DEBUG] taskcoachlib.patterns.observer: Publisher.notifyObservers : lancé par Publisher pour informer les observateurs de l'événement Event({"<class 'taskcoachlib.domain.task.filter.ViewFilter'>.remove": {<class 'taskcoachlib.domain.task.filter.ViewFilter'>(ViewFilter()): (Nouveau, Nouvelle tâche, New task)}}) avec sources {<class 'taskcoachlib.domain.task.filter.ViewFilter'>(ViewFilter())}.
2026-03-05 20:44:28,060 [DEBUG] taskcoachlib.patterns.observer: Publisher.notifyObservers : pour chaque sources {<class 'taskcoachlib.domain.task.filter.ViewFilter'>(ViewFilter()), None} de chaque types {"<class 'taskcoachlib.domain.task.filter.ViewFilter'>.remove"} récupère [("<class 'taskcoachlib.domain.task.filter.ViewFilter'>.remove", <class 'taskcoachlib.domain.task.filter.ViewFilter'>(ViewFilter())), ("<class 'taskcoachlib.domain.task.filter.ViewFilter'>.remove", None)].
2026-03-05 20:44:28,060 [DEBUG] taskcoachlib.domain.base.filter: Filter.treeMode : renvoie le mode d'arborescence actuel de SearchFilter: True.
2026-03-05 20:44:28,060 [DEBUG] taskcoachlib.patterns.observer: Publisher.notifyObservers : lancé par Publisher pour informer les observateurs de l'événement Event({"<class 'taskcoachlib.domain.base.filter.SearchFilter'>.remove": {<class 'taskcoachlib.domain.base.filter.SearchFilter'>(SearchFilter()): (Nouveau, Nouvelle tâche, New task)}}) avec sources {<class 'taskcoachlib.domain.base.filter.SearchFilter'>(SearchFilter())}.
2026-03-05 20:44:28,060 [DEBUG] taskcoachlib.patterns.observer: Publisher.notifyObservers : pour chaque sources {<class 'taskcoachlib.domain.base.filter.SearchFilter'>(SearchFilter()), None} de chaque types {"<class 'taskcoachlib.domain.base.filter.SearchFilter'>.remove"} récupère [("<class 'taskcoachlib.domain.base.filter.SearchFilter'>.remove", <class 'taskcoachlib.domain.base.filter.SearchFilter'>(SearchFilter())), ("<class 'taskcoachlib.domain.base.filter.SearchFilter'>.remove", None)].
2026-03-05 20:44:28,061 [DEBUG] taskcoachlib.patterns.observer: Publisher.notifyObservers : lancé par Publisher pour informer les observateurs de l'événement Event({"<class 'taskcoachlib.domain.task.sorter.Sorter'>.remove": {<class 'taskcoachlib.domain.task.sorter.Sorter'>([]): (Nouveau, Nouvelle tâche, New task)}}) avec sources {<class 'taskcoachlib.domain.task.sorter.Sorter'>([])}.
2026-03-05 20:44:28,061 [DEBUG] taskcoachlib.patterns.observer: Publisher.notifyObservers : pour chaque sources {<class 'taskcoachlib.domain.task.sorter.Sorter'>([]), None} de chaque types {"<class 'taskcoachlib.domain.task.sorter.Sorter'>.remove"} récupère [("<class 'taskcoachlib.domain.task.sorter.Sorter'>.remove", <class 'taskcoachlib.domain.task.sorter.Sorter'>([])), ("<class 'taskcoachlib.domain.task.sorter.Sorter'>.remove", None)].
2026-03-05 20:44:28,061 [DEBUG] taskcoachlib.patterns.observer: Publisher.notifyObservers : observers={} et observers.items=dict_items([]) sont définis !
2026-03-05 20:44:28,062 [DEBUG] taskcoachlib.patterns.observer: Publisher.notifyObservers : observers={MethodProxy(<bound method CollectionDecorator.onRemoveItem of <class 'taskcoachlib.domain.task.sorter.Sorter'>([])>): {("<class 'taskcoachlib.domain.base.filter.SearchFilter'>.remove", <class 'taskcoachlib.domain.base.filter.SearchFilter'>(SearchFilter()))}} et observers.items=dict_items([(MethodProxy(<bound method CollectionDecorator.onRemoveItem of <class 'taskcoachlib.domain.task.sorter.Sorter'>([])>), {("<class 'taskcoachlib.domain.base.filter.SearchFilter'>.remove", <class 'taskcoachlib.domain.base.filter.SearchFilter'>(SearchFilter()))})]) sont définis !
2026-03-05 20:44:28,062 [DEBUG] taskcoachlib.patterns.observer: Publisher.notifyObservers : observers={MethodProxy(<bound method Filter.onRemoveItem of <class 'taskcoachlib.domain.base.filter.SearchFilter'>(SearchFilter())>): {("<class 'taskcoachlib.domain.task.filter.ViewFilter'>.remove", <class 'taskcoachlib.domain.task.filter.ViewFilter'>(ViewFilter()))}} et observers.items=dict_items([(MethodProxy(<bound method Filter.onRemoveItem of <class 'taskcoachlib.domain.base.filter.SearchFilter'>(SearchFilter())>), {("<class 'taskcoachlib.domain.task.filter.ViewFilter'>.remove", <class 'taskcoachlib.domain.task.filter.ViewFilter'>(ViewFilter()))})]) sont définis !
2026-03-05 20:44:28,062 [DEBUG] taskcoachlib.patterns.observer: Publisher.notifyObservers : observers={MethodProxy(<bound method Filter.onRemoveItem of <class 'taskcoachlib.domain.task.filter.ViewFilter'>(ViewFilter())>): {("<class 'taskcoachlib.domain.category.filter.CategoryFilter'>.remove", <class 'taskcoachlib.domain.category.filter.CategoryFilter'>(CategoryFilter()))}} et observers.items=dict_items([(MethodProxy(<bound method Filter.onRemoveItem of <class 'taskcoachlib.domain.task.filter.ViewFilter'>(ViewFilter())>), {("<class 'taskcoachlib.domain.category.filter.CategoryFilter'>.remove", <class 'taskcoachlib.domain.category.filter.CategoryFilter'>(CategoryFilter()))})]) sont définis !
2026-03-05 20:44:28,062 [DEBUG] taskcoachlib.patterns.observer: Publisher.notifyObservers : observers={MethodProxy(<bound method Filter.onRemoveItem of <class 'taskcoachlib.domain.category.filter.CategoryFilter'>(CategoryFilter())>): {("<class 'taskcoachlib.domain.base.filter.DeletedFilter'>.remove", <class 'taskcoachlib.domain.base.filter.DeletedFilter'>(DeletedFilter()))}} et observers.items=dict_items([(MethodProxy(<bound method Filter.onRemoveItem of <class 'taskcoachlib.domain.category.filter.CategoryFilter'>(CategoryFilter())>), {("<class 'taskcoachlib.domain.base.filter.DeletedFilter'>.remove", <class 'taskcoachlib.domain.base.filter.DeletedFilter'>(DeletedFilter()))})]) sont définis !
2026-03-05 20:44:28,063 [DEBUG] taskcoachlib.persistence.taskfile: Vérification de l'état 'dirty' : True
2026-03-05 20:44:28,063 [DEBUG] taskcoachlib.persistence.taskfile: Modification détectée, état 'dirty' mis à jour à True
2026-03-05 20:44:28,063 [DEBUG] taskcoachlib.persistence.taskfile: Le fichier  est marqué comme modifié
2026-03-05 20:44:28,064 [DEBUG] taskcoachlib.domain.base.filter: Filter.treeMode : renvoie le mode d'arborescence actuel de DeletedFilter: False.
2026-03-05 20:44:28,064 [DEBUG] taskcoachlib.patterns.observer: Publisher.notifyObservers : lancé par Publisher pour informer les observateurs de l'événement Event({"<class 'taskcoachlib.domain.base.filter.DeletedFilter'>.remove": {<class 'taskcoachlib.domain.base.filter.DeletedFilter'>(DeletedFilter()): (Nouveau, Nouvelle tâche, New task)}}) avec sources {<class 'taskcoachlib.domain.base.filter.DeletedFilter'>(DeletedFilter())}.
2026-03-05 20:44:28,064 [DEBUG] taskcoachlib.patterns.observer: Publisher.notifyObservers : pour chaque sources {<class 'taskcoachlib.domain.base.filter.DeletedFilter'>(DeletedFilter()), None} de chaque types {"<class 'taskcoachlib.domain.base.filter.DeletedFilter'>.remove"} récupère [("<class 'taskcoachlib.domain.base.filter.DeletedFilter'>.remove", <class 'taskcoachlib.domain.base.filter.DeletedFilter'>(DeletedFilter())), ("<class 'taskcoachlib.domain.base.filter.DeletedFilter'>.remove", None)].
2026-03-05 20:44:28,064 [INFO] taskcoachlib.gui.menu: DynamicMenu.myId : Appelé pour self=StartEffortForTaskMenu
2026-03-05 20:44:28,065 [INFO] taskcoachlib.gui.menu: DynamicMenu.myId : item=MenuItem  dans MenuItemList: [<wx._core.MenuItem object at 0x7f39674cf0b0>, <wx._core.MenuItem object at 0x7f39674cf260>, <wx._core.MenuItem object at 0x7f39674cf530>, <wx._core.MenuItem object at 0x7f39674cf1d0>, <wx._core.MenuItem object at 0x7f39674cf2f0>, <wx._core.MenuItem object at 0x7f39674cf380>, <wx._core.MenuItem object at 0x7f3967443ec0>, <wx._core.MenuItem object at 0x7f39674cf6e0>, <wx._core.MenuItem object at 0x7f39674cfa40>, <wx._core.MenuItem object at 0x7f39674405f0>, <wx._core.MenuItem object at 0x7f39674cfad0>, <wx._core.MenuItem object at 0x7f39674cfc80>]
2026-03-05 20:44:28,065 [DEBUG] taskcoachlib.gui.menu: New task...	INSERT comparé à Start tracking effort
2026-03-05 20:44:28,065 [INFO] taskcoachlib.gui.menu: DynamicMenu.myId : item=MenuItem  dans MenuItemList: [<wx._core.MenuItem object at 0x7f39674cf0b0>, <wx._core.MenuItem object at 0x7f39674cf260>, <wx._core.MenuItem object at 0x7f39674cdd90>, <wx._core.MenuItem object at 0x7f39674cf1d0>, <wx._core.MenuItem object at 0x7f39674cf2f0>, <wx._core.MenuItem object at 0x7f39674cf380>, <wx._core.MenuItem object at 0x7f3967443ec0>, <wx._core.MenuItem object at 0x7f39674cf6e0>, <wx._core.MenuItem object at 0x7f39674cfa40>, <wx._core.MenuItem object at 0x7f39674405f0>, <wx._core.MenuItem object at 0x7f39674cfad0>, <wx._core.MenuItem object at 0x7f39674cfc80>]
2026-03-05 20:44:28,066 [DEBUG] taskcoachlib.gui.menu: New task from template comparé à Start tracking effort
2026-03-05 20:44:28,066 [INFO] taskcoachlib.gui.menu: DynamicMenu.myId : item=MenuItem  dans MenuItemList: [<wx._core.MenuItem object at 0x7f39674cf0b0>, <wx._core.MenuItem object at 0x7f39674cf260>, <wx._core.MenuItem object at 0x7f39674bdd00>, <wx._core.MenuItem object at 0x7f39674cf1d0>, <wx._core.MenuItem object at 0x7f39674cf2f0>, <wx._core.MenuItem object at 0x7f39674cf380>, <wx._core.MenuItem object at 0x7f3967443ec0>, <wx._core.MenuItem object at 0x7f39674cf6e0>, <wx._core.MenuItem object at 0x7f39674cfa40>, <wx._core.MenuItem object at 0x7f39674405f0>, <wx._core.MenuItem object at 0x7f39674cfad0>, <wx._core.MenuItem object at 0x7f39674cfc80>]
2026-03-05 20:44:28,066 [DEBUG] taskcoachlib.gui.menu:  comparé à Start tracking effort
2026-03-05 20:44:28,066 [INFO] taskcoachlib.gui.menu: DynamicMenu.myId : item=MenuItem  dans MenuItemList: [<wx._core.MenuItem object at 0x7f39674cf0b0>, <wx._core.MenuItem object at 0x7f39674cf260>, <wx._core.MenuItem object at 0x7f39674cf530>, <wx._core.MenuItem object at 0x7f39674cf1d0>, <wx._core.MenuItem object at 0x7f39674cf2f0>, <wx._core.MenuItem object at 0x7f39674cf380>, <wx._core.MenuItem object at 0x7f3967443ec0>, <wx._core.MenuItem object at 0x7f39674cf6e0>, <wx._core.MenuItem object at 0x7f39674cfa40>, <wx._core.MenuItem object at 0x7f39674405f0>, <wx._core.MenuItem object at 0x7f39674cfad0>, <wx._core.MenuItem object at 0x7f39674cfc80>]
2026-03-05 20:44:28,067 [DEBUG] taskcoachlib.gui.menu: New effort...	Ctrl+E comparé à Start tracking effort
2026-03-05 20:44:28,067 [INFO] taskcoachlib.gui.menu: DynamicMenu.myId : item=MenuItem  dans MenuItemList: [<wx._core.MenuItem object at 0x7f39674cf0b0>, <wx._core.MenuItem object at 0x7f39674cf260>, <wx._core.MenuItem object at 0x7f39674cdd90>, <wx._core.MenuItem object at 0x7f39674cf1d0>, <wx._core.MenuItem object at 0x7f39674cf2f0>, <wx._core.MenuItem object at 0x7f39674cf380>, <wx._core.MenuItem object at 0x7f3967443ec0>, <wx._core.MenuItem object at 0x7f39674cf6e0>, <wx._core.MenuItem object at 0x7f39674cfa40>, <wx._core.MenuItem object at 0x7f39674405f0>, <wx._core.MenuItem object at 0x7f39674cfad0>, <wx._core.MenuItem object at 0x7f39674cfc80>]
2026-03-05 20:44:28,067 [DEBUG] taskcoachlib.gui.menu: New category...	Ctrl-G comparé à Start tracking effort
2026-03-05 20:44:28,067 [INFO] taskcoachlib.gui.menu: DynamicMenu.myId : item=MenuItem  dans MenuItemList: [<wx._core.MenuItem object at 0x7f39674cf0b0>, <wx._core.MenuItem object at 0x7f39674cf260>, <wx._core.MenuItem object at 0x7f39674cf530>, <wx._core.MenuItem object at 0x7f39674cf1d0>, <wx._core.MenuItem object at 0x7f39674cf2f0>, <wx._core.MenuItem object at 0x7f39674cf380>, <wx._core.MenuItem object at 0x7f3967443ec0>, <wx._core.MenuItem object at 0x7f39674cf6e0>, <wx._core.MenuItem object at 0x7f39674cfa40>, <wx._core.MenuItem object at 0x7f39674405f0>, <wx._core.MenuItem object at 0x7f39674cfad0>, <wx._core.MenuItem object at 0x7f39674cfc80>]
2026-03-05 20:44:28,068 [DEBUG] taskcoachlib.gui.menu: New note...	Ctrl-J comparé à Start tracking effort
2026-03-05 20:44:28,068 [INFO] taskcoachlib.gui.menu: DynamicMenu.myId : item=MenuItem  dans MenuItemList: [<wx._core.MenuItem object at 0x7f39674cf0b0>, <wx._core.MenuItem object at 0x7f39674cf260>, <wx._core.MenuItem object at 0x7f3967443ec0>, <wx._core.MenuItem object at 0x7f39674cf1d0>, <wx._core.MenuItem object at 0x7f39674cf2f0>, <wx._core.MenuItem object at 0x7f39674cf380>, <wx._core.MenuItem object at 0x7f39674bdd00>, <wx._core.MenuItem object at 0x7f39674cf6e0>, <wx._core.MenuItem object at 0x7f39674cfa40>, <wx._core.MenuItem object at 0x7f39674405f0>, <wx._core.MenuItem object at 0x7f39674cfad0>, <wx._core.MenuItem object at 0x7f39674cfc80>]
2026-03-05 20:44:28,068 [DEBUG] taskcoachlib.gui.menu:  comparé à Start tracking effort
2026-03-05 20:44:28,068 [INFO] taskcoachlib.gui.menu: DynamicMenu.myId : item=MenuItem  dans MenuItemList: [<wx._core.MenuItem object at 0x7f39674cf0b0>, <wx._core.MenuItem object at 0x7f39674cf260>, <wx._core.MenuItem object at 0x7f39674cdd90>, <wx._core.MenuItem object at 0x7f39674cf1d0>, <wx._core.MenuItem object at 0x7f39674cf2f0>, <wx._core.MenuItem object at 0x7f39674cf380>, <wx._core.MenuItem object at 0x7f3967443ec0>, <wx._core.MenuItem object at 0x7f39674cf6e0>, <wx._core.MenuItem object at 0x7f39674cfa40>, <wx._core.MenuItem object at 0x7f39674405f0>, <wx._core.MenuItem object at 0x7f39674cfad0>, <wx._core.MenuItem object at 0x7f39674cfc80>]
2026-03-05 20:44:28,068 [DEBUG] taskcoachlib.gui.menu: Start tracking effort comparé à Start tracking effort
2026-03-05 20:44:28,069 [DEBUG] taskcoachlib.gui.menu: DynamicMenu.updateMenuItemInParentMenu : Activation de l'ID=491 dans le menu parent <class 'taskcoachlib.gui.menu.TaskBarMenu'>.
2026-03-05 20:44:28,069 [DEBUG] taskcoachlib.patterns.observer: Publisher.notifyObservers : observers={MethodProxy(<bound method DynamicMenu.onUpdateMenu_Deprecated of <taskcoachlib.gui.menu.StartEffortForTaskMenu object at 0x7f39674cf410>>): {("<class 'taskcoachlib.domain.base.filter.DeletedFilter'>.remove", <class 'taskcoachlib.domain.base.filter.DeletedFilter'>(DeletedFilter()))}} et observers.items=dict_items([(MethodProxy(<bound method DynamicMenu.onUpdateMenu_Deprecated of <taskcoachlib.gui.menu.StartEffortForTaskMenu object at 0x7f39674cf410>>), {("<class 'taskcoachlib.domain.base.filter.DeletedFilter'>.remove", <class 'taskcoachlib.domain.base.filter.DeletedFilter'>(DeletedFilter()))})]) sont définis !
2026-03-05 20:44:28,070 [DEBUG] taskcoachlib.domain.base.filter: Filter.treeMode : renvoie le mode d'arborescence actuel de DeletedFilter: False.
2026-03-05 20:44:28,071 [DEBUG] taskcoachlib.domain.base.filter: Filter.treeMode : renvoie le mode d'arborescence actuel de DeletedFilter: False.
2026-03-05 20:44:28,071 [DEBUG] taskcoachlib.patterns.observer: Publisher.notifyObservers : lancé par Publisher pour informer les observateurs de l'événement Event({"<class 'taskcoachlib.domain.base.filter.DeletedFilter'>.remove": {<class 'taskcoachlib.domain.base.filter.DeletedFilter'>(DeletedFilter()): (Nouveau, Nouvelle tâche, New task)}}) avec sources {<class 'taskcoachlib.domain.base.filter.DeletedFilter'>(DeletedFilter())}.
2026-03-05 20:44:28,071 [DEBUG] taskcoachlib.patterns.observer: Publisher.notifyObservers : pour chaque sources {<class 'taskcoachlib.domain.base.filter.DeletedFilter'>(DeletedFilter()), None} de chaque types {"<class 'taskcoachlib.domain.base.filter.DeletedFilter'>.remove"} récupère [("<class 'taskcoachlib.domain.base.filter.DeletedFilter'>.remove", <class 'taskcoachlib.domain.base.filter.DeletedFilter'>(DeletedFilter())), ("<class 'taskcoachlib.domain.base.filter.DeletedFilter'>.remove", None)].
2026-03-05 20:44:28,071 [DEBUG] taskcoachlib.patterns.observer: Publisher.notifyObservers : observers={} et observers.items=dict_items([]) sont définis !
2026-03-05 20:44:28,072 [DEBUG] taskcoachlib.patterns.observer: Publisher.notifyObservers : observers={MethodProxy(<bound method Filter.onRemoveItem of <class 'taskcoachlib.domain.base.filter.SelectedItemsFilter'>(SelectedItemsFilter())>): {("<class 'taskcoachlib.domain.task.tasklist.TaskList'>.remove", TaskList())}, MethodProxy(<bound method Filter.onRemoveItem of <class 'taskcoachlib.domain.base.filter.DeletedFilter'>(DeletedFilter())>): {("<class 'taskcoachlib.domain.task.tasklist.TaskList'>.remove", TaskList())}, MethodProxy(<bound method TaskFile.onDomainObjectAddedOrRemoved of <taskcoachlib.persistence.taskfile.LockedTaskFile object at 0x7f395e7cc050>>): {("<class 'taskcoachlib.domain.task.tasklist.TaskList'>.remove", TaskList())}, MethodProxy(<bound method CollectionDecorator.onRemoveItem of <class 'taskcoachlib.domain.effort.effortlist.EffortList'>(EffortList())>): {("<class 'taskcoachlib.domain.task.tasklist.TaskList'>.remove", TaskList())}, MethodProxy(<bound method ReminderController.onRemoveTask of <taskcoachlib.gui.remindercontroller.ReminderController object at 0x7f395e4f9be0>>): {("<class 'taskcoachlib.domain.task.tasklist.TaskList'>.remove", TaskList())}, MethodProxy(<bound method Filter.onRemoveItem of <class 'taskcoachlib.domain.base.filter.DeletedFilter'>(DeletedFilter())>): {("<class 'taskcoachlib.domain.task.tasklist.TaskList'>.remove", TaskList())}, MethodProxy(<bound method TaskBarIcon.onTaskListChanged of <taskcoachlib.gui.taskbaricon.TaskBarIcon object at 0x7f39674cef90>>): {("<class 'taskcoachlib.domain.task.tasklist.TaskList'>.remove", TaskList())}, MethodProxy(<bound method Filter.onRemoveItem of <class 'taskcoachlib.domain.base.filter.DeletedFilter'>(DeletedFilter())>): {("<class 'taskcoachlib.domain.task.tasklist.TaskList'>.remove", TaskList())}, MethodProxy(<bound method Filter.onRemoveItem of <class 'taskcoachlib.domain.base.filter.DeletedFilter'>(DeletedFilter())>): {("<class 'taskcoachlib.domain.task.tasklist.TaskList'>.remove", TaskList())}, MethodProxy(<bound method ChangeMonitor.onObjectRemoved of <taskcoachlib.changes.monitor.ChangeMonitor object at 0x7f395e7cc440>>): {("<class 'taskcoachlib.domain.task.tasklist.TaskList'>.remove", TaskList())}} et observers.items=dict_items([(MethodProxy(<bound method Filter.onRemoveItem of <class 'taskcoachlib.domain.base.filter.SelectedItemsFilter'>(SelectedItemsFilter())>), {("<class 'taskcoachlib.domain.task.tasklist.TaskList'>.remove", TaskList())}), (MethodProxy(<bound method Filter.onRemoveItem of <class 'taskcoachlib.domain.base.filter.DeletedFilter'>(DeletedFilter())>), {("<class 'taskcoachlib.domain.task.tasklist.TaskList'>.remove", TaskList())}), (MethodProxy(<bound method TaskFile.onDomainObjectAddedOrRemoved of <taskcoachlib.persistence.taskfile.LockedTaskFile object at 0x7f395e7cc050>>), {("<class 'taskcoachlib.domain.task.tasklist.TaskList'>.remove", TaskList())}), (MethodProxy(<bound method CollectionDecorator.onRemoveItem of <class 'taskcoachlib.domain.effort.effortlist.EffortList'>(EffortList())>), {("<class 'taskcoachlib.domain.task.tasklist.TaskList'>.remove", TaskList())}), (MethodProxy(<bound method ReminderController.onRemoveTask of <taskcoachlib.gui.remindercontroller.ReminderController object at 0x7f395e4f9be0>>), {("<class 'taskcoachlib.domain.task.tasklist.TaskList'>.remove", TaskList())}), (MethodProxy(<bound method Filter.onRemoveItem of <class 'taskcoachlib.domain.base.filter.DeletedFilter'>(DeletedFilter())>), {("<class 'taskcoachlib.domain.task.tasklist.TaskList'>.remove", TaskList())}), (MethodProxy(<bound method TaskBarIcon.onTaskListChanged of <taskcoachlib.gui.taskbaricon.TaskBarIcon object at 0x7f39674cef90>>), {("<class 'taskcoachlib.domain.task.tasklist.TaskList'>.remove", TaskList())}), (MethodProxy(<bound method Filter.onRemoveItem of <class 'taskcoachlib.domain.base.filter.DeletedFilter'>(DeletedFilter())>), {("<class 'taskcoachlib.domain.task.tasklist.TaskList'>.remove", TaskList())}), (MethodProxy(<bound method Filter.onRemoveItem of <class 'taskcoachlib.domain.base.filter.DeletedFilter'>(DeletedFilter())>), {("<class 'taskcoachlib.domain.task.tasklist.TaskList'>.remove", TaskList())}), (MethodProxy(<bound method ChangeMonitor.onObjectRemoved of <taskcoachlib.changes.monitor.ChangeMonitor object at 0x7f395e7cc440>>), {("<class 'taskcoachlib.domain.task.tasklist.TaskList'>.remove", TaskList())})]) sont définis !
2026-03-05 20:44:28,072 [INFO] taskcoachlib.persistence.taskfile: TaskFile.markClean : Marque le fichier de tâches comme propre (n'ayant pas besoin d'être enregistré).
2026-03-05 20:44:28,073 [DEBUG] taskcoachlib.persistence.taskfile: Vérification de l'état 'dirty' : False
2026-03-05 20:44:28,073 [DEBUG] taskcoachlib.persistence.taskfile: TaskFile.close terminé avec succès.
2026-03-05 20:44:28,178 [DEBUG] taskcoachlib.gui.windowdimensionstracker: SAVE: pos=(0, 0) size=(1753, 744) maximized=True
2026-03-05 20:44:28,181 [INFO] taskcoachlib.persistence.taskfile: TaskFile.stop() appelé.
2026-03-05 20:44:28,182 [INFO] taskcoachlib.application.application: Avant suppression de l'icône barre de tâches
2026-03-05 20:44:28,183 [DEBUG] taskcoachlib.gui.viewer.base: Viewer.presentation : DEBUG presentation taskfile: 139884375097424
2026-03-05 20:44:28,183 [DEBUG] taskcoachlib.gui.viewer.base: Viewer.presentation : Retour de la présentation de TaskViewer avec 0 éléments.
2026-03-05 20:44:28,183 [DEBUG] taskcoachlib.gui.viewer.base: Viewer.presentation : Les éléments de la présentation sont : Sorter(<class 'taskcoachlib.domain.task.sorter.Sorter'>([])).
2026-03-05 20:44:28,184 [INFO] taskcoachlib.application.application: Avant appel à mainwindow.OnQuit
2026-03-05 20:44:28,212 [DEBUG] taskcoachlib.widgets.treectrl: TreeListCtrl.__doRefresh : exécution du rafraîchissement planifié.
2026-03-05 20:44:28,214 [DEBUG] taskcoachlib.widgets.treectrl: TreeListCtrl.__doRefresh : exécution du rafraîchissement planifié.
2026-03-05 20:44:28,216 [DEBUG] taskcoachlib.gui.viewer.base: Viewer.presentation : DEBUG presentation taskfile: 139884375097424
2026-03-05 20:44:28,217 [DEBUG] taskcoachlib.gui.viewer.base: Viewer.presentation : Retour de la présentation de TaskViewer avec 0 éléments.
2026-03-05 20:44:28,217 [DEBUG] taskcoachlib.gui.viewer.base: Viewer.presentation : Les éléments de la présentation sont : Sorter(<class 'taskcoachlib.domain.task.sorter.Sorter'>([])).
2026-03-05 20:44:28,220 [DEBUG] taskcoachlib.gui.viewer.base: Viewer.presentation : DEBUG presentation taskfile: 139884375097424
2026-03-05 20:44:28,220 [DEBUG] taskcoachlib.gui.viewer.base: Viewer.presentation : Retour de la présentation de TaskViewer avec 0 éléments.
2026-03-05 20:44:28,220 [DEBUG] taskcoachlib.gui.viewer.base: Viewer.presentation : Les éléments de la présentation sont : Sorter(<class 'taskcoachlib.domain.task.sorter.Sorter'>([])).
2026-03-05 20:44:28,234 [DEBUG] taskcoachlib.gui.viewer.base: Viewer.presentation : DEBUG presentation taskfile: 139884375097424
2026-03-05 20:44:28,234 [DEBUG] taskcoachlib.gui.viewer.base: Viewer.presentation : Retour de la présentation de TaskViewer avec 0 éléments.
2026-03-05 20:44:28,234 [DEBUG] taskcoachlib.gui.viewer.base: Viewer.presentation : Les éléments de la présentation sont : Sorter(<class 'taskcoachlib.domain.task.sorter.Sorter'>([])).
2026-03-05 20:44:28,287 [DEBUG] taskcoachlib.gui.viewer.base: Viewer.presentation : DEBUG presentation taskfile: 139884375097424
2026-03-05 20:44:28,287 [DEBUG] taskcoachlib.gui.viewer.base: Viewer.presentation : Retour de la présentation de TaskViewer avec 0 éléments.
2026-03-05 20:44:28,287 [DEBUG] taskcoachlib.gui.viewer.base: Viewer.presentation : Les éléments de la présentation sont : Sorter(<class 'taskcoachlib.domain.task.sorter.Sorter'>([])).
2026-03-05 20:44:28,354 [DEBUG] taskcoachlib.gui.viewer.base: Viewer.presentation : DEBUG presentation taskfile: 139884375097424
2026-03-05 20:44:28,354 [DEBUG] taskcoachlib.gui.viewer.base: Viewer.presentation : Retour de la présentation de TaskViewer avec 0 éléments.
2026-03-05 20:44:28,355 [DEBUG] taskcoachlib.gui.viewer.base: Viewer.presentation : Les éléments de la présentation sont : Sorter(<class 'taskcoachlib.domain.task.sorter.Sorter'>([])).
2026-03-05 20:44:28,406 [DEBUG] taskcoachlib.gui.viewer.base: Viewer.presentation : DEBUG presentation taskfile: 139884375097424
2026-03-05 20:44:28,406 [DEBUG] taskcoachlib.gui.viewer.base: Viewer.presentation : Retour de la présentation de TaskViewer avec 0 éléments.
2026-03-05 20:44:28,406 [DEBUG] taskcoachlib.gui.viewer.base: Viewer.presentation : Les éléments de la présentation sont : Sorter(<class 'taskcoachlib.domain.task.sorter.Sorter'>([])).
2026-03-05 20:44:28,461 [DEBUG] taskcoachlib.gui.viewer.base: Viewer.presentation : DEBUG presentation taskfile: 139884375097424
2026-03-05 20:44:28,462 [DEBUG] taskcoachlib.gui.viewer.base: Viewer.presentation : Retour de la présentation de TaskViewer avec 0 éléments.
2026-03-05 20:44:28,462 [DEBUG] taskcoachlib.gui.viewer.base: Viewer.presentation : Les éléments de la présentation sont : Sorter(<class 'taskcoachlib.domain.task.sorter.Sorter'>([])).
2026-03-05 20:44:28,508 [DEBUG] taskcoachlib.gui.viewer.base: Viewer.presentation : DEBUG presentation taskfile: 139884375097424
2026-03-05 20:44:28,508 [DEBUG] taskcoachlib.gui.viewer.base: Viewer.presentation : Retour de la présentation de TaskViewer avec 0 éléments.
2026-03-05 20:44:28,508 [DEBUG] taskcoachlib.gui.viewer.base: Viewer.presentation : Les éléments de la présentation sont : Sorter(<class 'taskcoachlib.domain.task.sorter.Sorter'>([])).
2026-03-05 20:44:28,654 [DEBUG] taskcoachlib.gui.viewer.base: Viewer.presentation : DEBUG presentation taskfile: 139884375097424
2026-03-05 20:44:28,654 [DEBUG] taskcoachlib.gui.viewer.base: Viewer.presentation : Retour de la présentation de TaskViewer avec 0 éléments.
2026-03-05 20:44:28,654 [DEBUG] taskcoachlib.gui.viewer.base: Viewer.presentation : Les éléments de la présentation sont : Sorter(<class 'taskcoachlib.domain.task.sorter.Sorter'>([])).
2026-03-05 20:44:28,662 [DEBUG] taskcoachlib.gui.viewer.base: Viewer.presentation : DEBUG presentation taskfile: 139884375097424
2026-03-05 20:44:28,662 [DEBUG] taskcoachlib.gui.viewer.base: Viewer.presentation : Retour de la présentation de TaskViewer avec 0 éléments.
2026-03-05 20:44:28,662 [DEBUG] taskcoachlib.gui.viewer.base: Viewer.presentation : Les éléments de la présentation sont : Sorter(<class 'taskcoachlib.domain.task.sorter.Sorter'>([])).
2026-03-05 20:44:28,669 [DEBUG] taskcoachlib.gui.viewer.base: Viewer.presentation : DEBUG presentation taskfile: 139884375097424
2026-03-05 20:44:28,670 [DEBUG] taskcoachlib.gui.viewer.base: Viewer.presentation : Retour de la présentation de TaskViewer avec 0 éléments.
2026-03-05 20:44:28,670 [DEBUG] taskcoachlib.gui.viewer.base: Viewer.presentation : Les éléments de la présentation sont : Sorter(<class 'taskcoachlib.domain.task.sorter.Sorter'>([])).
2026-03-05 20:44:28,677 [DEBUG] taskcoachlib.gui.viewer.base: Viewer.presentation : DEBUG presentation taskfile: 139884375097424
2026-03-05 20:44:28,677 [DEBUG] taskcoachlib.gui.viewer.base: Viewer.presentation : Retour de la présentation de TaskViewer avec 0 éléments.
2026-03-05 20:44:28,678 [DEBUG] taskcoachlib.gui.viewer.base: Viewer.presentation : Les éléments de la présentation sont : Sorter(<class 'taskcoachlib.domain.task.sorter.Sorter'>([])).
2026-03-05 20:44:28,692 [DEBUG] taskcoachlib.gui.viewer.base: Viewer.presentation : DEBUG presentation taskfile: 139884375097424
2026-03-05 20:44:28,693 [DEBUG] taskcoachlib.gui.viewer.base: Viewer.presentation : Retour de la présentation de TaskViewer avec 0 éléments.
2026-03-05 20:44:28,693 [DEBUG] taskcoachlib.gui.viewer.base: Viewer.presentation : Les éléments de la présentation sont : Sorter(<class 'taskcoachlib.domain.task.sorter.Sorter'>([])).
2026-03-05 20:44:28,700 [DEBUG] taskcoachlib.gui.viewer.base: Viewer.presentation : DEBUG presentation taskfile: 139884375097424
2026-03-05 20:44:28,701 [DEBUG] taskcoachlib.gui.viewer.base: Viewer.presentation : Retour de la présentation de TaskViewer avec 0 éléments.
2026-03-05 20:44:28,701 [DEBUG] taskcoachlib.gui.viewer.base: Viewer.presentation : Les éléments de la présentation sont : Sorter(<class 'taskcoachlib.domain.task.sorter.Sorter'>([])).
2026-03-05 20:44:28,708 [DEBUG] taskcoachlib.gui.viewer.base: Viewer.presentation : DEBUG presentation taskfile: 139884375097424
2026-03-05 20:44:28,708 [DEBUG] taskcoachlib.gui.viewer.base: Viewer.presentation : Retour de la présentation de TaskViewer avec 0 éléments.
2026-03-05 20:44:28,708 [DEBUG] taskcoachlib.gui.viewer.base: Viewer.presentation : Les éléments de la présentation sont : Sorter(<class 'taskcoachlib.domain.task.sorter.Sorter'>([])).
2026-03-05 20:44:28,711 [DEBUG] taskcoachlib.gui.viewer.base: Viewer.presentation : DEBUG presentation taskfile: 139884375097424
2026-03-05 20:44:28,711 [DEBUG] taskcoachlib.gui.viewer.base: Viewer.presentation : Retour de la présentation de TaskViewer avec 0 éléments.
2026-03-05 20:44:28,711 [DEBUG] taskcoachlib.gui.viewer.base: Viewer.presentation : Les éléments de la présentation sont : Sorter(<class 'taskcoachlib.domain.task.sorter.Sorter'>([])).
2026-03-05 20:44:28,717 [DEBUG] taskcoachlib.gui.viewer.base: Viewer.presentation : DEBUG presentation taskfile: 139884375097424
2026-03-05 20:44:28,718 [DEBUG] taskcoachlib.gui.viewer.base: Viewer.presentation : Retour de la présentation de TaskViewer avec 0 éléments.
2026-03-05 20:44:28,718 [DEBUG] taskcoachlib.gui.viewer.base: Viewer.presentation : Les éléments de la présentation sont : Sorter(<class 'taskcoachlib.domain.task.sorter.Sorter'>([])).
2026-03-05 20:44:28,727 [DEBUG] taskcoachlib.gui.viewer.base: Viewer.presentation : DEBUG presentation taskfile: 139884375097424
2026-03-05 20:44:28,727 [DEBUG] taskcoachlib.gui.viewer.base: Viewer.presentation : Retour de la présentation de TaskViewer avec 0 éléments.
2026-03-05 20:44:28,728 [DEBUG] taskcoachlib.gui.viewer.base: Viewer.presentation : Les éléments de la présentation sont : Sorter(<class 'taskcoachlib.domain.task.sorter.Sorter'>([])).
2026-03-05 20:44:28,744 [DEBUG] taskcoachlib.gui.viewer.base: Viewer.presentation : DEBUG presentation taskfile: 139884375097424
2026-03-05 20:44:28,744 [DEBUG] taskcoachlib.gui.viewer.base: Viewer.presentation : Retour de la présentation de TaskViewer avec 0 éléments.
2026-03-05 20:44:28,744 [DEBUG] taskcoachlib.gui.viewer.base: Viewer.presentation : Les éléments de la présentation sont : Sorter(<class 'taskcoachlib.domain.task.sorter.Sorter'>([])).
2026-03-05 20:44:28,747 [DEBUG] taskcoachlib.gui.viewer.base: Viewer.presentation : DEBUG presentation taskfile: 139884375097424
2026-03-05 20:44:28,748 [DEBUG] taskcoachlib.gui.viewer.base: Viewer.presentation : Retour de la présentation de TaskViewer avec 0 éléments.
2026-03-05 20:44:28,748 [DEBUG] taskcoachlib.gui.viewer.base: Viewer.presentation : Les éléments de la présentation sont : Sorter(<class 'taskcoachlib.domain.task.sorter.Sorter'>([])).
2026-03-05 20:44:28,761 [DEBUG] taskcoachlib.gui.viewer.base: Viewer.presentation : DEBUG presentation taskfile: 139884375097424
2026-03-05 20:44:28,761 [DEBUG] taskcoachlib.gui.viewer.base: Viewer.presentation : Retour de la présentation de TaskViewer avec 0 éléments.
2026-03-05 20:44:28,761 [DEBUG] taskcoachlib.gui.viewer.base: Viewer.presentation : Les éléments de la présentation sont : Sorter(<class 'taskcoachlib.domain.task.sorter.Sorter'>([])).
2026-03-05 20:44:28,770 [DEBUG] taskcoachlib.gui.viewer.base: Viewer.presentation : DEBUG presentation taskfile: 139884375097424
2026-03-05 20:44:28,770 [DEBUG] taskcoachlib.gui.viewer.base: Viewer.presentation : Retour de la présentation de TaskViewer avec 0 éléments.
2026-03-05 20:44:28,770 [DEBUG] taskcoachlib.gui.viewer.base: Viewer.presentation : Les éléments de la présentation sont : Sorter(<class 'taskcoachlib.domain.task.sorter.Sorter'>([])).
2026-03-05 20:44:28,777 [DEBUG] taskcoachlib.gui.viewer.base: Viewer.presentation : DEBUG presentation taskfile: 139884375097424
2026-03-05 20:44:28,777 [DEBUG] taskcoachlib.gui.viewer.base: Viewer.presentation : Retour de la présentation de TaskViewer avec 0 éléments.
2026-03-05 20:44:28,777 [DEBUG] taskcoachlib.gui.viewer.base: Viewer.presentation : Les éléments de la présentation sont : Sorter(<class 'taskcoachlib.domain.task.sorter.Sorter'>([])).
2026-03-05 20:44:28,794 [DEBUG] taskcoachlib.gui.viewer.base: Viewer.presentation : DEBUG presentation taskfile: 139884375097424
2026-03-05 20:44:28,794 [DEBUG] taskcoachlib.gui.viewer.base: Viewer.presentation : Retour de la présentation de TaskViewer avec 0 éléments.
2026-03-05 20:44:28,794 [DEBUG] taskcoachlib.gui.viewer.base: Viewer.presentation : Les éléments de la présentation sont : Sorter(<class 'taskcoachlib.domain.task.sorter.Sorter'>([])).
2026-03-05 20:44:28,810 [DEBUG] taskcoachlib.gui.viewer.base: Viewer.presentation : DEBUG presentation taskfile: 139884375097424
2026-03-05 20:44:28,810 [DEBUG] taskcoachlib.gui.viewer.base: Viewer.presentation : Retour de la présentation de TaskViewer avec 0 éléments.
2026-03-05 20:44:28,810 [DEBUG] taskcoachlib.gui.viewer.base: Viewer.presentation : Les éléments de la présentation sont : Sorter(<class 'taskcoachlib.domain.task.sorter.Sorter'>([])).
2026-03-05 20:44:28,825 [DEBUG] taskcoachlib.gui.viewer.base: Viewer.presentation : DEBUG presentation taskfile: 139884375097424
2026-03-05 20:44:28,825 [DEBUG] taskcoachlib.gui.viewer.base: Viewer.presentation : Retour de la présentation de TaskViewer avec 0 éléments.
2026-03-05 20:44:28,825 [DEBUG] taskcoachlib.gui.viewer.base: Viewer.presentation : Les éléments de la présentation sont : Sorter(<class 'taskcoachlib.domain.task.sorter.Sorter'>([])).
2026-03-05 20:44:28,843 [DEBUG] taskcoachlib.gui.viewer.base: Viewer.presentation : DEBUG presentation taskfile: 139884375097424
2026-03-05 20:44:28,843 [DEBUG] taskcoachlib.gui.viewer.base: Viewer.presentation : Retour de la présentation de TaskViewer avec 0 éléments.
2026-03-05 20:44:28,843 [DEBUG] taskcoachlib.gui.viewer.base: Viewer.presentation : Les éléments de la présentation sont : Sorter(<class 'taskcoachlib.domain.task.sorter.Sorter'>([])).
2026-03-05 20:44:28,860 [DEBUG] taskcoachlib.gui.viewer.base: Viewer.presentation : DEBUG presentation taskfile: 139884375097424
2026-03-05 20:44:28,860 [DEBUG] taskcoachlib.gui.viewer.base: Viewer.presentation : Retour de la présentation de TaskViewer avec 0 éléments.
2026-03-05 20:44:28,860 [DEBUG] taskcoachlib.gui.viewer.base: Viewer.presentation : Les éléments de la présentation sont : Sorter(<class 'taskcoachlib.domain.task.sorter.Sorter'>([])).
2026-03-05 20:44:28,878 [DEBUG] taskcoachlib.gui.viewer.base: Viewer.presentation : DEBUG presentation taskfile: 139884375097424
2026-03-05 20:44:28,878 [DEBUG] taskcoachlib.gui.viewer.base: Viewer.presentation : Retour de la présentation de TaskViewer avec 0 éléments.
2026-03-05 20:44:28,878 [DEBUG] taskcoachlib.gui.viewer.base: Viewer.presentation : Les éléments de la présentation sont : Sorter(<class 'taskcoachlib.domain.task.sorter.Sorter'>([])).
2026-03-05 20:44:28,894 [DEBUG] taskcoachlib.gui.viewer.base: Viewer.presentation : DEBUG presentation taskfile: 139884375097424
2026-03-05 20:44:28,895 [DEBUG] taskcoachlib.gui.viewer.base: Viewer.presentation : Retour de la présentation de TaskViewer avec 0 éléments.
2026-03-05 20:44:28,895 [DEBUG] taskcoachlib.gui.viewer.base: Viewer.presentation : Les éléments de la présentation sont : Sorter(<class 'taskcoachlib.domain.task.sorter.Sorter'>([])).
2026-03-05 20:44:28,911 [DEBUG] taskcoachlib.gui.viewer.base: Viewer.presentation : DEBUG presentation taskfile: 139884375097424
2026-03-05 20:44:28,911 [DEBUG] taskcoachlib.gui.viewer.base: Viewer.presentation : Retour de la présentation de TaskViewer avec 0 éléments.
2026-03-05 20:44:28,912 [DEBUG] taskcoachlib.gui.viewer.base: Viewer.presentation : Les éléments de la présentation sont : Sorter(<class 'taskcoachlib.domain.task.sorter.Sorter'>([])).
2026-03-05 20:44:28,929 [DEBUG] taskcoachlib.gui.viewer.base: Viewer.presentation : DEBUG presentation taskfile: 139884375097424
2026-03-05 20:44:28,929 [DEBUG] taskcoachlib.gui.viewer.base: Viewer.presentation : Retour de la présentation de TaskViewer avec 0 éléments.
2026-03-05 20:44:28,929 [DEBUG] taskcoachlib.gui.viewer.base: Viewer.presentation : Les éléments de la présentation sont : Sorter(<class 'taskcoachlib.domain.task.sorter.Sorter'>([])).
2026-03-05 20:44:28,944 [DEBUG] taskcoachlib.gui.viewer.base: Viewer.presentation : DEBUG presentation taskfile: 139884375097424
2026-03-05 20:44:28,945 [DEBUG] taskcoachlib.gui.viewer.base: Viewer.presentation : Retour de la présentation de TaskViewer avec 0 éléments.
2026-03-05 20:44:28,945 [DEBUG] taskcoachlib.gui.viewer.base: Viewer.presentation : Les éléments de la présentation sont : Sorter(<class 'taskcoachlib.domain.task.sorter.Sorter'>([])).
2026-03-05 20:44:28,961 [DEBUG] taskcoachlib.gui.viewer.base: Viewer.presentation : DEBUG presentation taskfile: 139884375097424
2026-03-05 20:44:28,961 [DEBUG] taskcoachlib.gui.viewer.base: Viewer.presentation : Retour de la présentation de TaskViewer avec 0 éléments.
2026-03-05 20:44:28,961 [DEBUG] taskcoachlib.gui.viewer.base: Viewer.presentation : Les éléments de la présentation sont : Sorter(<class 'taskcoachlib.domain.task.sorter.Sorter'>([])).
2026-03-05 20:44:29,053 [DEBUG] taskcoachlib.gui.viewer.base: Viewer.presentation : DEBUG presentation taskfile: 139884375097424
2026-03-05 20:44:29,054 [DEBUG] taskcoachlib.gui.viewer.base: Viewer.presentation : Retour de la présentation de TaskViewer avec 0 éléments.
2026-03-05 20:44:29,054 [DEBUG] taskcoachlib.gui.viewer.base: Viewer.presentation : Les éléments de la présentation sont : Sorter(<class 'taskcoachlib.domain.task.sorter.Sorter'>([])).
2026-03-05 20:44:29,060 [DEBUG] taskcoachlib.gui.viewer.base: Viewer.presentation : DEBUG presentation taskfile: 139884375097424
2026-03-05 20:44:29,061 [DEBUG] taskcoachlib.gui.viewer.base: Viewer.presentation : Retour de la présentation de TaskViewer avec 0 éléments.
2026-03-05 20:44:29,061 [DEBUG] taskcoachlib.gui.viewer.base: Viewer.presentation : Les éléments de la présentation sont : Sorter(<class 'taskcoachlib.domain.task.sorter.Sorter'>([])).
2026-03-05 20:44:29,068 [DEBUG] taskcoachlib.gui.viewer.base: Viewer.presentation : DEBUG presentation taskfile: 139884375097424
2026-03-05 20:44:29,069 [DEBUG] taskcoachlib.gui.viewer.base: Viewer.presentation : Retour de la présentation de TaskViewer avec 0 éléments.
2026-03-05 20:44:29,069 [DEBUG] taskcoachlib.gui.viewer.base: Viewer.presentation : Les éléments de la présentation sont : Sorter(<class 'taskcoachlib.domain.task.sorter.Sorter'>([])).
2026-03-05 20:44:29,078 [DEBUG] taskcoachlib.gui.viewer.base: Viewer.presentation : DEBUG presentation taskfile: 139884375097424
2026-03-05 20:44:29,079 [DEBUG] taskcoachlib.gui.viewer.base: Viewer.presentation : Retour de la présentation de TaskViewer avec 0 éléments.
2026-03-05 20:44:29,079 [DEBUG] taskcoachlib.gui.viewer.base: Viewer.presentation : Les éléments de la présentation sont : Sorter(<class 'taskcoachlib.domain.task.sorter.Sorter'>([])).
2026-03-05 20:44:29,095 [DEBUG] taskcoachlib.gui.viewer.base: Viewer.presentation : DEBUG presentation taskfile: 139884375097424
2026-03-05 20:44:29,095 [DEBUG] taskcoachlib.gui.viewer.base: Viewer.presentation : Retour de la présentation de TaskViewer avec 0 éléments.
2026-03-05 20:44:29,096 [DEBUG] taskcoachlib.gui.viewer.base: Viewer.presentation : Les éléments de la présentation sont : Sorter(<class 'taskcoachlib.domain.task.sorter.Sorter'>([])).
2026-03-05 20:44:29,111 [DEBUG] taskcoachlib.gui.viewer.base: Viewer.presentation : DEBUG presentation taskfile: 139884375097424
2026-03-05 20:44:29,112 [DEBUG] taskcoachlib.gui.viewer.base: Viewer.presentation : Retour de la présentation de TaskViewer avec 0 éléments.
2026-03-05 20:44:29,112 [DEBUG] taskcoachlib.gui.viewer.base: Viewer.presentation : Les éléments de la présentation sont : Sorter(<class 'taskcoachlib.domain.task.sorter.Sorter'>([])).
2026-03-05 20:44:29,128 [DEBUG] taskcoachlib.gui.viewer.base: Viewer.presentation : DEBUG presentation taskfile: 139884375097424
2026-03-05 20:44:29,128 [DEBUG] taskcoachlib.gui.viewer.base: Viewer.presentation : Retour de la présentation de TaskViewer avec 0 éléments.
2026-03-05 20:44:29,128 [DEBUG] taskcoachlib.gui.viewer.base: Viewer.presentation : Les éléments de la présentation sont : Sorter(<class 'taskcoachlib.domain.task.sorter.Sorter'>([])).
2026-03-05 20:44:29,146 [DEBUG] taskcoachlib.gui.viewer.base: Viewer.presentation : DEBUG presentation taskfile: 139884375097424
2026-03-05 20:44:29,146 [DEBUG] taskcoachlib.gui.viewer.base: Viewer.presentation : Retour de la présentation de TaskViewer avec 0 éléments.
2026-03-05 20:44:29,146 [DEBUG] taskcoachlib.gui.viewer.base: Viewer.presentation : Les éléments de la présentation sont : Sorter(<class 'taskcoachlib.domain.task.sorter.Sorter'>([])).
2026-03-05 20:44:29,161 [DEBUG] taskcoachlib.gui.viewer.base: Viewer.presentation : DEBUG presentation taskfile: 139884375097424
2026-03-05 20:44:29,162 [DEBUG] taskcoachlib.gui.viewer.base: Viewer.presentation : Retour de la présentation de TaskViewer avec 0 éléments.
2026-03-05 20:44:29,162 [DEBUG] taskcoachlib.gui.viewer.base: Viewer.presentation : Les éléments de la présentation sont : Sorter(<class 'taskcoachlib.domain.task.sorter.Sorter'>([])).
2026-03-05 20:44:29,179 [DEBUG] taskcoachlib.gui.viewer.base: Viewer.presentation : DEBUG presentation taskfile: 139884375097424
2026-03-05 20:44:29,179 [DEBUG] taskcoachlib.gui.viewer.base: Viewer.presentation : Retour de la présentation de TaskViewer avec 0 éléments.
2026-03-05 20:44:29,179 [DEBUG] taskcoachlib.gui.viewer.base: Viewer.presentation : Les éléments de la présentation sont : Sorter(<class 'taskcoachlib.domain.task.sorter.Sorter'>([])).
2026-03-05 20:44:29,195 [DEBUG] taskcoachlib.gui.viewer.base: Viewer.presentation : DEBUG presentation taskfile: 139884375097424
2026-03-05 20:44:29,195 [DEBUG] taskcoachlib.gui.viewer.base: Viewer.presentation : Retour de la présentation de TaskViewer avec 0 éléments.
2026-03-05 20:44:29,196 [DEBUG] taskcoachlib.gui.viewer.base: Viewer.presentation : Les éléments de la présentation sont : Sorter(<class 'taskcoachlib.domain.task.sorter.Sorter'>([])).
2026-03-05 20:44:29,212 [DEBUG] taskcoachlib.gui.viewer.base: Viewer.presentation : DEBUG presentation taskfile: 139884375097424
2026-03-05 20:44:29,213 [DEBUG] taskcoachlib.gui.viewer.base: Viewer.presentation : Retour de la présentation de TaskViewer avec 0 éléments.
2026-03-05 20:44:29,213 [DEBUG] taskcoachlib.gui.viewer.base: Viewer.presentation : Les éléments de la présentation sont : Sorter(<class 'taskcoachlib.domain.task.sorter.Sorter'>([])).
2026-03-05 20:44:29,228 [DEBUG] taskcoachlib.gui.viewer.base: Viewer.presentation : DEBUG presentation taskfile: 139884375097424
2026-03-05 20:44:29,229 [DEBUG] taskcoachlib.gui.viewer.base: Viewer.presentation : Retour de la présentation de TaskViewer avec 0 éléments.
2026-03-05 20:44:29,229 [DEBUG] taskcoachlib.gui.viewer.base: Viewer.presentation : Les éléments de la présentation sont : Sorter(<class 'taskcoachlib.domain.task.sorter.Sorter'>([])).
2026-03-05 20:44:29,245 [DEBUG] taskcoachlib.gui.viewer.base: Viewer.presentation : DEBUG presentation taskfile: 139884375097424
2026-03-05 20:44:29,246 [DEBUG] taskcoachlib.gui.viewer.base: Viewer.presentation : Retour de la présentation de TaskViewer avec 0 éléments.
2026-03-05 20:44:29,246 [DEBUG] taskcoachlib.gui.viewer.base: Viewer.presentation : Les éléments de la présentation sont : Sorter(<class 'taskcoachlib.domain.task.sorter.Sorter'>([])).
2026-03-05 20:44:29,262 [DEBUG] taskcoachlib.gui.viewer.base: Viewer.presentation : DEBUG presentation taskfile: 139884375097424
2026-03-05 20:44:29,263 [DEBUG] taskcoachlib.gui.viewer.base: Viewer.presentation : Retour de la présentation de TaskViewer avec 0 éléments.
2026-03-05 20:44:29,263 [DEBUG] taskcoachlib.gui.viewer.base: Viewer.presentation : Les éléments de la présentation sont : Sorter(<class 'taskcoachlib.domain.task.sorter.Sorter'>([])).
2026-03-05 20:44:29,278 [DEBUG] taskcoachlib.gui.viewer.base: Viewer.presentation : DEBUG presentation taskfile: 139884375097424
2026-03-05 20:44:29,278 [DEBUG] taskcoachlib.gui.viewer.base: Viewer.presentation : Retour de la présentation de TaskViewer avec 0 éléments.
2026-03-05 20:44:29,278 [DEBUG] taskcoachlib.gui.viewer.base: Viewer.presentation : Les éléments de la présentation sont : Sorter(<class 'taskcoachlib.domain.task.sorter.Sorter'>([])).
2026-03-05 20:44:29,296 [DEBUG] taskcoachlib.gui.viewer.base: Viewer.presentation : DEBUG presentation taskfile: 139884375097424
2026-03-05 20:44:29,296 [DEBUG] taskcoachlib.gui.viewer.base: Viewer.presentation : Retour de la présentation de TaskViewer avec 0 éléments.
2026-03-05 20:44:29,296 [DEBUG] taskcoachlib.gui.viewer.base: Viewer.presentation : Les éléments de la présentation sont : Sorter(<class 'taskcoachlib.domain.task.sorter.Sorter'>([])).
2026-03-05 20:44:29,498 [DEBUG] taskcoachlib.gui.viewer.base: Viewer.presentation : DEBUG presentation taskfile: 139884375097424
2026-03-05 20:44:29,498 [DEBUG] taskcoachlib.gui.viewer.base: Viewer.presentation : Retour de la présentation de TaskViewer avec 0 éléments.
2026-03-05 20:44:29,498 [DEBUG] taskcoachlib.gui.viewer.base: Viewer.presentation : Les éléments de la présentation sont : Sorter(<class 'taskcoachlib.domain.task.sorter.Sorter'>([])).
2026-03-05 20:44:29,516 [DEBUG] taskcoachlib.gui.viewer.base: Viewer.presentation : DEBUG presentation taskfile: 139884375097424
2026-03-05 20:44:29,517 [DEBUG] taskcoachlib.gui.viewer.base: Viewer.presentation : Retour de la présentation de TaskViewer avec 0 éléments.
2026-03-05 20:44:29,517 [DEBUG] taskcoachlib.gui.viewer.base: Viewer.presentation : Les éléments de la présentation sont : Sorter(<class 'taskcoachlib.domain.task.sorter.Sorter'>([])).
2026-03-05 20:44:29,530 [DEBUG] taskcoachlib.gui.viewer.base: Viewer.presentation : DEBUG presentation taskfile: 139884375097424
2026-03-05 20:44:29,531 [DEBUG] taskcoachlib.gui.viewer.base: Viewer.presentation : Retour de la présentation de TaskViewer avec 0 éléments.
2026-03-05 20:44:29,531 [DEBUG] taskcoachlib.gui.viewer.base: Viewer.presentation : Les éléments de la présentation sont : Sorter(<class 'taskcoachlib.domain.task.sorter.Sorter'>([])).
2026-03-05 20:44:29,546 [DEBUG] taskcoachlib.gui.viewer.base: Viewer.presentation : DEBUG presentation taskfile: 139884375097424
2026-03-05 20:44:29,546 [DEBUG] taskcoachlib.gui.viewer.base: Viewer.presentation : Retour de la présentation de TaskViewer avec 0 éléments.
2026-03-05 20:44:29,547 [DEBUG] taskcoachlib.gui.viewer.base: Viewer.presentation : Les éléments de la présentation sont : Sorter(<class 'taskcoachlib.domain.task.sorter.Sorter'>([])).
2026-03-05 20:44:29,562 [DEBUG] taskcoachlib.gui.viewer.base: Viewer.presentation : DEBUG presentation taskfile: 139884375097424
2026-03-05 20:44:29,562 [DEBUG] taskcoachlib.gui.viewer.base: Viewer.presentation : Retour de la présentation de TaskViewer avec 0 éléments.
2026-03-05 20:44:29,562 [DEBUG] taskcoachlib.gui.viewer.base: Viewer.presentation : Les éléments de la présentation sont : Sorter(<class 'taskcoachlib.domain.task.sorter.Sorter'>([])).
2026-03-05 20:44:29,681 [INFO] taskcoachlib.gui.mainwindow: MainWindow.setShutdownInProgress : Le processus d'arrêt de l'application est en cours. Plus aucune action durant cette phase !
2026-03-05 20:44:29,681 [INFO] taskcoachlib.gui.mainwindow: mainWindow.onClose : Fermeture de la fenêtre par l'utilisateur.
2026-03-05 20:44:29,681 [INFO] taskcoachlib.application.application: Application.quitApplication : Début de la Fermeture de l'application
2026-03-05 20:44:29,681 [DEBUG] taskcoachlib.gui.mainwindow: MainWindow.onCLose : Fermeture des éditeurs
2026-03-05 20:44:29,682 [INFO] taskcoachlib.gui.mainwindow: MainWindow.closeEditors : Fermeture de tous les éditeurs ouverts dans la fenêtre principale.
2026-03-05 20:44:29,682 [DEBUG] taskcoachlib.gui.mainwindow: MainWindow.onClose : Quitter avec event.Skip()
2026-03-05 20:44:29,682 [INFO] taskcoachlib.persistence.taskfile: TaskFile.stop() appelé.
2026-03-05 20:44:29,682 [INFO] taskcoachlib.gui.mainwindow: MainWindow.closeEditors : Fermeture de tous les éditeurs ouverts dans la fenêtre principale.
2026-03-05 20:44:29,682 [INFO] taskcoachlib.gui.mainwindow: MainWindow.onCLose : Fenêtre fermée par l'utilisateur
2026-03-05 20:44:29,683 [INFO] taskcoachlib.application.application: Avant appel sys.exit()
2026-03-05 20:44:29,683 [INFO] taskcoachlib.application.application: Fenêtre principale détruite, appel de sys.exit()
2026-03-05 20:44:29,683 [INFO] taskcoachlib.application.application: Threads actifs avant sys.exit(): [<_MainThread(MainThread, started 139885800152000)>]
2026-03-05 20:44:29,683 [DEBUG] taskcoachlib.application.application: Thread: MainThread, Daemon: False, Class: <class 'threading._MainThread'>
2026-03-05 20:44:29,685 [DEBUG] taskcoachlib.application.application: Stack for thread MainThread:
  File "/home/sylvain/Téléchargements/src/task-coach-git/taskcoach/taskcoach.py", line 305, in <module>
    start()
  File "/home/sylvain/Téléchargements/src/task-coach-git/taskcoach/taskcoach.py", line 298, in start
    app.start()
  File "/home/sylvain/Téléchargements/src/task-coach-git/taskcoach/taskcoachlib/application/application.py", line 743, in start
    self.__wx_app.MainLoop()
  File "/home/sylvain/Téléchargements/src/task-coach-git/venv/lib/python3.14/site-packages/wx/core.py", line 2254, in MainLoop
    rv = wx.PyApp.MainLoop(self)
  File "/home/sylvain/Téléchargements/src/task-coach-git/taskcoach/taskcoachlib/gui/mainwindow.py", line 1103, in onClose
    application.Application().quitApplication()
  File "/home/sylvain/Téléchargements/src/task-coach-git/taskcoach/taskcoachlib/application/application.py", line 1727, in quitApplication
    stack = _stack_for_thread(t, frames)
2026-03-05 20:44:29,685 [DEBUG] taskcoachlib.application.application: Application.quitApplication : Essaie de quitter proprement l'application avec sys.exit().
