2026-03-04 14:09:03,735 [DEBUG] taskcoachlib.gui.viewer.base: Viewer.presentation : Retour de la présentation de TaskViewer avec 0 éléments.
2026-03-04 14:09:03,739 [DEBUG] taskcoachlib.gui.viewer.base: Viewer.presentation : Les éléments de la présentation sont : Sorter(<class 'taskcoachlib.domain.task.sorter.Sorter'>([])).
2026-03-04 14:09:03,749 [DEBUG] taskcoachlib.gui.viewer.base: Viewer.presentation : DEBUG presentation taskfile: 140691474217824
2026-03-04 14:09:03,750 [DEBUG] taskcoachlib.gui.viewer.base: Viewer.presentation : Retour de la présentation de TaskViewer avec 0 éléments.
2026-03-04 14:09:03,750 [DEBUG] taskcoachlib.gui.viewer.base: Viewer.presentation : Les éléments de la présentation sont : Sorter(<class 'taskcoachlib.domain.task.sorter.Sorter'>([])).
2026-03-04 14:09:03,759 [DEBUG] taskcoachlib.gui.viewer.base: Viewer.presentation : DEBUG presentation taskfile: 140691474217824
2026-03-04 14:09:03,759 [DEBUG] taskcoachlib.gui.viewer.base: Viewer.presentation : Retour de la présentation de TaskViewer avec 0 éléments.
2026-03-04 14:09:03,759 [DEBUG] taskcoachlib.gui.viewer.base: Viewer.presentation : Les éléments de la présentation sont : Sorter(<class 'taskcoachlib.domain.task.sorter.Sorter'>([])).
2026-03-04 14:09:03,765 [DEBUG] taskcoachlib.gui.viewer.base: Viewer.presentation : DEBUG presentation taskfile: 140691474217824
2026-03-04 14:09:03,765 [DEBUG] taskcoachlib.gui.viewer.base: Viewer.presentation : Retour de la présentation de TaskViewer avec 0 éléments.
2026-03-04 14:09:03,765 [DEBUG] taskcoachlib.gui.viewer.base: Viewer.presentation : Les éléments de la présentation sont : Sorter(<class 'taskcoachlib.domain.task.sorter.Sorter'>([])).
2026-03-04 14:09:03,773 [DEBUG] taskcoachlib.gui.viewer.base: Viewer.presentation : DEBUG presentation taskfile: 140691474217824
2026-03-04 14:09:03,773 [DEBUG] taskcoachlib.gui.viewer.base: Viewer.presentation : Retour de la présentation de TaskViewer avec 0 éléments.
2026-03-04 14:09:03,774 [DEBUG] taskcoachlib.gui.viewer.base: Viewer.presentation : Les éléments de la présentation sont : Sorter(<class 'taskcoachlib.domain.task.sorter.Sorter'>([])).
2026-03-04 14:09:03,797 [DEBUG] taskcoachlib.gui.viewer.base: Viewer.presentation : DEBUG presentation taskfile: 140691474217824
2026-03-04 14:09:03,797 [DEBUG] taskcoachlib.gui.viewer.base: Viewer.presentation : Retour de la présentation de TaskViewer avec 0 éléments.
2026-03-04 14:09:03,797 [DEBUG] taskcoachlib.gui.viewer.base: Viewer.presentation : Les éléments de la présentation sont : Sorter(<class 'taskcoachlib.domain.task.sorter.Sorter'>([])).
2026-03-04 14:09:03,825 [DEBUG] taskcoachlib.gui.viewer.base: Viewer.presentation : DEBUG presentation taskfile: 140691474217824
2026-03-04 14:09:03,825 [DEBUG] taskcoachlib.gui.viewer.base: Viewer.presentation : Retour de la présentation de TaskViewer avec 0 éléments.
2026-03-04 14:09:03,825 [DEBUG] taskcoachlib.gui.viewer.base: Viewer.presentation : Les éléments de la présentation sont : Sorter(<class 'taskcoachlib.domain.task.sorter.Sorter'>([])).
2026-03-04 14:09:03,846 [DEBUG] taskcoachlib.gui.viewer.base: Viewer.presentation : DEBUG presentation taskfile: 140691474217824
2026-03-04 14:09:03,846 [DEBUG] taskcoachlib.gui.viewer.base: Viewer.presentation : Retour de la présentation de TaskViewer avec 0 éléments.
2026-03-04 14:09:03,846 [DEBUG] taskcoachlib.gui.viewer.base: Viewer.presentation : Les éléments de la présentation sont : Sorter(<class 'taskcoachlib.domain.task.sorter.Sorter'>([])).
2026-03-04 14:09:03,885 [DEBUG] taskcoachlib.gui.viewer.base: Viewer.presentation : DEBUG presentation taskfile: 140691474217824
2026-03-04 14:09:03,885 [DEBUG] taskcoachlib.gui.viewer.base: Viewer.presentation : Retour de la présentation de TaskViewer avec 0 éléments.
2026-03-04 14:09:03,885 [DEBUG] taskcoachlib.gui.viewer.base: Viewer.presentation : Les éléments de la présentation sont : Sorter(<class 'taskcoachlib.domain.task.sorter.Sorter'>([])).
2026-03-04 14:09:03,887 [DEBUG] taskcoachlib.gui.viewer.base: Viewer.presentation : DEBUG presentation taskfile: 140691474217824
2026-03-04 14:09:03,887 [DEBUG] taskcoachlib.gui.viewer.base: Viewer.presentation : Retour de la présentation de TaskViewer avec 0 éléments.
2026-03-04 14:09:03,887 [DEBUG] taskcoachlib.gui.viewer.base: Viewer.presentation : Les éléments de la présentation sont : Sorter(<class 'taskcoachlib.domain.task.sorter.Sorter'>([])).
2026-03-04 14:09:03,899 [DEBUG] taskcoachlib.gui.viewer.base: Viewer.presentation : DEBUG presentation taskfile: 140691474217824
2026-03-04 14:09:03,900 [DEBUG] taskcoachlib.gui.viewer.base: Viewer.presentation : Retour de la présentation de TaskViewer avec 0 éléments.
2026-03-04 14:09:03,900 [DEBUG] taskcoachlib.gui.viewer.base: Viewer.presentation : Les éléments de la présentation sont : Sorter(<class 'taskcoachlib.domain.task.sorter.Sorter'>([])).
2026-03-04 14:09:03,913 [DEBUG] taskcoachlib.gui.viewer.base: Viewer.presentation : DEBUG presentation taskfile: 140691474217824
2026-03-04 14:09:03,913 [DEBUG] taskcoachlib.gui.viewer.base: Viewer.presentation : Retour de la présentation de TaskViewer avec 0 éléments.
2026-03-04 14:09:03,913 [DEBUG] taskcoachlib.gui.viewer.base: Viewer.presentation : Les éléments de la présentation sont : Sorter(<class 'taskcoachlib.domain.task.sorter.Sorter'>([])).
2026-03-04 14:09:03,928 [DEBUG] taskcoachlib.gui.viewer.base: Viewer.presentation : DEBUG presentation taskfile: 140691474217824
2026-03-04 14:09:03,928 [DEBUG] taskcoachlib.gui.viewer.base: Viewer.presentation : Retour de la présentation de TaskViewer avec 0 éléments.
2026-03-04 14:09:03,928 [DEBUG] taskcoachlib.gui.viewer.base: Viewer.presentation : Les éléments de la présentation sont : Sorter(<class 'taskcoachlib.domain.task.sorter.Sorter'>([])).
2026-03-04 14:09:03,934 [DEBUG] taskcoachlib.gui.viewer.base: Viewer.presentation : DEBUG presentation taskfile: 140691474217824
2026-03-04 14:09:03,934 [DEBUG] taskcoachlib.gui.viewer.base: Viewer.presentation : Retour de la présentation de TaskViewer avec 0 éléments.
2026-03-04 14:09:03,934 [DEBUG] taskcoachlib.gui.viewer.base: Viewer.presentation : Les éléments de la présentation sont : Sorter(<class 'taskcoachlib.domain.task.sorter.Sorter'>([])).
2026-03-04 14:09:03,941 [DEBUG] taskcoachlib.gui.viewer.base: Viewer.presentation : DEBUG presentation taskfile: 140691474217824
2026-03-04 14:09:03,941 [DEBUG] taskcoachlib.gui.viewer.base: Viewer.presentation : Retour de la présentation de TaskViewer avec 0 éléments.
2026-03-04 14:09:03,941 [DEBUG] taskcoachlib.gui.viewer.base: Viewer.presentation : Les éléments de la présentation sont : Sorter(<class 'taskcoachlib.domain.task.sorter.Sorter'>([])).
2026-03-04 14:09:03,949 [DEBUG] taskcoachlib.gui.viewer.base: Viewer.presentation : DEBUG presentation taskfile: 140691474217824
2026-03-04 14:09:03,950 [DEBUG] taskcoachlib.gui.viewer.base: Viewer.presentation : Retour de la présentation de TaskViewer avec 0 éléments.
2026-03-04 14:09:03,950 [DEBUG] taskcoachlib.gui.viewer.base: Viewer.presentation : Les éléments de la présentation sont : Sorter(<class 'taskcoachlib.domain.task.sorter.Sorter'>([])).
2026-03-04 14:09:03,957 [DEBUG] taskcoachlib.gui.viewer.base: Viewer.presentation : DEBUG presentation taskfile: 140691474217824
2026-03-04 14:09:03,957 [DEBUG] taskcoachlib.gui.viewer.base: Viewer.presentation : Retour de la présentation de TaskViewer avec 0 éléments.
2026-03-04 14:09:03,958 [DEBUG] taskcoachlib.gui.viewer.base: Viewer.presentation : Les éléments de la présentation sont : Sorter(<class 'taskcoachlib.domain.task.sorter.Sorter'>([])).
2026-03-04 14:09:03,965 [DEBUG] taskcoachlib.gui.viewer.base: Viewer.presentation : DEBUG presentation taskfile: 140691474217824
2026-03-04 14:09:03,965 [DEBUG] taskcoachlib.gui.viewer.base: Viewer.presentation : Retour de la présentation de TaskViewer avec 0 éléments.
2026-03-04 14:09:03,965 [DEBUG] taskcoachlib.gui.viewer.base: Viewer.presentation : Les éléments de la présentation sont : Sorter(<class 'taskcoachlib.domain.task.sorter.Sorter'>([])).
2026-03-04 14:09:03,980 [DEBUG] taskcoachlib.gui.viewer.base: Viewer.presentation : DEBUG presentation taskfile: 140691474217824
2026-03-04 14:09:03,981 [DEBUG] taskcoachlib.gui.viewer.base: Viewer.presentation : Retour de la présentation de TaskViewer avec 0 éléments.
2026-03-04 14:09:03,981 [DEBUG] taskcoachlib.gui.viewer.base: Viewer.presentation : Les éléments de la présentation sont : Sorter(<class 'taskcoachlib.domain.task.sorter.Sorter'>([])).
2026-03-04 14:09:03,988 [DEBUG] taskcoachlib.gui.viewer.base: Viewer.presentation : DEBUG presentation taskfile: 140691474217824
2026-03-04 14:09:03,988 [DEBUG] taskcoachlib.gui.viewer.base: Viewer.presentation : Retour de la présentation de TaskViewer avec 0 éléments.
2026-03-04 14:09:03,988 [DEBUG] taskcoachlib.gui.viewer.base: Viewer.presentation : Les éléments de la présentation sont : Sorter(<class 'taskcoachlib.domain.task.sorter.Sorter'>([])).
2026-03-04 14:09:04,011 [DEBUG] taskcoachlib.gui.viewer.base: Viewer.presentation : DEBUG presentation taskfile: 140691474217824
2026-03-04 14:09:04,011 [DEBUG] taskcoachlib.gui.viewer.base: Viewer.presentation : Retour de la présentation de TaskViewer avec 0 éléments.
2026-03-04 14:09:04,011 [DEBUG] taskcoachlib.gui.viewer.base: Viewer.presentation : Les éléments de la présentation sont : Sorter(<class 'taskcoachlib.domain.task.sorter.Sorter'>([])).
2026-03-04 14:09:04,028 [DEBUG] taskcoachlib.gui.viewer.base: Viewer.presentation : DEBUG presentation taskfile: 140691474217824
2026-03-04 14:09:04,028 [DEBUG] taskcoachlib.gui.viewer.base: Viewer.presentation : Retour de la présentation de TaskViewer avec 0 éléments.
2026-03-04 14:09:04,029 [DEBUG] taskcoachlib.gui.viewer.base: Viewer.presentation : Les éléments de la présentation sont : Sorter(<class 'taskcoachlib.domain.task.sorter.Sorter'>([])).
2026-03-04 14:09:04,032 [DEBUG] taskcoachlib.gui.viewer.base: Viewer.presentation : DEBUG presentation taskfile: 140691474217824
2026-03-04 14:09:04,033 [DEBUG] taskcoachlib.gui.viewer.base: Viewer.presentation : Retour de la présentation de TaskViewer avec 0 éléments.
2026-03-04 14:09:04,033 [DEBUG] taskcoachlib.gui.viewer.base: Viewer.presentation : Les éléments de la présentation sont : Sorter(<class 'taskcoachlib.domain.task.sorter.Sorter'>([])).
2026-03-04 14:09:04,035 [DEBUG] taskcoachlib.gui.viewer.base: Viewer.presentation : DEBUG presentation taskfile: 140691474217824
2026-03-04 14:09:04,035 [DEBUG] taskcoachlib.gui.viewer.base: Viewer.presentation : Retour de la présentation de TaskViewer avec 0 éléments.
2026-03-04 14:09:04,036 [DEBUG] taskcoachlib.gui.viewer.base: Viewer.presentation : Les éléments de la présentation sont : Sorter(<class 'taskcoachlib.domain.task.sorter.Sorter'>([])).
2026-03-04 14:09:04,041 [DEBUG] taskcoachlib.gui.viewer.base: Viewer.presentation : DEBUG presentation taskfile: 140691474217824
2026-03-04 14:09:04,041 [DEBUG] taskcoachlib.gui.viewer.base: Viewer.presentation : Retour de la présentation de TaskViewer avec 0 éléments.
2026-03-04 14:09:04,041 [DEBUG] taskcoachlib.gui.viewer.base: Viewer.presentation : Les éléments de la présentation sont : Sorter(<class 'taskcoachlib.domain.task.sorter.Sorter'>([])).
2026-03-04 14:09:04,048 [DEBUG] taskcoachlib.gui.viewer.base: Viewer.presentation : DEBUG presentation taskfile: 140691474217824
2026-03-04 14:09:04,049 [DEBUG] taskcoachlib.gui.viewer.base: Viewer.presentation : Retour de la présentation de TaskViewer avec 0 éléments.
2026-03-04 14:09:04,049 [DEBUG] taskcoachlib.gui.viewer.base: Viewer.presentation : Les éléments de la présentation sont : Sorter(<class 'taskcoachlib.domain.task.sorter.Sorter'>([])).
2026-03-04 14:09:04,056 [DEBUG] taskcoachlib.gui.viewer.base: Viewer.presentation : DEBUG presentation taskfile: 140691474217824
2026-03-04 14:09:04,057 [DEBUG] taskcoachlib.gui.viewer.base: Viewer.presentation : Retour de la présentation de TaskViewer avec 0 éléments.
2026-03-04 14:09:04,057 [DEBUG] taskcoachlib.gui.viewer.base: Viewer.presentation : Les éléments de la présentation sont : Sorter(<class 'taskcoachlib.domain.task.sorter.Sorter'>([])).
2026-03-04 14:09:04,064 [DEBUG] taskcoachlib.gui.viewer.base: Viewer.presentation : DEBUG presentation taskfile: 140691474217824
2026-03-04 14:09:04,064 [DEBUG] taskcoachlib.gui.viewer.base: Viewer.presentation : Retour de la présentation de TaskViewer avec 0 éléments.
2026-03-04 14:09:04,064 [DEBUG] taskcoachlib.gui.viewer.base: Viewer.presentation : Les éléments de la présentation sont : Sorter(<class 'taskcoachlib.domain.task.sorter.Sorter'>([])).
2026-03-04 14:09:04,071 [DEBUG] taskcoachlib.gui.viewer.base: Viewer.presentation : DEBUG presentation taskfile: 140691474217824
2026-03-04 14:09:04,072 [DEBUG] taskcoachlib.gui.viewer.base: Viewer.presentation : Retour de la présentation de TaskViewer avec 0 éléments.
2026-03-04 14:09:04,072 [DEBUG] taskcoachlib.gui.viewer.base: Viewer.presentation : Les éléments de la présentation sont : Sorter(<class 'taskcoachlib.domain.task.sorter.Sorter'>([])).
2026-03-04 14:09:04,087 [DEBUG] taskcoachlib.gui.viewer.base: Viewer.presentation : DEBUG presentation taskfile: 140691474217824
2026-03-04 14:09:04,087 [DEBUG] taskcoachlib.gui.viewer.base: Viewer.presentation : Retour de la présentation de TaskViewer avec 0 éléments.
2026-03-04 14:09:04,088 [DEBUG] taskcoachlib.gui.viewer.base: Viewer.presentation : Les éléments de la présentation sont : Sorter(<class 'taskcoachlib.domain.task.sorter.Sorter'>([])).
2026-03-04 14:09:04,094 [DEBUG] taskcoachlib.gui.viewer.base: Viewer.presentation : DEBUG presentation taskfile: 140691474217824
2026-03-04 14:09:04,095 [DEBUG] taskcoachlib.gui.viewer.base: Viewer.presentation : Retour de la présentation de TaskViewer avec 0 éléments.
2026-03-04 14:09:04,095 [DEBUG] taskcoachlib.gui.viewer.base: Viewer.presentation : Les éléments de la présentation sont : Sorter(<class 'taskcoachlib.domain.task.sorter.Sorter'>([])).
2026-03-04 14:09:04,102 [DEBUG] taskcoachlib.gui.viewer.base: Viewer.presentation : DEBUG presentation taskfile: 140691474217824
2026-03-04 14:09:04,102 [DEBUG] taskcoachlib.gui.viewer.base: Viewer.presentation : Retour de la présentation de TaskViewer avec 0 éléments.
2026-03-04 14:09:04,102 [DEBUG] taskcoachlib.gui.viewer.base: Viewer.presentation : Les éléments de la présentation sont : Sorter(<class 'taskcoachlib.domain.task.sorter.Sorter'>([])).
2026-03-04 14:09:04,110 [DEBUG] taskcoachlib.gui.viewer.base: Viewer.presentation : DEBUG presentation taskfile: 140691474217824
2026-03-04 14:09:04,110 [DEBUG] taskcoachlib.gui.viewer.base: Viewer.presentation : Retour de la présentation de TaskViewer avec 0 éléments.
2026-03-04 14:09:04,110 [DEBUG] taskcoachlib.gui.viewer.base: Viewer.presentation : Les éléments de la présentation sont : Sorter(<class 'taskcoachlib.domain.task.sorter.Sorter'>([])).
2026-03-04 14:09:04,656 [INFO] taskcoachlib.gui.mainwindow: mainWindow.onClose : Fermeture de la fenêtre par l'utilisateur.
2026-03-04 14:09:04,657 [INFO] taskcoachlib.application.application: Application.quitApplication : Début de la Fermeture de l'application
2026-03-04 14:09:04,657 [DEBUG] taskcoachlib.gui.iocontroller: IOController.__closeUnconditionally : Ferme la tâche en cours d'édition sans condition.
2026-03-04 14:09:04,657 [INFO] taskcoachlib.persistence.taskfile: TaskFile.close Ferme le fichier de tâches, en enregistrant toutes les modifications et en effaçant le contenu.
2026-03-04 14:09:04,657 [DEBUG] taskcoachlib.persistence.taskfile: TaskFile.close : Essaie de lire le fichier /home/sylvain/Documents/TaskCoach/Test.tsk.delta en mode r et d'enregistrer les changements précédents.
2026-03-04 14:09:04,659 [DEBUG] taskcoachlib.persistence.taskfile: TaskFile.close : lit changes = {'0000019b6b91afebb05da09f007f000000010001': <taskcoachlib.changes.monitor.ChangeMonitor object at 0x7ff551759090>, '0000019b700f2013e877fc96007f000000010001': <taskcoachlib.changes.monitor.ChangeMonitor object at 0x7ff551758ff0>, '0000019b746935d5ea803fc4007f000000010001': <taskcoachlib.changes.monitor.ChangeMonitor object at 0x7ff551758410>, '0000019b746bec3a96aca9bf007f000000010001': <taskcoachlib.changes.monitor.ChangeMonitor object at 0x7ff551758f50>, '0000019b7d7976f8b3d9b72b007f000000010001': <taskcoachlib.changes.monitor.ChangeMonitor object at 0x7ff551759130>, '0000019b7d93927927eaaab6007f000000010001': <taskcoachlib.changes.monitor.ChangeMonitor object at 0x7ff5517591d0>, '0000019b880bcab7af2952a2007f000000010001': <taskcoachlib.changes.monitor.ChangeMonitor object at 0x7ff551759270>, '0000019b882918d9b952c13f007f000000010001': <taskcoachlib.changes.monitor.ChangeMonitor object at 0x7ff551759310>, '0000019b883f8d5740d47809007f000000010001': <taskcoachlib.changes.monitor.ChangeMonitor object at 0x7ff5517593b0>, '0000019b88407768343ca6c3007f000000010001': <taskcoachlib.changes.monitor.ChangeMonitor object at 0x7ff551759450>, '0000019b884691dc99eb9071007f000000010001': <taskcoachlib.changes.monitor.ChangeMonitor object at 0x7ff5517594f0>, '0000019b8e088cd9b09f0bf2007f000000010001': <taskcoachlib.changes.monitor.ChangeMonitor object at 0x7ff551759590>, '0000019b8fab75b9bfd79b43007f000000010001': <taskcoachlib.changes.monitor.ChangeMonitor object at 0x7ff551759630>, '0000019b8fc3f807d1da21c3007f000000010001': <taskcoachlib.changes.monitor.ChangeMonitor object at 0x7ff5517596d0>, '0000019b8fd0e053bd5c5b35007f000000010001': <taskcoachlib.changes.monitor.ChangeMonitor object at 0x7ff551759770>, '0000019b8fde1829e54958cc007f000000010001': <taskcoachlib.changes.monitor.ChangeMonitor object at 0x7ff551759810>, '0000019b8ffdd0255e131532007f000000010001': <taskcoachlib.changes.monitor.ChangeMonitor object at 0x7ff5517598b0>, '0000019b9790e56295d313a3007f000000010001': <taskcoachlib.changes.monitor.ChangeMonitor object at 0x7ff551759950>, '0000019b9c1f285c136370ce007f000000010001': <taskcoachlib.changes.monitor.ChangeMonitor object at 0x7ff5517599f0>, '0000019ba6159a33f8ade15d007f000000010001': <taskcoachlib.changes.monitor.ChangeMonitor object at 0x7ff551759a90>, '0000019ba625425108875906007f000000010001': <taskcoachlib.changes.monitor.ChangeMonitor object at 0x7ff551759b30>, '0000019ba7145453bbb3acc3007f000000010001': <taskcoachlib.changes.monitor.ChangeMonitor object at 0x7ff551759bd0>, '0000019ba717167de32b7f22007f000000010001': <taskcoachlib.changes.monitor.ChangeMonitor object at 0x7ff551759c70>, '0000019ba72006eceb4fd095007f000000010001': <taskcoachlib.changes.monitor.ChangeMonitor object at 0x7ff551759d10>, '0000019ba730e5351437168a007f000000010001': <taskcoachlib.changes.monitor.ChangeMonitor object at 0x7ff551759db0>, '0000019ba8c0097b9cfad9ee007f000000010001': <taskcoachlib.changes.monitor.ChangeMonitor object at 0x7ff551759e50>, '0000019bf8d014de951cad4a007f000000010001': <taskcoachlib.changes.monitor.ChangeMonitor object at 0x7ff551759ef0>, '0000019bfb6177d99884d406007f000000010001': <taskcoachlib.changes.monitor.ChangeMonitor object at 0x7ff551759f90>, '0000019bfbeff26d2acba048007f000000010001': <taskcoachlib.changes.monitor.ChangeMonitor object at 0x7ff55175a030>, '0000019bfe39465b2bb9eb65007f000000010001': <taskcoachlib.changes.monitor.ChangeMonitor object at 0x7ff55175a0d0>, '0000019bff3ad6f1a8c62751007f000000010001': <taskcoachlib.changes.monitor.ChangeMonitor object at 0x7ff55175a170>, '0000019bffc3acf0adef4ee0007f000000010001': <taskcoachlib.changes.monitor.ChangeMonitor object at 0x7ff55175a210>, '0000019bffc8501c7d634ad0007f000000010001': <taskcoachlib.changes.monitor.ChangeMonitor object at 0x7ff55175a2b0>, '0000019bffe3445df0142e2f007f000000010001': <taskcoachlib.changes.monitor.ChangeMonitor object at 0x7ff55175a350>, '0000019c0555b2e8406edf45007f000000010001': <taskcoachlib.changes.monitor.ChangeMonitor object at 0x7ff55175a3f0>, '0000019c09392dd3a878f34b007f000000010001': <taskcoachlib.changes.monitor.ChangeMonitor object at 0x7ff55175a490>, '0000019c0958e7dc25d7c84e007f000000010001': <taskcoachlib.changes.monitor.ChangeMonitor object at 0x7ff55175a530>, '67d44e97-2dc6-4caf-ba4f-fa78185676d4': <taskcoachlib.changes.monitor.ChangeMonitor object at 0x7ff55175a5d0>, 'ab4b3cdc-9a91-470c-972b-5078d0c7ffb5': <taskcoachlib.changes.monitor.ChangeMonitor object at 0x7ff55175a670>, 'e4499d62-71dc-4328-a6b1-f5e7b1376449': <taskcoachlib.changes.monitor.ChangeMonitor object at 0x7ff55175a710>, 'c6def1a6-6871-430b-9568-ad3672919601': <taskcoachlib.changes.monitor.ChangeMonitor object at 0x7ff55175a7b0>, 'b548a446-63b4-4ac2-b515-fd0c9f93702e': <taskcoachlib.changes.monitor.ChangeMonitor object at 0x7ff55175a850>, '7970be35-7c2e-416d-9397-ed07d9e93110': <taskcoachlib.changes.monitor.ChangeMonitor object at 0x7ff55175a8f0>, 'cfae82f8-5e3f-410a-afbb-9f91b9286b65': <taskcoachlib.changes.monitor.ChangeMonitor object at 0x7ff55175a990>, 'a22479bc-4eac-4069-8290-7e69b1323100': <taskcoachlib.changes.monitor.ChangeMonitor object at 0x7ff55175aa30>, 'd9387760-0fc7-422e-9292-abbc99b0192a': <taskcoachlib.changes.monitor.ChangeMonitor object at 0x7ff55175aad0>, '10275105-11bb-41bb-8ff0-d340d44118fc': <taskcoachlib.changes.monitor.ChangeMonitor object at 0x7ff55175ab70>}
2026-03-04 14:09:04,659 [DEBUG] taskcoachlib.persistence.taskfile: TaskFile.close : Essaie d'écrire les changements {'0000019b6b91afebb05da09f007f000000010001': <taskcoachlib.changes.monitor.ChangeMonitor object at 0x7ff551759090>, '0000019b700f2013e877fc96007f000000010001': <taskcoachlib.changes.monitor.ChangeMonitor object at 0x7ff551758ff0>, '0000019b746935d5ea803fc4007f000000010001': <taskcoachlib.changes.monitor.ChangeMonitor object at 0x7ff551758410>, '0000019b746bec3a96aca9bf007f000000010001': <taskcoachlib.changes.monitor.ChangeMonitor object at 0x7ff551758f50>, '0000019b7d7976f8b3d9b72b007f000000010001': <taskcoachlib.changes.monitor.ChangeMonitor object at 0x7ff551759130>, '0000019b7d93927927eaaab6007f000000010001': <taskcoachlib.changes.monitor.ChangeMonitor object at 0x7ff5517591d0>, '0000019b880bcab7af2952a2007f000000010001': <taskcoachlib.changes.monitor.ChangeMonitor object at 0x7ff551759270>, '0000019b882918d9b952c13f007f000000010001': <taskcoachlib.changes.monitor.ChangeMonitor object at 0x7ff551759310>, '0000019b883f8d5740d47809007f000000010001': <taskcoachlib.changes.monitor.ChangeMonitor object at 0x7ff5517593b0>, '0000019b88407768343ca6c3007f000000010001': <taskcoachlib.changes.monitor.ChangeMonitor object at 0x7ff551759450>, '0000019b884691dc99eb9071007f000000010001': <taskcoachlib.changes.monitor.ChangeMonitor object at 0x7ff5517594f0>, '0000019b8e088cd9b09f0bf2007f000000010001': <taskcoachlib.changes.monitor.ChangeMonitor object at 0x7ff551759590>, '0000019b8fab75b9bfd79b43007f000000010001': <taskcoachlib.changes.monitor.ChangeMonitor object at 0x7ff551759630>, '0000019b8fc3f807d1da21c3007f000000010001': <taskcoachlib.changes.monitor.ChangeMonitor object at 0x7ff5517596d0>, '0000019b8fd0e053bd5c5b35007f000000010001': <taskcoachlib.changes.monitor.ChangeMonitor object at 0x7ff551759770>, '0000019b8fde1829e54958cc007f000000010001': <taskcoachlib.changes.monitor.ChangeMonitor object at 0x7ff551759810>, '0000019b8ffdd0255e131532007f000000010001': <taskcoachlib.changes.monitor.ChangeMonitor object at 0x7ff5517598b0>, '0000019b9790e56295d313a3007f000000010001': <taskcoachlib.changes.monitor.ChangeMonitor object at 0x7ff551759950>, '0000019b9c1f285c136370ce007f000000010001': <taskcoachlib.changes.monitor.ChangeMonitor object at 0x7ff5517599f0>, '0000019ba6159a33f8ade15d007f000000010001': <taskcoachlib.changes.monitor.ChangeMonitor object at 0x7ff551759a90>, '0000019ba625425108875906007f000000010001': <taskcoachlib.changes.monitor.ChangeMonitor object at 0x7ff551759b30>, '0000019ba7145453bbb3acc3007f000000010001': <taskcoachlib.changes.monitor.ChangeMonitor object at 0x7ff551759bd0>, '0000019ba717167de32b7f22007f000000010001': <taskcoachlib.changes.monitor.ChangeMonitor object at 0x7ff551759c70>, '0000019ba72006eceb4fd095007f000000010001': <taskcoachlib.changes.monitor.ChangeMonitor object at 0x7ff551759d10>, '0000019ba730e5351437168a007f000000010001': <taskcoachlib.changes.monitor.ChangeMonitor object at 0x7ff551759db0>, '0000019ba8c0097b9cfad9ee007f000000010001': <taskcoachlib.changes.monitor.ChangeMonitor object at 0x7ff551759e50>, '0000019bf8d014de951cad4a007f000000010001': <taskcoachlib.changes.monitor.ChangeMonitor object at 0x7ff551759ef0>, '0000019bfb6177d99884d406007f000000010001': <taskcoachlib.changes.monitor.ChangeMonitor object at 0x7ff551759f90>, '0000019bfbeff26d2acba048007f000000010001': <taskcoachlib.changes.monitor.ChangeMonitor object at 0x7ff55175a030>, '0000019bfe39465b2bb9eb65007f000000010001': <taskcoachlib.changes.monitor.ChangeMonitor object at 0x7ff55175a0d0>, '0000019bff3ad6f1a8c62751007f000000010001': <taskcoachlib.changes.monitor.ChangeMonitor object at 0x7ff55175a170>, '0000019bffc3acf0adef4ee0007f000000010001': <taskcoachlib.changes.monitor.ChangeMonitor object at 0x7ff55175a210>, '0000019bffc8501c7d634ad0007f000000010001': <taskcoachlib.changes.monitor.ChangeMonitor object at 0x7ff55175a2b0>, '0000019bffe3445df0142e2f007f000000010001': <taskcoachlib.changes.monitor.ChangeMonitor object at 0x7ff55175a350>, '0000019c0555b2e8406edf45007f000000010001': <taskcoachlib.changes.monitor.ChangeMonitor object at 0x7ff55175a3f0>, '0000019c09392dd3a878f34b007f000000010001': <taskcoachlib.changes.monitor.ChangeMonitor object at 0x7ff55175a490>, '0000019c0958e7dc25d7c84e007f000000010001': <taskcoachlib.changes.monitor.ChangeMonitor object at 0x7ff55175a530>, '67d44e97-2dc6-4caf-ba4f-fa78185676d4': <taskcoachlib.changes.monitor.ChangeMonitor object at 0x7ff55175a5d0>, 'ab4b3cdc-9a91-470c-972b-5078d0c7ffb5': <taskcoachlib.changes.monitor.ChangeMonitor object at 0x7ff55175a670>, 'e4499d62-71dc-4328-a6b1-f5e7b1376449': <taskcoachlib.changes.monitor.ChangeMonitor object at 0x7ff55175a710>, 'c6def1a6-6871-430b-9568-ad3672919601': <taskcoachlib.changes.monitor.ChangeMonitor object at 0x7ff55175a7b0>, 'b548a446-63b4-4ac2-b515-fd0c9f93702e': <taskcoachlib.changes.monitor.ChangeMonitor object at 0x7ff55175a850>, '7970be35-7c2e-416d-9397-ed07d9e93110': <taskcoachlib.changes.monitor.ChangeMonitor object at 0x7ff55175a8f0>, 'cfae82f8-5e3f-410a-afbb-9f91b9286b65': <taskcoachlib.changes.monitor.ChangeMonitor object at 0x7ff55175a990>, 'a22479bc-4eac-4069-8290-7e69b1323100': <taskcoachlib.changes.monitor.ChangeMonitor object at 0x7ff55175aa30>, 'd9387760-0fc7-422e-9292-abbc99b0192a': <taskcoachlib.changes.monitor.ChangeMonitor object at 0x7ff55175aad0>} dans le fichier /home/sylvain/Documents/TaskCoach/Test.tsk.delta en mode wb.
2026-03-04 14:09:04,660 [INFO] taskcoachlib.persistence.xml.writer: ChangesXMLWriter.write : Écriture du fichier /home/sylvain/Documents/TaskCoach/Test.tsk.delta.
2026-03-04 14:09:04,661 [INFO] taskcoachlib.persistence.xml.writer: ChangesXMLWriter.write : Tentative de lecture du fichier /home/sylvain/Documents/TaskCoach/Test.tsk.delta :
2026-03-04 14:09:04,661 [INFO] taskcoachlib.persistence.xml.writer: ChangesXMLWriter.write : Contenu du fichier écrit:
b'<changes><device guid="0000019b6b91afebb05da09f007f000000010001"><obj id="7c58a7f4-e0d9-11f0-af54-a4f933b218b7" /><obj id="dda179fc-21a2-11ef-a875-a4f933b218b7" /><obj id="3738eda6-e0d8-11f0-b1ff-a4f933b218b7">reminder</obj></device><device guid="0000019b700f2013e877fc96007f000000010001"><obj id="7c58a7f4-e0d9-11f0-af54-a4f933b218b7" /><obj id="3738eda6-e0d8-11f0-b1ff-a4f933b218b7">reminder</obj><obj id="dda179fc-21a2-11ef-a875-a4f933b218b7" /></device><device guid="0000019b746935d5ea803fc4007f000000010001"><obj id="7c58a7f4-e0d9-11f0-af54-a4f933b218b7" /><obj id="dda179fc-21a2-11ef-a875-a4f933b218b7" /><obj id="3738eda6-e0d8-11f0-b1ff-a4f933b218b7">reminder</obj></device><device guid="0000019b746bec3a96aca9bf007f000000010001"><obj id="7c58a7f4-e0d9-11f0-af54-a4f933b218b7" /><obj id="dda179fc-21a2-11ef-a875-a4f933b218b7" /><obj id="3738eda6-e0d8-11f0-b1ff-a4f933b218b7">reminder</obj></device><device guid="0000019b7d7976f8b3d9b72b007f000000010001"><obj id="3738eda6-e0d8-11f0-b1ff-a4f933b218b7">reminder</obj><obj id="dda179fc-21a2-11ef-a875-a4f933b218b7" /><obj id="7c58a7f4-e0d9-11f0-af54-a4f933b218b7" /></device><device guid="0000019b7d93927927eaaab6007f000000010001"><obj id="7c58a7f4-e0d9-11f0-af54-a4f933b218b7" /><obj id="3738eda6-e0d8-11f0-b1ff-a4f933b218b7">reminder</obj><obj id="dda179fc-21a2-11ef-a875-a4f933b218b7" /></device><device guid="0000019b880bcab7af2952a2007f000000010001"><obj id="3738eda6-e0d8-11f0-b1ff-a4f933b218b7">reminder</obj><obj id="dda179fc-21a2-11ef-a875-a4f933b218b7" /><obj id="7c58a7f4-e0d9-11f0-af54-a4f933b218b7" /></device><device guid="0000019b882918d9b952c13f007f000000010001"><obj id="3738eda6-e0d8-11f0-b1ff-a4f933b218b7">reminder</obj><obj id="7c58a7f4-e0d9-11f0-af54-a4f933b218b7" /><obj id="dda179fc-21a2-11ef-a875-a4f933b218b7" /></device><device guid="0000019b883f8d5740d47809007f000000010001"><obj id="3738eda6-e0d8-11f0-b1ff-a4f933b218b7">reminder</obj><obj id="dda179fc-21a2-11ef-a875-a4f933b218b7" /><obj id="7c58a7f4-e0d9-11f0-af54-a4f933b218b7" /></device><device guid="0000019b88407768343ca6c3007f000000010001"><obj id="3738eda6-e0d8-11f0-b1ff-a4f933b218b7">reminder</obj><obj id="dda179fc-21a2-11ef-a875-a4f933b218b7" /><obj id="7c58a7f4-e0d9-11f0-af54-a4f933b218b7" /></device><device guid="0000019b884691dc99eb9071007f000000010001"><obj id="3738eda6-e0d8-11f0-b1ff-a4f933b218b7">reminder</obj><obj id="dda179fc-21a2-11ef-a875-a4f933b218b7" /><obj id="7c58a7f4-e0d9-11f0-af54-a4f933b218b7" /></device><device guid="0000019b8e088cd9b09f0bf2007f000000010001"><obj id="7c58a7f4-e0d9-11f0-af54-a4f933b218b7" /><obj id="dda179fc-21a2-11ef-a875-a4f933b218b7" /><obj id="3738eda6-e0d8-11f0-b1ff-a4f933b218b7">reminder</obj></device><device guid="0000019b8fab75b9bfd79b43007f000000010001"><obj id="3738eda6-e0d8-11f0-b1ff-a4f933b218b7">reminder</obj><obj id="dda179fc-21a2-11ef-a875-a4f933b218b7" /><obj id="7c58a7f4-e0d9-11f0-af54-a4f933b218b7" /></device><device guid="0000019b8fc3f807d1da21c3007f000000010001"><obj id="3738eda6-e0d8-11f0-b1ff-a4f933b218b7">reminder</obj><obj id="7c58a7f4-e0d9-11f0-af54-a4f933b218b7" /><obj id="dda179fc-21a2-11ef-a875-a4f933b218b7" /></device><device guid="0000019b8fd0e053bd5c5b35007f000000010001"><obj id="7c58a7f4-e0d9-11f0-af54-a4f933b218b7" /><obj id="dda179fc-21a2-11ef-a875-a4f933b218b7" /><obj id="3738eda6-e0d8-11f0-b1ff-a4f933b218b7">reminder</obj></device><device guid="0000019b8fde1829e54958cc007f000000010001"><obj id="7c58a7f4-e0d9-11f0-af54-a4f933b218b7" /><obj id="dda179fc-21a2-11ef-a875-a4f933b218b7" /><obj id="3738eda6-e0d8-11f0-b1ff-a4f933b218b7">reminder</obj></device><device guid="0000019b8ffdd0255e131532007f000000010001"><obj id="3738eda6-e0d8-11f0-b1ff-a4f933b218b7">reminder</obj><obj id="7c58a7f4-e0d9-11f0-af54-a4f933b218b7" /><obj id="dda179fc-21a2-11ef-a875-a4f933b218b7" /></device><device guid="0000019b9790e56295d313a3007f000000010001"><obj id="dda179fc-21a2-11ef-a875-a4f933b218b7" /><obj id="7c58a7f4-e0d9-11f0-af54-a4f933b218b7" /><obj id="3738eda6-e0d8-11f0-b1ff-a4f933b218b7">reminder</obj></device><device guid="0000019b9c1f285c136370ce007f000000010001"><obj id="7c58a7f4-e0d9-11f0-af54-a4f933b218b7" /><obj id="dda179fc-21a2-11ef-a875-a4f933b218b7" /><obj id="3738eda6-e0d8-11f0-b1ff-a4f933b218b7">reminder</obj></device><device guid="0000019ba6159a33f8ade15d007f000000010001"><obj id="3738eda6-e0d8-11f0-b1ff-a4f933b218b7">reminder</obj><obj id="7c58a7f4-e0d9-11f0-af54-a4f933b218b7" /><obj id="dda179fc-21a2-11ef-a875-a4f933b218b7" /></device><device guid="0000019ba625425108875906007f000000010001"><obj id="dda179fc-21a2-11ef-a875-a4f933b218b7" /><obj id="3738eda6-e0d8-11f0-b1ff-a4f933b218b7">reminder</obj><obj id="7c58a7f4-e0d9-11f0-af54-a4f933b218b7" /></device><device guid="0000019ba7145453bbb3acc3007f000000010001"><obj id="3738eda6-e0d8-11f0-b1ff-a4f933b218b7">reminder</obj><obj id="7c58a7f4-e0d9-11f0-af54-a4f933b218b7" /><obj id="dda179fc-21a2-11ef-a875-a4f933b218b7" /></device><device guid="0000019ba717167de32b7f22007f000000010001"><obj id="3738eda6-e0d8-11f0-b1ff-a4f933b218b7">reminder</obj><obj id="7c58a7f4-e0d9-11f0-af54-a4f933b218b7" /><obj id="dda179fc-21a2-11ef-a875-a4f933b218b7" /></device><device guid="0000019ba72006eceb4fd095007f000000010001"><obj id="3738eda6-e0d8-11f0-b1ff-a4f933b218b7">reminder</obj><obj id="7c58a7f4-e0d9-11f0-af54-a4f933b218b7" /><obj id="dda179fc-21a2-11ef-a875-a4f933b218b7" /></device><device guid="0000019ba730e5351437168a007f000000010001"><obj id="dda179fc-21a2-11ef-a875-a4f933b218b7" /><obj id="7c58a7f4-e0d9-11f0-af54-a4f933b218b7" /><obj id="3738eda6-e0d8-11f0-b1ff-a4f933b218b7">reminder</obj></device><device guid="0000019ba8c0097b9cfad9ee007f000000010001"><obj id="3738eda6-e0d8-11f0-b1ff-a4f933b218b7">reminder</obj><obj id="dda179fc-21a2-11ef-a875-a4f933b218b7" /><obj id="7c58a7f4-e0d9-11f0-af54-a4f933b218b7" /></device><device guid="0000019bf8d014de951cad4a007f000000010001"><obj id="dda179fc-21a2-11ef-a875-a4f933b218b7" /><obj id="7c58a7f4-e0d9-11f0-af54-a4f933b218b7" /><obj id="3738eda6-e0d8-11f0-b1ff-a4f933b218b7">reminder</obj></device><device guid="0000019bfb6177d99884d406007f000000010001"><obj id="3738eda6-e0d8-11f0-b1ff-a4f933b218b7">reminder</obj><obj id="7c58a7f4-e0d9-11f0-af54-a4f933b218b7" /><obj id="dda179fc-21a2-11ef-a875-a4f933b218b7" /></device><device guid="0000019bfbeff26d2acba048007f000000010001"><obj id="3738eda6-e0d8-11f0-b1ff-a4f933b218b7">reminder</obj><obj id="dda179fc-21a2-11ef-a875-a4f933b218b7" /><obj id="7c58a7f4-e0d9-11f0-af54-a4f933b218b7" /></device><device guid="0000019bfe39465b2bb9eb65007f000000010001"><obj id="3738eda6-e0d8-11f0-b1ff-a4f933b218b7">reminder</obj><obj id="dda179fc-21a2-11ef-a875-a4f933b218b7" /><obj id="7c58a7f4-e0d9-11f0-af54-a4f933b218b7" /></device><device guid="0000019bff3ad6f1a8c62751007f000000010001"><obj id="3738eda6-e0d8-11f0-b1ff-a4f933b218b7">reminder</obj><obj id="dda179fc-21a2-11ef-a875-a4f933b218b7" /><obj id="7c58a7f4-e0d9-11f0-af54-a4f933b218b7" /></device><device guid="0000019bffc3acf0adef4ee0007f000000010001"><obj id="dda179fc-21a2-11ef-a875-a4f933b218b7" /><obj id="3738eda6-e0d8-11f0-b1ff-a4f933b218b7">reminder</obj><obj id="7c58a7f4-e0d9-11f0-af54-a4f933b218b7" /></device><device guid="0000019bffc8501c7d634ad0007f000000010001"><obj id="3738eda6-e0d8-11f0-b1ff-a4f933b218b7">reminder</obj><obj id="7c58a7f4-e0d9-11f0-af54-a4f933b218b7" /><obj id="dda179fc-21a2-11ef-a875-a4f933b218b7" /></device><device guid="0000019bffe3445df0142e2f007f000000010001"><obj id="3738eda6-e0d8-11f0-b1ff-a4f933b218b7">reminder</obj><obj id="7c58a7f4-e0d9-11f0-af54-a4f933b218b7" /><obj id="dda179fc-21a2-11ef-a875-a4f933b218b7" /></device><device guid="0000019c0555b2e8406edf45007f000000010001"><obj id="7c58a7f4-e0d9-11f0-af54-a4f933b218b7" /><obj id="3738eda6-e0d8-11f0-b1ff-a4f933b218b7">reminder</obj><obj id="dda179fc-21a2-11ef-a875-a4f933b218b7" /></device><device guid="0000019c09392dd3a878f34b007f000000010001"><obj id="3738eda6-e0d8-11f0-b1ff-a4f933b218b7">reminder</obj><obj id="7c58a7f4-e0d9-11f0-af54-a4f933b218b7" /><obj id="dda179fc-21a2-11ef-a875-a4f933b218b7" /></device><device guid="0000019c0958e7dc25d7c84e007f000000010001"><obj id="7c58a7f4-e0d9-11f0-af54-a4f933b218b7" /><obj id="dda179fc-21a2-11ef-a875-a4f933b218b7" /><obj id="3738eda6-e0d8-11f0-b1ff-a4f933b218b7">reminder</obj></device><device guid="67d44e97-2dc6-4caf-ba4f-fa78185676d4"><obj id="dda179fc-21a2-11ef-a875-a4f933b218b7" /><obj id="7c58a7f4-e0d9-11f0-af54-a4f933b218b7" /><obj id="3738eda6-e0d8-11f0-b1ff-a4f933b218b7" /></device><device guid="ab4b3cdc-9a91-470c-972b-5078d0c7ffb5"><obj id="dda179fc-21a2-11ef-a875-a4f933b218b7" /><obj id="3738eda6-e0d8-11f0-b1ff-a4f933b218b7" /><obj id="7c58a7f4-e0d9-11f0-af54-a4f933b218b7" /></device><device guid="e4499d62-71dc-4328-a6b1-f5e7b1376449"><obj id="7c58a7f4-e0d9-11f0-af54-a4f933b218b7" /><obj id="dda179fc-21a2-11ef-a875-a4f933b218b7" /><obj id="3738eda6-e0d8-11f0-b1ff-a4f933b218b7" /></device><device guid="c6def1a6-6871-430b-9568-ad3672919601"><obj id="7c58a7f4-e0d9-11f0-af54-a4f933b218b7" /><obj id="3738eda6-e0d8-11f0-b1ff-a4f933b218b7" /><obj id="dda179fc-21a2-11ef-a875-a4f933b218b7" /></device><device guid="b548a446-63b4-4ac2-b515-fd0c9f93702e"><obj id="7c58a7f4-e0d9-11f0-af54-a4f933b218b7" /><obj id="dda179fc-21a2-11ef-a875-a4f933b218b7" /><obj id="3738eda6-e0d8-11f0-b1ff-a4f933b218b7" /></device><device guid="7970be35-7c2e-416d-9397-ed07d9e93110"><obj id="3738eda6-e0d8-11f0-b1ff-a4f933b218b7" /><obj id="7c58a7f4-e0d9-11f0-af54-a4f933b218b7" /><obj id="dda179fc-21a2-11ef-a875-a4f933b218b7" /></device><device guid="cfae82f8-5e3f-410a-afbb-9f91b9286b65"><obj id="7c58a7f4-e0d9-11f0-af54-a4f933b218b7" /><obj id="3738eda6-e0d8-11f0-b1ff-a4f933b218b7" /><obj id="dda179fc-21a2-11ef-a875-a4f933b218b7" /></device><device guid="a22479bc-4eac-4069-8290-7e69b1323100"><obj id="3738eda6-e0d8-11f0-b1ff-a4f933b218b7" /><obj id="7c58a7f4-e0d9-11f0-af54-a4f933b218b7" /><obj id="dda179fc-21a2-11ef-a875-a4f933b218b7" /></device><device guid="d9387760-0fc7-422e-9292-abbc99b0192a"><obj id="3738eda6-e0d8-11f0-b1ff-a4f933b218b7" /><obj id="dda179fc-21a2-11ef-a875-a4f933b218b7" /><obj id="7c58a7f4-e0d9-11f0-af54-a4f933b218b7" /></device></changes>'
2026-03-04 14:09:04,661 [INFO] taskcoachlib.persistence.taskfile: TaskFile.close règle filename sur ''
2026-03-04 14:09:04,662 [INFO] taskcoachlib.persistence.taskfile: TaskFile.setFilename : Nom de fichier défini sur : 
2026-03-04 14:09:04,662 [INFO] taskcoachlib.persistence.taskfile: taskFile.clear : Appelé : Effacement du contenu du fichier de tâches (clear)
2026-03-04 14:09:04,662 [DEBUG] taskcoachlib.gui.viewer.base: Viewer.onBeginIO : Appel de freeze pour TaskViewer, self.__freezeCount=0.
2026-03-04 14:09:04,662 [DEBUG] taskcoachlib.patterns.observer: Sorter.freeze() - Entrée
2026-03-04 14:09:04,662 [DEBUG] taskcoachlib.patterns.observer: SearchFilter.freeze() - Entrée
2026-03-04 14:09:04,662 [DEBUG] taskcoachlib.patterns.observer: ViewFilter.freeze() - Entrée
2026-03-04 14:09:04,662 [DEBUG] taskcoachlib.patterns.observer: CategoryFilter.freeze() - Entrée
2026-03-04 14:09:04,663 [DEBUG] taskcoachlib.patterns.observer: DeletedFilter.freeze() - Entrée
2026-03-04 14:09:04,663 [DEBUG] taskcoachlib.patterns.observer: DeletedFilter.freeze() - Sortie, compteur = 1
2026-03-04 14:09:04,663 [DEBUG] taskcoachlib.patterns.observer: CategoryFilter.freeze() - Sortie, compteur = 1
2026-03-04 14:09:04,663 [DEBUG] taskcoachlib.patterns.observer: ViewFilter.freeze() - Sortie, compteur = 1
2026-03-04 14:09:04,663 [DEBUG] taskcoachlib.patterns.observer: SearchFilter.freeze() - Sortie, compteur = 1
2026-03-04 14:09:04,663 [DEBUG] taskcoachlib.patterns.observer: Sorter.freeze() - Sortie, compteur = 1
2026-03-04 14:09:04,663 [DEBUG] taskcoachlib.gui.viewer.base: Viewer.onBeginIO : Appel de freeze pour EffortViewer, self.__freezeCount=1.
2026-03-04 14:09:04,663 [DEBUG] taskcoachlib.patterns.observer: EffortSorter.freeze() - Entrée
2026-03-04 14:09:04,663 [DEBUG] taskcoachlib.patterns.observer: SearchFilter.freeze() - Entrée
2026-03-04 14:09:04,663 [DEBUG] taskcoachlib.patterns.observer: EffortList.freeze() - Entrée
2026-03-04 14:09:04,663 [DEBUG] taskcoachlib.patterns.observer: CategoryFilter.freeze() - Entrée
2026-03-04 14:09:04,663 [DEBUG] taskcoachlib.patterns.observer: SearchFilter.freeze() - Entrée
2026-03-04 14:09:04,663 [DEBUG] taskcoachlib.patterns.observer: DeletedFilter.freeze() - Entrée
2026-03-04 14:09:04,663 [DEBUG] taskcoachlib.patterns.observer: SelectedItemsFilter.freeze() - Entrée
2026-03-04 14:09:04,664 [DEBUG] taskcoachlib.patterns.observer: SelectedItemsFilter.freeze() - Sortie, compteur = 2
2026-03-04 14:09:04,664 [DEBUG] taskcoachlib.patterns.observer: DeletedFilter.freeze() - Sortie, compteur = 2
2026-03-04 14:09:04,664 [DEBUG] taskcoachlib.patterns.observer: SearchFilter.freeze() - Sortie, compteur = 2
2026-03-04 14:09:04,664 [DEBUG] taskcoachlib.patterns.observer: CategoryFilter.freeze() - Sortie, compteur = 2
2026-03-04 14:09:04,664 [DEBUG] taskcoachlib.patterns.observer: EffortList.freeze() - Sortie, compteur = 2
2026-03-04 14:09:04,664 [DEBUG] taskcoachlib.patterns.observer: SearchFilter.freeze() - Sortie, compteur = 2
2026-03-04 14:09:04,664 [DEBUG] taskcoachlib.patterns.observer: EffortSorter.freeze() - Sortie, compteur = 2
2026-03-04 14:09:04,664 [DEBUG] taskcoachlib.gui.viewer.base: Viewer.onBeginIO : Appel de freeze pour CategoryViewer, self.__freezeCount=1.
2026-03-04 14:09:04,664 [DEBUG] taskcoachlib.patterns.observer: CategorySorter.freeze() - Entrée
2026-03-04 14:09:04,664 [DEBUG] taskcoachlib.patterns.observer: SearchFilter.freeze() - Entrée
2026-03-04 14:09:04,664 [DEBUG] taskcoachlib.patterns.observer: SearchFilter.freeze() - Sortie, compteur = 2
2026-03-04 14:09:04,664 [DEBUG] taskcoachlib.patterns.observer: CategorySorter.freeze() - Sortie, compteur = 2
2026-03-04 14:09:04,664 [DEBUG] taskcoachlib.gui.viewer.base: Viewer.onEndIO : Appel de thaw pour TaskViewer, self.__freezeCount=0.
2026-03-04 14:09:04,665 [DEBUG] taskcoachlib.patterns.observer: Sorter.thaw() - Entrée
2026-03-04 14:09:04,665 [DEBUG] taskcoachlib.patterns.observer: SearchFilter.thaw() - Entrée
2026-03-04 14:09:04,665 [DEBUG] taskcoachlib.patterns.observer: ViewFilter.thaw() - Entrée
2026-03-04 14:09:04,665 [DEBUG] taskcoachlib.patterns.observer: CategoryFilter.thaw() - Entrée
2026-03-04 14:09:04,665 [DEBUG] taskcoachlib.patterns.observer: DeletedFilter.thaw() - Entrée
2026-03-04 14:09:04,665 [DEBUG] taskcoachlib.patterns.observer: DeletedFilter.thaw() - Sortie, compteur = 0
2026-03-04 14:09:04,665 [DEBUG] taskcoachlib.domain.base.filter: Filter.treeMode : renvoie le mode d'arborescence actuel de DeletedFilter: False.
2026-03-04 14:09:04,665 [DEBUG] taskcoachlib.patterns.observer: CategoryFilter.thaw() - Sortie, compteur = 0
2026-03-04 14:09:04,665 [DEBUG] taskcoachlib.domain.base.filter: Filter.treeMode : renvoie le mode d'arborescence actuel de CategoryFilter: True.
2026-03-04 14:09:04,665 [DEBUG] taskcoachlib.patterns.observer: ViewFilter.thaw() - Sortie, compteur = 0
2026-03-04 14:09:04,665 [DEBUG] taskcoachlib.domain.base.filter: Filter.treeMode : renvoie le mode d'arborescence actuel de ViewFilter: True.
2026-03-04 14:09:04,665 [DEBUG] taskcoachlib.domain.base.filter: Filter.treeMode : renvoie le mode d'arborescence actuel de ViewFilter: True.
2026-03-04 14:09:04,665 [DEBUG] taskcoachlib.patterns.observer: SearchFilter.thaw() - Sortie, compteur = 0
2026-03-04 14:09:04,665 [DEBUG] taskcoachlib.domain.base.filter: Filter.treeMode : renvoie le mode d'arborescence actuel de SearchFilter: True.
2026-03-04 14:09:04,665 [DEBUG] taskcoachlib.patterns.observer: Sorter.thaw() - Sortie, compteur = 0
2026-03-04 14:09:04,665 [DEBUG] taskcoachlib.domain.task.sorter: Creating sort key function with sortKey plannedStartDateTime.
2026-03-04 14:09:04,665 [DEBUG] taskcoachlib.domain.task.sorter: Creating status sort key function with sortByTaskStatusFirst 
2026-03-04 14:09:04,665 [DEBUG] taskcoachlib.domain.task.sorter: Creating sort key function with sortKey subject.
2026-03-04 14:09:04,665 [DEBUG] taskcoachlib.domain.task.sorter: Creating status sort key function with sortByTaskStatusFirst 
2026-03-04 14:09:04,665 [DEBUG] taskcoachlib.domain.task.sorter: Creating sort key function with sortKey dueDateTime.
2026-03-04 14:09:04,665 [DEBUG] taskcoachlib.domain.task.sorter: Creating status sort key function with sortByTaskStatusFirst 
2026-03-04 14:09:04,665 [WARNING] taskcoachlib.gui.viewer.base: Viewer.onEndIO : Recréation de la présentation pour TaskViewer après thaw.
2026-03-04 14:09:04,666 [DEBUG] taskcoachlib.gui.viewer.base: Viewer.onEndIO : Appel de refresh pour TaskViewer après thaw, self.__freezeCount=0.
2026-03-04 14:09:04,666 [DEBUG] taskcoachlib.gui.viewer.base: Viewer.refresh : Appel de refresh pour TaskViewer !
2026-03-04 14:09:04,666 [DEBUG] taskcoachlib.gui.viewer.base: DEBUG refresh - tasks in model: 0
2026-03-04 14:09:04,666 [DEBUG] taskcoachlib.gui.viewer.base: DEBUG refresh - self.taskFile id : 140691474217824
2026-03-04 14:09:04,666 [DEBUG] taskcoachlib.gui.viewer.base: DEBUG id taskFile.tasks(): 140691466158160
2026-03-04 14:09:04,666 [DEBUG] taskcoachlib.gui.viewer.base: DEBUG id __presentation.observable(): 140691458271824
2026-03-04 14:09:04,666 [DEBUG] taskcoachlib.gui.viewer.base: Viewer.presentation : DEBUG presentation taskfile: 140691474217824
2026-03-04 14:09:04,666 [DEBUG] taskcoachlib.gui.viewer.base: Viewer.presentation : Retour de la présentation de TaskViewer avec 0 éléments.
2026-03-04 14:09:04,666 [DEBUG] taskcoachlib.gui.viewer.base: Viewer.presentation : Les éléments de la présentation sont : Sorter(<class 'taskcoachlib.domain.task.sorter.Sorter'>([])).
2026-03-04 14:09:04,666 [DEBUG] taskcoachlib.gui.viewer.base: DEBUG id presentation.observable(): 140691458271824
2026-03-04 14:09:04,666 [DEBUG] taskcoachlib.gui.viewer.base: Viewer.presentation : DEBUG presentation taskfile: 140691474217824
2026-03-04 14:09:04,666 [DEBUG] taskcoachlib.gui.viewer.base: Viewer.presentation : Retour de la présentation de TaskViewer avec 0 éléments.
2026-03-04 14:09:04,666 [DEBUG] taskcoachlib.gui.viewer.base: Viewer.presentation : Les éléments de la présentation sont : Sorter(<class 'taskcoachlib.domain.task.sorter.Sorter'>([])).
2026-03-04 14:09:04,666 [DEBUG] taskcoachlib.gui.viewer.base: Viewer.refresh : Rafraîchissement de la visionneuse TaskViewer avec 0 éléments.
2026-03-04 14:09:04,666 [DEBUG] taskcoachlib.gui.viewer.base: Viewer.onEndIO : Appel de thaw pour EffortViewer, self.__freezeCount=1.
2026-03-04 14:09:04,666 [DEBUG] taskcoachlib.patterns.observer: EffortSorter.thaw() - Entrée
2026-03-04 14:09:04,666 [DEBUG] taskcoachlib.patterns.observer: SearchFilter.thaw() - Entrée
2026-03-04 14:09:04,666 [DEBUG] taskcoachlib.patterns.observer: EffortList.thaw() - Entrée
2026-03-04 14:09:04,666 [DEBUG] taskcoachlib.patterns.observer: CategoryFilter.thaw() - Entrée
2026-03-04 14:09:04,666 [DEBUG] taskcoachlib.patterns.observer: SearchFilter.thaw() - Entrée
2026-03-04 14:09:04,666 [DEBUG] taskcoachlib.patterns.observer: DeletedFilter.thaw() - Entrée
2026-03-04 14:09:04,666 [DEBUG] taskcoachlib.patterns.observer: SelectedItemsFilter.thaw() - Entrée
2026-03-04 14:09:04,666 [DEBUG] taskcoachlib.patterns.observer: SelectedItemsFilter.thaw() - Sortie, compteur = 1
2026-03-04 14:09:04,666 [DEBUG] taskcoachlib.patterns.observer: DeletedFilter.thaw() - Sortie, compteur = 1
2026-03-04 14:09:04,667 [DEBUG] taskcoachlib.patterns.observer: SearchFilter.thaw() - Sortie, compteur = 1
2026-03-04 14:09:04,667 [DEBUG] taskcoachlib.patterns.observer: CategoryFilter.thaw() - Sortie, compteur = 1
2026-03-04 14:09:04,667 [DEBUG] taskcoachlib.patterns.observer: EffortList.thaw() - Sortie, compteur = 1
2026-03-04 14:09:04,667 [DEBUG] taskcoachlib.patterns.observer: SearchFilter.thaw() - Sortie, compteur = 1
2026-03-04 14:09:04,667 [DEBUG] taskcoachlib.patterns.observer: EffortSorter.thaw() - Sortie, compteur = 1
2026-03-04 14:09:04,667 [DEBUG] taskcoachlib.gui.viewer.base: Viewer.onEndIO : Appel de thaw pour CategoryViewer, self.__freezeCount=1.
2026-03-04 14:09:04,667 [DEBUG] taskcoachlib.patterns.observer: CategorySorter.thaw() - Entrée
2026-03-04 14:09:04,667 [DEBUG] taskcoachlib.patterns.observer: SearchFilter.thaw() - Entrée
2026-03-04 14:09:04,667 [DEBUG] taskcoachlib.patterns.observer: SearchFilter.thaw() - Sortie, compteur = 1
2026-03-04 14:09:04,667 [DEBUG] taskcoachlib.patterns.observer: CategorySorter.thaw() - Sortie, compteur = 1
2026-03-04 14:09:04,667 [DEBUG] taskcoachlib.persistence.taskfile: TaskFile.close terminé avec succès.
2026-03-04 14:09:04,738 [DEBUG] taskcoachlib.gui.windowdimensionstracker: SAVE: pos=(0, 0) size=(1753, 744) maximized=True
2026-03-04 14:09:04,741 [INFO] taskcoachlib.persistence.taskfile: TaskFile.stop() appelé.
2026-03-04 14:09:04,741 [INFO] taskcoachlib.application.application: Avant suppression de l'icône barre de tâches
2026-03-04 14:09:04,742 [DEBUG] taskcoachlib.gui.viewer.base: Viewer.presentation : DEBUG presentation taskfile: 140691474217824
2026-03-04 14:09:04,742 [DEBUG] taskcoachlib.gui.viewer.base: Viewer.presentation : Retour de la présentation de TaskViewer avec 0 éléments.
2026-03-04 14:09:04,742 [DEBUG] taskcoachlib.gui.viewer.base: Viewer.presentation : Les éléments de la présentation sont : Sorter(<class 'taskcoachlib.domain.task.sorter.Sorter'>([])).
2026-03-04 14:09:04,743 [INFO] taskcoachlib.application.application: Avant appel à mainwindow.OnQuit
2026-03-04 14:09:04,781 [DEBUG] taskcoachlib.widgets.treectrl: TreeListCtrl.__doRefresh : exécution du rafraîchissement planifié.
2026-03-04 14:09:04,781 [DEBUG] taskcoachlib.widgets.treectrl: TreeListCtrl.RefreshAllItems : début du rafraîchissement de tous les éléments.
2026-03-04 14:09:04,781 [DEBUG] taskcoachlib.widgets.treectrl: HyperTreeList.GetSelections : selections avant filtrage=[]
2026-03-04 14:09:04,781 [DEBUG] taskcoachlib.widgets.treectrl: HyperTreeList.GetSelections : retourne [] après avoir filtré la sélection.
2026-03-04 14:09:04,782 [DEBUG] taskcoachlib.widgets.treectrl: TreeListCtrl.RefreshAllItems : Nouvelle racine créée : <wx.lib.agw.hypertreelist.TreeListItem object at 0x7ff548deead0>
2026-03-04 14:09:04,782 [DEBUG] taskcoachlib.widgets.treectrl: TreeListCtrl.RefreshAllItems : root_item après vérification=<wx.lib.agw.hypertreelist.TreeListItem object at 0x7ff548deead0>
2026-03-04 14:09:04,782 [DEBUG] taskcoachlib.widgets.treectrl: TreeListCtrl._addObjectRecursively : ajout de l'objet None à l'interface grace à self.__adapter=<taskcoachlib.gui.viewer.task.TaskViewer object at 0x7ff548632cc0>.
2026-03-04 14:09:04,782 [DEBUG] taskcoachlib.gui.viewer.task: BaseTaskViewer.domainObjectsToView : Nombre total d'objets dans la TaskList : 0
2026-03-04 14:09:04,782 [WARNING] taskcoachlib.gui.viewer.task: BaseTaskViewer.domainObjectsToView : ALERTE : Aucune tâche n'est présente dans le modèle après le chargement.
2026-03-04 14:09:04,783 [DEBUG] taskcoachlib.gui.viewer.task: BaseTaskViewer.domainObjectsToView : Retourne les tâches à visualiser : self.taskFile.tasks()=TaskList().
2026-03-04 14:09:04,783 [DEBUG] taskcoachlib.widgets.treectrl: TreeListCtrl._addObjectRecursively : Adapter root objects: TaskList()
2026-03-04 14:09:04,783 [DEBUG] taskcoachlib.gui.viewer.base: Viewer.presentation : DEBUG presentation taskfile: 140691474217824
2026-03-04 14:09:04,783 [DEBUG] taskcoachlib.gui.viewer.base: Viewer.presentation : Retour de la présentation de TaskViewer avec 0 éléments.
2026-03-04 14:09:04,783 [DEBUG] taskcoachlib.gui.viewer.base: Viewer.presentation : Les éléments de la présentation sont : Sorter(<class 'taskcoachlib.domain.task.sorter.Sorter'>([])).
2026-03-04 14:09:04,783 [DEBUG] taskcoachlib.gui.viewer.task: TaskViewer.isTreeViewer : Demande à la présentation si le mode est arborescence. self.presentation()=Sorter(<class 'taskcoachlib.domain.task.sorter.Sorter'>([])).
2026-03-04 14:09:04,783 [DEBUG] taskcoachlib.gui.viewer.base: Viewer.presentation : DEBUG presentation taskfile: 140691474217824
2026-03-04 14:09:04,783 [DEBUG] taskcoachlib.gui.viewer.base: Viewer.presentation : Retour de la présentation de TaskViewer avec 0 éléments.
2026-03-04 14:09:04,784 [DEBUG] taskcoachlib.gui.viewer.base: Viewer.presentation : Les éléments de la présentation sont : Sorter(<class 'taskcoachlib.domain.task.sorter.Sorter'>([])).
2026-03-04 14:09:04,784 [DEBUG] taskcoachlib.gui.viewer.base: TreeViewer.children : Récupération des enfants pour None dans TaskViewer.
2026-03-04 14:09:04,784 [DEBUG] taskcoachlib.gui.viewer.base: Viewer.presentation : DEBUG presentation taskfile: 140691474217824
2026-03-04 14:09:04,784 [DEBUG] taskcoachlib.gui.viewer.base: Viewer.presentation : Retour de la présentation de TaskViewer avec 0 éléments.
2026-03-04 14:09:04,784 [DEBUG] taskcoachlib.gui.viewer.base: Viewer.presentation : Les éléments de la présentation sont : Sorter(<class 'taskcoachlib.domain.task.sorter.Sorter'>([])).
2026-03-04 14:09:04,784 [DEBUG] taskcoachlib.gui.viewer.base: TreeViewer.children : PRESENTATION IDS: []
2026-03-04 14:09:04,789 [DEBUG] taskcoachlib.gui.viewer.base: Viewer.presentation : DEBUG presentation taskfile: 140691474217824
2026-03-04 14:09:04,789 [DEBUG] taskcoachlib.gui.viewer.base: Viewer.presentation : Retour de la présentation de TaskViewer avec 0 éléments.
2026-03-04 14:09:04,789 [DEBUG] taskcoachlib.gui.viewer.base: Viewer.presentation : Les éléments de la présentation sont : Sorter(<class 'taskcoachlib.domain.task.sorter.Sorter'>([])).
2026-03-04 14:09:04,793 [DEBUG] taskcoachlib.gui.viewer.base: Viewer.presentation : DEBUG presentation taskfile: 140691474217824
2026-03-04 14:09:04,793 [DEBUG] taskcoachlib.gui.viewer.base: Viewer.presentation : Retour de la présentation de TaskViewer avec 0 éléments.
2026-03-04 14:09:04,793 [DEBUG] taskcoachlib.gui.viewer.base: Viewer.presentation : Les éléments de la présentation sont : Sorter(<class 'taskcoachlib.domain.task.sorter.Sorter'>([])).
2026-03-04 14:09:04,802 [DEBUG] taskcoachlib.gui.viewer.base: Viewer.presentation : DEBUG presentation taskfile: 140691474217824
2026-03-04 14:09:04,802 [DEBUG] taskcoachlib.gui.viewer.base: Viewer.presentation : Retour de la présentation de TaskViewer avec 0 éléments.
2026-03-04 14:09:04,802 [DEBUG] taskcoachlib.gui.viewer.base: Viewer.presentation : Les éléments de la présentation sont : Sorter(<class 'taskcoachlib.domain.task.sorter.Sorter'>([])).
2026-03-04 14:09:04,851 [DEBUG] taskcoachlib.gui.viewer.base: Viewer.presentation : DEBUG presentation taskfile: 140691474217824
2026-03-04 14:09:04,852 [DEBUG] taskcoachlib.gui.viewer.base: Viewer.presentation : Retour de la présentation de TaskViewer avec 0 éléments.
2026-03-04 14:09:04,852 [DEBUG] taskcoachlib.gui.viewer.base: Viewer.presentation : Les éléments de la présentation sont : Sorter(<class 'taskcoachlib.domain.task.sorter.Sorter'>([])).
2026-03-04 14:09:04,909 [DEBUG] taskcoachlib.gui.viewer.base: Viewer.presentation : DEBUG presentation taskfile: 140691474217824
2026-03-04 14:09:04,909 [DEBUG] taskcoachlib.gui.viewer.base: Viewer.presentation : Retour de la présentation de TaskViewer avec 0 éléments.
2026-03-04 14:09:04,910 [DEBUG] taskcoachlib.gui.viewer.base: Viewer.presentation : Les éléments de la présentation sont : Sorter(<class 'taskcoachlib.domain.task.sorter.Sorter'>([])).
2026-03-04 14:09:04,961 [DEBUG] taskcoachlib.gui.viewer.base: Viewer.presentation : DEBUG presentation taskfile: 140691474217824
2026-03-04 14:09:04,961 [DEBUG] taskcoachlib.gui.viewer.base: Viewer.presentation : Retour de la présentation de TaskViewer avec 0 éléments.
2026-03-04 14:09:04,961 [DEBUG] taskcoachlib.gui.viewer.base: Viewer.presentation : Les éléments de la présentation sont : Sorter(<class 'taskcoachlib.domain.task.sorter.Sorter'>([])).
2026-03-04 14:09:05,012 [DEBUG] taskcoachlib.gui.viewer.base: Viewer.presentation : DEBUG presentation taskfile: 140691474217824
2026-03-04 14:09:05,012 [DEBUG] taskcoachlib.gui.viewer.base: Viewer.presentation : Retour de la présentation de TaskViewer avec 0 éléments.
2026-03-04 14:09:05,012 [DEBUG] taskcoachlib.gui.viewer.base: Viewer.presentation : Les éléments de la présentation sont : Sorter(<class 'taskcoachlib.domain.task.sorter.Sorter'>([])).
2026-03-04 14:09:05,051 [DEBUG] taskcoachlib.gui.viewer.base: Viewer.presentation : DEBUG presentation taskfile: 140691474217824
2026-03-04 14:09:05,051 [DEBUG] taskcoachlib.gui.viewer.base: Viewer.presentation : Retour de la présentation de TaskViewer avec 0 éléments.
2026-03-04 14:09:05,051 [DEBUG] taskcoachlib.gui.viewer.base: Viewer.presentation : Les éléments de la présentation sont : Sorter(<class 'taskcoachlib.domain.task.sorter.Sorter'>([])).
2026-03-04 14:09:05,294 [DEBUG] taskcoachlib.gui.viewer.base: Viewer.presentation : DEBUG presentation taskfile: 140691474217824
2026-03-04 14:09:05,294 [DEBUG] taskcoachlib.gui.viewer.base: Viewer.presentation : Retour de la présentation de TaskViewer avec 0 éléments.
2026-03-04 14:09:05,294 [DEBUG] taskcoachlib.gui.viewer.base: Viewer.presentation : Les éléments de la présentation sont : Sorter(<class 'taskcoachlib.domain.task.sorter.Sorter'>([])).
2026-03-04 14:09:05,301 [DEBUG] taskcoachlib.gui.viewer.base: Viewer.presentation : DEBUG presentation taskfile: 140691474217824
2026-03-04 14:09:05,301 [DEBUG] taskcoachlib.gui.viewer.base: Viewer.presentation : Retour de la présentation de TaskViewer avec 0 éléments.
2026-03-04 14:09:05,302 [DEBUG] taskcoachlib.gui.viewer.base: Viewer.presentation : Les éléments de la présentation sont : Sorter(<class 'taskcoachlib.domain.task.sorter.Sorter'>([])).
2026-03-04 14:09:05,309 [DEBUG] taskcoachlib.gui.viewer.base: Viewer.presentation : DEBUG presentation taskfile: 140691474217824
2026-03-04 14:09:05,309 [DEBUG] taskcoachlib.gui.viewer.base: Viewer.presentation : Retour de la présentation de TaskViewer avec 0 éléments.
2026-03-04 14:09:05,310 [DEBUG] taskcoachlib.gui.viewer.base: Viewer.presentation : Les éléments de la présentation sont : Sorter(<class 'taskcoachlib.domain.task.sorter.Sorter'>([])).
2026-03-04 14:09:05,316 [DEBUG] taskcoachlib.gui.viewer.base: Viewer.presentation : DEBUG presentation taskfile: 140691474217824
2026-03-04 14:09:05,317 [DEBUG] taskcoachlib.gui.viewer.base: Viewer.presentation : Retour de la présentation de TaskViewer avec 0 éléments.
2026-03-04 14:09:05,317 [DEBUG] taskcoachlib.gui.viewer.base: Viewer.presentation : Les éléments de la présentation sont : Sorter(<class 'taskcoachlib.domain.task.sorter.Sorter'>([])).
2026-03-04 14:09:05,324 [DEBUG] taskcoachlib.gui.viewer.base: Viewer.presentation : DEBUG presentation taskfile: 140691474217824
2026-03-04 14:09:05,325 [DEBUG] taskcoachlib.gui.viewer.base: Viewer.presentation : Retour de la présentation de TaskViewer avec 0 éléments.
2026-03-04 14:09:05,325 [DEBUG] taskcoachlib.gui.viewer.base: Viewer.presentation : Les éléments de la présentation sont : Sorter(<class 'taskcoachlib.domain.task.sorter.Sorter'>([])).
2026-03-04 14:09:05,338 [DEBUG] taskcoachlib.gui.viewer.base: Viewer.presentation : DEBUG presentation taskfile: 140691474217824
2026-03-04 14:09:05,338 [DEBUG] taskcoachlib.gui.viewer.base: Viewer.presentation : Retour de la présentation de TaskViewer avec 0 éléments.
2026-03-04 14:09:05,338 [DEBUG] taskcoachlib.gui.viewer.base: Viewer.presentation : Les éléments de la présentation sont : Sorter(<class 'taskcoachlib.domain.task.sorter.Sorter'>([])).
2026-03-04 14:09:05,355 [DEBUG] taskcoachlib.gui.viewer.base: Viewer.presentation : DEBUG presentation taskfile: 140691474217824
2026-03-04 14:09:05,355 [DEBUG] taskcoachlib.gui.viewer.base: Viewer.presentation : Retour de la présentation de TaskViewer avec 0 éléments.
2026-03-04 14:09:05,355 [DEBUG] taskcoachlib.gui.viewer.base: Viewer.presentation : Les éléments de la présentation sont : Sorter(<class 'taskcoachlib.domain.task.sorter.Sorter'>([])).
2026-03-04 14:09:05,358 [DEBUG] taskcoachlib.gui.viewer.base: Viewer.presentation : DEBUG presentation taskfile: 140691474217824
2026-03-04 14:09:05,358 [DEBUG] taskcoachlib.gui.viewer.base: Viewer.presentation : Retour de la présentation de TaskViewer avec 0 éléments.
2026-03-04 14:09:05,358 [DEBUG] taskcoachlib.gui.viewer.base: Viewer.presentation : Les éléments de la présentation sont : Sorter(<class 'taskcoachlib.domain.task.sorter.Sorter'>([])).
2026-03-04 14:09:05,362 [DEBUG] taskcoachlib.gui.viewer.base: Viewer.presentation : DEBUG presentation taskfile: 140691474217824
2026-03-04 14:09:05,363 [DEBUG] taskcoachlib.gui.viewer.base: Viewer.presentation : Retour de la présentation de TaskViewer avec 0 éléments.
2026-03-04 14:09:05,363 [DEBUG] taskcoachlib.gui.viewer.base: Viewer.presentation : Les éléments de la présentation sont : Sorter(<class 'taskcoachlib.domain.task.sorter.Sorter'>([])).
2026-03-04 14:09:05,370 [DEBUG] taskcoachlib.gui.viewer.base: Viewer.presentation : DEBUG presentation taskfile: 140691474217824
2026-03-04 14:09:05,371 [DEBUG] taskcoachlib.gui.viewer.base: Viewer.presentation : Retour de la présentation de TaskViewer avec 0 éléments.
2026-03-04 14:09:05,371 [DEBUG] taskcoachlib.gui.viewer.base: Viewer.presentation : Les éléments de la présentation sont : Sorter(<class 'taskcoachlib.domain.task.sorter.Sorter'>([])).
2026-03-04 14:09:05,378 [DEBUG] taskcoachlib.gui.viewer.base: Viewer.presentation : DEBUG presentation taskfile: 140691474217824
2026-03-04 14:09:05,378 [DEBUG] taskcoachlib.gui.viewer.base: Viewer.presentation : Retour de la présentation de TaskViewer avec 0 éléments.
2026-03-04 14:09:05,378 [DEBUG] taskcoachlib.gui.viewer.base: Viewer.presentation : Les éléments de la présentation sont : Sorter(<class 'taskcoachlib.domain.task.sorter.Sorter'>([])).
2026-03-04 14:09:05,385 [DEBUG] taskcoachlib.gui.viewer.base: Viewer.presentation : DEBUG presentation taskfile: 140691474217824
2026-03-04 14:09:05,385 [DEBUG] taskcoachlib.gui.viewer.base: Viewer.presentation : Retour de la présentation de TaskViewer avec 0 éléments.
2026-03-04 14:09:05,386 [DEBUG] taskcoachlib.gui.viewer.base: Viewer.presentation : Les éléments de la présentation sont : Sorter(<class 'taskcoachlib.domain.task.sorter.Sorter'>([])).
2026-03-04 14:09:05,394 [DEBUG] taskcoachlib.gui.viewer.base: Viewer.presentation : DEBUG presentation taskfile: 140691474217824
2026-03-04 14:09:05,394 [DEBUG] taskcoachlib.gui.viewer.base: Viewer.presentation : Retour de la présentation de TaskViewer avec 0 éléments.
2026-03-04 14:09:05,395 [DEBUG] taskcoachlib.gui.viewer.base: Viewer.presentation : Les éléments de la présentation sont : Sorter(<class 'taskcoachlib.domain.task.sorter.Sorter'>([])).
2026-03-04 14:09:05,406 [DEBUG] taskcoachlib.gui.viewer.base: Viewer.presentation : DEBUG presentation taskfile: 140691474217824
2026-03-04 14:09:05,406 [DEBUG] taskcoachlib.gui.viewer.base: Viewer.presentation : Retour de la présentation de TaskViewer avec 0 éléments.
2026-03-04 14:09:05,406 [DEBUG] taskcoachlib.gui.viewer.base: Viewer.presentation : Les éléments de la présentation sont : Sorter(<class 'taskcoachlib.domain.task.sorter.Sorter'>([])).
2026-03-04 14:09:05,417 [DEBUG] taskcoachlib.gui.viewer.base: Viewer.presentation : DEBUG presentation taskfile: 140691474217824
2026-03-04 14:09:05,417 [DEBUG] taskcoachlib.gui.viewer.base: Viewer.presentation : Retour de la présentation de TaskViewer avec 0 éléments.
2026-03-04 14:09:05,417 [DEBUG] taskcoachlib.gui.viewer.base: Viewer.presentation : Les éléments de la présentation sont : Sorter(<class 'taskcoachlib.domain.task.sorter.Sorter'>([])).
2026-03-04 14:09:05,423 [DEBUG] taskcoachlib.gui.viewer.base: Viewer.presentation : DEBUG presentation taskfile: 140691474217824
2026-03-04 14:09:05,424 [DEBUG] taskcoachlib.gui.viewer.base: Viewer.presentation : Retour de la présentation de TaskViewer avec 0 éléments.
2026-03-04 14:09:05,424 [DEBUG] taskcoachlib.gui.viewer.base: Viewer.presentation : Les éléments de la présentation sont : Sorter(<class 'taskcoachlib.domain.task.sorter.Sorter'>([])).
2026-03-04 14:09:05,431 [DEBUG] taskcoachlib.gui.viewer.base: Viewer.presentation : DEBUG presentation taskfile: 140691474217824
2026-03-04 14:09:05,431 [DEBUG] taskcoachlib.gui.viewer.base: Viewer.presentation : Retour de la présentation de TaskViewer avec 0 éléments.
2026-03-04 14:09:05,432 [DEBUG] taskcoachlib.gui.viewer.base: Viewer.presentation : Les éléments de la présentation sont : Sorter(<class 'taskcoachlib.domain.task.sorter.Sorter'>([])).
2026-03-04 14:09:05,439 [DEBUG] taskcoachlib.gui.viewer.base: Viewer.presentation : DEBUG presentation taskfile: 140691474217824
2026-03-04 14:09:05,439 [DEBUG] taskcoachlib.gui.viewer.base: Viewer.presentation : Retour de la présentation de TaskViewer avec 0 éléments.
2026-03-04 14:09:05,439 [DEBUG] taskcoachlib.gui.viewer.base: Viewer.presentation : Les éléments de la présentation sont : Sorter(<class 'taskcoachlib.domain.task.sorter.Sorter'>([])).
2026-03-04 14:09:05,446 [DEBUG] taskcoachlib.gui.viewer.base: Viewer.presentation : DEBUG presentation taskfile: 140691474217824
2026-03-04 14:09:05,447 [DEBUG] taskcoachlib.gui.viewer.base: Viewer.presentation : Retour de la présentation de TaskViewer avec 0 éléments.
2026-03-04 14:09:05,447 [DEBUG] taskcoachlib.gui.viewer.base: Viewer.presentation : Les éléments de la présentation sont : Sorter(<class 'taskcoachlib.domain.task.sorter.Sorter'>([])).
2026-03-04 14:09:05,454 [DEBUG] taskcoachlib.gui.viewer.base: Viewer.presentation : DEBUG presentation taskfile: 140691474217824
2026-03-04 14:09:05,454 [DEBUG] taskcoachlib.gui.viewer.base: Viewer.presentation : Retour de la présentation de TaskViewer avec 0 éléments.
2026-03-04 14:09:05,455 [DEBUG] taskcoachlib.gui.viewer.base: Viewer.presentation : Les éléments de la présentation sont : Sorter(<class 'taskcoachlib.domain.task.sorter.Sorter'>([])).
2026-03-04 14:09:05,462 [DEBUG] taskcoachlib.gui.viewer.base: Viewer.presentation : DEBUG presentation taskfile: 140691474217824
2026-03-04 14:09:05,462 [DEBUG] taskcoachlib.gui.viewer.base: Viewer.presentation : Retour de la présentation de TaskViewer avec 0 éléments.
2026-03-04 14:09:05,462 [DEBUG] taskcoachlib.gui.viewer.base: Viewer.presentation : Les éléments de la présentation sont : Sorter(<class 'taskcoachlib.domain.task.sorter.Sorter'>([])).
2026-03-04 14:09:05,935 [DEBUG] taskcoachlib.gui.viewer.base: Viewer.presentation : DEBUG presentation taskfile: 140691474217824
2026-03-04 14:09:05,935 [DEBUG] taskcoachlib.gui.viewer.base: Viewer.presentation : Retour de la présentation de TaskViewer avec 0 éléments.
2026-03-04 14:09:05,935 [DEBUG] taskcoachlib.gui.viewer.base: Viewer.presentation : Les éléments de la présentation sont : Sorter(<class 'taskcoachlib.domain.task.sorter.Sorter'>([])).
2026-03-04 14:09:06,116 [DEBUG] taskcoachlib.gui.viewer.base: Viewer.presentation : DEBUG presentation taskfile: 140691474217824
2026-03-04 14:09:06,116 [DEBUG] taskcoachlib.gui.viewer.base: Viewer.presentation : Retour de la présentation de TaskViewer avec 0 éléments.
2026-03-04 14:09:06,117 [DEBUG] taskcoachlib.gui.viewer.base: Viewer.presentation : Les éléments de la présentation sont : Sorter(<class 'taskcoachlib.domain.task.sorter.Sorter'>([])).
2026-03-04 14:09:06,457 [DEBUG] taskcoachlib.gui.viewer.base: Viewer.presentation : DEBUG presentation taskfile: 140691474217824
2026-03-04 14:09:06,458 [DEBUG] taskcoachlib.gui.viewer.base: Viewer.presentation : Retour de la présentation de TaskViewer avec 0 éléments.
2026-03-04 14:09:06,458 [DEBUG] taskcoachlib.gui.viewer.base: Viewer.presentation : Les éléments de la présentation sont : Sorter(<class 'taskcoachlib.domain.task.sorter.Sorter'>([])).
2026-03-04 14:09:06,464 [DEBUG] taskcoachlib.gui.viewer.base: Viewer.presentation : DEBUG presentation taskfile: 140691474217824
2026-03-04 14:09:06,465 [DEBUG] taskcoachlib.gui.viewer.base: Viewer.presentation : Retour de la présentation de TaskViewer avec 0 éléments.
2026-03-04 14:09:06,465 [DEBUG] taskcoachlib.gui.viewer.base: Viewer.presentation : Les éléments de la présentation sont : Sorter(<class 'taskcoachlib.domain.task.sorter.Sorter'>([])).
2026-03-04 14:09:06,482 [DEBUG] taskcoachlib.gui.viewer.base: Viewer.presentation : DEBUG presentation taskfile: 140691474217824
2026-03-04 14:09:06,482 [DEBUG] taskcoachlib.gui.viewer.base: Viewer.presentation : Retour de la présentation de TaskViewer avec 0 éléments.
2026-03-04 14:09:06,482 [DEBUG] taskcoachlib.gui.viewer.base: Viewer.presentation : Les éléments de la présentation sont : Sorter(<class 'taskcoachlib.domain.task.sorter.Sorter'>([])).
2026-03-04 14:09:06,498 [DEBUG] taskcoachlib.gui.viewer.base: Viewer.presentation : DEBUG presentation taskfile: 140691474217824
2026-03-04 14:09:06,498 [DEBUG] taskcoachlib.gui.viewer.base: Viewer.presentation : Retour de la présentation de TaskViewer avec 0 éléments.
2026-03-04 14:09:06,498 [DEBUG] taskcoachlib.gui.viewer.base: Viewer.presentation : Les éléments de la présentation sont : Sorter(<class 'taskcoachlib.domain.task.sorter.Sorter'>([])).
2026-03-04 14:09:06,516 [DEBUG] taskcoachlib.gui.viewer.base: Viewer.presentation : DEBUG presentation taskfile: 140691474217824
2026-03-04 14:09:06,516 [DEBUG] taskcoachlib.gui.viewer.base: Viewer.presentation : Retour de la présentation de TaskViewer avec 0 éléments.
2026-03-04 14:09:06,516 [DEBUG] taskcoachlib.gui.viewer.base: Viewer.presentation : Les éléments de la présentation sont : Sorter(<class 'taskcoachlib.domain.task.sorter.Sorter'>([])).
2026-03-04 14:09:06,532 [DEBUG] taskcoachlib.gui.viewer.base: Viewer.presentation : DEBUG presentation taskfile: 140691474217824
2026-03-04 14:09:06,532 [DEBUG] taskcoachlib.gui.viewer.base: Viewer.presentation : Retour de la présentation de TaskViewer avec 0 éléments.
2026-03-04 14:09:06,533 [DEBUG] taskcoachlib.gui.viewer.base: Viewer.presentation : Les éléments de la présentation sont : Sorter(<class 'taskcoachlib.domain.task.sorter.Sorter'>([])).
2026-03-04 14:09:06,549 [DEBUG] taskcoachlib.gui.viewer.base: Viewer.presentation : DEBUG presentation taskfile: 140691474217824
2026-03-04 14:09:06,549 [DEBUG] taskcoachlib.gui.viewer.base: Viewer.presentation : Retour de la présentation de TaskViewer avec 0 éléments.
2026-03-04 14:09:06,549 [DEBUG] taskcoachlib.gui.viewer.base: Viewer.presentation : Les éléments de la présentation sont : Sorter(<class 'taskcoachlib.domain.task.sorter.Sorter'>([])).
2026-03-04 14:09:06,565 [DEBUG] taskcoachlib.gui.viewer.base: Viewer.presentation : DEBUG presentation taskfile: 140691474217824
2026-03-04 14:09:06,566 [DEBUG] taskcoachlib.gui.viewer.base: Viewer.presentation : Retour de la présentation de TaskViewer avec 0 éléments.
2026-03-04 14:09:06,566 [DEBUG] taskcoachlib.gui.viewer.base: Viewer.presentation : Les éléments de la présentation sont : Sorter(<class 'taskcoachlib.domain.task.sorter.Sorter'>([])).
2026-03-04 14:09:06,582 [DEBUG] taskcoachlib.gui.viewer.base: Viewer.presentation : DEBUG presentation taskfile: 140691474217824
2026-03-04 14:09:06,583 [DEBUG] taskcoachlib.gui.viewer.base: Viewer.presentation : Retour de la présentation de TaskViewer avec 0 éléments.
2026-03-04 14:09:06,583 [DEBUG] taskcoachlib.gui.viewer.base: Viewer.presentation : Les éléments de la présentation sont : Sorter(<class 'taskcoachlib.domain.task.sorter.Sorter'>([])).
2026-03-04 14:09:06,597 [DEBUG] taskcoachlib.gui.viewer.base: Viewer.presentation : DEBUG presentation taskfile: 140691474217824
2026-03-04 14:09:06,597 [DEBUG] taskcoachlib.gui.viewer.base: Viewer.presentation : Retour de la présentation de TaskViewer avec 0 éléments.
2026-03-04 14:09:06,598 [DEBUG] taskcoachlib.gui.viewer.base: Viewer.presentation : Les éléments de la présentation sont : Sorter(<class 'taskcoachlib.domain.task.sorter.Sorter'>([])).
2026-03-04 14:09:06,614 [DEBUG] taskcoachlib.gui.viewer.base: Viewer.presentation : DEBUG presentation taskfile: 140691474217824
2026-03-04 14:09:06,615 [DEBUG] taskcoachlib.gui.viewer.base: Viewer.presentation : Retour de la présentation de TaskViewer avec 0 éléments.
2026-03-04 14:09:06,615 [DEBUG] taskcoachlib.gui.viewer.base: Viewer.presentation : Les éléments de la présentation sont : Sorter(<class 'taskcoachlib.domain.task.sorter.Sorter'>([])).
2026-03-04 14:09:06,632 [DEBUG] taskcoachlib.gui.viewer.base: Viewer.presentation : DEBUG presentation taskfile: 140691474217824
2026-03-04 14:09:06,632 [DEBUG] taskcoachlib.gui.viewer.base: Viewer.presentation : Retour de la présentation de TaskViewer avec 0 éléments.
2026-03-04 14:09:06,633 [DEBUG] taskcoachlib.gui.viewer.base: Viewer.presentation : Les éléments de la présentation sont : Sorter(<class 'taskcoachlib.domain.task.sorter.Sorter'>([])).
2026-03-04 14:09:06,649 [DEBUG] taskcoachlib.gui.viewer.base: Viewer.presentation : DEBUG presentation taskfile: 140691474217824
2026-03-04 14:09:06,649 [DEBUG] taskcoachlib.gui.viewer.base: Viewer.presentation : Retour de la présentation de TaskViewer avec 0 éléments.
2026-03-04 14:09:06,649 [DEBUG] taskcoachlib.gui.viewer.base: Viewer.presentation : Les éléments de la présentation sont : Sorter(<class 'taskcoachlib.domain.task.sorter.Sorter'>([])).
2026-03-04 14:09:06,665 [DEBUG] taskcoachlib.gui.viewer.base: Viewer.presentation : DEBUG presentation taskfile: 140691474217824
2026-03-04 14:09:06,665 [DEBUG] taskcoachlib.gui.viewer.base: Viewer.presentation : Retour de la présentation de TaskViewer avec 0 éléments.
2026-03-04 14:09:06,666 [DEBUG] taskcoachlib.gui.viewer.base: Viewer.presentation : Les éléments de la présentation sont : Sorter(<class 'taskcoachlib.domain.task.sorter.Sorter'>([])).
2026-03-04 14:09:06,776 [DEBUG] taskcoachlib.gui.viewer.base: Viewer.presentation : DEBUG presentation taskfile: 140691474217824
2026-03-04 14:09:06,777 [DEBUG] taskcoachlib.gui.viewer.base: Viewer.presentation : Retour de la présentation de TaskViewer avec 0 éléments.
2026-03-04 14:09:06,777 [DEBUG] taskcoachlib.gui.viewer.base: Viewer.presentation : Les éléments de la présentation sont : Sorter(<class 'taskcoachlib.domain.task.sorter.Sorter'>([])).
2026-03-04 14:09:06,795 [DEBUG] taskcoachlib.gui.viewer.base: Viewer.presentation : DEBUG presentation taskfile: 140691474217824
2026-03-04 14:09:06,795 [DEBUG] taskcoachlib.gui.viewer.base: Viewer.presentation : Retour de la présentation de TaskViewer avec 0 éléments.
2026-03-04 14:09:06,795 [DEBUG] taskcoachlib.gui.viewer.base: Viewer.presentation : Les éléments de la présentation sont : Sorter(<class 'taskcoachlib.domain.task.sorter.Sorter'>([])).
2026-03-04 14:09:06,815 [DEBUG] taskcoachlib.gui.viewer.base: Viewer.presentation : DEBUG presentation taskfile: 140691474217824
2026-03-04 14:09:06,815 [DEBUG] taskcoachlib.gui.viewer.base: Viewer.presentation : Retour de la présentation de TaskViewer avec 0 éléments.
2026-03-04 14:09:06,816 [DEBUG] taskcoachlib.gui.viewer.base: Viewer.presentation : Les éléments de la présentation sont : Sorter(<class 'taskcoachlib.domain.task.sorter.Sorter'>([])).
2026-03-04 14:09:06,830 [DEBUG] taskcoachlib.gui.viewer.base: Viewer.presentation : DEBUG presentation taskfile: 140691474217824
2026-03-04 14:09:06,831 [DEBUG] taskcoachlib.gui.viewer.base: Viewer.presentation : Retour de la présentation de TaskViewer avec 0 éléments.
2026-03-04 14:09:06,831 [DEBUG] taskcoachlib.gui.viewer.base: Viewer.presentation : Les éléments de la présentation sont : Sorter(<class 'taskcoachlib.domain.task.sorter.Sorter'>([])).
2026-03-04 14:09:06,959 [INFO] taskcoachlib.gui.mainwindow: MainWindow.setShutdownInProgress : Le processus d'arrêt de l'application est en cours. Plus aucune action durant cette phase !
2026-03-04 14:09:06,960 [INFO] taskcoachlib.gui.mainwindow: mainWindow.onClose : Fermeture de la fenêtre par l'utilisateur.
2026-03-04 14:09:06,960 [INFO] taskcoachlib.application.application: Application.quitApplication : Début de la Fermeture de l'application
2026-03-04 14:09:06,960 [DEBUG] taskcoachlib.gui.mainwindow: MainWindow.onCLose : Fermeture des éditeurs
2026-03-04 14:09:06,960 [INFO] taskcoachlib.gui.mainwindow: MainWindow.closeEditors : Fermeture de tous les éditeurs ouverts dans la fenêtre principale.
2026-03-04 14:09:06,960 [DEBUG] taskcoachlib.gui.mainwindow: MainWindow.onClose : Quitter avec event.Skip()
2026-03-04 14:09:06,961 [INFO] taskcoachlib.persistence.taskfile: TaskFile.stop() appelé.
2026-03-04 14:09:06,961 [INFO] taskcoachlib.gui.mainwindow: MainWindow.closeEditors : Fermeture de tous les éditeurs ouverts dans la fenêtre principale.
2026-03-04 14:09:06,961 [INFO] taskcoachlib.gui.mainwindow: MainWindow.onCLose : Fenêtre fermée par l'utilisateur
2026-03-04 14:09:06,961 [INFO] taskcoachlib.application.application: Avant appel sys.exit()
2026-03-04 14:09:06,962 [INFO] taskcoachlib.application.application: Fenêtre principale détruite, appel de sys.exit()
2026-03-04 14:09:06,962 [INFO] taskcoachlib.application.application: Threads actifs avant sys.exit(): [<_MainThread(MainThread, started 140692886571968)>, <DeveloperMessageChecker(Thread-2, started 140691604305600)>]
2026-03-04 14:09:06,962 [DEBUG] taskcoachlib.application.application: Thread: MainThread, Daemon: False, Class: <class 'threading._MainThread'>
2026-03-04 14:09:06,964 [DEBUG] taskcoachlib.application.application: Stack for thread MainThread:
  File "/home/sylvain/Téléchargements/src/task-coach-git/taskcoach/taskcoach.py", line 305, in <module>
    start()
  File "/home/sylvain/Téléchargements/src/task-coach-git/taskcoach/taskcoach.py", line 298, in start
    app.start()
  File "/home/sylvain/Téléchargements/src/task-coach-git/taskcoach/taskcoachlib/application/application.py", line 743, in start
    self.__wx_app.MainLoop()
  File "/home/sylvain/Téléchargements/src/task-coach-git/venv/lib/python3.14/site-packages/wx/core.py", line 2254, in MainLoop
    rv = wx.PyApp.MainLoop(self)
  File "/home/sylvain/Téléchargements/src/task-coach-git/taskcoach/taskcoachlib/gui/mainwindow.py", line 1103, in onClose
    application.Application().quitApplication()
  File "/home/sylvain/Téléchargements/src/task-coach-git/taskcoach/taskcoachlib/application/application.py", line 1727, in quitApplication
    stack = _stack_for_thread(t, frames)
2026-03-04 14:09:06,964 [DEBUG] taskcoachlib.application.application: Thread: Thread-2, Daemon: False, Class: <class 'taskcoachlib.meta.developermessagechecker.DeveloperMessageChecker'>
2026-03-04 14:09:06,967 [DEBUG] taskcoachlib.application.application: Stack for thread Thread-2:
  File "/usr/lib/python3.14/threading.py", line 1044, in _bootstrap
    self._bootstrap_inner()
  File "/usr/lib/python3.14/threading.py", line 1082, in _bootstrap_inner
    self._context.run(self.run)
  File "/home/sylvain/Téléchargements/src/task-coach-git/taskcoach/taskcoachlib/meta/developermessagechecker.py", line 40, in run
    message, url = self.__get_message()  # urllib.error.URLError: <urlopen error [Errno -2] Nom ou service inconnu>
  File "/home/sylvain/Téléchargements/src/task-coach-git/taskcoach/taskcoachlib/meta/developermessagechecker.py", line 55, in __get_message
    return self.__parse_message_file(self.__retrieve_message_file())
  File "/home/sylvain/Téléchargements/src/task-coach-git/taskcoach/taskcoachlib/meta/developermessagechecker.py", line 98, in __retrieve_message_file
    return self.__urlopen(data.message_url)
  File "/usr/lib/python3.14/urllib/request.py", line 187, in urlopen
    return opener.open(url, data, timeout)
  File "/usr/lib/python3.14/urllib/request.py", line 487, in open
    response = self._open(req, data)
  File "/usr/lib/python3.14/urllib/request.py", line 504, in _open
    result = self._call_chain(self.handle_open, protocol, protocol +
  File "/usr/lib/python3.14/urllib/request.py", line 464, in _call_chain
    result = func(*args)
  File "/usr/lib/python3.14/urllib/request.py", line 1369, in https_open
    return self.do_open(http.client.HTTPSConnection, req,
  File "/usr/lib/python3.14/urllib/request.py", line 1325, in do_open
    r = h.getresponse()
  File "/usr/lib/python3.14/http/client.py", line 1450, in getresponse
    response.begin()
  File "/usr/lib/python3.14/http/client.py", line 336, in begin
    version, status, reason = self._read_status()
  File "/usr/lib/python3.14/http/client.py", line 297, in _read_status
    line = str(self.fp.readline(_MAXLINE + 1), "iso-8859-1")
  File "/usr/lib/python3.14/socket.py", line 725, in readinto
    return self._sock.recv_into(b)
  File "/usr/lib/python3.14/ssl.py", line 1304, in recv_into
    return self.read(nbytes, buffer)
  File "/usr/lib/python3.14/ssl.py", line 1138, in read
    return self._sslobj.read(len, buffer)
2026-03-04 14:09:06,967 [DEBUG] taskcoachlib.application.application: Application.quitApplication : Essaie de quitter proprement l'application avec sys.exit().
