2026-02-23 19:09:23,303 [INFO] __main__: ****************************************************************
2026-02-23 19:09:23,303 [INFO] __main__: *               Démarrage de Task Coach                          *
2026-02-23 19:09:23,303 [INFO] __main__: ****************************************************************
2026-02-23 19:09:23,303 [INFO] __main__: Environnement non frozen détecté (mode développement)
2026-02-23 19:09:23,303 [INFO] __main__: Lancement du programme Task Coach via taskcoach.py et les arguments d'ArgumentParser.
2026-02-23 19:09:23,453 [INFO] taskcoachlib.application: application avec wx
2026-02-23 19:09:23,846 [DEBUG] taskcoachlib.filesystem: filesystem : _system=Linux
2026-02-23 19:09:24,359 [INFO] __main__: Arguments analysés : options={'profile': False, 'skipstart': False, 'inifile': None, 'language': None, 'pofile': None, 'gui_name': 'wx'}, args=[]
2026-02-23 19:09:24,359 [DEBUG] taskcoachlib.config.settings: --- Settings.__init__ entrée ---
2026-02-23 19:09:24,359 [DEBUG] taskcoachlib.config.settings:   load: True
2026-02-23 19:09:24,359 [DEBUG] taskcoachlib.config.settings:   iniFile (reçu par Settings): None
2026-02-23 19:09:24,359 [DEBUG] taskcoachlib.config.settings:   *args (reçus par Settings): ()
2026-02-23 19:09:24,359 [DEBUG] taskcoachlib.config.settings:   **kwargs (reçus par Settings): {}
2026-02-23 19:09:24,361 [INFO] taskcoachlib.config.settings: Settings.__init__ avec wx.
2026-02-23 19:09:24,368 [INFO] taskcoachlib.config.settings: Settings.__init__ terminé avec succès !
2026-02-23 19:09:24,450 [INFO] taskcoachlib.application.application: Application.init: Initialisation des composants de l'application.
2026-02-23 19:09:24,450 [DEBUG] taskcoachlib.config.settings: --- Settings.__init__ entrée ---
2026-02-23 19:09:24,450 [DEBUG] taskcoachlib.config.settings:   load: True
2026-02-23 19:09:24,450 [DEBUG] taskcoachlib.config.settings:   iniFile (reçu par Settings): None
2026-02-23 19:09:24,450 [DEBUG] taskcoachlib.config.settings:   *args (reçus par Settings): ()
2026-02-23 19:09:24,450 [DEBUG] taskcoachlib.config.settings:   **kwargs (reçus par Settings): {}
2026-02-23 19:09:24,452 [INFO] taskcoachlib.config.settings: Settings.__init__ avec wx.
2026-02-23 19:09:24,455 [INFO] taskcoachlib.config.settings: Settings.__init__ terminé avec succès !
2026-02-23 19:09:24,455 [DEBUG] taskcoachlib.application.application: Application.__check_file_lock_early : Checking lock for last file: 
2026-02-23 19:09:24,456 [DEBUG] taskcoachlib.application.application: Application.__check_file_lock_early : filename to check for lock: 
2026-02-23 19:09:24,456 [DEBUG] taskcoachlib.application.application: Application.__check_file_lock_early : No file to check for lock.
2026-02-23 19:09:24,468 [INFO] taskcoachlib.persistence.taskfile: Initialisation de TaskFile
2026-02-23 19:09:24,469 [DEBUG] taskcoachlib.filesystem.fs_inotify: FilesystemNotifier.__init__ : initialisation du notificateur utilisant inotify
2026-02-23 19:09:24,632 [DEBUG] taskcoachlib.filesystem.fs_inotify: FilesystemNotifier initialisé !
2026-02-23 19:09:24,637 [INFO] taskcoachlib.persistence.taskfile: TaskFile initialisé.
