2026-02-28 14:40:33,055 [INFO] __main__: ****************************************************************
2026-02-28 14:40:33,055 [INFO] __main__: *               Démarrage de Task Coach                          *
2026-02-28 14:40:33,055 [INFO] __main__: ****************************************************************
2026-02-28 14:40:33,055 [INFO] __main__: Environnement non frozen détecté (mode développement)
2026-02-28 14:40:33,055 [INFO] __main__: Lancement du programme Task Coach via taskcoach.py et les arguments d'ArgumentParser.
2026-02-28 14:40:33,193 [INFO] taskcoachlib.application: application avec wx
2026-02-28 14:40:33,424 [DEBUG] taskcoachlib.filesystem: filesystem : _system=Linux
2026-02-28 14:40:33,819 [INFO] __main__: Arguments analysés : options={'profile': False, 'skipstart': False, 'inifile': None, 'language': None, 'pofile': None, 'gui_name': 'wx'}, args=[]
2026-02-28 14:40:33,819 [DEBUG] taskcoachlib.config.settings: --- Settings.__init__ entrée ---
2026-02-28 14:40:33,819 [DEBUG] taskcoachlib.config.settings:   load: True
2026-02-28 14:40:33,819 [DEBUG] taskcoachlib.config.settings:   iniFile (reçu par Settings): None
2026-02-28 14:40:33,819 [DEBUG] taskcoachlib.config.settings:   *args (reçus par Settings): ()
2026-02-28 14:40:33,819 [DEBUG] taskcoachlib.config.settings:   **kwargs (reçus par Settings): {}
2026-02-28 14:40:33,821 [INFO] taskcoachlib.config.settings: Settings.__init__ avec wx.
2026-02-28 14:40:33,826 [INFO] taskcoachlib.config.settings: Settings.__init__ terminé avec succès !
2026-02-28 14:40:33,893 [INFO] taskcoachlib.application.application: Application.init: Initialisation des composants de l'application.
2026-02-28 14:40:33,893 [DEBUG] taskcoachlib.application.application: Application.__check_file_lock_early : Checking lock for last file: /home/sylvain/Documents/TaskCoach/Test.tsk
2026-02-28 14:40:33,893 [DEBUG] taskcoachlib.application.application: Application.__check_file_lock_early : filename to check for lock: /home/sylvain/Documents/TaskCoach/Test.tsk
2026-02-28 14:40:33,894 [DEBUG] taskcoachlib.application.application: Application.__check_file_lock_early : Lock file path: /home/sylvain/Documents/TaskCoach/Test.tsk.lock, acquired: True
2026-02-28 14:40:33,894 [DEBUG] taskcoachlib.application.application: Application.__check_file_lock_early : User chose to skip the lock.
2026-02-28 14:40:33,894 [DEBUG] taskcoachlib.application.application: Application.__check_file_lock_early : Final early lock result: ok
2026-02-28 14:40:33,899 [INFO] taskcoachlib.persistence.taskfile: Initialisation de TaskFile avec des arguments : (), {'poll': False}
2026-02-28 14:40:33,899 [INFO] taskcoachlib.persistence.taskfile: TaskFile : self.__tasks = TaskList()
2026-02-28 14:40:33,901 [DEBUG] taskcoachlib.filesystem.fs_inotify: FilesystemNotifier.__init__ : initialisation du notificateur utilisant inotify
2026-02-28 14:40:34,007 [DEBUG] taskcoachlib.filesystem.fs_inotify: FilesystemNotifier initialisé !
2026-02-28 14:40:34,011 [INFO] taskcoachlib.persistence.taskfile: TaskFile : TaskFile initialisé avec filename='', guid='e739b36b-4c98-4837-bf61-66b667deff35' et syncMLConfig='None'.
2026-02-28 14:40:34,011 [INFO] taskcoachlib.persistence.taskfile: TaskFile : Tâche de base initialisée : 
2026-02-28 14:40:34,011 [INFO] taskcoachlib.persistence.taskfile: TaskFile : Tâches initiales : TaskList()
2026-02-28 14:40:34,011 [INFO] taskcoachlib.persistence.taskfile: TaskFile : Notes initiales : NoteContainer()
2026-02-28 14:40:34,011 [INFO] taskcoachlib.persistence.taskfile: TaskFile initialisé.
2026-02-28 14:40:34,012 [DEBUG] taskcoachlib.application.application: Application.init: le fichier à ouvrir est self.taskfile = .
2026-02-28 14:40:34,012 [WARNING] taskcoachlib.application.application: Application.init:  id(self.taskFile) : 139987348356608
2026-02-28 14:40:34,013 [WARNING] taskcoachlib.application.application: Application.init: Nb tâches viewer: 0
2026-02-28 14:40:34,013 [INFO] taskcoachlib.application.application: Application.init : loadTaskFile est coché ?
2026-02-28 14:40:34,013 [INFO] taskcoachlib.application.application: Ouverture automatique du dernier fichier : /home/sylvain/Documents/TaskCoach/Test.tsk
2026-02-28 14:40:34,013 [INFO] taskcoachlib.gui.iocontroller: IOController.openAfterStart : Ouvre le fichier spécifié en ligne de commande ou le dernier fichier ouvert par l'utilisateur, ou aucun fichier du tout.
2026-02-28 14:40:34,013 [INFO] taskcoachlib.gui.iocontroller: IOController.openAfterStart : commandLineArgs=['/home/sylvain/Documents/TaskCoach/Test.tsk']
2026-02-28 14:40:34,013 [INFO] taskcoachlib.gui.iocontroller: IOController.openAfterStart : Enregistre /home/sylvain/Documents/TaskCoach/Test.tsk comme nom de fichier.
2026-02-28 14:40:34,013 [INFO] taskcoachlib.gui.iocontroller: IOController.openAfterStart : Appelle CallAfter avec la méthode self.open=<class 'method'> et filename=/home/sylvain/Documents/TaskCoach/Test.tsk
2026-02-28 14:40:34,013 [INFO] taskcoachlib.gui.iocontroller: IOController.openAfterStart : Appelle CallAfter réussi. Terminé.
2026-02-28 14:40:34,013 [WARNING] taskcoachlib.gui.iocontroller: IOController.openAfterStart : TaskViewer model id(self.__taskFile): 139987348356608
2026-02-28 14:40:34,013 [WARNING] taskcoachlib.gui.iocontroller: IOController.openAfterStart : Real taskfile id(filename): 139987347296336
2026-02-28 14:40:34,013 [WARNING] taskcoachlib.gui.iocontroller: IOController.openAfterStart : Nb tâches : 0
2026-02-28 14:40:34,013 [WARNING] taskcoachlib.application.application: Application.taskFile id = 139987348356608
2026-02-28 14:40:34,013 [WARNING] taskcoachlib.application.application: Application.taskFile.tasks id = 139987345506384
2026-02-28 14:40:34,013 [INFO] taskcoachlib.application.application: Application.init: Initialisation de la fenêtre principale.
2026-02-28 14:40:34,013 [INFO] taskcoachlib.gui.mainwindow: Début d'initialisation de MainWindow
2026-02-28 14:40:34,016 [INFO] taskcoachlib.gui.mainwindow: MainWindow : self.GetId() id=-31962
2026-02-28 14:40:34,017 [DEBUG] taskcoachlib.gui.windowdimensionstracker: Running on Wayland - window positioning blocked by compositor
2026-02-28 14:40:34,017 [DEBUG] taskcoachlib.gui.windowdimensionstracker: LOAD: pos=(0, 0) size=(1753, 744) maximized=True
2026-02-28 14:40:34,017 [DEBUG] taskcoachlib.gui.windowdimensionstracker: _validate_geometry: checking pos=(0, 0) size=(1753, 744) against 1 monitors
2026-02-28 14:40:34,017 [DEBUG] taskcoachlib.gui.windowdimensionstracker: Monitor 0: geometry=1920x1080 work_area=1920x1080
2026-02-28 14:40:34,017 [DEBUG] taskcoachlib.gui.windowdimensionstracker:   Geometry valid for monitor 0
2026-02-28 14:40:34,018 [DEBUG] taskcoachlib.gui.windowdimensionstracker: Set desired: pos=(0, 0) size=(1753, 744) maximized=True
2026-02-28 14:40:34,018 [DEBUG] taskcoachlib.gui.windowdimensionstracker: _log_position_tick: ready=False
2026-02-28 14:40:34,018 [DEBUG] taskcoachlib.gui.windowdimensionstracker: POS_LOG [0.00s]: pos=(0, 0) size=(1753, 744) max=False
2026-02-28 14:40:34,018 [DEBUG] taskcoachlib.gui.windowdimensionstracker: _log_position_tick: scheduled next tick in 50ms
2026-02-28 14:40:34,018 [INFO] taskcoachlib.gui.mainwindow: MainWindow : Initialisation de WindowDimensionsTracker pour la gestion de la taille et de la position de la fenêtre.
2026-02-28 14:40:34,018 [INFO] taskcoachlib.gui.mainwindow: MainWindow : Création et initialisation des composants de la fenêtre :
2026-02-28 14:40:34,018 [DEBUG] taskcoachlib.gui.mainwindow: MainWindow._create_window_components : création du conteneur pour les visionneuses.
2026-02-28 14:40:34,018 [DEBUG] taskcoachlib.gui.mainwindow: MainWindow._create_viewer_container : utilise viewer.container.ViewerContainer pour créer le conteneur de visionneuses.
2026-02-28 14:40:34,019 [DEBUG] taskcoachlib.gui.mainwindow: MainWindow._create_viewer_container : conteneur de visionneuses créé !
2026-02-28 14:40:34,019 [DEBUG] taskcoachlib.gui.mainwindow: MainWindow._create_window_components : Lance une classe-méthode pour ajouter des viewers.
2026-02-28 14:40:34,019 [DEBUG] taskcoachlib.gui.viewer.factory: addViewers.__add_viewers : Adding viewer of class <class 'taskcoachlib.gui.viewer.task.TaskViewer'>
2026-02-28 14:40:34,019 [WARNING] taskcoachlib.gui.viewer.factory: addViewers.__add_viewers : viewer_instance = TaskViewer((<taskcoachlib.gui.mainwindow.MainWindow object at 0x7f512e760560>, <taskcoachlib.persistence.taskfile.LockedTaskFile object at 0x7f51582bfe00>, <taskcoachlib.config.settings.Settings object at 0x7f51582bf770>), {})
2026-02-28 14:40:34,019 [DEBUG] taskcoachlib.gui.viewer.task: TaskViewer.__init__ : Initialisation, Création du Visualiseur de tâches standard.
2026-02-28 14:40:34,019 [DEBUG] taskcoachlib.gui.viewer.mixin: ManualOrderingMixin.__init__ : initialisation de l'ordre manuel.
2026-02-28 14:40:34,019 [DEBUG] taskcoachlib.gui.viewer.mixin: ManualOrderingMixin.__init__ : ajoute 'sort' à la liste des icones visibles pour le tri manuel.
2026-02-28 14:40:34,019 [DEBUG] taskcoachlib.gui.viewer.mixin: SortableViewerMixin.__init__ : initialisation d'une visionneuse triable.
2026-02-28 14:40:34,019 [DEBUG] taskcoachlib.gui.viewer.base: ViewerWithColumns : Initialisation Création de la visionneuse avec des colonnes.
2026-02-28 14:40:34,019 [DEBUG] taskcoachlib.gui.viewer.task: BaseTaskTreeViewer : Création du Visualiseur de tâches sous forme d'arborescence avec rafraîchissement automatique.
2026-02-28 14:40:34,019 [DEBUG] taskcoachlib.gui.viewer.task: BaseTaskViewer : Création du Visualiseur de base pour les tâches.
2026-02-28 14:40:34,019 [DEBUG] taskcoachlib.gui.viewer.mixin: FilterableViewerMixin.__init__ : initialisation d'une visionneuse filtrable.
2026-02-28 14:40:34,019 [DEBUG] taskcoachlib.gui.viewer.base: TreeViewer : Initialisation avec args=(<taskcoachlib.gui.mainwindow.MainWindow object at 0x7f512e760560>, <taskcoachlib.persistence.taskfile.LockedTaskFile object at 0x7f51582bfe00>, <taskcoachlib.config.settings.Settings object at 0x7f51582bf770>) et kwargs={'instanceNumber': 0, 'settingsSection': 'taskviewer'}.
2026-02-28 14:40:34,019 [DEBUG] taskcoachlib.gui.viewer.base: Viewer : Initialisation d'une nouvelle visionneuse self=TaskViewer.
2026-02-28 14:40:34,019 [DEBUG] taskcoachlib.gui.viewer.base: Viewer : parent=MainWindow
2026-02-28 14:40:34,020 [DEBUG] taskcoachlib.gui.viewer.task: BaseTaskViewer.domainObjectsToView : Nombre total d'objets dans la TaskList : 0
2026-02-28 14:40:34,020 [WARNING] taskcoachlib.gui.viewer.task: BaseTaskViewer.domainObjectsToView : ALERTE : Aucune tâche n'est présente dans le modèle après le chargement.
2026-02-28 14:40:34,020 [DEBUG] taskcoachlib.gui.viewer.task: BaseTaskViewer.domainObjectsToView : Retourne les tâches à visualiser : self.taskFile.tasks()=TaskList().
2026-02-28 14:40:34,020 [DEBUG] taskcoachlib.domain.base.filter: Filter.treeMode : renvoie le mode d'arborescence actuel de DeletedFilter: False.
2026-02-28 14:40:34,020 [DEBUG] taskcoachlib.gui.viewer.task: TaskViewer.isTreeViewer : La présentation n'est pas encore créée, utilisation des paramètres. self.settings=<taskcoachlib.config.settings.Settings object at 0x7f51582bf770>.
2026-02-28 14:40:34,020 [DEBUG] taskcoachlib.domain.base.filter: Filter.treeMode : renvoie le mode d'arborescence actuel de CategoryFilter: True.
2026-02-28 14:40:34,020 [DEBUG] taskcoachlib.gui.viewer.task: TaskViewer.isTreeViewer : La présentation n'est pas encore créée, utilisation des paramètres. self.settings=<taskcoachlib.config.settings.Settings object at 0x7f51582bf770>.
2026-02-28 14:40:34,021 [DEBUG] taskcoachlib.domain.base.filter: Filter.treeMode : renvoie le mode d'arborescence actuel de ViewFilter: True.
2026-02-28 14:40:34,021 [DEBUG] taskcoachlib.domain.base.filter: Filter.treeMode : renvoie le mode d'arborescence actuel de ViewFilter: True.
2026-02-28 14:40:34,021 [DEBUG] taskcoachlib.gui.viewer.task: TaskViewer.isTreeViewer : La présentation n'est pas encore créée, utilisation des paramètres. self.settings=<taskcoachlib.config.settings.Settings object at 0x7f51582bf770>.
2026-02-28 14:40:34,021 [DEBUG] taskcoachlib.domain.base.filter: Filter.treeMode : renvoie le mode d'arborescence actuel de SearchFilter: True.
2026-02-28 14:40:34,022 [DEBUG] taskcoachlib.gui.viewer.task: TaskViewer.isTreeViewer : La présentation n'est pas encore créée, utilisation des paramètres. self.settings=<taskcoachlib.config.settings.Settings object at 0x7f51582bf770>.
2026-02-28 14:40:34,022 [DEBUG] taskcoachlib.gui.viewer.task: TaskViewer.createWidget : Crée le widget de l'arborescence des tâches avec des menus contextuels. self=TaskViewer. 
2026-02-28 14:40:34,031 [DEBUG] taskcoachlib.gui.viewer.task: TaskViewer._createColumns retourne columns [<taskcoachlib.widgets.itemctrl.Column object at 0x7f512e721d30>, <taskcoachlib.widgets.itemctrl.Column object at 0x7f512ed6b250>, <taskcoachlib.widgets.itemctrl.Column object at 0x7f512ed6b390>, <taskcoachlib.widgets.itemctrl.Column object at 0x7f512ed6b4d0>, <taskcoachlib.widgets.itemctrl.Column object at 0x7f512ed6b610>, <taskcoachlib.widgets.itemctrl.Column object at 0x7f512ed6b750>, <taskcoachlib.widgets.itemctrl.Column object at 0x7f512ed6b890>, <taskcoachlib.widgets.itemctrl.Column object at 0x7f512ed6b9d0>, <taskcoachlib.widgets.itemctrl.Column object at 0x7f512ed6bb10>, <taskcoachlib.widgets.itemctrl.Column object at 0x7f512ed6bc50>, <taskcoachlib.widgets.itemctrl.Column object at 0x7f512ed6bd90>, <taskcoachlib.widgets.itemctrl.Column object at 0x7f512ed6bed0>, <taskcoachlib.widgets.itemctrl.Column object at 0x7f512e7a0050>, <taskcoachlib.widgets.itemctrl.Column object at 0x7f512e7a0190>, <taskcoachlib.widgets.itemctrl.Column object at 0x7f512e7a02d0>, <taskcoachlib.widgets.itemctrl.Column object at 0x7f512e7a0410>, <taskcoachlib.widgets.itemctrl.Column object at 0x7f512e7a0550>, <taskcoachlib.widgets.itemctrl.Column object at 0x7f512e7a0690>, <taskcoachlib.widgets.itemctrl.Column object at 0x7f512e7a07d0>, <taskcoachlib.widgets.itemctrl.Column object at 0x7f512e7a0910>, <taskcoachlib.widgets.itemctrl.Column object at 0x7f512e7a0a50>, <taskcoachlib.widgets.itemctrl.Column object at 0x7f512e7a0b90>, <taskcoachlib.widgets.itemctrl.Column object at 0x7f512e7a0cd0>, <taskcoachlib.widgets.itemctrl.Column object at 0x7f512e7a0e10>, <taskcoachlib.widgets.itemctrl.Column object at 0x7f512e7a0f50>, <taskcoachlib.widgets.itemctrl.Column object at 0x7f512e7a1090>, <taskcoachlib.widgets.itemctrl.Column object at 0x7f512e7a11d0>, <taskcoachlib.widgets.itemctrl.Column object at 0x7f512e7a1310>, <taskcoachlib.widgets.itemctrl.Column object at 0x7f512e7a1450>].
2026-02-28 14:40:34,031 [DEBUG] taskcoachlib.gui.viewer.task: BaseTaskTreeViewer.createTaskPopupMenu : Création du menu contextuel.
2026-02-28 14:40:34,031 [DEBUG] taskcoachlib.gui.viewer.base: Viewer.presentation : Retour de la présentation de TaskViewer avec 0 éléments.
2026-02-28 14:40:34,032 [DEBUG] taskcoachlib.gui.viewer.base: Viewer.presentation : Les éléments de la présentation sont : Sorter(<class 'taskcoachlib.domain.task.sorter.Sorter'>([])).
2026-02-28 14:40:34,032 [INFO] taskcoachlib.gui.menu: TaskPopupMenu : Création du menu Popup de Tâche.
2026-02-28 14:40:34,032 [INFO] taskcoachlib.gui.menu: Menu : Création du menu de base. Initialisation du menu contextuel : TaskPopupMenu
2026-02-28 14:40:34,032 [DEBUG] taskcoachlib.gui.menu: Menu : self._window=<taskcoachlib.gui.mainwindow.MainWindow object at 0x7f512e760560>
2026-02-28 14:40:34,032 [INFO] taskcoachlib.gui.menu: Menu : window est une instance valide de wx.Window.
2026-02-28 14:40:34,032 [INFO] taskcoachlib.gui.menu: Menu : Fin d'Initialisation de Menu ! (self est TaskPopupMenu, window est MainWindow)
2026-02-28 14:40:34,033 [DEBUG] taskcoachlib.gui.menu: Menu.appendUICommand Essaie d'ajouter EditCut au menu TaskPopupMenu dans la classe wxFrame MainWindow winId=-31962
2026-02-28 14:40:34,033 [DEBUG] taskcoachlib.gui.uicommand.base_uicommand: UICommand.__getBitmap() appelé avec self=<taskcoachlib.gui.uicommand.uicommand.EditCut object at 0x7f512e721e80>, self.uniqueName=EditCut bitmapName=cut, bitmapType=b'wxART_MENU_C' et bitmapSize=(16, 16)
2026-02-28 14:40:34,035 [DEBUG] taskcoachlib.gui.menu: Menu.appendUICommand Essaie d'ajouter EditCopy au menu TaskPopupMenu dans la classe wxFrame MainWindow winId=-31962
2026-02-28 14:40:34,035 [DEBUG] taskcoachlib.gui.uicommand.base_uicommand: UICommand.__getBitmap() appelé avec self=<taskcoachlib.gui.uicommand.uicommand.EditCopy object at 0x7f512e721fd0>, self.uniqueName=EditCopy bitmapName=copy, bitmapType=b'wxART_MENU_C' et bitmapSize=(16, 16)
2026-02-28 14:40:34,035 [DEBUG] taskcoachlib.gui.menu: Menu.appendUICommand Essaie d'ajouter EditPaste au menu TaskPopupMenu dans la classe wxFrame MainWindow winId=-31962
2026-02-28 14:40:34,036 [DEBUG] taskcoachlib.gui.uicommand.base_uicommand: UICommand.__getBitmap() appelé avec self=<taskcoachlib.gui.uicommand.uicommand.EditPaste object at 0x7f512e722120>, self.uniqueName=EditPaste bitmapName=paste, bitmapType=b'wxART_MENU_C' et bitmapSize=(16, 16)
2026-02-28 14:40:34,036 [DEBUG] taskcoachlib.gui.menu: Menu.appendUICommand Essaie d'ajouter EditPasteAsSubItem au menu TaskPopupMenu dans la classe wxFrame MainWindow winId=-31962
2026-02-28 14:40:34,036 [DEBUG] taskcoachlib.gui.uicommand.base_uicommand: UICommand.__getBitmap() appelé avec self=<taskcoachlib.gui.uicommand.uicommand.EditPasteAsSubItem object at 0x7f512e722270>, self.uniqueName=EditPasteAsSubItem bitmapName=pasteintotask, bitmapType=b'wxART_MENU_C' et bitmapSize=(16, 16)
2026-02-28 14:40:34,044 [DEBUG] taskcoachlib.gui.menu: Menu.appendUICommand Essaie d'ajouter Edit au menu TaskPopupMenu dans la classe wxFrame MainWindow winId=-31962
2026-02-28 14:40:34,044 [DEBUG] taskcoachlib.gui.uicommand.base_uicommand: UICommand.__getBitmap() appelé avec self=<taskcoachlib.gui.uicommand.uicommand.Edit object at 0x7f512e7223c0>, self.uniqueName=Edit bitmapName=edit, bitmapType=b'wxART_MENU_C' et bitmapSize=(16, 16)
2026-02-28 14:40:34,045 [DEBUG] taskcoachlib.gui.menu: Menu.appendUICommand Essaie d'ajouter Delete au menu TaskPopupMenu dans la classe wxFrame MainWindow winId=-31962
2026-02-28 14:40:34,045 [DEBUG] taskcoachlib.gui.uicommand.base_uicommand: UICommand.__getBitmap() appelé avec self=<taskcoachlib.gui.uicommand.uicommand.Delete object at 0x7f512e722510>, self.uniqueName=Delete bitmapName=delete, bitmapType=b'wxART_MENU_C' et bitmapSize=(16, 16)
2026-02-28 14:40:34,045 [DEBUG] taskcoachlib.gui.menu: Menu.appendUICommand Essaie d'ajouter AddAttachment au menu TaskPopupMenu dans la classe wxFrame MainWindow winId=-31962
2026-02-28 14:40:34,045 [DEBUG] taskcoachlib.gui.uicommand.base_uicommand: UICommand.__getBitmap() appelé avec self=<taskcoachlib.gui.uicommand.uicommand.AddAttachment object at 0x7f512e722660>, self.uniqueName=AddAttachment bitmapName=paperclip_icon, bitmapType=b'wxART_MENU_C' et bitmapSize=(16, 16)
2026-02-28 14:40:34,045 [DEBUG] taskcoachlib.gui.menu: Menu.appendUICommand Essaie d'ajouter OpenAllAttachments au menu TaskPopupMenu dans la classe wxFrame MainWindow winId=-31962
2026-02-28 14:40:34,045 [DEBUG] taskcoachlib.gui.uicommand.base_uicommand: UICommand.__getBitmap() appelé avec self=<taskcoachlib.gui.uicommand.uicommand.OpenAllAttachments object at 0x7f512e7227b0>, self.uniqueName=OpenAllAttachments bitmapName=paperclip_icon, bitmapType=b'wxART_MENU_C' et bitmapSize=(16, 16)
2026-02-28 14:40:34,046 [DEBUG] taskcoachlib.gui.menu: Menu.appendUICommand Essaie d'ajouter AddNote au menu TaskPopupMenu dans la classe wxFrame MainWindow winId=-31962
2026-02-28 14:40:34,046 [DEBUG] taskcoachlib.gui.uicommand.base_uicommand: UICommand.__getBitmap() appelé avec self=<taskcoachlib.gui.uicommand.uicommand.AddNote object at 0x7f512e722900>, self.uniqueName=AddNote bitmapName=note_icon, bitmapType=b'wxART_MENU_C' et bitmapSize=(16, 16)
2026-02-28 14:40:34,046 [DEBUG] taskcoachlib.gui.menu: Menu.appendUICommand Essaie d'ajouter OpenAllNotes au menu TaskPopupMenu dans la classe wxFrame MainWindow winId=-31962
2026-02-28 14:40:34,046 [DEBUG] taskcoachlib.gui.uicommand.base_uicommand: UICommand.__getBitmap() appelé avec self=<taskcoachlib.gui.uicommand.uicommand.OpenAllNotes object at 0x7f512e722a50>, self.uniqueName=OpenAllNotes bitmapName=edit, bitmapType=b'wxART_MENU_C' et bitmapSize=(16, 16)
2026-02-28 14:40:34,046 [DEBUG] taskcoachlib.gui.menu: Menu.appendUICommand Essaie d'ajouter Mail au menu TaskPopupMenu dans la classe wxFrame MainWindow winId=-31962
2026-02-28 14:40:34,046 [DEBUG] taskcoachlib.gui.uicommand.base_uicommand: UICommand.__getBitmap() appelé avec self=<taskcoachlib.gui.uicommand.uicommand.Mail object at 0x7f512e722ba0>, self.uniqueName=Mail bitmapName=envelope_icon, bitmapType=b'wxART_MENU_C' et bitmapSize=(16, 16)
2026-02-28 14:40:34,046 [DEBUG] taskcoachlib.gui.uicommand.uicommandcontainer: UICommandContainerMixin.appendUICommands a terminé d'ajouter les uiCommands !
2026-02-28 14:40:34,046 [INFO] taskcoachlib.gui.menu: Création du menu Toggle Catégorie.
2026-02-28 14:40:34,047 [INFO] taskcoachlib.gui.menu: DynamicMenu : Création du menu Dynamique. Initialisation du menu contextuel : ToggleCategoryMenu
2026-02-28 14:40:34,047 [INFO] taskcoachlib.gui.menu: Menu : Création du menu de base. Initialisation du menu contextuel : ToggleCategoryMenu
2026-02-28 14:40:34,047 [DEBUG] taskcoachlib.gui.menu: Menu : self._window=<taskcoachlib.gui.mainwindow.MainWindow object at 0x7f512e760560>
2026-02-28 14:40:34,047 [INFO] taskcoachlib.gui.menu: Menu : window est une instance valide de wx.Window.
2026-02-28 14:40:34,047 [INFO] taskcoachlib.gui.menu: Menu : Fin d'Initialisation de Menu ! (self est ToggleCategoryMenu, window est MainWindow)
2026-02-28 14:40:34,047 [INFO] taskcoachlib.gui.menu: DynamicMenu : menu Dynamique ToggleCategoryMenu créé.
2026-02-28 14:40:34,047 [INFO] taskcoachlib.gui.menu: Toggle Catégorie initialisé.
2026-02-28 14:40:34,047 [DEBUG] taskcoachlib.gui.menu: Menu.appendMenu : Ajout du sous-menu MenuItem à self=TaskPopupMenu.
2026-02-28 14:40:34,048 [DEBUG] taskcoachlib.gui.menu: Menu.appendUICommand Essaie d'ajouter TaskMarkInactive au menu TaskPopupMenu dans la classe wxFrame MainWindow winId=-31962
2026-02-28 14:40:34,048 [DEBUG] taskcoachlib.gui.uicommand.base_uicommand: UICommand.__getBitmap() appelé avec self=<taskcoachlib.gui.uicommand.uicommand.TaskMarkInactive object at 0x7f512e722cf0>, self.uniqueName=TaskMarkInactive bitmapName=led_grey_icon, bitmapType=b'wxART_MENU_C' et bitmapSize=(16, 16)
2026-02-28 14:40:34,048 [DEBUG] taskcoachlib.gui.menu: Menu.appendUICommand Essaie d'ajouter TaskMarkActive au menu TaskPopupMenu dans la classe wxFrame MainWindow winId=-31962
2026-02-28 14:40:34,048 [DEBUG] taskcoachlib.gui.uicommand.base_uicommand: UICommand.__getBitmap() appelé avec self=<taskcoachlib.gui.uicommand.uicommand.TaskMarkActive object at 0x7f512e722f90>, self.uniqueName=TaskMarkActive bitmapName=led_blue_icon, bitmapType=b'wxART_MENU_C' et bitmapSize=(16, 16)
2026-02-28 14:40:34,048 [DEBUG] taskcoachlib.gui.menu: Menu.appendUICommand Essaie d'ajouter TaskMarkCompleted au menu TaskPopupMenu dans la classe wxFrame MainWindow winId=-31962
2026-02-28 14:40:34,048 [DEBUG] taskcoachlib.gui.uicommand.base_uicommand: UICommand.__getBitmap() appelé avec self=<taskcoachlib.gui.uicommand.uicommand.TaskMarkCompleted object at 0x7f512e7230e0>, self.uniqueName=TaskMarkCompleted bitmapName=checkmark_green_icon, bitmapType=b'wxART_MENU_C' et bitmapSize=(16, 16)
2026-02-28 14:40:34,048 [DEBUG] taskcoachlib.gui.uicommand.uicommandcontainer: UICommandContainerMixin.appendUICommands a terminé d'ajouter les uiCommands !
2026-02-28 14:40:34,048 [INFO] taskcoachlib.gui.menu: Création du menu Priorité de Tâche.
2026-02-28 14:40:34,049 [INFO] taskcoachlib.gui.menu: Menu : Création du menu de base. Initialisation du menu contextuel : TaskPriorityMenu
2026-02-28 14:40:34,049 [DEBUG] taskcoachlib.gui.menu: Menu : self._window=<taskcoachlib.gui.mainwindow.MainWindow object at 0x7f512e760560>
2026-02-28 14:40:34,049 [INFO] taskcoachlib.gui.menu: Menu : window est une instance valide de wx.Window.
2026-02-28 14:40:34,049 [INFO] taskcoachlib.gui.menu: Menu : Fin d'Initialisation de Menu ! (self est TaskPriorityMenu, window est MainWindow)
2026-02-28 14:40:34,049 [DEBUG] taskcoachlib.gui.menu: Menu.appendUICommand Essaie d'ajouter TaskIncPriority au menu TaskPriorityMenu dans la classe wxFrame MainWindow winId=-31962
2026-02-28 14:40:34,049 [DEBUG] taskcoachlib.gui.uicommand.base_uicommand: UICommand.__getBitmap() appelé avec self=<taskcoachlib.gui.uicommand.uicommand.TaskIncPriority object at 0x7f512e723230>, self.uniqueName=TaskIncPriority bitmapName=incpriority, bitmapType=b'wxART_MENU_C' et bitmapSize=(16, 16)
2026-02-28 14:40:34,049 [DEBUG] taskcoachlib.gui.menu: Menu.appendUICommand Essaie d'ajouter TaskDecPriority au menu TaskPriorityMenu dans la classe wxFrame MainWindow winId=-31962
2026-02-28 14:40:34,050 [DEBUG] taskcoachlib.gui.uicommand.base_uicommand: UICommand.__getBitmap() appelé avec self=<taskcoachlib.gui.uicommand.uicommand.TaskDecPriority object at 0x7f512e723380>, self.uniqueName=TaskDecPriority bitmapName=decpriority, bitmapType=b'wxART_MENU_C' et bitmapSize=(16, 16)
2026-02-28 14:40:34,050 [DEBUG] taskcoachlib.gui.menu: Menu.appendUICommand Essaie d'ajouter TaskMaxPriority au menu TaskPriorityMenu dans la classe wxFrame MainWindow winId=-31962
2026-02-28 14:40:34,050 [DEBUG] taskcoachlib.gui.uicommand.base_uicommand: UICommand.__getBitmap() appelé avec self=<taskcoachlib.gui.uicommand.uicommand.TaskMaxPriority object at 0x7f512e7234d0>, self.uniqueName=TaskMaxPriority bitmapName=maxpriority, bitmapType=b'wxART_MENU_C' et bitmapSize=(16, 16)
2026-02-28 14:40:34,050 [DEBUG] taskcoachlib.gui.menu: Menu.appendUICommand Essaie d'ajouter TaskMinPriority au menu TaskPriorityMenu dans la classe wxFrame MainWindow winId=-31962
2026-02-28 14:40:34,050 [DEBUG] taskcoachlib.gui.uicommand.base_uicommand: UICommand.__getBitmap() appelé avec self=<taskcoachlib.gui.uicommand.uicommand.TaskMinPriority object at 0x7f512e723620>, self.uniqueName=TaskMinPriority bitmapName=minpriority, bitmapType=b'wxART_MENU_C' et bitmapSize=(16, 16)
2026-02-28 14:40:34,050 [DEBUG] taskcoachlib.gui.uicommand.uicommandcontainer: UICommandContainerMixin.appendUICommands a terminé d'ajouter les uiCommands !
2026-02-28 14:40:34,051 [DEBUG] taskcoachlib.gui.menu: Menu.appendMenu : Ajout du sous-menu MenuItem à self=TaskPopupMenu.
2026-02-28 14:40:34,052 [DEBUG] taskcoachlib.gui.menu: Menu.appendUICommand Essaie d'ajouter EffortNew au menu TaskPopupMenu dans la classe wxFrame MainWindow winId=-31962
2026-02-28 14:40:34,052 [DEBUG] taskcoachlib.gui.uicommand.base_uicommand: UICommand.__getBitmap() appelé avec self=<taskcoachlib.gui.uicommand.uicommand.EffortNew object at 0x7f512e723770>, self.uniqueName=EffortNew bitmapName=new, bitmapType=b'wxART_MENU_C' et bitmapSize=(16, 16)
2026-02-28 14:40:34,053 [DEBUG] taskcoachlib.gui.menu: Menu.appendUICommand Essaie d'ajouter EffortStart au menu TaskPopupMenu dans la classe wxFrame MainWindow winId=-31962
2026-02-28 14:40:34,053 [DEBUG] taskcoachlib.gui.uicommand.base_uicommand: UICommand.__getBitmap() appelé avec self=<taskcoachlib.gui.uicommand.uicommand.EffortStart object at 0x7f512e7238c0>, self.uniqueName=EffortStart bitmapName=clock_icon, bitmapType=b'wxART_MENU_C' et bitmapSize=(16, 16)
2026-02-28 14:40:34,053 [DEBUG] taskcoachlib.gui.menu: Menu.appendUICommand Essaie d'ajouter EffortStop au menu TaskPopupMenu dans la classe wxFrame MainWindow winId=-31962
2026-02-28 14:40:34,053 [DEBUG] taskcoachlib.gui.menu: Menu.appendUICommand Essaie d'ajouter TaskNew au menu TaskPopupMenu dans la classe wxFrame MainWindow winId=-31962
2026-02-28 14:40:34,053 [DEBUG] taskcoachlib.gui.uicommand.base_uicommand: UICommand.__getBitmap() appelé avec self=<taskcoachlib.gui.uicommand.uicommand.TaskNew object at 0x7f512e723cb0>, self.uniqueName=TaskNew bitmapName=new, bitmapType=b'wxART_MENU_C' et bitmapSize=(16, 16)
2026-02-28 14:40:34,054 [DEBUG] taskcoachlib.gui.menu: Menu.appendUICommand Essaie d'ajouter NewSubItem au menu TaskPopupMenu dans la classe wxFrame MainWindow winId=-31962
2026-02-28 14:40:34,054 [DEBUG] taskcoachlib.gui.uicommand.base_uicommand: UICommand.__getBitmap() appelé avec self=<taskcoachlib.gui.uicommand.uicommand.NewSubItem object at 0x7f512e723e00>, self.uniqueName=NewSubItem bitmapName=newsub, bitmapType=b'wxART_MENU_C' et bitmapSize=(16, 16)
2026-02-28 14:40:34,054 [DEBUG] taskcoachlib.gui.uicommand.uicommandcontainer: UICommandContainerMixin.appendUICommands a terminé d'ajouter les uiCommands !
2026-02-28 14:40:34,054 [INFO] taskcoachlib.gui.menu: TaskPopupMenu : Terminé - Menu Popup de Tâche créé !
2026-02-28 14:40:34,054 [INFO] taskcoachlib.gui.menu: Création du menu Popup Colonne.
2026-02-28 14:40:34,054 [INFO] taskcoachlib.gui.menu: Menu : Création du menu de base. Initialisation du menu contextuel : ColumnPopupMenu
2026-02-28 14:40:34,054 [DEBUG] taskcoachlib.gui.menu: Menu : self._window=<taskcoachlib.gui.viewer.task.TaskViewer object at 0x7f512e7628d0>
2026-02-28 14:40:34,055 [INFO] taskcoachlib.gui.menu: Menu : window est une instance valide de wx.Window.
2026-02-28 14:40:34,055 [INFO] taskcoachlib.gui.menu: Menu : Fin d'Initialisation de Menu ! (self est ColumnPopupMenu, window est TaskViewer)
2026-02-28 14:40:34,055 [DEBUG] taskcoachlib.gui.menu: ColumnPopupMenu : Appel de CallAfter.
2026-02-28 14:40:34,056 [DEBUG] taskcoachlib.gui.menu: ColumnPopupMenu : CallAfter passé avec succès. Menu Popup Colonne terminé !
2026-02-28 14:40:34,056 [DEBUG] taskcoachlib.gui.viewer.task: TaskViewer.createWidget : definit le widget TreeListCtrl.
2026-02-28 14:40:34,056 [DEBUG] taskcoachlib.gui.viewer.base: Viewer.presentation : Retour de la présentation de TaskViewer avec 0 éléments.
2026-02-28 14:40:34,056 [DEBUG] taskcoachlib.gui.viewer.base: Viewer.presentation : Les éléments de la présentation sont : Sorter(<class 'taskcoachlib.domain.task.sorter.Sorter'>([])).
2026-02-28 14:40:34,057 [DEBUG] taskcoachlib.widgets.treectrl: TreeListCtrl.__init__ : initialisation du contrôle de liste en arbre.
2026-02-28 14:40:34,057 [DEBUG] taskcoachlib.widgets.treectrl: TreeListCtrl.__init__ : parent=<taskcoachlib.gui.viewer.task.TaskViewer object at 0x7f512e7628d0>, self.__adapter=<taskcoachlib.gui.viewer.task.TaskViewer object at 0x7f512e7628d0>
2026-02-28 14:40:34,057 [DEBUG] taskcoachlib.widgets.treectrl: TreeListCtrl.__init__ : avant super().
2026-02-28 14:40:34,057 [DEBUG] taskcoachlib.widgets.itemctrl: _CtrlWithItemPopupMenuMixin.__init__ : Initialisation du menu contextuel sur les éléments.
2026-02-28 14:40:34,057 [DEBUG] taskcoachlib.widgets.itemctrl: _CtrlWithAutoResizedColumnsMixin.__init__ : initialisation.
2026-02-28 14:40:34,057 [DEBUG] taskcoachlib.widgets.autowidth: AutoColumnWidthMixin.__init__ : initialisation du Mixin pour ajouter un redimensionnement automatique des colonnes dans un contrôle.
2026-02-28 14:40:34,057 [DEBUG] taskcoachlib.widgets.itemctrl: _CtrlWithSortableColumnsMixin.__init__ : Initialisation des ajouts des indicateurs de tri.
2026-02-28 14:40:34,057 [DEBUG] taskcoachlib.widgets.itemctrl: _BaseCtrlWithColumnsMixin.__init__ : initialisation de tous les contrôles avec des colonnes.
2026-02-28 14:40:34,057 [DEBUG] taskcoachlib.widgets.itemctrl: _CtrlWithColumnPopupMenuMixin.__init__ : initialisation  pour activer un menu contextuel sur les en-têtes de colonnes.
2026-02-28 14:40:34,057 [DEBUG] taskcoachlib.widgets.itemctrl: _CtrlWithDropTargetMixin.__init__ : initialise le mixin qui permet aux contrôles d'accepter des fichiers déposés.
2026-02-28 14:40:34,057 [DEBUG] taskcoachlib.widgets.itemctrl: CtrlWithToolTipMixin.__init__ : initialise le contrôle qui a une info-bulle différente pour chaque élément.
2026-02-28 14:40:34,057 [DEBUG] taskcoachlib.widgets.tooltip: ToolTipMixin.__init__ : avant super args=(<taskcoachlib.gui.viewer.task.TaskViewer object at 0x7f512e7628d0>,), kwargs={'style': 1074003968, 'agwStyle': 10917, 'validateDrag': <bound method ViewerWithColumns.validateDrag of <taskcoachlib.gui.viewer.task.TaskViewer object at 0x7f512e7628d0>>}
2026-02-28 14:40:34,057 [DEBUG] taskcoachlib.widgets.treectrl: HyperTreeList.__init__ : initialisation d'HyperTreeList.
2026-02-28 14:40:34,057 [DEBUG] taskcoachlib.widgets.draganddrop: TreeCtrlDragAndDropMixin.__init__ : initialisation du drag and drop dans l'arborescence.
2026-02-28 14:40:34,057 [DEBUG] taskcoachlib.widgets.draganddrop: TreeHelperMixin.__init__ : Initialisation ! Rien à faire !
2026-02-28 14:40:34,321 [DEBUG] taskcoachlib.widgets.tooltip: ToolTipMixin initialisé !
2026-02-28 14:40:34,321 [DEBUG] taskcoachlib.widgets.itemctrl: CtrlWithToolTipMixin initialisé !
2026-02-28 14:40:34,322 [DEBUG] taskcoachlib.widgets.itemctrl: _CtrlWithDropTargetMixin initialisé !
2026-02-28 14:40:34,322 [DEBUG] taskcoachlib.widgets.itemctrl: _CtrlWithColumnPopupMenuMixin initialisé !
2026-02-28 14:40:34,324 [DEBUG] taskcoachlib.widgets.itemctrl: _BaseCtrlWithColumnsMixin initialisé avec les colonnes : [<taskcoachlib.widgets.itemctrl.Column object at 0x7f512e721d30>, <taskcoachlib.widgets.itemctrl.Column object at 0x7f512ed6b250>, <taskcoachlib.widgets.itemctrl.Column object at 0x7f512ed6b390>, <taskcoachlib.widgets.itemctrl.Column object at 0x7f512ed6b4d0>, <taskcoachlib.widgets.itemctrl.Column object at 0x7f512ed6b610>, <taskcoachlib.widgets.itemctrl.Column object at 0x7f512ed6b750>, <taskcoachlib.widgets.itemctrl.Column object at 0x7f512ed6b890>, <taskcoachlib.widgets.itemctrl.Column object at 0x7f512ed6b9d0>, <taskcoachlib.widgets.itemctrl.Column object at 0x7f512ed6bb10>, <taskcoachlib.widgets.itemctrl.Column object at 0x7f512ed6bc50>, <taskcoachlib.widgets.itemctrl.Column object at 0x7f512ed6bd90>, <taskcoachlib.widgets.itemctrl.Column object at 0x7f512ed6bed0>, <taskcoachlib.widgets.itemctrl.Column object at 0x7f512e7a0050>, <taskcoachlib.widgets.itemctrl.Column object at 0x7f512e7a0190>, <taskcoachlib.widgets.itemctrl.Column object at 0x7f512e7a02d0>, <taskcoachlib.widgets.itemctrl.Column object at 0x7f512e7a0410>, <taskcoachlib.widgets.itemctrl.Column object at 0x7f512e7a0550>, <taskcoachlib.widgets.itemctrl.Column object at 0x7f512e7a0690>, <taskcoachlib.widgets.itemctrl.Column object at 0x7f512e7a07d0>, <taskcoachlib.widgets.itemctrl.Column object at 0x7f512e7a0910>, <taskcoachlib.widgets.itemctrl.Column object at 0x7f512e7a0a50>, <taskcoachlib.widgets.itemctrl.Column object at 0x7f512e7a0b90>, <taskcoachlib.widgets.itemctrl.Column object at 0x7f512e7a0cd0>, <taskcoachlib.widgets.itemctrl.Column object at 0x7f512e7a0e10>, <taskcoachlib.widgets.itemctrl.Column object at 0x7f512e7a0f50>, <taskcoachlib.widgets.itemctrl.Column object at 0x7f512e7a1090>, <taskcoachlib.widgets.itemctrl.Column object at 0x7f512e7a11d0>, <taskcoachlib.widgets.itemctrl.Column object at 0x7f512e7a1310>, <taskcoachlib.widgets.itemctrl.Column object at 0x7f512e7a1450>]
2026-02-28 14:40:34,324 [DEBUG] taskcoachlib.widgets.itemctrl: _CtrlWithSortableColumnsMixin initialisé ! Ajout des indicateurs de tri !
2026-02-28 14:40:34,324 [DEBUG] taskcoachlib.widgets.autowidth: AutoColumnWidthMixin initialisé !
2026-02-28 14:40:34,324 [DEBUG] taskcoachlib.widgets.itemctrl: _CtrlWithAutoResizedColumnsMixin initialisé !
2026-02-28 14:40:34,324 [DEBUG] taskcoachlib.widgets.itemctrl: _CtrlWithItemPopupMenuMixin initialisé !
2026-02-28 14:40:34,324 [DEBUG] taskcoachlib.widgets.treectrl: TreeListCtrl.__init__ : après super()
2026-02-28 14:40:34,325 [DEBUG] taskcoachlib.gui.viewer.task: TaskViewer.createWidget: Widget TreeListCtrl créé, configuration de l'imageList et du MainColumn.
2026-02-28 14:40:34,333 [DEBUG] taskcoachlib.gui.viewer.task: TaskViewer.createWidget retourne widget.
2026-02-28 14:40:34,334 [DEBUG] taskcoachlib.gui.toolbar: Initialisation de ToolBar dans la fenêtre parent : TaskViewer, taille : (16, 16)
2026-02-28 14:40:34,335 [DEBUG] taskcoachlib.gui.toolbar: ToolBar.loadPerspective : Chargement de la perspective de la barre d'outils : TaskNew,NewSubItem,TaskNewFromTemplateButton,Separator,Edit,Delete,Separator,TaskMarkInactive,TaskMarkActive,TaskMarkCompleted,Separator,EffortStart,EffortStop,Separator,Spacer,ViewerHideTasks_completed,ViewerHideTasks_late,ViewerHideTasks_active,ViewerHideTasks_duesoon,ViewerHideTasks_overdue,ViewerHideTasks_inactive,ResetFilter,TaskViewerTreeOrListChoice,Search
2026-02-28 14:40:34,335 [DEBUG] taskcoachlib.gui.toolbar: ToolBar.Clear : Nettoyage de la barre d'outils existante (Clear)
2026-02-28 14:40:34,335 [DEBUG] taskcoachlib.gui.viewer.base: Viewer.presentation : Retour de la présentation de TaskViewer avec 0 éléments.
2026-02-28 14:40:34,335 [DEBUG] taskcoachlib.gui.viewer.base: Viewer.presentation : Les éléments de la présentation sont : Sorter(<class 'taskcoachlib.domain.task.sorter.Sorter'>([])).
2026-02-28 14:40:34,336 [DEBUG] taskcoachlib.gui.viewer.base: Viewer.presentation : Retour de la présentation de TaskViewer avec 0 éléments.
2026-02-28 14:40:34,336 [DEBUG] taskcoachlib.gui.viewer.base: Viewer.presentation : Les éléments de la présentation sont : Sorter(<class 'taskcoachlib.domain.task.sorter.Sorter'>([])).
2026-02-28 14:40:34,339 [DEBUG] taskcoachlib.gui.toolbar: ToolBar.loadPerspective : Ajout du bouton de personnalisation de la barre d'outils
2026-02-28 14:40:34,339 [DEBUG] taskcoachlib.gui.toolbar: ToolBar.loadPerspective : Commandes filtrées : ['<taskcoachlib.gui.uicommand.uicommand.TaskNew object at 0x7f512e7a2710>', '<taskcoachlib.gui.uicommand.uicommand.NewSubItem object at 0x7f512e7a2850>', '<taskcoachlib.gui.uicommand.uicommand.TaskNewFromTemplateButton object at 0x7f512e7ccc20>', 'None', '<taskcoachlib.gui.uicommand.uicommand.Edit object at 0x7f512e7a2990>', '<taskcoachlib.gui.uicommand.uicommand.Delete object at 0x7f512e7a2ad0>', 'None', '<taskcoachlib.gui.uicommand.uicommand.TaskMarkInactive object at 0x7f512e7a2d50>', '<taskcoachlib.gui.uicommand.uicommand.TaskMarkActive object at 0x7f512e7a2e90>', '<taskcoachlib.gui.uicommand.uicommand.TaskMarkCompleted object at 0x7f512e7a2fd0>', 'None', '<taskcoachlib.gui.uicommand.uicommand.EffortStart object at 0x7f512e7a3110>', '<taskcoachlib.gui.uicommand.uicommand.EffortStop object at 0x7f512e7a3250>', 'None', '1', '<taskcoachlib.gui.uicommand.uicommand.ViewerHideTasks object at 0x7f512edf9c70>', '<taskcoachlib.gui.uicommand.uicommand.ViewerHideTasks object at 0x7f512e7a34d0>', '<taskcoachlib.gui.uicommand.uicommand.ViewerHideTasks object at 0x7f512e7a3610>', '<taskcoachlib.gui.uicommand.uicommand.ViewerHideTasks object at 0x7f512e78cb00>', '<taskcoachlib.gui.uicommand.uicommand.ViewerHideTasks object at 0x7f512e78cc30>', '<taskcoachlib.gui.uicommand.uicommand.ViewerHideTasks object at 0x7f512e7ccec0>', '<taskcoachlib.gui.uicommand.uicommand.ResetFilter object at 0x7f512e7ccad0>', '<taskcoachlib.gui.uicommand.uicommand.TaskViewerTreeOrListChoice object at 0x7f512e7ccd70>', '<taskcoachlib.gui.uicommand.uicommand.Search object at 0x7f512e7cc980>', '<taskcoachlib.gui.uicommand.uicommand.EditToolBarPerspective object at 0x7f512e7cd400>']
2026-02-28 14:40:34,339 [WARNING] taskcoachlib.gui.uicommand.uicommandcontainer: UICommandContainerMixin.appendUICommands : l'attribut _window est manquant, cela peut causer une erreur.
2026-02-28 14:40:34,339 [WARNING] taskcoachlib.gui.uicommand.uicommandcontainer: UICommandContainerMixin.appendUICommands : Attribution : self._window=<wx.lib.agw.hypertreelist.TreeListMainWindow object at 0x7f512e7c2960>.
2026-02-28 14:40:34,339 [DEBUG] taskcoachlib.gui.uicommand.base_uicommand: UICommand.__getBitmap() appelé avec self=<taskcoachlib.gui.uicommand.uicommand.TaskNew object at 0x7f512e7a2710>, self.uniqueName=TaskNew bitmapName=new, bitmapType=b'wxART_TOOLBAR_C' et bitmapSize=(16, 16)
2026-02-28 14:40:34,340 [DEBUG] taskcoachlib.gui.uicommand.base_uicommand: UICommand.__getBitmap() appelé avec self=<taskcoachlib.gui.uicommand.uicommand.NewSubItem object at 0x7f512e7a2850>, self.uniqueName=NewSubItem bitmapName=newsub, bitmapType=b'wxART_TOOLBAR_C' et bitmapSize=(16, 16)
2026-02-28 14:40:34,340 [DEBUG] taskcoachlib.gui.uicommand.base_uicommand: UICommand.__getBitmap() appelé avec self=<taskcoachlib.gui.uicommand.uicommand.TaskNewFromTemplateButton object at 0x7f512e7ccc20>, self.uniqueName=TaskNewFromTemplateButton bitmapName=newtmpl, bitmapType=b'wxART_TOOLBAR_C' et bitmapSize=(16, 16)
2026-02-28 14:40:34,340 [DEBUG] taskcoachlib.gui.uicommand.base_uicommand: UICommand.__getBitmap() appelé avec self=<taskcoachlib.gui.uicommand.uicommand.Edit object at 0x7f512e7a2990>, self.uniqueName=Edit bitmapName=edit, bitmapType=b'wxART_TOOLBAR_C' et bitmapSize=(16, 16)
2026-02-28 14:40:34,340 [DEBUG] taskcoachlib.gui.uicommand.base_uicommand: UICommand.__getBitmap() appelé avec self=<taskcoachlib.gui.uicommand.uicommand.Delete object at 0x7f512e7a2ad0>, self.uniqueName=Delete bitmapName=delete, bitmapType=b'wxART_TOOLBAR_C' et bitmapSize=(16, 16)
2026-02-28 14:40:34,341 [DEBUG] taskcoachlib.gui.uicommand.base_uicommand: UICommand.__getBitmap() appelé avec self=<taskcoachlib.gui.uicommand.uicommand.TaskMarkInactive object at 0x7f512e7a2d50>, self.uniqueName=TaskMarkInactive bitmapName=led_grey_icon, bitmapType=b'wxART_TOOLBAR_C' et bitmapSize=(16, 16)
2026-02-28 14:40:34,341 [DEBUG] taskcoachlib.gui.uicommand.base_uicommand: UICommand.__getBitmap() appelé avec self=<taskcoachlib.gui.uicommand.uicommand.TaskMarkActive object at 0x7f512e7a2e90>, self.uniqueName=TaskMarkActive bitmapName=led_blue_icon, bitmapType=b'wxART_TOOLBAR_C' et bitmapSize=(16, 16)
2026-02-28 14:40:34,341 [DEBUG] taskcoachlib.gui.uicommand.base_uicommand: UICommand.__getBitmap() appelé avec self=<taskcoachlib.gui.uicommand.uicommand.TaskMarkCompleted object at 0x7f512e7a2fd0>, self.uniqueName=TaskMarkCompleted bitmapName=checkmark_green_icon, bitmapType=b'wxART_TOOLBAR_C' et bitmapSize=(16, 16)
2026-02-28 14:40:34,341 [DEBUG] taskcoachlib.gui.uicommand.base_uicommand: UICommand.__getBitmap() appelé avec self=<taskcoachlib.gui.uicommand.uicommand.EffortStart object at 0x7f512e7a3110>, self.uniqueName=EffortStart bitmapName=clock_icon, bitmapType=b'wxART_TOOLBAR_C' et bitmapSize=(16, 16)
2026-02-28 14:40:34,341 [DEBUG] taskcoachlib.gui.uicommand.base_uicommand: UICommand.__getBitmap() appelé avec self=<taskcoachlib.gui.uicommand.uicommand.EffortStop object at 0x7f512e7a3250>, self.uniqueName=EffortStop bitmapName=clock_resume_icon, bitmapType=b'wxART_TOOLBAR_C' et bitmapSize=(16, 16)
2026-02-28 14:40:34,341 [DEBUG] taskcoachlib.gui.uicommand.base_uicommand: UICommand.__getBitmap() appelé avec self=<taskcoachlib.gui.uicommand.uicommand.ViewerHideTasks object at 0x7f512edf9c70>, self.uniqueName=ViewerHideTasks_completed bitmapName=checkmark_green_icon+cross_red_icon, bitmapType=b'wxART_TOOLBAR_C' et bitmapSize=(16, 16)
2026-02-28 14:40:34,342 [DEBUG] taskcoachlib.gui.uicommand.base_uicommand: UICommand.__getBitmap() appelé avec self=<taskcoachlib.gui.uicommand.uicommand.ViewerHideTasks object at 0x7f512e7a34d0>, self.uniqueName=ViewerHideTasks_late bitmapName=led_purple_icon+cross_red_icon, bitmapType=b'wxART_TOOLBAR_C' et bitmapSize=(16, 16)
2026-02-28 14:40:34,343 [DEBUG] taskcoachlib.gui.uicommand.base_uicommand: UICommand.__getBitmap() appelé avec self=<taskcoachlib.gui.uicommand.uicommand.ViewerHideTasks object at 0x7f512e7a3610>, self.uniqueName=ViewerHideTasks_active bitmapName=led_blue_icon+cross_red_icon, bitmapType=b'wxART_TOOLBAR_C' et bitmapSize=(16, 16)
2026-02-28 14:40:34,344 [DEBUG] taskcoachlib.gui.uicommand.base_uicommand: UICommand.__getBitmap() appelé avec self=<taskcoachlib.gui.uicommand.uicommand.ViewerHideTasks object at 0x7f512e78cb00>, self.uniqueName=ViewerHideTasks_duesoon bitmapName=led_orange_icon+cross_red_icon, bitmapType=b'wxART_TOOLBAR_C' et bitmapSize=(16, 16)
2026-02-28 14:40:34,344 [DEBUG] taskcoachlib.gui.uicommand.base_uicommand: UICommand.__getBitmap() appelé avec self=<taskcoachlib.gui.uicommand.uicommand.ViewerHideTasks object at 0x7f512e78cc30>, self.uniqueName=ViewerHideTasks_overdue bitmapName=led_red_icon+cross_red_icon, bitmapType=b'wxART_TOOLBAR_C' et bitmapSize=(16, 16)
2026-02-28 14:40:34,345 [DEBUG] taskcoachlib.gui.uicommand.base_uicommand: UICommand.__getBitmap() appelé avec self=<taskcoachlib.gui.uicommand.uicommand.ViewerHideTasks object at 0x7f512e7ccec0>, self.uniqueName=ViewerHideTasks_inactive bitmapName=led_grey_icon+cross_red_icon, bitmapType=b'wxART_TOOLBAR_C' et bitmapSize=(16, 16)
2026-02-28 14:40:34,345 [DEBUG] taskcoachlib.gui.uicommand.base_uicommand: UICommand.__getBitmap() appelé avec self=<taskcoachlib.gui.uicommand.uicommand.ResetFilter object at 0x7f512e7ccad0>, self.uniqueName=ResetFilter bitmapName=viewalltasks, bitmapType=b'wxART_TOOLBAR_C' et bitmapSize=(16, 16)
2026-02-28 14:40:34,352 [DEBUG] taskcoachlib.widgets.tooltip: ToolTipMixin.__init__ : avant super args=(<taskcoachlib.gui.toolbar.ToolBar object at 0x7f512e7dade0>,), kwargs={'style': 1024}
2026-02-28 14:40:34,356 [DEBUG] taskcoachlib.widgets.tooltip: ToolTipMixin initialisé !
2026-02-28 14:40:34,358 [DEBUG] taskcoachlib.gui.uicommand.base_uicommand: UICommand.__getBitmap() appelé avec self=<taskcoachlib.gui.uicommand.uicommand.EditToolBarPerspective object at 0x7f512e7cd400>, self.uniqueName=EditToolBarPerspective bitmapName=cogwheel_icon, bitmapType=b'wxART_TOOLBAR_C' et bitmapSize=(16, 16)
2026-02-28 14:40:34,359 [DEBUG] taskcoachlib.gui.uicommand.uicommandcontainer: UICommandContainerMixin.appendUICommands a terminé d'ajouter les uiCommands !
2026-02-28 14:40:34,360 [DEBUG] taskcoachlib.gui.viewer.base: Viewer.initLayout : Initialisation de la mise en page de la visionneuse TaskViewer title:Tasks.
2026-02-28 14:40:34,360 [DEBUG] taskcoachlib.gui.viewer.base: Viewer.initLayout : initLayout de TaskViewer terminé, taille: (20, 20)
2026-02-28 14:40:34,360 [DEBUG] taskcoachlib.gui.viewer.base: Viewer.presentation : Retour de la présentation de TaskViewer avec 0 éléments.
2026-02-28 14:40:34,361 [DEBUG] taskcoachlib.gui.viewer.base: Viewer.presentation : Les éléments de la présentation sont : Sorter(<class 'taskcoachlib.domain.task.sorter.Sorter'>([])).
2026-02-28 14:40:34,361 [DEBUG] taskcoachlib.gui.viewer.base: Viewer.presentation : Retour de la présentation de TaskViewer avec 0 éléments.
2026-02-28 14:40:34,361 [DEBUG] taskcoachlib.gui.viewer.base: Viewer.presentation : Les éléments de la présentation sont : Sorter(<class 'taskcoachlib.domain.task.sorter.Sorter'>([])).
2026-02-28 14:40:34,361 [DEBUG] taskcoachlib.gui.viewer.base: Viewer.presentation : Retour de la présentation de TaskViewer avec 0 éléments.
2026-02-28 14:40:34,361 [DEBUG] taskcoachlib.gui.viewer.base: Viewer.presentation : Les éléments de la présentation sont : Sorter(<class 'taskcoachlib.domain.task.sorter.Sorter'>([])).
2026-02-28 14:40:34,361 [DEBUG] taskcoachlib.gui.viewer.base: Viewer.presentation : Retour de la présentation de TaskViewer avec 0 éléments.
2026-02-28 14:40:34,361 [DEBUG] taskcoachlib.gui.viewer.base: Viewer.presentation : Les éléments de la présentation sont : Sorter(<class 'taskcoachlib.domain.task.sorter.Sorter'>([])).
2026-02-28 14:40:34,361 [DEBUG] taskcoachlib.gui.viewer.base: Viewer.presentation : Retour de la présentation de TaskViewer avec 0 éléments.
2026-02-28 14:40:34,361 [DEBUG] taskcoachlib.gui.viewer.base: Viewer.presentation : Les éléments de la présentation sont : Sorter(<class 'taskcoachlib.domain.task.sorter.Sorter'>([])).
2026-02-28 14:40:34,362 [DEBUG] taskcoachlib.gui.viewer.base: Viewer : Appel de CallAfter.
2026-02-28 14:40:34,362 [DEBUG] taskcoachlib.gui.viewer.base: Viewer : CallAfter passé avec succès.
2026-02-28 14:40:34,362 [DEBUG] taskcoachlib.gui.viewer.base: Viewer.__init__ : La nouvelle visionneuse self=TaskViewer est initialisée !
2026-02-28 14:40:34,362 [INFO] taskcoachlib.gui.viewer.base: TreeViewer : Liaison des événements d'expansion.
2026-02-28 14:40:34,363 [INFO] taskcoachlib.gui.viewer.base: TreeViewer : Liaison des événements de collapse.
2026-02-28 14:40:34,363 [DEBUG] taskcoachlib.gui.viewer.base: TreeViewer : Initialisé !
2026-02-28 14:40:34,363 [DEBUG] taskcoachlib.gui.viewer.mixin: FilterableViewerMixin initialisé !
2026-02-28 14:40:34,363 [DEBUG] taskcoachlib.gui.viewer.base: Viewer.presentation : Retour de la présentation de TaskViewer avec 0 éléments.
2026-02-28 14:40:34,363 [DEBUG] taskcoachlib.gui.viewer.base: Viewer.presentation : Les éléments de la présentation sont : Sorter(<class 'taskcoachlib.domain.task.sorter.Sorter'>([])).
2026-02-28 14:40:34,368 [DEBUG] taskcoachlib.gui.viewer.task: BaseTaskViewer : Appel de CallAfter.
2026-02-28 14:40:34,368 [DEBUG] taskcoachlib.gui.viewer.task: BaseTaskViewer : CallAfter passé avec succès. Visualiseur de base créé.
2026-02-28 14:40:34,368 [DEBUG] taskcoachlib.gui.viewer.base: Viewer.presentation : Retour de la présentation de TaskViewer avec 0 éléments.
2026-02-28 14:40:34,368 [DEBUG] taskcoachlib.gui.viewer.base: Viewer.presentation : Les éléments de la présentation sont : Sorter(<class 'taskcoachlib.domain.task.sorter.Sorter'>([])).
2026-02-28 14:40:34,369 [DEBUG] taskcoachlib.gui.viewer.task: BaseTaskTreeViewer initialisé avec rafraîchissement automatique.
2026-02-28 14:40:34,369 [DEBUG] taskcoachlib.gui.viewer.base: SortableViewerWithColumns.initColumn Initialise une colonne.
2026-02-28 14:40:34,369 [DEBUG] taskcoachlib.gui.viewer.base: ViewerWithColumns.initColumn : la colonne ordering est masquée selon les paramètres.
2026-02-28 14:40:34,369 [DEBUG] taskcoachlib.widgets.itemctrl: _CtrlWithHideableColumnsMixin._getColumnIndex : appelé par TreeListCtrl avec column =<taskcoachlib.widgets.itemctrl.Column object at 0x7f512e721d30>
2026-02-28 14:40:34,369 [DEBUG] taskcoachlib.widgets.itemctrl: _CtrlWithHideableColumnsMixin._getColumnIndex : renvoie l'index 0 de la colonne <taskcoachlib.widgets.itemctrl.Column object at 0x7f512e721d30> visible si toutes les colonnes sont visibles.
2026-02-28 14:40:34,369 [DEBUG] taskcoachlib.gui.viewer.base: SortableViewerWithColumns.initColumn : Vérifie si la colonne ordering est utilisée pour le tri.
2026-02-28 14:40:34,370 [DEBUG] taskcoachlib.gui.viewer.base: Viewer.presentation : Retour de la présentation de TaskViewer avec 0 éléments.
2026-02-28 14:40:34,370 [DEBUG] taskcoachlib.gui.viewer.base: Viewer.presentation : Les éléments de la présentation sont : Sorter(<class 'taskcoachlib.domain.task.sorter.Sorter'>([])).
2026-02-28 14:40:34,370 [DEBUG] taskcoachlib.gui.viewer.base: SortableViewerWithColumns.initColumn : Colonnes visibles après initialisation de la colonne ordering.
2026-02-28 14:40:34,370 [DEBUG] taskcoachlib.gui.viewer.base: SortableViewerWithColumns.initColumn Initialise une colonne.
2026-02-28 14:40:34,370 [DEBUG] taskcoachlib.gui.viewer.base: ViewerWithColumns.initColumn : la colonne subject est toujours visible selon les paramètres.
2026-02-28 14:40:34,370 [DEBUG] taskcoachlib.gui.viewer.base: ViewerWithColumns.initColumn : ajoute la colonne subject aux colonnes visibles : []
2026-02-28 14:40:34,370 [DEBUG] taskcoachlib.gui.viewer.base: SortableViewerWithColumns.initColumn : Vérifie si la colonne subject est utilisée pour le tri.
2026-02-28 14:40:34,370 [DEBUG] taskcoachlib.gui.viewer.base: Viewer.presentation : Retour de la présentation de TaskViewer avec 0 éléments.
2026-02-28 14:40:34,370 [DEBUG] taskcoachlib.gui.viewer.base: Viewer.presentation : Les éléments de la présentation sont : Sorter(<class 'taskcoachlib.domain.task.sorter.Sorter'>([])).
2026-02-28 14:40:34,370 [DEBUG] taskcoachlib.gui.viewer.base: SortableViewerWithColumns.initColumn : Colonnes visibles après initialisation de la colonne subject.
2026-02-28 14:40:34,370 [DEBUG] taskcoachlib.gui.viewer.base: SortableViewerWithColumns.initColumn Initialise une colonne.
2026-02-28 14:40:34,370 [DEBUG] taskcoachlib.gui.viewer.base: ViewerWithColumns.initColumn : la colonne description est masquée selon les paramètres.
2026-02-28 14:40:34,370 [DEBUG] taskcoachlib.widgets.itemctrl: _CtrlWithHideableColumnsMixin._getColumnIndex : appelé par TreeListCtrl avec column =<taskcoachlib.widgets.itemctrl.Column object at 0x7f512ed6b390>
2026-02-28 14:40:34,371 [DEBUG] taskcoachlib.widgets.itemctrl: _CtrlWithHideableColumnsMixin._getColumnIndex : renvoie l'index 1 de la colonne <taskcoachlib.widgets.itemctrl.Column object at 0x7f512ed6b390> visible si toutes les colonnes sont visibles.
2026-02-28 14:40:34,371 [DEBUG] taskcoachlib.gui.viewer.base: SortableViewerWithColumns.initColumn : Vérifie si la colonne description est utilisée pour le tri.
2026-02-28 14:40:34,371 [DEBUG] taskcoachlib.gui.viewer.base: Viewer.presentation : Retour de la présentation de TaskViewer avec 0 éléments.
2026-02-28 14:40:34,371 [DEBUG] taskcoachlib.gui.viewer.base: Viewer.presentation : Les éléments de la présentation sont : Sorter(<class 'taskcoachlib.domain.task.sorter.Sorter'>([])).
2026-02-28 14:40:34,371 [DEBUG] taskcoachlib.gui.viewer.base: SortableViewerWithColumns.initColumn : Colonnes visibles après initialisation de la colonne description.
2026-02-28 14:40:34,371 [DEBUG] taskcoachlib.gui.viewer.base: SortableViewerWithColumns.initColumn Initialise une colonne.
2026-02-28 14:40:34,371 [DEBUG] taskcoachlib.gui.viewer.base: ViewerWithColumns.initColumn : la colonne attachments est masquée selon les paramètres.
2026-02-28 14:40:34,371 [DEBUG] taskcoachlib.widgets.itemctrl: _CtrlWithHideableColumnsMixin._getColumnIndex : appelé par TreeListCtrl avec column =<taskcoachlib.widgets.itemctrl.Column object at 0x7f512ed6b4d0>
2026-02-28 14:40:34,371 [DEBUG] taskcoachlib.widgets.itemctrl: _CtrlWithHideableColumnsMixin._getColumnIndex : renvoie l'index 1 de la colonne <taskcoachlib.widgets.itemctrl.Column object at 0x7f512ed6b4d0> visible si toutes les colonnes sont visibles.
2026-02-28 14:40:34,371 [DEBUG] taskcoachlib.gui.viewer.base: SortableViewerWithColumns.initColumn : Vérifie si la colonne attachments est utilisée pour le tri.
2026-02-28 14:40:34,371 [DEBUG] taskcoachlib.gui.viewer.base: Viewer.presentation : Retour de la présentation de TaskViewer avec 0 éléments.
2026-02-28 14:40:34,371 [DEBUG] taskcoachlib.gui.viewer.base: Viewer.presentation : Les éléments de la présentation sont : Sorter(<class 'taskcoachlib.domain.task.sorter.Sorter'>([])).
2026-02-28 14:40:34,371 [DEBUG] taskcoachlib.gui.viewer.base: SortableViewerWithColumns.initColumn : Colonnes visibles après initialisation de la colonne attachments.
2026-02-28 14:40:34,371 [DEBUG] taskcoachlib.gui.viewer.base: SortableViewerWithColumns.initColumn Initialise une colonne.
2026-02-28 14:40:34,371 [DEBUG] taskcoachlib.gui.viewer.base: ViewerWithColumns.initColumn : la colonne notes est masquée selon les paramètres.
2026-02-28 14:40:34,371 [DEBUG] taskcoachlib.widgets.itemctrl: _CtrlWithHideableColumnsMixin._getColumnIndex : appelé par TreeListCtrl avec column =<taskcoachlib.widgets.itemctrl.Column object at 0x7f512ed6b610>
2026-02-28 14:40:34,371 [DEBUG] taskcoachlib.widgets.itemctrl: _CtrlWithHideableColumnsMixin._getColumnIndex : renvoie l'index 1 de la colonne <taskcoachlib.widgets.itemctrl.Column object at 0x7f512ed6b610> visible si toutes les colonnes sont visibles.
2026-02-28 14:40:34,371 [DEBUG] taskcoachlib.gui.viewer.base: SortableViewerWithColumns.initColumn : Vérifie si la colonne notes est utilisée pour le tri.
2026-02-28 14:40:34,371 [DEBUG] taskcoachlib.gui.viewer.base: Viewer.presentation : Retour de la présentation de TaskViewer avec 0 éléments.
2026-02-28 14:40:34,372 [DEBUG] taskcoachlib.gui.viewer.base: Viewer.presentation : Les éléments de la présentation sont : Sorter(<class 'taskcoachlib.domain.task.sorter.Sorter'>([])).
2026-02-28 14:40:34,372 [DEBUG] taskcoachlib.gui.viewer.base: SortableViewerWithColumns.initColumn : Colonnes visibles après initialisation de la colonne notes.
2026-02-28 14:40:34,372 [DEBUG] taskcoachlib.gui.viewer.base: SortableViewerWithColumns.initColumn Initialise une colonne.
2026-02-28 14:40:34,372 [DEBUG] taskcoachlib.gui.viewer.base: ViewerWithColumns.initColumn : la colonne categories est masquée selon les paramètres.
2026-02-28 14:40:34,372 [DEBUG] taskcoachlib.widgets.itemctrl: _CtrlWithHideableColumnsMixin._getColumnIndex : appelé par TreeListCtrl avec column =<taskcoachlib.widgets.itemctrl.Column object at 0x7f512ed6b750>
2026-02-28 14:40:34,372 [DEBUG] taskcoachlib.widgets.itemctrl: _CtrlWithHideableColumnsMixin._getColumnIndex : renvoie l'index 1 de la colonne <taskcoachlib.widgets.itemctrl.Column object at 0x7f512ed6b750> visible si toutes les colonnes sont visibles.
2026-02-28 14:40:34,372 [DEBUG] taskcoachlib.gui.viewer.base: SortableViewerWithColumns.initColumn : Vérifie si la colonne categories est utilisée pour le tri.
2026-02-28 14:40:34,372 [DEBUG] taskcoachlib.gui.viewer.base: Viewer.presentation : Retour de la présentation de TaskViewer avec 0 éléments.
2026-02-28 14:40:34,372 [DEBUG] taskcoachlib.gui.viewer.base: Viewer.presentation : Les éléments de la présentation sont : Sorter(<class 'taskcoachlib.domain.task.sorter.Sorter'>([])).
2026-02-28 14:40:34,372 [DEBUG] taskcoachlib.gui.viewer.base: SortableViewerWithColumns.initColumn : Colonnes visibles après initialisation de la colonne categories.
2026-02-28 14:40:34,372 [DEBUG] taskcoachlib.gui.viewer.base: SortableViewerWithColumns.initColumn Initialise une colonne.
2026-02-28 14:40:34,372 [DEBUG] taskcoachlib.gui.viewer.base: ViewerWithColumns.initColumn : la colonne prerequisites est masquée selon les paramètres.
2026-02-28 14:40:34,372 [DEBUG] taskcoachlib.widgets.itemctrl: _CtrlWithHideableColumnsMixin._getColumnIndex : appelé par TreeListCtrl avec column =<taskcoachlib.widgets.itemctrl.Column object at 0x7f512ed6b890>
2026-02-28 14:40:34,372 [DEBUG] taskcoachlib.widgets.itemctrl: _CtrlWithHideableColumnsMixin._getColumnIndex : renvoie l'index 1 de la colonne <taskcoachlib.widgets.itemctrl.Column object at 0x7f512ed6b890> visible si toutes les colonnes sont visibles.
2026-02-28 14:40:34,372 [DEBUG] taskcoachlib.gui.viewer.base: SortableViewerWithColumns.initColumn : Vérifie si la colonne prerequisites est utilisée pour le tri.
2026-02-28 14:40:34,372 [DEBUG] taskcoachlib.gui.viewer.base: Viewer.presentation : Retour de la présentation de TaskViewer avec 0 éléments.
2026-02-28 14:40:34,373 [DEBUG] taskcoachlib.gui.viewer.base: Viewer.presentation : Les éléments de la présentation sont : Sorter(<class 'taskcoachlib.domain.task.sorter.Sorter'>([])).
2026-02-28 14:40:34,373 [DEBUG] taskcoachlib.gui.viewer.base: SortableViewerWithColumns.initColumn : Colonnes visibles après initialisation de la colonne prerequisites.
2026-02-28 14:40:34,373 [DEBUG] taskcoachlib.gui.viewer.base: SortableViewerWithColumns.initColumn Initialise une colonne.
2026-02-28 14:40:34,373 [DEBUG] taskcoachlib.gui.viewer.base: ViewerWithColumns.initColumn : la colonne dependencies est masquée selon les paramètres.
2026-02-28 14:40:34,373 [DEBUG] taskcoachlib.widgets.itemctrl: _CtrlWithHideableColumnsMixin._getColumnIndex : appelé par TreeListCtrl avec column =<taskcoachlib.widgets.itemctrl.Column object at 0x7f512ed6b9d0>
2026-02-28 14:40:34,373 [DEBUG] taskcoachlib.widgets.itemctrl: _CtrlWithHideableColumnsMixin._getColumnIndex : renvoie l'index 1 de la colonne <taskcoachlib.widgets.itemctrl.Column object at 0x7f512ed6b9d0> visible si toutes les colonnes sont visibles.
2026-02-28 14:40:34,373 [DEBUG] taskcoachlib.gui.viewer.base: SortableViewerWithColumns.initColumn : Vérifie si la colonne dependencies est utilisée pour le tri.
2026-02-28 14:40:34,373 [DEBUG] taskcoachlib.gui.viewer.base: Viewer.presentation : Retour de la présentation de TaskViewer avec 0 éléments.
2026-02-28 14:40:34,373 [DEBUG] taskcoachlib.gui.viewer.base: Viewer.presentation : Les éléments de la présentation sont : Sorter(<class 'taskcoachlib.domain.task.sorter.Sorter'>([])).
2026-02-28 14:40:34,373 [DEBUG] taskcoachlib.gui.viewer.base: SortableViewerWithColumns.initColumn : Colonnes visibles après initialisation de la colonne dependencies.
2026-02-28 14:40:34,373 [DEBUG] taskcoachlib.gui.viewer.base: SortableViewerWithColumns.initColumn Initialise une colonne.
2026-02-28 14:40:34,373 [DEBUG] taskcoachlib.gui.viewer.base: ViewerWithColumns.initColumn : la colonne plannedStartDateTime est visible selon les paramètres.
2026-02-28 14:40:34,373 [DEBUG] taskcoachlib.widgets.itemctrl: _CtrlWithHideableColumnsMixin._getColumnIndex : appelé par TreeListCtrl avec column =<taskcoachlib.widgets.itemctrl.Column object at 0x7f512ed6bb10>
2026-02-28 14:40:34,373 [DEBUG] taskcoachlib.widgets.itemctrl: _CtrlWithHideableColumnsMixin._getColumnIndex : renvoie l'index 1 de la colonne <taskcoachlib.widgets.itemctrl.Column object at 0x7f512ed6bb10> visible si toutes les colonnes sont visibles.
2026-02-28 14:40:34,373 [DEBUG] taskcoachlib.gui.viewer.base: ViewerWithColumns.initColumn : ajoute la colonne plannedStartDateTime aux colonnes visibles : [<taskcoachlib.widgets.itemctrl.Column object at 0x7f512ed6b250>]
2026-02-28 14:40:34,373 [DEBUG] taskcoachlib.gui.viewer.base: SortableViewerWithColumns.initColumn : Vérifie si la colonne plannedStartDateTime est utilisée pour le tri.
2026-02-28 14:40:34,373 [DEBUG] taskcoachlib.gui.viewer.base: Viewer.presentation : Retour de la présentation de TaskViewer avec 0 éléments.
2026-02-28 14:40:34,373 [DEBUG] taskcoachlib.gui.viewer.base: Viewer.presentation : Les éléments de la présentation sont : Sorter(<class 'taskcoachlib.domain.task.sorter.Sorter'>([])).
2026-02-28 14:40:34,374 [DEBUG] taskcoachlib.gui.viewer.base: SortableViewerWithColumns.initColumn : Colonnes visibles après initialisation de la colonne plannedStartDateTime.
2026-02-28 14:40:34,374 [DEBUG] taskcoachlib.gui.viewer.base: SortableViewerWithColumns.initColumn Initialise une colonne.
2026-02-28 14:40:34,374 [DEBUG] taskcoachlib.gui.viewer.base: ViewerWithColumns.initColumn : la colonne dueDateTime est visible selon les paramètres.
2026-02-28 14:40:34,374 [DEBUG] taskcoachlib.widgets.itemctrl: _CtrlWithHideableColumnsMixin._getColumnIndex : appelé par TreeListCtrl avec column =<taskcoachlib.widgets.itemctrl.Column object at 0x7f512ed6bc50>
2026-02-28 14:40:34,374 [DEBUG] taskcoachlib.widgets.itemctrl: _CtrlWithHideableColumnsMixin._getColumnIndex : renvoie l'index 2 de la colonne <taskcoachlib.widgets.itemctrl.Column object at 0x7f512ed6bc50> visible si toutes les colonnes sont visibles.
2026-02-28 14:40:34,374 [DEBUG] taskcoachlib.gui.viewer.base: ViewerWithColumns.initColumn : ajoute la colonne dueDateTime aux colonnes visibles : [<taskcoachlib.widgets.itemctrl.Column object at 0x7f512ed6b250>, <taskcoachlib.widgets.itemctrl.Column object at 0x7f512ed6bb10>]
2026-02-28 14:40:34,374 [DEBUG] taskcoachlib.gui.viewer.base: SortableViewerWithColumns.initColumn : Vérifie si la colonne dueDateTime est utilisée pour le tri.
2026-02-28 14:40:34,374 [DEBUG] taskcoachlib.gui.viewer.base: Viewer.presentation : Retour de la présentation de TaskViewer avec 0 éléments.
2026-02-28 14:40:34,374 [DEBUG] taskcoachlib.gui.viewer.base: Viewer.presentation : Les éléments de la présentation sont : Sorter(<class 'taskcoachlib.domain.task.sorter.Sorter'>([])).
2026-02-28 14:40:34,374 [DEBUG] taskcoachlib.gui.viewer.base: SortableViewerWithColumns.initColumn : La colonne dueDateTime est utilisée pour le tri. Affiche l'icône de tri.
2026-02-28 14:40:34,374 [DEBUG] taskcoachlib.widgets.itemctrl: _CtrlWithHideableColumnsMixin._getColumnIndex : appelé par TreeListCtrl avec column =<taskcoachlib.widgets.itemctrl.Column object at 0x7f512ed6bc50>
2026-02-28 14:40:34,374 [DEBUG] taskcoachlib.widgets.itemctrl: _CtrlWithHideableColumnsMixin._getColumnIndex : renvoie l'index 2 de la colonne <taskcoachlib.widgets.itemctrl.Column object at 0x7f512ed6bc50> visible si toutes les colonnes sont visibles.
2026-02-28 14:40:34,374 [DEBUG] taskcoachlib.gui.viewer.base: SortableViewerWithColumns.initColumn : Affiche l'ordre de tri pour la colonne dueDateTime.
2026-02-28 14:40:34,374 [DEBUG] taskcoachlib.gui.viewer.base: Viewer.presentation : Retour de la présentation de TaskViewer avec 0 éléments.
2026-02-28 14:40:34,374 [DEBUG] taskcoachlib.gui.viewer.base: Viewer.presentation : Les éléments de la présentation sont : Sorter(<class 'taskcoachlib.domain.task.sorter.Sorter'>([])).
2026-02-28 14:40:34,375 [DEBUG] taskcoachlib.widgets.itemctrl: _CtrlWithHideableColumnsMixin._getColumnIndex : appelé par TreeListCtrl avec column =<taskcoachlib.widgets.itemctrl.Column object at 0x7f512ed6bc50>
2026-02-28 14:40:34,375 [DEBUG] taskcoachlib.widgets.itemctrl: _CtrlWithHideableColumnsMixin._getColumnIndex : renvoie l'index 2 de la colonne <taskcoachlib.widgets.itemctrl.Column object at 0x7f512ed6bc50> visible si toutes les colonnes sont visibles.
2026-02-28 14:40:34,375 [DEBUG] taskcoachlib.gui.viewer.base: SortableViewerWithColumns.initColumn : La colonne dueDateTime est maintenant visible avec l'icône de tri.
2026-02-28 14:40:34,375 [DEBUG] taskcoachlib.gui.viewer.base: SortableViewerWithColumns.initColumn : Colonnes visibles après initialisation de la colonne dueDateTime.
2026-02-28 14:40:34,375 [DEBUG] taskcoachlib.gui.viewer.base: SortableViewerWithColumns.initColumn Initialise une colonne.
2026-02-28 14:40:34,375 [DEBUG] taskcoachlib.gui.viewer.base: ViewerWithColumns.initColumn : la colonne actualStartDateTime est visible selon les paramètres.
2026-02-28 14:40:34,375 [DEBUG] taskcoachlib.widgets.itemctrl: _CtrlWithHideableColumnsMixin._getColumnIndex : appelé par TreeListCtrl avec column =<taskcoachlib.widgets.itemctrl.Column object at 0x7f512ed6bd90>
2026-02-28 14:40:34,375 [DEBUG] taskcoachlib.widgets.itemctrl: _CtrlWithHideableColumnsMixin._getColumnIndex : renvoie l'index 3 de la colonne <taskcoachlib.widgets.itemctrl.Column object at 0x7f512ed6bd90> visible si toutes les colonnes sont visibles.
2026-02-28 14:40:34,375 [DEBUG] taskcoachlib.gui.viewer.base: ViewerWithColumns.initColumn : ajoute la colonne actualStartDateTime aux colonnes visibles : [<taskcoachlib.widgets.itemctrl.Column object at 0x7f512ed6b250>, <taskcoachlib.widgets.itemctrl.Column object at 0x7f512ed6bb10>, <taskcoachlib.widgets.itemctrl.Column object at 0x7f512ed6bc50>]
2026-02-28 14:40:34,375 [DEBUG] taskcoachlib.gui.viewer.base: SortableViewerWithColumns.initColumn : Vérifie si la colonne actualStartDateTime est utilisée pour le tri.
2026-02-28 14:40:34,375 [DEBUG] taskcoachlib.gui.viewer.base: Viewer.presentation : Retour de la présentation de TaskViewer avec 0 éléments.
2026-02-28 14:40:34,375 [DEBUG] taskcoachlib.gui.viewer.base: Viewer.presentation : Les éléments de la présentation sont : Sorter(<class 'taskcoachlib.domain.task.sorter.Sorter'>([])).
2026-02-28 14:40:34,375 [DEBUG] taskcoachlib.gui.viewer.base: SortableViewerWithColumns.initColumn : Colonnes visibles après initialisation de la colonne actualStartDateTime.
2026-02-28 14:40:34,375 [DEBUG] taskcoachlib.gui.viewer.base: SortableViewerWithColumns.initColumn Initialise une colonne.
2026-02-28 14:40:34,375 [DEBUG] taskcoachlib.gui.viewer.base: ViewerWithColumns.initColumn : la colonne completionDateTime est visible selon les paramètres.
2026-02-28 14:40:34,375 [DEBUG] taskcoachlib.widgets.itemctrl: _CtrlWithHideableColumnsMixin._getColumnIndex : appelé par TreeListCtrl avec column =<taskcoachlib.widgets.itemctrl.Column object at 0x7f512ed6bed0>
2026-02-28 14:40:34,375 [DEBUG] taskcoachlib.widgets.itemctrl: _CtrlWithHideableColumnsMixin._getColumnIndex : renvoie l'index 4 de la colonne <taskcoachlib.widgets.itemctrl.Column object at 0x7f512ed6bed0> visible si toutes les colonnes sont visibles.
2026-02-28 14:40:34,375 [DEBUG] taskcoachlib.gui.viewer.base: ViewerWithColumns.initColumn : ajoute la colonne completionDateTime aux colonnes visibles : [<taskcoachlib.widgets.itemctrl.Column object at 0x7f512ed6b250>, <taskcoachlib.widgets.itemctrl.Column object at 0x7f512ed6bb10>, <taskcoachlib.widgets.itemctrl.Column object at 0x7f512ed6bc50>, <taskcoachlib.widgets.itemctrl.Column object at 0x7f512ed6bd90>]
2026-02-28 14:40:34,375 [DEBUG] taskcoachlib.gui.viewer.base: SortableViewerWithColumns.initColumn : Vérifie si la colonne completionDateTime est utilisée pour le tri.
2026-02-28 14:40:34,375 [DEBUG] taskcoachlib.gui.viewer.base: Viewer.presentation : Retour de la présentation de TaskViewer avec 0 éléments.
2026-02-28 14:40:34,376 [DEBUG] taskcoachlib.gui.viewer.base: Viewer.presentation : Les éléments de la présentation sont : Sorter(<class 'taskcoachlib.domain.task.sorter.Sorter'>([])).
2026-02-28 14:40:34,376 [DEBUG] taskcoachlib.gui.viewer.base: SortableViewerWithColumns.initColumn : Colonnes visibles après initialisation de la colonne completionDateTime.
2026-02-28 14:40:34,376 [DEBUG] taskcoachlib.gui.viewer.base: SortableViewerWithColumns.initColumn Initialise une colonne.
2026-02-28 14:40:34,376 [DEBUG] taskcoachlib.gui.viewer.base: ViewerWithColumns.initColumn : la colonne status est masquée selon les paramètres.
2026-02-28 14:40:34,376 [DEBUG] taskcoachlib.widgets.itemctrl: _CtrlWithHideableColumnsMixin._getColumnIndex : appelé par TreeListCtrl avec column =<taskcoachlib.widgets.itemctrl.Column object at 0x7f512e7a0050>
2026-02-28 14:40:34,376 [DEBUG] taskcoachlib.widgets.itemctrl: _CtrlWithHideableColumnsMixin._getColumnIndex : renvoie l'index 5 de la colonne <taskcoachlib.widgets.itemctrl.Column object at 0x7f512e7a0050> visible si toutes les colonnes sont visibles.
2026-02-28 14:40:34,376 [DEBUG] taskcoachlib.gui.viewer.base: SortableViewerWithColumns.initColumn : Vérifie si la colonne status est utilisée pour le tri.
2026-02-28 14:40:34,376 [DEBUG] taskcoachlib.gui.viewer.base: Viewer.presentation : Retour de la présentation de TaskViewer avec 0 éléments.
2026-02-28 14:40:34,376 [DEBUG] taskcoachlib.gui.viewer.base: Viewer.presentation : Les éléments de la présentation sont : Sorter(<class 'taskcoachlib.domain.task.sorter.Sorter'>([])).
2026-02-28 14:40:34,376 [DEBUG] taskcoachlib.gui.viewer.base: SortableViewerWithColumns.initColumn : Colonnes visibles après initialisation de la colonne status.
2026-02-28 14:40:34,376 [DEBUG] taskcoachlib.gui.viewer.base: SortableViewerWithColumns.initColumn Initialise une colonne.
2026-02-28 14:40:34,376 [DEBUG] taskcoachlib.gui.viewer.base: ViewerWithColumns.initColumn : la colonne statusIcon est masquée selon les paramètres.
2026-02-28 14:40:34,376 [DEBUG] taskcoachlib.widgets.itemctrl: _CtrlWithHideableColumnsMixin._getColumnIndex : appelé par TreeListCtrl avec column =<taskcoachlib.widgets.itemctrl.Column object at 0x7f512e7a0190>
2026-02-28 14:40:34,376 [DEBUG] taskcoachlib.widgets.itemctrl: _CtrlWithHideableColumnsMixin._getColumnIndex : renvoie l'index 5 de la colonne <taskcoachlib.widgets.itemctrl.Column object at 0x7f512e7a0190> visible si toutes les colonnes sont visibles.
2026-02-28 14:40:34,376 [DEBUG] taskcoachlib.gui.viewer.base: SortableViewerWithColumns.initColumn : Vérifie si la colonne statusIcon est utilisée pour le tri.
2026-02-28 14:40:34,376 [DEBUG] taskcoachlib.gui.viewer.base: Viewer.presentation : Retour de la présentation de TaskViewer avec 0 éléments.
2026-02-28 14:40:34,376 [DEBUG] taskcoachlib.gui.viewer.base: Viewer.presentation : Les éléments de la présentation sont : Sorter(<class 'taskcoachlib.domain.task.sorter.Sorter'>([])).
2026-02-28 14:40:34,376 [DEBUG] taskcoachlib.gui.viewer.base: SortableViewerWithColumns.initColumn : Colonnes visibles après initialisation de la colonne statusIcon.
2026-02-28 14:40:34,376 [DEBUG] taskcoachlib.gui.viewer.base: SortableViewerWithColumns.initColumn Initialise une colonne.
2026-02-28 14:40:34,377 [DEBUG] taskcoachlib.gui.viewer.base: ViewerWithColumns.initColumn : la colonne statusIconText est masquée selon les paramètres.
2026-02-28 14:40:34,377 [DEBUG] taskcoachlib.widgets.itemctrl: _CtrlWithHideableColumnsMixin._getColumnIndex : appelé par TreeListCtrl avec column =<taskcoachlib.widgets.itemctrl.Column object at 0x7f512e7a02d0>
2026-02-28 14:40:34,377 [DEBUG] taskcoachlib.widgets.itemctrl: _CtrlWithHideableColumnsMixin._getColumnIndex : renvoie l'index 5 de la colonne <taskcoachlib.widgets.itemctrl.Column object at 0x7f512e7a02d0> visible si toutes les colonnes sont visibles.
2026-02-28 14:40:34,377 [DEBUG] taskcoachlib.gui.viewer.base: SortableViewerWithColumns.initColumn : Vérifie si la colonne statusIconText est utilisée pour le tri.
2026-02-28 14:40:34,377 [DEBUG] taskcoachlib.gui.viewer.base: Viewer.presentation : Retour de la présentation de TaskViewer avec 0 éléments.
2026-02-28 14:40:34,377 [DEBUG] taskcoachlib.gui.viewer.base: Viewer.presentation : Les éléments de la présentation sont : Sorter(<class 'taskcoachlib.domain.task.sorter.Sorter'>([])).
2026-02-28 14:40:34,377 [DEBUG] taskcoachlib.gui.viewer.base: SortableViewerWithColumns.initColumn : Colonnes visibles après initialisation de la colonne statusIconText.
2026-02-28 14:40:34,377 [DEBUG] taskcoachlib.gui.viewer.base: SortableViewerWithColumns.initColumn Initialise une colonne.
2026-02-28 14:40:34,377 [DEBUG] taskcoachlib.gui.viewer.base: ViewerWithColumns.initColumn : la colonne percentageComplete est masquée selon les paramètres.
2026-02-28 14:40:34,377 [DEBUG] taskcoachlib.widgets.itemctrl: _CtrlWithHideableColumnsMixin._getColumnIndex : appelé par TreeListCtrl avec column =<taskcoachlib.widgets.itemctrl.Column object at 0x7f512e7a0410>
2026-02-28 14:40:34,377 [DEBUG] taskcoachlib.widgets.itemctrl: _CtrlWithHideableColumnsMixin._getColumnIndex : renvoie l'index 5 de la colonne <taskcoachlib.widgets.itemctrl.Column object at 0x7f512e7a0410> visible si toutes les colonnes sont visibles.
2026-02-28 14:40:34,377 [DEBUG] taskcoachlib.gui.viewer.base: SortableViewerWithColumns.initColumn : Vérifie si la colonne percentageComplete est utilisée pour le tri.
2026-02-28 14:40:34,377 [DEBUG] taskcoachlib.gui.viewer.base: Viewer.presentation : Retour de la présentation de TaskViewer avec 0 éléments.
2026-02-28 14:40:34,377 [DEBUG] taskcoachlib.gui.viewer.base: Viewer.presentation : Les éléments de la présentation sont : Sorter(<class 'taskcoachlib.domain.task.sorter.Sorter'>([])).
2026-02-28 14:40:34,377 [DEBUG] taskcoachlib.gui.viewer.base: SortableViewerWithColumns.initColumn : Colonnes visibles après initialisation de la colonne percentageComplete.
2026-02-28 14:40:34,377 [DEBUG] taskcoachlib.gui.viewer.base: SortableViewerWithColumns.initColumn Initialise une colonne.
2026-02-28 14:40:34,377 [DEBUG] taskcoachlib.gui.viewer.base: ViewerWithColumns.initColumn : la colonne timeLeft est masquée selon les paramètres.
2026-02-28 14:40:34,377 [DEBUG] taskcoachlib.widgets.itemctrl: _CtrlWithHideableColumnsMixin._getColumnIndex : appelé par TreeListCtrl avec column =<taskcoachlib.widgets.itemctrl.Column object at 0x7f512e7a0550>
2026-02-28 14:40:34,377 [DEBUG] taskcoachlib.widgets.itemctrl: _CtrlWithHideableColumnsMixin._getColumnIndex : renvoie l'index 5 de la colonne <taskcoachlib.widgets.itemctrl.Column object at 0x7f512e7a0550> visible si toutes les colonnes sont visibles.
2026-02-28 14:40:34,377 [DEBUG] taskcoachlib.gui.viewer.base: SortableViewerWithColumns.initColumn : Vérifie si la colonne timeLeft est utilisée pour le tri.
2026-02-28 14:40:34,377 [DEBUG] taskcoachlib.gui.viewer.base: Viewer.presentation : Retour de la présentation de TaskViewer avec 0 éléments.
2026-02-28 14:40:34,378 [DEBUG] taskcoachlib.gui.viewer.base: Viewer.presentation : Les éléments de la présentation sont : Sorter(<class 'taskcoachlib.domain.task.sorter.Sorter'>([])).
2026-02-28 14:40:34,378 [DEBUG] taskcoachlib.gui.viewer.base: SortableViewerWithColumns.initColumn : Colonnes visibles après initialisation de la colonne timeLeft.
2026-02-28 14:40:34,378 [DEBUG] taskcoachlib.gui.viewer.base: SortableViewerWithColumns.initColumn Initialise une colonne.
2026-02-28 14:40:34,378 [DEBUG] taskcoachlib.gui.viewer.base: ViewerWithColumns.initColumn : la colonne recurrence est masquée selon les paramètres.
2026-02-28 14:40:34,378 [DEBUG] taskcoachlib.widgets.itemctrl: _CtrlWithHideableColumnsMixin._getColumnIndex : appelé par TreeListCtrl avec column =<taskcoachlib.widgets.itemctrl.Column object at 0x7f512e7a0690>
2026-02-28 14:40:34,378 [DEBUG] taskcoachlib.widgets.itemctrl: _CtrlWithHideableColumnsMixin._getColumnIndex : renvoie l'index 5 de la colonne <taskcoachlib.widgets.itemctrl.Column object at 0x7f512e7a0690> visible si toutes les colonnes sont visibles.
2026-02-28 14:40:34,378 [DEBUG] taskcoachlib.gui.viewer.base: SortableViewerWithColumns.initColumn : Vérifie si la colonne recurrence est utilisée pour le tri.
2026-02-28 14:40:34,378 [DEBUG] taskcoachlib.gui.viewer.base: Viewer.presentation : Retour de la présentation de TaskViewer avec 0 éléments.
2026-02-28 14:40:34,378 [DEBUG] taskcoachlib.gui.viewer.base: Viewer.presentation : Les éléments de la présentation sont : Sorter(<class 'taskcoachlib.domain.task.sorter.Sorter'>([])).
2026-02-28 14:40:34,378 [DEBUG] taskcoachlib.gui.viewer.base: SortableViewerWithColumns.initColumn : Colonnes visibles après initialisation de la colonne recurrence.
2026-02-28 14:40:34,378 [DEBUG] taskcoachlib.gui.viewer.base: SortableViewerWithColumns.initColumn Initialise une colonne.
2026-02-28 14:40:34,378 [DEBUG] taskcoachlib.gui.viewer.base: ViewerWithColumns.initColumn : la colonne budget est masquée selon les paramètres.
2026-02-28 14:40:34,378 [DEBUG] taskcoachlib.widgets.itemctrl: _CtrlWithHideableColumnsMixin._getColumnIndex : appelé par TreeListCtrl avec column =<taskcoachlib.widgets.itemctrl.Column object at 0x7f512e7a07d0>
2026-02-28 14:40:34,378 [DEBUG] taskcoachlib.widgets.itemctrl: _CtrlWithHideableColumnsMixin._getColumnIndex : renvoie l'index 5 de la colonne <taskcoachlib.widgets.itemctrl.Column object at 0x7f512e7a07d0> visible si toutes les colonnes sont visibles.
2026-02-28 14:40:34,378 [DEBUG] taskcoachlib.gui.viewer.base: SortableViewerWithColumns.initColumn : Vérifie si la colonne budget est utilisée pour le tri.
2026-02-28 14:40:34,378 [DEBUG] taskcoachlib.gui.viewer.base: Viewer.presentation : Retour de la présentation de TaskViewer avec 0 éléments.
2026-02-28 14:40:34,378 [DEBUG] taskcoachlib.gui.viewer.base: Viewer.presentation : Les éléments de la présentation sont : Sorter(<class 'taskcoachlib.domain.task.sorter.Sorter'>([])).
2026-02-28 14:40:34,378 [DEBUG] taskcoachlib.gui.viewer.base: SortableViewerWithColumns.initColumn : Colonnes visibles après initialisation de la colonne budget.
2026-02-28 14:40:34,378 [DEBUG] taskcoachlib.gui.viewer.base: SortableViewerWithColumns.initColumn Initialise une colonne.
2026-02-28 14:40:34,378 [DEBUG] taskcoachlib.gui.viewer.base: ViewerWithColumns.initColumn : la colonne timeSpent est masquée selon les paramètres.
2026-02-28 14:40:34,378 [DEBUG] taskcoachlib.widgets.itemctrl: _CtrlWithHideableColumnsMixin._getColumnIndex : appelé par TreeListCtrl avec column =<taskcoachlib.widgets.itemctrl.Column object at 0x7f512e7a0910>
2026-02-28 14:40:34,379 [DEBUG] taskcoachlib.widgets.itemctrl: _CtrlWithHideableColumnsMixin._getColumnIndex : renvoie l'index 5 de la colonne <taskcoachlib.widgets.itemctrl.Column object at 0x7f512e7a0910> visible si toutes les colonnes sont visibles.
2026-02-28 14:40:34,379 [DEBUG] taskcoachlib.gui.viewer.base: SortableViewerWithColumns.initColumn : Vérifie si la colonne timeSpent est utilisée pour le tri.
2026-02-28 14:40:34,379 [DEBUG] taskcoachlib.gui.viewer.base: Viewer.presentation : Retour de la présentation de TaskViewer avec 0 éléments.
2026-02-28 14:40:34,379 [DEBUG] taskcoachlib.gui.viewer.base: Viewer.presentation : Les éléments de la présentation sont : Sorter(<class 'taskcoachlib.domain.task.sorter.Sorter'>([])).
2026-02-28 14:40:34,379 [DEBUG] taskcoachlib.gui.viewer.base: SortableViewerWithColumns.initColumn : Colonnes visibles après initialisation de la colonne timeSpent.
2026-02-28 14:40:34,379 [DEBUG] taskcoachlib.gui.viewer.base: SortableViewerWithColumns.initColumn Initialise une colonne.
2026-02-28 14:40:34,379 [DEBUG] taskcoachlib.gui.viewer.base: ViewerWithColumns.initColumn : la colonne budgetLeft est masquée selon les paramètres.
2026-02-28 14:40:34,379 [DEBUG] taskcoachlib.widgets.itemctrl: _CtrlWithHideableColumnsMixin._getColumnIndex : appelé par TreeListCtrl avec column =<taskcoachlib.widgets.itemctrl.Column object at 0x7f512e7a0a50>
2026-02-28 14:40:34,379 [DEBUG] taskcoachlib.widgets.itemctrl: _CtrlWithHideableColumnsMixin._getColumnIndex : renvoie l'index 5 de la colonne <taskcoachlib.widgets.itemctrl.Column object at 0x7f512e7a0a50> visible si toutes les colonnes sont visibles.
2026-02-28 14:40:34,379 [DEBUG] taskcoachlib.gui.viewer.base: SortableViewerWithColumns.initColumn : Vérifie si la colonne budgetLeft est utilisée pour le tri.
2026-02-28 14:40:34,379 [DEBUG] taskcoachlib.gui.viewer.base: Viewer.presentation : Retour de la présentation de TaskViewer avec 0 éléments.
2026-02-28 14:40:34,379 [DEBUG] taskcoachlib.gui.viewer.base: Viewer.presentation : Les éléments de la présentation sont : Sorter(<class 'taskcoachlib.domain.task.sorter.Sorter'>([])).
2026-02-28 14:40:34,379 [DEBUG] taskcoachlib.gui.viewer.base: SortableViewerWithColumns.initColumn : Colonnes visibles après initialisation de la colonne budgetLeft.
2026-02-28 14:40:34,379 [DEBUG] taskcoachlib.gui.viewer.base: SortableViewerWithColumns.initColumn Initialise une colonne.
2026-02-28 14:40:34,379 [DEBUG] taskcoachlib.gui.viewer.base: ViewerWithColumns.initColumn : la colonne priority est masquée selon les paramètres.
2026-02-28 14:40:34,379 [DEBUG] taskcoachlib.widgets.itemctrl: _CtrlWithHideableColumnsMixin._getColumnIndex : appelé par TreeListCtrl avec column =<taskcoachlib.widgets.itemctrl.Column object at 0x7f512e7a0b90>
2026-02-28 14:40:34,379 [DEBUG] taskcoachlib.widgets.itemctrl: _CtrlWithHideableColumnsMixin._getColumnIndex : renvoie l'index 5 de la colonne <taskcoachlib.widgets.itemctrl.Column object at 0x7f512e7a0b90> visible si toutes les colonnes sont visibles.
2026-02-28 14:40:34,379 [DEBUG] taskcoachlib.gui.viewer.base: SortableViewerWithColumns.initColumn : Vérifie si la colonne priority est utilisée pour le tri.
2026-02-28 14:40:34,379 [DEBUG] taskcoachlib.gui.viewer.base: Viewer.presentation : Retour de la présentation de TaskViewer avec 0 éléments.
2026-02-28 14:40:34,379 [DEBUG] taskcoachlib.gui.viewer.base: Viewer.presentation : Les éléments de la présentation sont : Sorter(<class 'taskcoachlib.domain.task.sorter.Sorter'>([])).
2026-02-28 14:40:34,379 [DEBUG] taskcoachlib.gui.viewer.base: SortableViewerWithColumns.initColumn : Colonnes visibles après initialisation de la colonne priority.
2026-02-28 14:40:34,379 [DEBUG] taskcoachlib.gui.viewer.base: SortableViewerWithColumns.initColumn Initialise une colonne.
2026-02-28 14:40:34,380 [DEBUG] taskcoachlib.gui.viewer.base: ViewerWithColumns.initColumn : la colonne hourlyFee est masquée selon les paramètres.
2026-02-28 14:40:34,380 [DEBUG] taskcoachlib.widgets.itemctrl: _CtrlWithHideableColumnsMixin._getColumnIndex : appelé par TreeListCtrl avec column =<taskcoachlib.widgets.itemctrl.Column object at 0x7f512e7a0cd0>
2026-02-28 14:40:34,380 [DEBUG] taskcoachlib.widgets.itemctrl: _CtrlWithHideableColumnsMixin._getColumnIndex : renvoie l'index 5 de la colonne <taskcoachlib.widgets.itemctrl.Column object at 0x7f512e7a0cd0> visible si toutes les colonnes sont visibles.
2026-02-28 14:40:34,380 [DEBUG] taskcoachlib.gui.viewer.base: SortableViewerWithColumns.initColumn : Vérifie si la colonne hourlyFee est utilisée pour le tri.
2026-02-28 14:40:34,380 [DEBUG] taskcoachlib.gui.viewer.base: Viewer.presentation : Retour de la présentation de TaskViewer avec 0 éléments.
2026-02-28 14:40:34,380 [DEBUG] taskcoachlib.gui.viewer.base: Viewer.presentation : Les éléments de la présentation sont : Sorter(<class 'taskcoachlib.domain.task.sorter.Sorter'>([])).
2026-02-28 14:40:34,380 [DEBUG] taskcoachlib.gui.viewer.base: SortableViewerWithColumns.initColumn : Colonnes visibles après initialisation de la colonne hourlyFee.
2026-02-28 14:40:34,380 [DEBUG] taskcoachlib.gui.viewer.base: SortableViewerWithColumns.initColumn Initialise une colonne.
2026-02-28 14:40:34,380 [DEBUG] taskcoachlib.gui.viewer.base: ViewerWithColumns.initColumn : la colonne fixedFee est masquée selon les paramètres.
2026-02-28 14:40:34,380 [DEBUG] taskcoachlib.widgets.itemctrl: _CtrlWithHideableColumnsMixin._getColumnIndex : appelé par TreeListCtrl avec column =<taskcoachlib.widgets.itemctrl.Column object at 0x7f512e7a0e10>
2026-02-28 14:40:34,380 [DEBUG] taskcoachlib.widgets.itemctrl: _CtrlWithHideableColumnsMixin._getColumnIndex : renvoie l'index 5 de la colonne <taskcoachlib.widgets.itemctrl.Column object at 0x7f512e7a0e10> visible si toutes les colonnes sont visibles.
2026-02-28 14:40:34,380 [DEBUG] taskcoachlib.gui.viewer.base: SortableViewerWithColumns.initColumn : Vérifie si la colonne fixedFee est utilisée pour le tri.
2026-02-28 14:40:34,380 [DEBUG] taskcoachlib.gui.viewer.base: Viewer.presentation : Retour de la présentation de TaskViewer avec 0 éléments.
2026-02-28 14:40:34,380 [DEBUG] taskcoachlib.gui.viewer.base: Viewer.presentation : Les éléments de la présentation sont : Sorter(<class 'taskcoachlib.domain.task.sorter.Sorter'>([])).
2026-02-28 14:40:34,380 [DEBUG] taskcoachlib.gui.viewer.base: SortableViewerWithColumns.initColumn : Colonnes visibles après initialisation de la colonne fixedFee.
2026-02-28 14:40:34,380 [DEBUG] taskcoachlib.gui.viewer.base: SortableViewerWithColumns.initColumn Initialise une colonne.
2026-02-28 14:40:34,380 [DEBUG] taskcoachlib.gui.viewer.base: ViewerWithColumns.initColumn : la colonne revenue est masquée selon les paramètres.
2026-02-28 14:40:34,380 [DEBUG] taskcoachlib.widgets.itemctrl: _CtrlWithHideableColumnsMixin._getColumnIndex : appelé par TreeListCtrl avec column =<taskcoachlib.widgets.itemctrl.Column object at 0x7f512e7a0f50>
2026-02-28 14:40:34,380 [DEBUG] taskcoachlib.widgets.itemctrl: _CtrlWithHideableColumnsMixin._getColumnIndex : renvoie l'index 5 de la colonne <taskcoachlib.widgets.itemctrl.Column object at 0x7f512e7a0f50> visible si toutes les colonnes sont visibles.
2026-02-28 14:40:34,380 [DEBUG] taskcoachlib.gui.viewer.base: SortableViewerWithColumns.initColumn : Vérifie si la colonne revenue est utilisée pour le tri.
2026-02-28 14:40:34,380 [DEBUG] taskcoachlib.gui.viewer.base: Viewer.presentation : Retour de la présentation de TaskViewer avec 0 éléments.
2026-02-28 14:40:34,380 [DEBUG] taskcoachlib.gui.viewer.base: Viewer.presentation : Les éléments de la présentation sont : Sorter(<class 'taskcoachlib.domain.task.sorter.Sorter'>([])).
2026-02-28 14:40:34,380 [DEBUG] taskcoachlib.gui.viewer.base: SortableViewerWithColumns.initColumn : Colonnes visibles après initialisation de la colonne revenue.
2026-02-28 14:40:34,381 [DEBUG] taskcoachlib.gui.viewer.base: SortableViewerWithColumns.initColumn Initialise une colonne.
2026-02-28 14:40:34,381 [DEBUG] taskcoachlib.gui.viewer.base: ViewerWithColumns.initColumn : la colonne reminder est masquée selon les paramètres.
2026-02-28 14:40:34,381 [DEBUG] taskcoachlib.widgets.itemctrl: _CtrlWithHideableColumnsMixin._getColumnIndex : appelé par TreeListCtrl avec column =<taskcoachlib.widgets.itemctrl.Column object at 0x7f512e7a1090>
2026-02-28 14:40:34,381 [DEBUG] taskcoachlib.widgets.itemctrl: _CtrlWithHideableColumnsMixin._getColumnIndex : renvoie l'index 5 de la colonne <taskcoachlib.widgets.itemctrl.Column object at 0x7f512e7a1090> visible si toutes les colonnes sont visibles.
2026-02-28 14:40:34,381 [DEBUG] taskcoachlib.gui.viewer.base: SortableViewerWithColumns.initColumn : Vérifie si la colonne reminder est utilisée pour le tri.
2026-02-28 14:40:34,381 [DEBUG] taskcoachlib.gui.viewer.base: Viewer.presentation : Retour de la présentation de TaskViewer avec 0 éléments.
2026-02-28 14:40:34,381 [DEBUG] taskcoachlib.gui.viewer.base: Viewer.presentation : Les éléments de la présentation sont : Sorter(<class 'taskcoachlib.domain.task.sorter.Sorter'>([])).
2026-02-28 14:40:34,381 [DEBUG] taskcoachlib.gui.viewer.base: SortableViewerWithColumns.initColumn : Colonnes visibles après initialisation de la colonne reminder.
2026-02-28 14:40:34,381 [DEBUG] taskcoachlib.gui.viewer.base: SortableViewerWithColumns.initColumn Initialise une colonne.
2026-02-28 14:40:34,381 [DEBUG] taskcoachlib.gui.viewer.base: ViewerWithColumns.initColumn : la colonne creationDateTime est masquée selon les paramètres.
2026-02-28 14:40:34,381 [DEBUG] taskcoachlib.widgets.itemctrl: _CtrlWithHideableColumnsMixin._getColumnIndex : appelé par TreeListCtrl avec column =<taskcoachlib.widgets.itemctrl.Column object at 0x7f512e7a11d0>
2026-02-28 14:40:34,381 [DEBUG] taskcoachlib.widgets.itemctrl: _CtrlWithHideableColumnsMixin._getColumnIndex : renvoie l'index 5 de la colonne <taskcoachlib.widgets.itemctrl.Column object at 0x7f512e7a11d0> visible si toutes les colonnes sont visibles.
2026-02-28 14:40:34,381 [DEBUG] taskcoachlib.gui.viewer.base: SortableViewerWithColumns.initColumn : Vérifie si la colonne creationDateTime est utilisée pour le tri.
2026-02-28 14:40:34,381 [DEBUG] taskcoachlib.gui.viewer.base: Viewer.presentation : Retour de la présentation de TaskViewer avec 0 éléments.
2026-02-28 14:40:34,381 [DEBUG] taskcoachlib.gui.viewer.base: Viewer.presentation : Les éléments de la présentation sont : Sorter(<class 'taskcoachlib.domain.task.sorter.Sorter'>([])).
2026-02-28 14:40:34,381 [DEBUG] taskcoachlib.gui.viewer.base: SortableViewerWithColumns.initColumn : Colonnes visibles après initialisation de la colonne creationDateTime.
2026-02-28 14:40:34,381 [DEBUG] taskcoachlib.gui.viewer.base: SortableViewerWithColumns.initColumn Initialise une colonne.
2026-02-28 14:40:34,381 [DEBUG] taskcoachlib.gui.viewer.base: ViewerWithColumns.initColumn : la colonne modificationDateTime est masquée selon les paramètres.
2026-02-28 14:40:34,381 [DEBUG] taskcoachlib.widgets.itemctrl: _CtrlWithHideableColumnsMixin._getColumnIndex : appelé par TreeListCtrl avec column =<taskcoachlib.widgets.itemctrl.Column object at 0x7f512e7a1310>
2026-02-28 14:40:34,381 [DEBUG] taskcoachlib.widgets.itemctrl: _CtrlWithHideableColumnsMixin._getColumnIndex : renvoie l'index 5 de la colonne <taskcoachlib.widgets.itemctrl.Column object at 0x7f512e7a1310> visible si toutes les colonnes sont visibles.
2026-02-28 14:40:34,381 [DEBUG] taskcoachlib.gui.viewer.base: SortableViewerWithColumns.initColumn : Vérifie si la colonne modificationDateTime est utilisée pour le tri.
2026-02-28 14:40:34,382 [DEBUG] taskcoachlib.gui.viewer.base: Viewer.presentation : Retour de la présentation de TaskViewer avec 0 éléments.
2026-02-28 14:40:34,382 [DEBUG] taskcoachlib.gui.viewer.base: Viewer.presentation : Les éléments de la présentation sont : Sorter(<class 'taskcoachlib.domain.task.sorter.Sorter'>([])).
2026-02-28 14:40:34,382 [DEBUG] taskcoachlib.gui.viewer.base: SortableViewerWithColumns.initColumn : Colonnes visibles après initialisation de la colonne modificationDateTime.
2026-02-28 14:40:34,382 [DEBUG] taskcoachlib.gui.viewer.base: SortableViewerWithColumns.initColumn Initialise une colonne.
2026-02-28 14:40:34,382 [DEBUG] taskcoachlib.gui.viewer.base: ViewerWithColumns.initColumn : la colonne id est masquée selon les paramètres.
2026-02-28 14:40:34,382 [DEBUG] taskcoachlib.widgets.itemctrl: _CtrlWithHideableColumnsMixin._getColumnIndex : appelé par TreeListCtrl avec column =<taskcoachlib.widgets.itemctrl.Column object at 0x7f512e7a1450>
2026-02-28 14:40:34,382 [DEBUG] taskcoachlib.widgets.itemctrl: _CtrlWithHideableColumnsMixin._getColumnIndex : renvoie l'index 5 de la colonne <taskcoachlib.widgets.itemctrl.Column object at 0x7f512e7a1450> visible si toutes les colonnes sont visibles.
2026-02-28 14:40:34,382 [DEBUG] taskcoachlib.gui.viewer.base: SortableViewerWithColumns.initColumn : Vérifie si la colonne id est utilisée pour le tri.
2026-02-28 14:40:34,382 [DEBUG] taskcoachlib.gui.viewer.base: Viewer.presentation : Retour de la présentation de TaskViewer avec 0 éléments.
2026-02-28 14:40:34,382 [DEBUG] taskcoachlib.gui.viewer.base: Viewer.presentation : Les éléments de la présentation sont : Sorter(<class 'taskcoachlib.domain.task.sorter.Sorter'>([])).
2026-02-28 14:40:34,382 [DEBUG] taskcoachlib.gui.viewer.base: SortableViewerWithColumns.initColumn : Colonnes visibles après initialisation de la colonne id.
2026-02-28 14:40:34,382 [DEBUG] taskcoachlib.gui.viewer.base: Viewer.refresh : Appel de refresh pour TaskViewer.
2026-02-28 14:40:34,382 [DEBUG] taskcoachlib.gui.viewer.base: Viewer.presentation : Retour de la présentation de TaskViewer avec 0 éléments.
2026-02-28 14:40:34,382 [DEBUG] taskcoachlib.gui.viewer.base: Viewer.presentation : Les éléments de la présentation sont : Sorter(<class 'taskcoachlib.domain.task.sorter.Sorter'>([])).
2026-02-28 14:40:34,382 [DEBUG] taskcoachlib.gui.viewer.base: Viewer.refresh : Rafraîchissement de la visionneuse TaskViewer avec 0 éléments.
2026-02-28 14:40:34,382 [DEBUG] taskcoachlib.gui.viewer.base: Viewer.presentation : Retour de la présentation de TaskViewer avec 0 éléments.
2026-02-28 14:40:34,382 [DEBUG] taskcoachlib.gui.viewer.base: Viewer.presentation : Les éléments de la présentation sont : Sorter(<class 'taskcoachlib.domain.task.sorter.Sorter'>([])).
