2026-03-06 07:09:23,616 [INFO] __main__: ****************************************************************
2026-03-06 07:09:23,616 [INFO] __main__: *               Démarrage de Task Coach                          *
2026-03-06 07:09:23,616 [INFO] __main__: ****************************************************************
2026-03-06 07:09:23,616 [INFO] __main__: Environnement non frozen détecté (mode développement)
2026-03-06 07:09:23,616 [INFO] __main__: Lancement du programme Task Coach via taskcoach.py et les arguments d'ArgumentParser.
2026-03-06 07:09:23,752 [INFO] taskcoachlib.application: application avec wx
2026-03-06 07:09:24,037 [DEBUG] taskcoachlib.filesystem: filesystem : _system=Linux
2026-03-06 07:09:24,365 [INFO] __main__: Arguments analysés : options={'profile': False, 'skipstart': False, 'inifile': None, 'language': None, 'pofile': None, 'gui_name': 'wx'}, args=[]
2026-03-06 07:09:24,365 [DEBUG] taskcoachlib.config.settings: --- Settings.__init__ entrée ---
2026-03-06 07:09:24,365 [DEBUG] taskcoachlib.config.settings:   load: True
2026-03-06 07:09:24,365 [DEBUG] taskcoachlib.config.settings:   iniFile (reçu par Settings): None
2026-03-06 07:09:24,365 [DEBUG] taskcoachlib.config.settings:   *args (reçus par Settings): ()
2026-03-06 07:09:24,365 [DEBUG] taskcoachlib.config.settings:   **kwargs (reçus par Settings): {}
2026-03-06 07:09:24,368 [INFO] taskcoachlib.config.settings: Settings.__init__ avec wx.
2026-03-06 07:09:24,380 [INFO] taskcoachlib.config.settings: Settings.__init__ terminé avec succès !
2026-03-06 07:09:24,488 [INFO] taskcoachlib.application.application: Application.init: Initialisation des composants de l'application.
2026-03-06 07:09:24,489 [DEBUG] taskcoachlib.application.application: Application.__check_file_lock_early : Checking lock for last file: /home/sylvain/Documents/TaskCoach/Test.tsk
2026-03-06 07:09:24,489 [DEBUG] taskcoachlib.application.application: Application.__check_file_lock_early : filename to check for lock: /home/sylvain/Documents/TaskCoach/Test.tsk
2026-03-06 07:09:24,490 [DEBUG] taskcoachlib.application.application: Application.__check_file_lock_early : Lock file path: /home/sylvain/Documents/TaskCoach/Test.tsk.lock, acquired: True
2026-03-06 07:09:24,490 [DEBUG] taskcoachlib.application.application: Application.__check_file_lock_early : User chose to skip the lock.
2026-03-06 07:09:24,490 [DEBUG] taskcoachlib.application.application: Application.__check_file_lock_early : Final early lock result: ok
2026-03-06 07:09:24,500 [INFO] taskcoachlib.persistence.taskfile: Initialisation de TaskFile avec des arguments : (), {'poll': False}
2026-03-06 07:09:24,501 [INFO] taskcoachlib.persistence.taskfile: TaskFile : self.__tasks = TaskList()
2026-03-06 07:09:24,502 [DEBUG] taskcoachlib.filesystem.fs_inotify: FilesystemNotifier.__init__ : initialisation du notificateur utilisant inotify
2026-03-06 07:09:24,574 [DEBUG] taskcoachlib.filesystem.fs_inotify: FilesystemNotifier initialisé !
2026-03-06 07:09:24,578 [INFO] taskcoachlib.persistence.taskfile: TaskFile : TaskFile initialisé avec filename='', guid='a96c6554-6a60-42ab-8914-127c711fa820' et syncMLConfig='None'.
2026-03-06 07:09:24,578 [INFO] taskcoachlib.persistence.taskfile: TaskFile : Tâche de base initialisée : 
2026-03-06 07:09:24,579 [INFO] taskcoachlib.persistence.taskfile: TaskFile : Tâches initiales : TaskList()
2026-03-06 07:09:24,579 [INFO] taskcoachlib.persistence.taskfile: TaskFile : Notes initiales : NoteContainer()
2026-03-06 07:09:24,579 [INFO] taskcoachlib.persistence.taskfile: TaskFile initialisé.
2026-03-06 07:09:24,579 [DEBUG] taskcoachlib.application.application: Application.init: le fichier à ouvrir est self.taskfile = .
2026-03-06 07:09:24,580 [WARNING] taskcoachlib.application.application: Application.init:  id(self.taskFile) : 140367581641568
2026-03-06 07:09:24,580 [WARNING] taskcoachlib.application.application: Application.init: Nb tâches viewer: 0
2026-03-06 07:09:24,580 [INFO] taskcoachlib.application.application: Application.init: Initialisation de la fenêtre principale.
2026-03-06 07:09:24,580 [INFO] taskcoachlib.gui.mainwindow: Début d'initialisation de MainWindow
2026-03-06 07:09:24,586 [INFO] taskcoachlib.gui.mainwindow: MainWindow : self.GetId() id=-31962
2026-03-06 07:09:24,586 [DEBUG] taskcoachlib.gui.windowdimensionstracker: Running on Wayland - window positioning blocked by compositor
2026-03-06 07:09:24,586 [DEBUG] taskcoachlib.gui.windowdimensionstracker: LOAD: pos=(0, 0) size=(1753, 744) maximized=True
2026-03-06 07:09:24,586 [DEBUG] taskcoachlib.gui.windowdimensionstracker: _validate_geometry: checking pos=(0, 0) size=(1753, 744) against 1 monitors
2026-03-06 07:09:24,587 [DEBUG] taskcoachlib.gui.windowdimensionstracker: Monitor 0: geometry=1920x1080 work_area=1920x1080
2026-03-06 07:09:24,587 [DEBUG] taskcoachlib.gui.windowdimensionstracker:   Geometry valid for monitor 0
2026-03-06 07:09:24,587 [DEBUG] taskcoachlib.gui.windowdimensionstracker: Set desired: pos=(0, 0) size=(1753, 744) maximized=True
2026-03-06 07:09:24,587 [DEBUG] taskcoachlib.gui.windowdimensionstracker: _log_position_tick: ready=False
2026-03-06 07:09:24,587 [DEBUG] taskcoachlib.gui.windowdimensionstracker: POS_LOG [0.00s]: pos=(0, 0) size=(1753, 744) max=False
2026-03-06 07:09:24,587 [DEBUG] taskcoachlib.gui.windowdimensionstracker: _log_position_tick: scheduled next tick in 50ms
2026-03-06 07:09:24,588 [INFO] taskcoachlib.gui.mainwindow: MainWindow : Initialisation de WindowDimensionsTracker pour la gestion de la taille et de la position de la fenêtre.
2026-03-06 07:09:24,588 [INFO] taskcoachlib.gui.mainwindow: MainWindow : Création et initialisation des composants de la fenêtre :
2026-03-06 07:09:24,588 [DEBUG] taskcoachlib.gui.mainwindow: MainWindow._create_window_components : création du conteneur pour les visionneuses.
2026-03-06 07:09:24,588 [DEBUG] taskcoachlib.gui.mainwindow: MainWindow._create_viewer_container : utilise viewer.container.ViewerContainer pour créer le conteneur de visionneuses.
2026-03-06 07:09:24,588 [DEBUG] taskcoachlib.gui.mainwindow: MainWindow._create_viewer_container : conteneur de visionneuses créé !
2026-03-06 07:09:24,588 [DEBUG] taskcoachlib.gui.mainwindow: MainWindow._create_window_components : Lance une classe-méthode pour ajouter des viewers.
2026-03-06 07:09:24,588 [DEBUG] taskcoachlib.gui.viewer.factory: addViewers.__add_viewers : Adding viewer of class <class 'taskcoachlib.gui.viewer.task.TaskViewer'>
2026-03-06 07:09:24,589 [WARNING] taskcoachlib.gui.viewer.factory: addViewers.__add_viewers : viewer_instance = TaskViewer((<taskcoachlib.gui.mainwindow.MainWindow object at 0x7fa9dee2c4d0>, <taskcoachlib.persistence.taskfile.LockedTaskFile object at 0x7fa9dfd77b60>, <taskcoachlib.config.settings.Settings object at 0x7fa9dfd774d0>), {})
2026-03-06 07:09:24,589 [DEBUG] taskcoachlib.gui.viewer.task: TaskViewer.__init__ : Initialisation, Création du Visualiseur de tâches standard.
2026-03-06 07:09:24,589 [DEBUG] taskcoachlib.gui.viewer.mixin: ManualOrderingMixin.__init__ : initialisation de l'ordre manuel.
2026-03-06 07:09:24,589 [DEBUG] taskcoachlib.gui.viewer.mixin: ManualOrderingMixin.__init__ : ajoute 'sort' à la liste des icones visibles pour le tri manuel.
2026-03-06 07:09:24,589 [DEBUG] taskcoachlib.gui.viewer.mixin: SortableViewerMixin.__init__ : initialisation d'une visionneuse triable.
2026-03-06 07:09:24,589 [DEBUG] taskcoachlib.gui.viewer.base: ViewerWithColumns : Initialisation Création de la visionneuse avec des colonnes.
2026-03-06 07:09:24,589 [DEBUG] taskcoachlib.gui.viewer.task: BaseTaskTreeViewer : Création du Visualiseur de tâches sous forme d'arborescence avec rafraîchissement automatique.
2026-03-06 07:09:24,589 [DEBUG] taskcoachlib.gui.viewer.task: BaseTaskViewer : Création du Visualiseur de base pour les tâches.
2026-03-06 07:09:24,589 [DEBUG] taskcoachlib.gui.viewer.mixin: FilterableViewerMixin.__init__ : initialisation d'une visionneuse filtrable.
2026-03-06 07:09:24,589 [DEBUG] taskcoachlib.gui.viewer.base: TreeViewer : Initialisation avec args=(<taskcoachlib.gui.mainwindow.MainWindow object at 0x7fa9dee2c4d0>, <taskcoachlib.persistence.taskfile.LockedTaskFile object at 0x7fa9dfd77b60>, <taskcoachlib.config.settings.Settings object at 0x7fa9dfd774d0>) et kwargs={'instanceNumber': 0, 'settingsSection': 'taskviewer'}.
2026-03-06 07:09:24,589 [INFO] taskcoachlib.gui.viewer.base: DEBUG Viewer.__init__ appelé 140367565612976, taskFile:, 140367581641568
2026-03-06 07:09:24,589 [DEBUG] taskcoachlib.gui.viewer.base: Viewer : Initialisation d'une nouvelle visionneuse self=TaskViewer.
2026-03-06 07:09:24,589 [DEBUG] taskcoachlib.gui.viewer.base: Viewer : parent=MainWindow
2026-03-06 07:09:24,589 [DEBUG] taskcoachlib.gui.viewer.task: BaseTaskViewer.domainObjectsToView : Nombre total d'objets dans la TaskList : 0
2026-03-06 07:09:24,589 [WARNING] taskcoachlib.gui.viewer.task: BaseTaskViewer.domainObjectsToView : ALERTE : Aucune tâche n'est présente dans le modèle après le chargement.
2026-03-06 07:09:24,589 [DEBUG] taskcoachlib.gui.viewer.task: BaseTaskViewer.domainObjectsToView : Retourne les tâches à visualiser : self.taskFile.tasks()=TaskList().
2026-03-06 07:09:24,589 [DEBUG] taskcoachlib.gui.viewer.base: Viewer.__ini__ : avant création de la présentation DEBUG domainObjectsToView: 0
2026-03-06 07:09:24,589 [DEBUG] taskcoachlib.gui.viewer.task: BaseTaskViewer.domainObjectsToView : Nombre total d'objets dans la TaskList : 0
2026-03-06 07:09:24,589 [WARNING] taskcoachlib.gui.viewer.task: BaseTaskViewer.domainObjectsToView : ALERTE : Aucune tâche n'est présente dans le modèle après le chargement.
2026-03-06 07:09:24,589 [DEBUG] taskcoachlib.gui.viewer.task: BaseTaskViewer.domainObjectsToView : Retourne les tâches à visualiser : self.taskFile.tasks()=TaskList().
2026-03-06 07:09:24,590 [DEBUG] taskcoachlib.gui.viewer.task: BaseTaskViewer.createFilter : Création d'un filtre pour les tâches supprimées.
2026-03-06 07:09:24,590 [DEBUG] taskcoachlib.domain.base.filter: Filter.treeMode : renvoie le mode d'arborescence actuel de DeletedFilter: False.
2026-03-06 07:09:24,590 [DEBUG] taskcoachlib.gui.viewer.base: Viewer.presentation : DEBUG presentation taskfile: 140367581641568
2026-03-06 07:09:24,590 [DEBUG] taskcoachlib.gui.viewer.task: TaskViewer.isTreeViewer : La présentation n'est pas encore créée, utilisation des paramètres. self.settings=<taskcoachlib.config.settings.Settings object at 0x7fa9dfd774d0>.
2026-03-06 07:09:24,590 [DEBUG] taskcoachlib.domain.base.filter: Filter.treeMode : renvoie le mode d'arborescence actuel de CategoryFilter: True.
2026-03-06 07:09:24,590 [DEBUG] taskcoachlib.gui.viewer.base: Viewer.presentation : DEBUG presentation taskfile: 140367581641568
2026-03-06 07:09:24,590 [DEBUG] taskcoachlib.gui.viewer.task: TaskViewer.isTreeViewer : La présentation n'est pas encore créée, utilisation des paramètres. self.settings=<taskcoachlib.config.settings.Settings object at 0x7fa9dfd774d0>.
2026-03-06 07:09:24,591 [DEBUG] taskcoachlib.domain.base.filter: Filter.treeMode : renvoie le mode d'arborescence actuel de ViewFilter: True.
2026-03-06 07:09:24,591 [DEBUG] taskcoachlib.domain.base.filter: Filter.treeMode : renvoie le mode d'arborescence actuel de ViewFilter: True.
2026-03-06 07:09:24,591 [DEBUG] taskcoachlib.gui.viewer.base: Viewer.presentation : DEBUG presentation taskfile: 140367581641568
2026-03-06 07:09:24,591 [DEBUG] taskcoachlib.gui.viewer.task: TaskViewer.isTreeViewer : La présentation n'est pas encore créée, utilisation des paramètres. self.settings=<taskcoachlib.config.settings.Settings object at 0x7fa9dfd774d0>.
2026-03-06 07:09:24,592 [DEBUG] taskcoachlib.domain.base.filter: Filter.treeMode : renvoie le mode d'arborescence actuel de SearchFilter: True.
2026-03-06 07:09:24,592 [DEBUG] taskcoachlib.gui.viewer.base: Viewer.presentation : DEBUG presentation taskfile: 140367581641568
2026-03-06 07:09:24,592 [DEBUG] taskcoachlib.gui.viewer.task: TaskViewer.isTreeViewer : La présentation n'est pas encore créée, utilisation des paramètres. self.settings=<taskcoachlib.config.settings.Settings object at 0x7fa9dfd774d0>.
2026-03-06 07:09:24,592 [DEBUG] taskcoachlib.domain.task.sorter: Initializing Sorter with args (<class 'taskcoachlib.domain.base.filter.SearchFilter'>(SearchFilter()),) and kwargs {'sortBy': ['dueDateTime', 'subject', 'plannedStartDateTime'], 'sortCaseSensitive': False, 'treeMode': True, 'sortByTaskStatusFirst': True}.
2026-03-06 07:09:24,592 [DEBUG] taskcoachlib.domain.task.sorter: Creating sort key function with sortKey plannedStartDateTime.
2026-03-06 07:09:24,592 [DEBUG] taskcoachlib.domain.task.sorter: Creating status sort key function with sortByTaskStatusFirst 
2026-03-06 07:09:24,592 [DEBUG] taskcoachlib.domain.task.sorter: Creating sort key function with sortKey subject.
2026-03-06 07:09:24,592 [DEBUG] taskcoachlib.domain.task.sorter: Creating status sort key function with sortByTaskStatusFirst 
2026-03-06 07:09:24,592 [DEBUG] taskcoachlib.domain.task.sorter: Creating sort key function with sortKey dueDateTime.
2026-03-06 07:09:24,592 [DEBUG] taskcoachlib.domain.task.sorter: Creating status sort key function with sortByTaskStatusFirst 
2026-03-06 07:09:24,592 [DEBUG] taskcoachlib.domain.task.sorter: Registering observer for attribute dueDateTime.
2026-03-06 07:09:24,592 [DEBUG] taskcoachlib.domain.task.sorter: Registering observer for attribute subject.
2026-03-06 07:09:24,592 [DEBUG] taskcoachlib.domain.task.sorter: Registering observer for attribute plannedStartDateTime.
2026-03-06 07:09:24,592 [DEBUG] taskcoachlib.domain.task.sorter: Creating sort key function with sortKey plannedStartDateTime.
2026-03-06 07:09:24,592 [DEBUG] taskcoachlib.domain.task.sorter: Creating status sort key function with sortByTaskStatusFirst 
2026-03-06 07:09:24,592 [DEBUG] taskcoachlib.domain.task.sorter: Creating sort key function with sortKey subject.
2026-03-06 07:09:24,593 [DEBUG] taskcoachlib.domain.task.sorter: Creating status sort key function with sortByTaskStatusFirst 
2026-03-06 07:09:24,593 [DEBUG] taskcoachlib.domain.task.sorter: Creating sort key function with sortKey dueDateTime.
2026-03-06 07:09:24,593 [DEBUG] taskcoachlib.domain.task.sorter: Creating status sort key function with sortByTaskStatusFirst 
2026-03-06 07:09:24,593 [DEBUG] taskcoachlib.gui.viewer.task: BaseTaskViewer.domainObjectsToView : Nombre total d'objets dans la TaskList : 0
2026-03-06 07:09:24,593 [WARNING] taskcoachlib.gui.viewer.task: BaseTaskViewer.domainObjectsToView : ALERTE : Aucune tâche n'est présente dans le modèle après le chargement.
2026-03-06 07:09:24,593 [DEBUG] taskcoachlib.gui.viewer.task: BaseTaskViewer.domainObjectsToView : Retourne les tâches à visualiser : self.taskFile.tasks()=TaskList().
2026-03-06 07:09:24,593 [DEBUG] taskcoachlib.gui.viewer.task: BaseTaskViewer.createFilter : Création d'un filtre pour les tâches supprimées.
2026-03-06 07:09:24,593 [DEBUG] taskcoachlib.domain.base.filter: Filter.treeMode : renvoie le mode d'arborescence actuel de DeletedFilter: False.
2026-03-06 07:09:24,593 [DEBUG] taskcoachlib.gui.viewer.base: Viewer.presentation : DEBUG presentation taskfile: 140367581641568
2026-03-06 07:09:24,593 [DEBUG] taskcoachlib.gui.viewer.base: Viewer.presentation : Retour de la présentation de TaskViewer avec 0 éléments.
2026-03-06 07:09:24,593 [DEBUG] taskcoachlib.gui.viewer.base: Viewer.presentation : Les éléments de la présentation sont : Sorter(<class 'taskcoachlib.domain.task.sorter.Sorter'>([])).
2026-03-06 07:09:24,593 [DEBUG] taskcoachlib.gui.viewer.task: TaskViewer.isTreeViewer : Demande à la présentation si le mode est arborescence. self.presentation()=Sorter(<class 'taskcoachlib.domain.task.sorter.Sorter'>([])).
2026-03-06 07:09:24,593 [DEBUG] taskcoachlib.gui.viewer.base: Viewer.presentation : DEBUG presentation taskfile: 140367581641568
2026-03-06 07:09:24,593 [DEBUG] taskcoachlib.gui.viewer.base: Viewer.presentation : Retour de la présentation de TaskViewer avec 0 éléments.
2026-03-06 07:09:24,593 [DEBUG] taskcoachlib.gui.viewer.base: Viewer.presentation : Les éléments de la présentation sont : Sorter(<class 'taskcoachlib.domain.task.sorter.Sorter'>([])).
2026-03-06 07:09:24,594 [DEBUG] taskcoachlib.domain.base.filter: Filter.treeMode : renvoie le mode d'arborescence actuel de CategoryFilter: True.
2026-03-06 07:09:24,594 [DEBUG] taskcoachlib.gui.viewer.base: Viewer.presentation : DEBUG presentation taskfile: 140367581641568
2026-03-06 07:09:24,594 [DEBUG] taskcoachlib.gui.viewer.base: Viewer.presentation : Retour de la présentation de TaskViewer avec 0 éléments.
2026-03-06 07:09:24,594 [DEBUG] taskcoachlib.gui.viewer.base: Viewer.presentation : Les éléments de la présentation sont : Sorter(<class 'taskcoachlib.domain.task.sorter.Sorter'>([])).
2026-03-06 07:09:24,594 [DEBUG] taskcoachlib.gui.viewer.task: TaskViewer.isTreeViewer : Demande à la présentation si le mode est arborescence. self.presentation()=Sorter(<class 'taskcoachlib.domain.task.sorter.Sorter'>([])).
2026-03-06 07:09:24,594 [DEBUG] taskcoachlib.gui.viewer.base: Viewer.presentation : DEBUG presentation taskfile: 140367581641568
2026-03-06 07:09:24,594 [DEBUG] taskcoachlib.gui.viewer.base: Viewer.presentation : Retour de la présentation de TaskViewer avec 0 éléments.
2026-03-06 07:09:24,594 [DEBUG] taskcoachlib.gui.viewer.base: Viewer.presentation : Les éléments de la présentation sont : Sorter(<class 'taskcoachlib.domain.task.sorter.Sorter'>([])).
2026-03-06 07:09:24,595 [DEBUG] taskcoachlib.domain.base.filter: Filter.treeMode : renvoie le mode d'arborescence actuel de ViewFilter: True.
2026-03-06 07:09:24,595 [DEBUG] taskcoachlib.domain.base.filter: Filter.treeMode : renvoie le mode d'arborescence actuel de ViewFilter: True.
2026-03-06 07:09:24,595 [DEBUG] taskcoachlib.gui.viewer.base: Viewer.presentation : DEBUG presentation taskfile: 140367581641568
2026-03-06 07:09:24,595 [DEBUG] taskcoachlib.gui.viewer.base: Viewer.presentation : Retour de la présentation de TaskViewer avec 0 éléments.
2026-03-06 07:09:24,595 [DEBUG] taskcoachlib.gui.viewer.base: Viewer.presentation : Les éléments de la présentation sont : Sorter(<class 'taskcoachlib.domain.task.sorter.Sorter'>([])).
2026-03-06 07:09:24,595 [DEBUG] taskcoachlib.gui.viewer.task: TaskViewer.isTreeViewer : Demande à la présentation si le mode est arborescence. self.presentation()=Sorter(<class 'taskcoachlib.domain.task.sorter.Sorter'>([])).
2026-03-06 07:09:24,595 [DEBUG] taskcoachlib.gui.viewer.base: Viewer.presentation : DEBUG presentation taskfile: 140367581641568
2026-03-06 07:09:24,595 [DEBUG] taskcoachlib.gui.viewer.base: Viewer.presentation : Retour de la présentation de TaskViewer avec 0 éléments.
2026-03-06 07:09:24,595 [DEBUG] taskcoachlib.gui.viewer.base: Viewer.presentation : Les éléments de la présentation sont : Sorter(<class 'taskcoachlib.domain.task.sorter.Sorter'>([])).
2026-03-06 07:09:24,596 [DEBUG] taskcoachlib.domain.base.filter: Filter.treeMode : renvoie le mode d'arborescence actuel de SearchFilter: True.
2026-03-06 07:09:24,596 [DEBUG] taskcoachlib.gui.viewer.base: Viewer.__init__ : après présentation DEBUG after filter: 0
2026-03-06 07:09:24,596 [DEBUG] taskcoachlib.gui.viewer.base: Viewer.presentation : DEBUG presentation taskfile: 140367581641568
2026-03-06 07:09:24,596 [DEBUG] taskcoachlib.gui.viewer.base: Viewer.presentation : Retour de la présentation de TaskViewer avec 0 éléments.
2026-03-06 07:09:24,596 [DEBUG] taskcoachlib.gui.viewer.base: Viewer.presentation : Les éléments de la présentation sont : Sorter(<class 'taskcoachlib.domain.task.sorter.Sorter'>([])).
2026-03-06 07:09:24,596 [DEBUG] taskcoachlib.gui.viewer.task: TaskViewer.isTreeViewer : Demande à la présentation si le mode est arborescence. self.presentation()=Sorter(<class 'taskcoachlib.domain.task.sorter.Sorter'>([])).
2026-03-06 07:09:24,596 [DEBUG] taskcoachlib.gui.viewer.base: Viewer.presentation : DEBUG presentation taskfile: 140367581641568
2026-03-06 07:09:24,597 [DEBUG] taskcoachlib.gui.viewer.base: Viewer.presentation : Retour de la présentation de TaskViewer avec 0 éléments.
2026-03-06 07:09:24,597 [DEBUG] taskcoachlib.gui.viewer.base: Viewer.presentation : Les éléments de la présentation sont : Sorter(<class 'taskcoachlib.domain.task.sorter.Sorter'>([])).
2026-03-06 07:09:24,597 [DEBUG] taskcoachlib.domain.task.sorter: Initializing Sorter with args (<class 'taskcoachlib.domain.base.filter.SearchFilter'>(SearchFilter()),) and kwargs {'sortBy': ['dueDateTime', 'subject', 'plannedStartDateTime'], 'sortCaseSensitive': False, 'treeMode': True, 'sortByTaskStatusFirst': True}.
2026-03-06 07:09:24,597 [DEBUG] taskcoachlib.domain.task.sorter: Creating sort key function with sortKey plannedStartDateTime.
2026-03-06 07:09:24,597 [DEBUG] taskcoachlib.domain.task.sorter: Creating status sort key function with sortByTaskStatusFirst 
2026-03-06 07:09:24,597 [DEBUG] taskcoachlib.domain.task.sorter: Creating sort key function with sortKey subject.
2026-03-06 07:09:24,597 [DEBUG] taskcoachlib.domain.task.sorter: Creating status sort key function with sortByTaskStatusFirst 
2026-03-06 07:09:24,597 [DEBUG] taskcoachlib.domain.task.sorter: Creating sort key function with sortKey dueDateTime.
2026-03-06 07:09:24,597 [DEBUG] taskcoachlib.domain.task.sorter: Creating status sort key function with sortByTaskStatusFirst 
2026-03-06 07:09:24,598 [DEBUG] taskcoachlib.domain.task.sorter: Registering observer for attribute dueDateTime.
2026-03-06 07:09:24,598 [DEBUG] taskcoachlib.domain.task.sorter: Registering observer for attribute subject.
2026-03-06 07:09:24,598 [DEBUG] taskcoachlib.domain.task.sorter: Registering observer for attribute plannedStartDateTime.
2026-03-06 07:09:24,598 [DEBUG] taskcoachlib.domain.task.sorter: Creating sort key function with sortKey plannedStartDateTime.
2026-03-06 07:09:24,598 [DEBUG] taskcoachlib.domain.task.sorter: Creating status sort key function with sortByTaskStatusFirst 
2026-03-06 07:09:24,598 [DEBUG] taskcoachlib.domain.task.sorter: Creating sort key function with sortKey subject.
2026-03-06 07:09:24,598 [DEBUG] taskcoachlib.domain.task.sorter: Creating status sort key function with sortByTaskStatusFirst 
2026-03-06 07:09:24,598 [DEBUG] taskcoachlib.domain.task.sorter: Creating sort key function with sortKey dueDateTime.
2026-03-06 07:09:24,598 [DEBUG] taskcoachlib.domain.task.sorter: Creating status sort key function with sortByTaskStatusFirst 
2026-03-06 07:09:24,599 [DEBUG] taskcoachlib.gui.viewer.base: Viewer.__init__ : DEBUG after sorter: 0
2026-03-06 07:09:24,599 [DEBUG] taskcoachlib.gui.viewer.task: TaskViewer.createWidget : Crée le widget de l'arborescence des tâches avec des menus contextuels. self=TaskViewer. 
2026-03-06 07:09:24,614 [DEBUG] taskcoachlib.gui.viewer.task: TaskViewer._createColumns retourne columns [<taskcoachlib.widgets.itemctrl.Column object at 0x7fa9defeda90>, <taskcoachlib.widgets.itemctrl.Column object at 0x7fa9def5e490>, <taskcoachlib.widgets.itemctrl.Column object at 0x7fa9def5e5d0>, <taskcoachlib.widgets.itemctrl.Column object at 0x7fa9def5e710>, <taskcoachlib.widgets.itemctrl.Column object at 0x7fa9def5e850>, <taskcoachlib.widgets.itemctrl.Column object at 0x7fa9def5e990>, <taskcoachlib.widgets.itemctrl.Column object at 0x7fa9def5ead0>, <taskcoachlib.widgets.itemctrl.Column object at 0x7fa9def5ec10>, <taskcoachlib.widgets.itemctrl.Column object at 0x7fa9def5ed50>, <taskcoachlib.widgets.itemctrl.Column object at 0x7fa9def5ee90>, <taskcoachlib.widgets.itemctrl.Column object at 0x7fa9def5efd0>, <taskcoachlib.widgets.itemctrl.Column object at 0x7fa9def5f110>, <taskcoachlib.widgets.itemctrl.Column object at 0x7fa9def5f250>, <taskcoachlib.widgets.itemctrl.Column object at 0x7fa9def5f390>, <taskcoachlib.widgets.itemctrl.Column object at 0x7fa9def5f4d0>, <taskcoachlib.widgets.itemctrl.Column object at 0x7fa9def5f610>, <taskcoachlib.widgets.itemctrl.Column object at 0x7fa9def5f750>, <taskcoachlib.widgets.itemctrl.Column object at 0x7fa9def5f890>, <taskcoachlib.widgets.itemctrl.Column object at 0x7fa9def5f9d0>, <taskcoachlib.widgets.itemctrl.Column object at 0x7fa9def5fb10>, <taskcoachlib.widgets.itemctrl.Column object at 0x7fa9def5fc50>, <taskcoachlib.widgets.itemctrl.Column object at 0x7fa9def5fd90>, <taskcoachlib.widgets.itemctrl.Column object at 0x7fa9def5fed0>, <taskcoachlib.widgets.itemctrl.Column object at 0x7fa9dee74050>, <taskcoachlib.widgets.itemctrl.Column object at 0x7fa9dee74190>, <taskcoachlib.widgets.itemctrl.Column object at 0x7fa9dee742d0>, <taskcoachlib.widgets.itemctrl.Column object at 0x7fa9dee74410>, <taskcoachlib.widgets.itemctrl.Column object at 0x7fa9dee74550>, <taskcoachlib.widgets.itemctrl.Column object at 0x7fa9dee74690>].
2026-03-06 07:09:24,614 [DEBUG] taskcoachlib.gui.viewer.task: BaseTaskTreeViewer.createTaskPopupMenu : Création du menu contextuel.
2026-03-06 07:09:24,615 [DEBUG] taskcoachlib.gui.viewer.base: Viewer.presentation : DEBUG presentation taskfile: 140367581641568
2026-03-06 07:09:24,615 [DEBUG] taskcoachlib.gui.viewer.base: Viewer.presentation : Retour de la présentation de TaskViewer avec 0 éléments.
2026-03-06 07:09:24,615 [DEBUG] taskcoachlib.gui.viewer.base: Viewer.presentation : Les éléments de la présentation sont : Sorter(<class 'taskcoachlib.domain.task.sorter.Sorter'>([])).
2026-03-06 07:09:24,615 [INFO] taskcoachlib.gui.menu: TaskPopupMenu : Création du menu Popup de Tâche.
2026-03-06 07:09:24,615 [INFO] taskcoachlib.gui.menu: Menu : Création du menu de base. Initialisation du menu contextuel : TaskPopupMenu
2026-03-06 07:09:24,616 [DEBUG] taskcoachlib.gui.menu: Menu : self._window=<taskcoachlib.gui.mainwindow.MainWindow object at 0x7fa9dee2c4d0>
2026-03-06 07:09:24,616 [INFO] taskcoachlib.gui.menu: Menu : window est une instance valide de wx.Window.
2026-03-06 07:09:24,616 [INFO] taskcoachlib.gui.menu: Menu : Fin d'Initialisation de Menu ! (self est TaskPopupMenu, window est MainWindow)
2026-03-06 07:09:24,617 [DEBUG] taskcoachlib.gui.menu: Menu.appendUICommand Essaie d'ajouter EditCut au menu TaskPopupMenu dans la classe wxFrame MainWindow winId=-31962
2026-03-06 07:09:24,617 [DEBUG] taskcoachlib.gui.uicommand.base_uicommand: UICommand.__getBitmap() appelé avec self=<taskcoachlib.gui.uicommand.uicommand.EditCut object at 0x7fa9defedbe0>, self.uniqueName=EditCut bitmapName=cut, bitmapType=b'wxART_MENU_C' et bitmapSize=(16, 16)
2026-03-06 07:09:24,619 [DEBUG] taskcoachlib.gui.menu: Menu.appendUICommand Essaie d'ajouter EditCopy au menu TaskPopupMenu dans la classe wxFrame MainWindow winId=-31962
2026-03-06 07:09:24,619 [DEBUG] taskcoachlib.gui.uicommand.base_uicommand: UICommand.__getBitmap() appelé avec self=<taskcoachlib.gui.uicommand.uicommand.EditCopy object at 0x7fa9defedd30>, self.uniqueName=EditCopy bitmapName=copy, bitmapType=b'wxART_MENU_C' et bitmapSize=(16, 16)
2026-03-06 07:09:24,620 [DEBUG] taskcoachlib.gui.menu: Menu.appendUICommand Essaie d'ajouter EditPaste au menu TaskPopupMenu dans la classe wxFrame MainWindow winId=-31962
2026-03-06 07:09:24,620 [DEBUG] taskcoachlib.gui.uicommand.base_uicommand: UICommand.__getBitmap() appelé avec self=<taskcoachlib.gui.uicommand.uicommand.EditPaste object at 0x7fa9defede80>, self.uniqueName=EditPaste bitmapName=paste, bitmapType=b'wxART_MENU_C' et bitmapSize=(16, 16)
2026-03-06 07:09:24,620 [DEBUG] taskcoachlib.gui.menu: Menu.appendUICommand Essaie d'ajouter EditPasteAsSubItem au menu TaskPopupMenu dans la classe wxFrame MainWindow winId=-31962
2026-03-06 07:09:24,621 [DEBUG] taskcoachlib.gui.uicommand.base_uicommand: UICommand.__getBitmap() appelé avec self=<taskcoachlib.gui.uicommand.uicommand.EditPasteAsSubItem object at 0x7fa9defedfd0>, self.uniqueName=EditPasteAsSubItem bitmapName=pasteintotask, bitmapType=b'wxART_MENU_C' et bitmapSize=(16, 16)
2026-03-06 07:09:24,636 [DEBUG] taskcoachlib.gui.menu: Menu.appendUICommand Essaie d'ajouter Edit au menu TaskPopupMenu dans la classe wxFrame MainWindow winId=-31962
2026-03-06 07:09:24,637 [DEBUG] taskcoachlib.gui.uicommand.base_uicommand: UICommand.__getBitmap() appelé avec self=<taskcoachlib.gui.uicommand.uicommand.Edit object at 0x7fa9defee120>, self.uniqueName=Edit bitmapName=edit, bitmapType=b'wxART_MENU_C' et bitmapSize=(16, 16)
2026-03-06 07:09:24,638 [DEBUG] taskcoachlib.gui.menu: Menu.appendUICommand Essaie d'ajouter Delete au menu TaskPopupMenu dans la classe wxFrame MainWindow winId=-31962
2026-03-06 07:09:24,638 [DEBUG] taskcoachlib.gui.uicommand.base_uicommand: UICommand.__getBitmap() appelé avec self=<taskcoachlib.gui.uicommand.uicommand.Delete object at 0x7fa9defee270>, self.uniqueName=Delete bitmapName=delete, bitmapType=b'wxART_MENU_C' et bitmapSize=(16, 16)
2026-03-06 07:09:24,639 [DEBUG] taskcoachlib.gui.menu: Menu.appendUICommand Essaie d'ajouter AddAttachment au menu TaskPopupMenu dans la classe wxFrame MainWindow winId=-31962
2026-03-06 07:09:24,639 [DEBUG] taskcoachlib.gui.uicommand.base_uicommand: UICommand.__getBitmap() appelé avec self=<taskcoachlib.gui.uicommand.uicommand.AddAttachment object at 0x7fa9defee3c0>, self.uniqueName=AddAttachment bitmapName=paperclip_icon, bitmapType=b'wxART_MENU_C' et bitmapSize=(16, 16)
2026-03-06 07:09:24,639 [DEBUG] taskcoachlib.gui.menu: Menu.appendUICommand Essaie d'ajouter OpenAllAttachments au menu TaskPopupMenu dans la classe wxFrame MainWindow winId=-31962
2026-03-06 07:09:24,639 [DEBUG] taskcoachlib.gui.uicommand.base_uicommand: UICommand.__getBitmap() appelé avec self=<taskcoachlib.gui.uicommand.uicommand.OpenAllAttachments object at 0x7fa9defee510>, self.uniqueName=OpenAllAttachments bitmapName=paperclip_icon, bitmapType=b'wxART_MENU_C' et bitmapSize=(16, 16)
2026-03-06 07:09:24,639 [DEBUG] taskcoachlib.gui.menu: Menu.appendUICommand Essaie d'ajouter AddNote au menu TaskPopupMenu dans la classe wxFrame MainWindow winId=-31962
2026-03-06 07:09:24,640 [DEBUG] taskcoachlib.gui.uicommand.base_uicommand: UICommand.__getBitmap() appelé avec self=<taskcoachlib.gui.uicommand.uicommand.AddNote object at 0x7fa9defee660>, self.uniqueName=AddNote bitmapName=note_icon, bitmapType=b'wxART_MENU_C' et bitmapSize=(16, 16)
2026-03-06 07:09:24,640 [DEBUG] taskcoachlib.gui.menu: Menu.appendUICommand Essaie d'ajouter OpenAllNotes au menu TaskPopupMenu dans la classe wxFrame MainWindow winId=-31962
2026-03-06 07:09:24,640 [DEBUG] taskcoachlib.gui.uicommand.base_uicommand: UICommand.__getBitmap() appelé avec self=<taskcoachlib.gui.uicommand.uicommand.OpenAllNotes object at 0x7fa9defee7b0>, self.uniqueName=OpenAllNotes bitmapName=edit, bitmapType=b'wxART_MENU_C' et bitmapSize=(16, 16)
2026-03-06 07:09:24,640 [DEBUG] taskcoachlib.gui.menu: Menu.appendUICommand Essaie d'ajouter Mail au menu TaskPopupMenu dans la classe wxFrame MainWindow winId=-31962
2026-03-06 07:09:24,640 [DEBUG] taskcoachlib.gui.uicommand.base_uicommand: UICommand.__getBitmap() appelé avec self=<taskcoachlib.gui.uicommand.uicommand.Mail object at 0x7fa9defee900>, self.uniqueName=Mail bitmapName=envelope_icon, bitmapType=b'wxART_MENU_C' et bitmapSize=(16, 16)
2026-03-06 07:09:24,640 [DEBUG] taskcoachlib.gui.uicommand.uicommandcontainer: UICommandContainerMixin.appendUICommands a terminé d'ajouter les uiCommands !
2026-03-06 07:09:24,641 [INFO] taskcoachlib.gui.menu: Création du menu Toggle Catégorie.
2026-03-06 07:09:24,641 [INFO] taskcoachlib.gui.menu: DynamicMenu : Création du menu Dynamique. Initialisation du menu contextuel : ToggleCategoryMenu
2026-03-06 07:09:24,641 [INFO] taskcoachlib.gui.menu: Menu : Création du menu de base. Initialisation du menu contextuel : ToggleCategoryMenu
2026-03-06 07:09:24,641 [DEBUG] taskcoachlib.gui.menu: Menu : self._window=<taskcoachlib.gui.mainwindow.MainWindow object at 0x7fa9dee2c4d0>
2026-03-06 07:09:24,641 [INFO] taskcoachlib.gui.menu: Menu : window est une instance valide de wx.Window.
2026-03-06 07:09:24,641 [INFO] taskcoachlib.gui.menu: Menu : Fin d'Initialisation de Menu ! (self est ToggleCategoryMenu, window est MainWindow)
2026-03-06 07:09:24,641 [INFO] taskcoachlib.gui.menu: DynamicMenu : menu Dynamique ToggleCategoryMenu créé.
2026-03-06 07:09:24,641 [INFO] taskcoachlib.gui.menu: Toggle Catégorie initialisé.
2026-03-06 07:09:24,642 [DEBUG] taskcoachlib.gui.menu: Menu.appendMenu : Ajout du sous-menu MenuItem à self=TaskPopupMenu.
2026-03-06 07:09:24,642 [DEBUG] taskcoachlib.gui.menu: Menu.appendUICommand Essaie d'ajouter TaskMarkInactive au menu TaskPopupMenu dans la classe wxFrame MainWindow winId=-31962
2026-03-06 07:09:24,643 [DEBUG] taskcoachlib.gui.uicommand.base_uicommand: UICommand.__getBitmap() appelé avec self=<taskcoachlib.gui.uicommand.uicommand.TaskMarkInactive object at 0x7fa9defeea50>, self.uniqueName=TaskMarkInactive bitmapName=led_grey_icon, bitmapType=b'wxART_MENU_C' et bitmapSize=(16, 16)
2026-03-06 07:09:24,643 [DEBUG] taskcoachlib.gui.menu: Menu.appendUICommand Essaie d'ajouter TaskMarkActive au menu TaskPopupMenu dans la classe wxFrame MainWindow winId=-31962
2026-03-06 07:09:24,643 [DEBUG] taskcoachlib.gui.uicommand.base_uicommand: UICommand.__getBitmap() appelé avec self=<taskcoachlib.gui.uicommand.uicommand.TaskMarkActive object at 0x7fa9defeecf0>, self.uniqueName=TaskMarkActive bitmapName=led_blue_icon, bitmapType=b'wxART_MENU_C' et bitmapSize=(16, 16)
2026-03-06 07:09:24,644 [DEBUG] taskcoachlib.gui.menu: Menu.appendUICommand Essaie d'ajouter TaskMarkCompleted au menu TaskPopupMenu dans la classe wxFrame MainWindow winId=-31962
2026-03-06 07:09:24,644 [DEBUG] taskcoachlib.gui.uicommand.base_uicommand: UICommand.__getBitmap() appelé avec self=<taskcoachlib.gui.uicommand.uicommand.TaskMarkCompleted object at 0x7fa9defeee40>, self.uniqueName=TaskMarkCompleted bitmapName=checkmark_green_icon, bitmapType=b'wxART_MENU_C' et bitmapSize=(16, 16)
2026-03-06 07:09:24,644 [DEBUG] taskcoachlib.gui.uicommand.uicommandcontainer: UICommandContainerMixin.appendUICommands a terminé d'ajouter les uiCommands !
2026-03-06 07:09:24,644 [INFO] taskcoachlib.gui.menu: Création du menu Priorité de Tâche.
2026-03-06 07:09:24,644 [INFO] taskcoachlib.gui.menu: Menu : Création du menu de base. Initialisation du menu contextuel : TaskPriorityMenu
2026-03-06 07:09:24,644 [DEBUG] taskcoachlib.gui.menu: Menu : self._window=<taskcoachlib.gui.mainwindow.MainWindow object at 0x7fa9dee2c4d0>
2026-03-06 07:09:24,644 [INFO] taskcoachlib.gui.menu: Menu : window est une instance valide de wx.Window.
2026-03-06 07:09:24,645 [INFO] taskcoachlib.gui.menu: Menu : Fin d'Initialisation de Menu ! (self est TaskPriorityMenu, window est MainWindow)
2026-03-06 07:09:24,645 [DEBUG] taskcoachlib.gui.menu: Menu.appendUICommand Essaie d'ajouter TaskIncPriority au menu TaskPriorityMenu dans la classe wxFrame MainWindow winId=-31962
2026-03-06 07:09:24,645 [DEBUG] taskcoachlib.gui.uicommand.base_uicommand: UICommand.__getBitmap() appelé avec self=<taskcoachlib.gui.uicommand.uicommand.TaskIncPriority object at 0x7fa9defeef90>, self.uniqueName=TaskIncPriority bitmapName=incpriority, bitmapType=b'wxART_MENU_C' et bitmapSize=(16, 16)
2026-03-06 07:09:24,646 [DEBUG] taskcoachlib.gui.menu: Menu.appendUICommand Essaie d'ajouter TaskDecPriority au menu TaskPriorityMenu dans la classe wxFrame MainWindow winId=-31962
2026-03-06 07:09:24,646 [DEBUG] taskcoachlib.gui.uicommand.base_uicommand: UICommand.__getBitmap() appelé avec self=<taskcoachlib.gui.uicommand.uicommand.TaskDecPriority object at 0x7fa9defef0e0>, self.uniqueName=TaskDecPriority bitmapName=decpriority, bitmapType=b'wxART_MENU_C' et bitmapSize=(16, 16)
2026-03-06 07:09:24,646 [DEBUG] taskcoachlib.gui.menu: Menu.appendUICommand Essaie d'ajouter TaskMaxPriority au menu TaskPriorityMenu dans la classe wxFrame MainWindow winId=-31962
2026-03-06 07:09:24,646 [DEBUG] taskcoachlib.gui.uicommand.base_uicommand: UICommand.__getBitmap() appelé avec self=<taskcoachlib.gui.uicommand.uicommand.TaskMaxPriority object at 0x7fa9defef230>, self.uniqueName=TaskMaxPriority bitmapName=maxpriority, bitmapType=b'wxART_MENU_C' et bitmapSize=(16, 16)
2026-03-06 07:09:24,647 [DEBUG] taskcoachlib.gui.menu: Menu.appendUICommand Essaie d'ajouter TaskMinPriority au menu TaskPriorityMenu dans la classe wxFrame MainWindow winId=-31962
2026-03-06 07:09:24,647 [DEBUG] taskcoachlib.gui.uicommand.base_uicommand: UICommand.__getBitmap() appelé avec self=<taskcoachlib.gui.uicommand.uicommand.TaskMinPriority object at 0x7fa9defef380>, self.uniqueName=TaskMinPriority bitmapName=minpriority, bitmapType=b'wxART_MENU_C' et bitmapSize=(16, 16)
2026-03-06 07:09:24,647 [DEBUG] taskcoachlib.gui.uicommand.uicommandcontainer: UICommandContainerMixin.appendUICommands a terminé d'ajouter les uiCommands !
2026-03-06 07:09:24,647 [DEBUG] taskcoachlib.gui.menu: Menu.appendMenu : Ajout du sous-menu MenuItem à self=TaskPopupMenu.
2026-03-06 07:09:24,649 [DEBUG] taskcoachlib.gui.menu: Menu.appendUICommand Essaie d'ajouter EffortNew au menu TaskPopupMenu dans la classe wxFrame MainWindow winId=-31962
2026-03-06 07:09:24,650 [DEBUG] taskcoachlib.gui.uicommand.base_uicommand: UICommand.__getBitmap() appelé avec self=<taskcoachlib.gui.uicommand.uicommand.EffortNew object at 0x7fa9defef4d0>, self.uniqueName=EffortNew bitmapName=new, bitmapType=b'wxART_MENU_C' et bitmapSize=(16, 16)
2026-03-06 07:09:24,650 [DEBUG] taskcoachlib.gui.menu: Menu.appendUICommand Essaie d'ajouter EffortStart au menu TaskPopupMenu dans la classe wxFrame MainWindow winId=-31962
2026-03-06 07:09:24,651 [DEBUG] taskcoachlib.gui.uicommand.base_uicommand: UICommand.__getBitmap() appelé avec self=<taskcoachlib.gui.uicommand.uicommand.EffortStart object at 0x7fa9defef620>, self.uniqueName=EffortStart bitmapName=clock_icon, bitmapType=b'wxART_MENU_C' et bitmapSize=(16, 16)
2026-03-06 07:09:24,651 [DEBUG] taskcoachlib.gui.menu: Menu.appendUICommand Essaie d'ajouter EffortStop au menu TaskPopupMenu dans la classe wxFrame MainWindow winId=-31962
2026-03-06 07:09:24,651 [DEBUG] taskcoachlib.gui.menu: Menu.appendUICommand Essaie d'ajouter TaskNew au menu TaskPopupMenu dans la classe wxFrame MainWindow winId=-31962
2026-03-06 07:09:24,652 [DEBUG] taskcoachlib.gui.uicommand.base_uicommand: UICommand.__getBitmap() appelé avec self=<taskcoachlib.gui.uicommand.uicommand.TaskNew object at 0x7fa9defefa10>, self.uniqueName=TaskNew bitmapName=new, bitmapType=b'wxART_MENU_C' et bitmapSize=(16, 16)
2026-03-06 07:09:24,652 [DEBUG] taskcoachlib.gui.menu: Menu.appendUICommand Essaie d'ajouter NewSubItem au menu TaskPopupMenu dans la classe wxFrame MainWindow winId=-31962
2026-03-06 07:09:24,652 [DEBUG] taskcoachlib.gui.uicommand.base_uicommand: UICommand.__getBitmap() appelé avec self=<taskcoachlib.gui.uicommand.uicommand.NewSubItem object at 0x7fa9defefb60>, self.uniqueName=NewSubItem bitmapName=newsub, bitmapType=b'wxART_MENU_C' et bitmapSize=(16, 16)
2026-03-06 07:09:24,653 [DEBUG] taskcoachlib.gui.uicommand.uicommandcontainer: UICommandContainerMixin.appendUICommands a terminé d'ajouter les uiCommands !
2026-03-06 07:09:24,653 [INFO] taskcoachlib.gui.menu: TaskPopupMenu : Terminé - Menu Popup de Tâche créé !
2026-03-06 07:09:24,653 [INFO] taskcoachlib.gui.menu: Création du menu Popup Colonne.
2026-03-06 07:09:24,653 [INFO] taskcoachlib.gui.menu: Menu : Création du menu de base. Initialisation du menu contextuel : ColumnPopupMenu
2026-03-06 07:09:24,653 [DEBUG] taskcoachlib.gui.menu: Menu : self._window=<taskcoachlib.gui.viewer.task.TaskViewer object at 0x7fa9dee2e7b0>
2026-03-06 07:09:24,653 [INFO] taskcoachlib.gui.menu: Menu : window est une instance valide de wx.Window.
2026-03-06 07:09:24,653 [INFO] taskcoachlib.gui.menu: Menu : Fin d'Initialisation de Menu ! (self est ColumnPopupMenu, window est TaskViewer)
2026-03-06 07:09:24,653 [DEBUG] taskcoachlib.gui.menu: ColumnPopupMenu : Appel de CallAfter.
2026-03-06 07:09:24,656 [DEBUG] taskcoachlib.gui.menu: ColumnPopupMenu : CallAfter passé avec succès. Menu Popup Colonne terminé !
2026-03-06 07:09:24,657 [DEBUG] taskcoachlib.gui.viewer.task: TaskViewer.createWidget : definit le widget TreeListCtrl.
2026-03-06 07:09:24,657 [DEBUG] taskcoachlib.gui.viewer.base: Viewer.presentation : DEBUG presentation taskfile: 140367581641568
2026-03-06 07:09:24,657 [DEBUG] taskcoachlib.gui.viewer.base: Viewer.presentation : Retour de la présentation de TaskViewer avec 0 éléments.
2026-03-06 07:09:24,657 [DEBUG] taskcoachlib.gui.viewer.base: Viewer.presentation : Les éléments de la présentation sont : Sorter(<class 'taskcoachlib.domain.task.sorter.Sorter'>([])).
2026-03-06 07:09:24,657 [DEBUG] taskcoachlib.widgets.treectrl: TreeListCtrl.__init__ : initialisation du contrôle de liste en arbre.
2026-03-06 07:09:24,657 [DEBUG] taskcoachlib.widgets.treectrl: TreeListCtrl.__init__ : parent=<taskcoachlib.gui.viewer.task.TaskViewer object at 0x7fa9dee2e7b0>, self.__adapter=<taskcoachlib.gui.viewer.task.TaskViewer object at 0x7fa9dee2e7b0>, ADAPTER TYPE: <class 'taskcoachlib.gui.viewer.task.TaskViewer'>
2026-03-06 07:09:24,657 [DEBUG] taskcoachlib.widgets.treectrl: TreeListCtrl.__init__ : avant super().
2026-03-06 07:09:24,658 [DEBUG] taskcoachlib.widgets.itemctrl: _CtrlWithItemPopupMenuMixin.__init__ : Initialisation du menu contextuel sur les éléments.
2026-03-06 07:09:24,658 [DEBUG] taskcoachlib.widgets.itemctrl: _CtrlWithAutoResizedColumnsMixin.__init__ : initialisation.
2026-03-06 07:09:24,658 [DEBUG] taskcoachlib.widgets.autowidth: AutoColumnWidthMixin.__init__ : initialisation du Mixin pour ajouter un redimensionnement automatique des colonnes dans un contrôle.
2026-03-06 07:09:24,658 [DEBUG] taskcoachlib.widgets.itemctrl: _CtrlWithSortableColumnsMixin.__init__ : Initialisation des ajouts des indicateurs de tri.
2026-03-06 07:09:24,658 [DEBUG] taskcoachlib.widgets.itemctrl: _BaseCtrlWithColumnsMixin.__init__ : initialisation de tous les contrôles avec des colonnes.
2026-03-06 07:09:24,658 [DEBUG] taskcoachlib.widgets.itemctrl: _CtrlWithColumnPopupMenuMixin.__init__ : initialisation  pour activer un menu contextuel sur les en-têtes de colonnes.
2026-03-06 07:09:24,658 [DEBUG] taskcoachlib.widgets.itemctrl: _CtrlWithDropTargetMixin.__init__ : initialise le mixin qui permet aux contrôles d'accepter des fichiers déposés.
2026-03-06 07:09:24,658 [DEBUG] taskcoachlib.widgets.itemctrl: CtrlWithToolTipMixin.__init__ : initialise le contrôle qui a une info-bulle différente pour chaque élément.
2026-03-06 07:09:24,658 [DEBUG] taskcoachlib.widgets.tooltip: ToolTipMixin.__init__ : avant super args=(<taskcoachlib.gui.viewer.task.TaskViewer object at 0x7fa9dee2e7b0>,), kwargs={'style': 1074003968, 'agwStyle': 10917, 'validateDrag': <bound method ViewerWithColumns.validateDrag of <taskcoachlib.gui.viewer.task.TaskViewer object at 0x7fa9dee2e7b0>>}
2026-03-06 07:09:24,658 [DEBUG] taskcoachlib.widgets.treectrl: HyperTreeList.__init__ : initialisation d'HyperTreeList.
2026-03-06 07:09:24,658 [DEBUG] taskcoachlib.widgets.draganddrop: TreeCtrlDragAndDropMixin.__init__ : initialisation du drag and drop dans l'arborescence.
2026-03-06 07:09:24,658 [DEBUG] taskcoachlib.widgets.draganddrop: TreeHelperMixin.__init__ : Initialisation ! Rien à faire !
2026-03-06 07:09:25,074 [DEBUG] taskcoachlib.widgets.tooltip: ToolTipMixin initialisé !
2026-03-06 07:09:25,076 [DEBUG] taskcoachlib.widgets.itemctrl: CtrlWithToolTipMixin initialisé !
2026-03-06 07:09:25,078 [DEBUG] taskcoachlib.widgets.itemctrl: _CtrlWithDropTargetMixin initialisé !
2026-03-06 07:09:25,078 [DEBUG] taskcoachlib.widgets.itemctrl: _CtrlWithColumnPopupMenuMixin initialisé !
2026-03-06 07:09:25,085 [DEBUG] taskcoachlib.widgets.itemctrl: _BaseCtrlWithColumnsMixin initialisé avec les colonnes : [<taskcoachlib.widgets.itemctrl.Column object at 0x7fa9defeda90>, <taskcoachlib.widgets.itemctrl.Column object at 0x7fa9def5e490>, <taskcoachlib.widgets.itemctrl.Column object at 0x7fa9def5e5d0>, <taskcoachlib.widgets.itemctrl.Column object at 0x7fa9def5e710>, <taskcoachlib.widgets.itemctrl.Column object at 0x7fa9def5e850>, <taskcoachlib.widgets.itemctrl.Column object at 0x7fa9def5e990>, <taskcoachlib.widgets.itemctrl.Column object at 0x7fa9def5ead0>, <taskcoachlib.widgets.itemctrl.Column object at 0x7fa9def5ec10>, <taskcoachlib.widgets.itemctrl.Column object at 0x7fa9def5ed50>, <taskcoachlib.widgets.itemctrl.Column object at 0x7fa9def5ee90>, <taskcoachlib.widgets.itemctrl.Column object at 0x7fa9def5efd0>, <taskcoachlib.widgets.itemctrl.Column object at 0x7fa9def5f110>, <taskcoachlib.widgets.itemctrl.Column object at 0x7fa9def5f250>, <taskcoachlib.widgets.itemctrl.Column object at 0x7fa9def5f390>, <taskcoachlib.widgets.itemctrl.Column object at 0x7fa9def5f4d0>, <taskcoachlib.widgets.itemctrl.Column object at 0x7fa9def5f610>, <taskcoachlib.widgets.itemctrl.Column object at 0x7fa9def5f750>, <taskcoachlib.widgets.itemctrl.Column object at 0x7fa9def5f890>, <taskcoachlib.widgets.itemctrl.Column object at 0x7fa9def5f9d0>, <taskcoachlib.widgets.itemctrl.Column object at 0x7fa9def5fb10>, <taskcoachlib.widgets.itemctrl.Column object at 0x7fa9def5fc50>, <taskcoachlib.widgets.itemctrl.Column object at 0x7fa9def5fd90>, <taskcoachlib.widgets.itemctrl.Column object at 0x7fa9def5fed0>, <taskcoachlib.widgets.itemctrl.Column object at 0x7fa9dee74050>, <taskcoachlib.widgets.itemctrl.Column object at 0x7fa9dee74190>, <taskcoachlib.widgets.itemctrl.Column object at 0x7fa9dee742d0>, <taskcoachlib.widgets.itemctrl.Column object at 0x7fa9dee74410>, <taskcoachlib.widgets.itemctrl.Column object at 0x7fa9dee74550>, <taskcoachlib.widgets.itemctrl.Column object at 0x7fa9dee74690>]
2026-03-06 07:09:25,086 [DEBUG] taskcoachlib.widgets.itemctrl: _CtrlWithSortableColumnsMixin initialisé ! Ajout des indicateurs de tri !
2026-03-06 07:09:25,086 [DEBUG] taskcoachlib.widgets.autowidth: AutoColumnWidthMixin initialisé !
2026-03-06 07:09:25,086 [DEBUG] taskcoachlib.widgets.itemctrl: _CtrlWithAutoResizedColumnsMixin initialisé !
2026-03-06 07:09:25,086 [DEBUG] taskcoachlib.widgets.itemctrl: _CtrlWithItemPopupMenuMixin initialisé !
2026-03-06 07:09:25,086 [DEBUG] taskcoachlib.widgets.treectrl: TreeListCtrl.__init__ : après super()
